Wed Aug 21 17:43:57 EDT 2024
/home/m.maqboolbhutta/usman_ws/codes/OpenIBL
/home/m.maqboolbhutta/.conda/envs/openibl/bin/python
Host: c1007a-s17
Other nodes: 
/home/m.maqboolbhutta/usman_ws/models/openibl/0819-4-fastscnn-agg/vgg16-graphvlad-baseline-triplet-pitts30k-lr0.001-tuple4-21-Aug
==========Starting Training=============
========================================
Use GPU: 0 for training, rank no.0 of world_size 4
Use GPU: 1 for training, rank no.1 of world_size 4
Use GPU: 2 for training, rank no.2 of world_size 4
Use GPU: 3 for training, rank no.3 of world_size 4
==========
Args:Namespace(arch='vgg16', cache_size=1000, data_dir='/home/m.maqboolbhutta/usman_ws/codes/OpenIBL/examples/data/', dataset='pitts', deterministic=False, epochs=10, eval_step=1, fast_scnn='/home/m.maqboolbhutta/usman_ws/datasets/official/fast_scnn/fast_scnn_citys.pth', features=4096, gpu=0, height=480, init_dir='/home/m.maqboolbhutta/usman_ws/datasets/official/openibl-init', iters=0, launcher='slurm', layers='conv5', logs_dir='/home/m.maqboolbhutta/usman_ws/models/openibl/0819-4-fastscnn-agg/vgg16-graphvlad-baseline-triplet-pitts30k-lr0.001-tuple4-21-Aug', loss_type='triplet', lr=0.001, margin=0.1, method='graphvlad', momentum=0.9, neg_num=10, neg_pool=1000, ngpus_per_node=4, nowhiten=False, num_clusters=64, print_freq=200, rank=0, rerank=False, resume='', scale='30k', seed=43, step_size=5, sync_gather=True, syncbn=True, tcp_port='6010', test_batch_size=32, total_gpus=4, tuple_size=4, vlad=True, weight_decay=0.001, width=640, workers=2, world_size=4)
==========
Pittsburgh dataset loaded
  subset        | # pids | # images
  ---------------------------------
  train_query   |   311  |     7320
  train_gallery |   417  |    10000
  val_query     |   319  |     7608
  val_gallery   |   417  |    10000
  test_query    |   286  |     6816
  test_gallery  |   417  |    10000
No. of Clusters:  64
Loading centroids from /home/m.maqboolbhutta/usman_ws/datasets/official/openibl-init/vgg16_pitts_64_desc_cen.hdf5
===> Loading segmentation model
Test the initial model:
Extract Features: [100/138]	Time 0.349 (0.414)	Data 0.016 (0.054)	
===> Start calculating pairwise distances
===> Start calculating recalls
Recall Scores:
  top-1          80.1%
  top-5          92.7%
  top-10         95.7%
===> Start extracting features for sorting gallery
Extract Features: [100/136]	Time 0.316 (0.385)	Data 0.000 (0.052)	
===> Start calculating pairwise distances
===> Start sorting gallery
===> Start extracting features for sorting gallery
Extract Features: [100/136]	Time 0.340 (0.398)	Data 0.000 (0.057)	
===> Start calculating pairwise distances
===> Start sorting gallery
===> Start extracting features for sorting gallery
Extract Features: [100/136]	Time 0.337 (0.393)	Data 0.000 (0.057)	
===> Start calculating pairwise distances
===> Start sorting gallery
===> Start extracting features for sorting gallery
Extract Features: [100/136]	Time 0.326 (0.393)	Data 0.000 (0.055)	
===> Start calculating pairwise distances
===> Start sorting gallery
===> Start extracting features for sorting gallery
Extract Features: [100/136]	Time 0.325 (0.389)	Data 0.000 (0.054)	
===> Start calculating pairwise distances
===> Start sorting gallery
===> Start extracting features for sorting gallery
Extract Features: [100/136]	Time 0.325 (0.388)	Data 0.000 (0.055)	
===> Start calculating pairwise distances
===> Start sorting gallery
===> Start extracting features for sorting gallery
Extract Features: [100/136]	Time 0.375 (0.391)	Data 0.000 (0.055)	
===> Start calculating pairwise distances
===> Start sorting gallery
===> Start extracting features for sorting gallery
Extract Features: [100/136]	Time 0.330 (0.388)	Data 0.000 (0.057)	
===> Start calculating pairwise distances
===> Start sorting gallery
Extract Features: [100/138]	Time 0.325 (0.389)	Data 0.000 (0.053)	
===> Start calculating pairwise distances
===> Start calculating recalls
Recall Scores:
  top-1          88.0%
  top-5          96.0%
  top-10         97.8%

 * Finished epoch   0 recall@1: 88.0%  recall@5: 96.0%  recall@10: 97.8%  best@5: 96.0% *

===> Start extracting features for sorting gallery
Extract Features: [100/136]	Time 0.333 (0.393)	Data 0.000 (0.055)	
===> Start calculating pairwise distances
===> Start sorting gallery
===> Start extracting features for sorting gallery
Extract Features: [100/136]	Time 0.336 (0.396)	Data 0.000 (0.056)	
===> Start calculating pairwise distances
===> Start sorting gallery
===> Start extracting features for sorting gallery
Extract Features: [100/136]	Time 0.345 (0.389)	Data 0.000 (0.054)	
===> Start calculating pairwise distances
===> Start sorting gallery
===> Start extracting features for sorting gallery
Extract Features: [100/136]	Time 0.337 (0.397)	Data 0.000 (0.056)	
===> Start calculating pairwise distances
===> Start sorting gallery
===> Start extracting features for sorting gallery
Extract Features: [100/136]	Time 0.334 (0.400)	Data 0.000 (0.058)	
===> Start calculating pairwise distances
===> Start sorting gallery
===> Start extracting features for sorting gallery
Extract Features: [100/136]	Time 0.348 (0.396)	Data 0.000 (0.055)	
===> Start calculating pairwise distances
===> Start sorting gallery
===> Start extracting features for sorting gallery
Extract Features: [100/136]	Time 0.396 (0.392)	Data 0.000 (0.058)	
===> Start calculating pairwise distances
===> Start sorting gallery
===> Start extracting features for sorting gallery
Extract Features: [100/136]	Time 0.346 (0.393)	Data 0.000 (0.056)	
===> Start calculating pairwise distances
===> Start sorting gallery
Extract Features: [100/138]	Time 0.347 (0.385)	Data 0.000 (0.052)	
===> Start calculating pairwise distances
===> Start calculating recalls
Recall Scores:
  top-1          88.4%
  top-5          96.3%
  top-10         98.0%

 * Finished epoch   1 recall@1: 88.4%  recall@5: 96.3%  recall@10: 98.0%  best@5: 96.3% *

===> Start extracting features for sorting gallery
Extract Features: [100/136]	Time 0.342 (0.397)	Data 0.000 (0.055)	
===> Start calculating pairwise distances
===> Start sorting gallery
===> Start extracting features for sorting gallery
Extract Features: [100/136]	Time 0.350 (0.394)	Data 0.000 (0.058)	
===> Start calculating pairwise distances
===> Start sorting gallery
===> Start extracting features for sorting gallery
Extract Features: [100/136]	Time 0.338 (0.396)	Data 0.000 (0.056)	
===> Start calculating pairwise distances
===> Start sorting gallery
===> Start extracting features for sorting gallery
Extract Features: [100/136]	Time 0.342 (0.395)	Data 0.006 (0.055)	
===> Start calculating pairwise distances
===> Start sorting gallery
===> Start extracting features for sorting gallery
Extract Features: [100/136]	Time 0.328 (0.388)	Data 0.000 (0.056)	
===> Start calculating pairwise distances
===> Start sorting gallery
===> Start extracting features for sorting gallery
Extract Features: [100/136]	Time 0.340 (0.397)	Data 0.000 (0.059)	
===> Start calculating pairwise distances
===> Start sorting gallery
===> Start extracting features for sorting gallery
Extract Features: [100/136]	Time 0.344 (0.398)	Data 0.000 (0.058)	
===> Start calculating pairwise distances
===> Start sorting gallery
===> Start extracting features for sorting gallery
Extract Features: [100/136]	Time 0.325 (0.391)	Data 0.000 (0.057)	
===> Start calculating pairwise distances
===> Start sorting gallery
Extract Features: [100/138]	Time 0.343 (0.389)	Data 0.001 (0.052)	
===> Start calculating pairwise distances
===> Start calculating recalls
Recall Scores:
  top-1          88.5%
  top-5          96.3%
  top-10         97.8%

 * Finished epoch   2 recall@1: 88.5%  recall@5: 96.3%  recall@10: 97.8%  best@5: 96.3%

===> Start extracting features for sorting gallery
Extract Features: [100/136]	Time 0.321 (0.395)	Data 0.000 (0.057)	
===> Start calculating pairwise distances
===> Start sorting gallery
===> Start extracting features for sorting gallery
Extract Features: [100/136]	Time 0.351 (0.394)	Data 0.000 (0.055)	
===> Start calculating pairwise distances
===> Start sorting gallery
===> Start extracting features for sorting gallery
Extract Features: [100/136]	Time 0.360 (0.397)	Data 0.009 (0.060)	
===> Start calculating pairwise distances
===> Start sorting gallery
===> Start extracting features for sorting gallery
Extract Features: [100/136]	Time 0.334 (0.398)	Data 0.000 (0.057)	
===> Start calculating pairwise distances
===> Start sorting gallery
===> Start extracting features for sorting gallery
Extract Features: [100/136]	Time 0.362 (0.393)	Data 0.000 (0.054)	
===> Start calculating pairwise distances
===> Start sorting gallery
===> Start extracting features for sorting gallery
Extract Features: [100/136]	Time 0.315 (0.396)	Data 0.000 (0.055)	
===> Start calculating pairwise distances
===> Start sorting gallery
===> Start extracting features for sorting gallery
Extract Features: [100/136]	Time 0.307 (0.396)	Data 0.000 (0.055)	
===> Start calculating pairwise distances
===> Start sorting gallery
===> Start extracting features for sorting gallery
Extract Features: [100/136]	Time 0.355 (0.396)	Data 0.000 (0.057)	
===> Start calculating pairwise distances
===> Start sorting gallery
Extract Features: [100/138]	Time 0.338 (0.393)	Data 0.000 (0.052)	
===> Start calculating pairwise distances
===> Start calculating recalls
Recall Scores:
  top-1          88.7%
  top-5          95.9%
  top-10         97.6%

 * Finished epoch   3 recall@1: 88.7%  recall@5: 95.9%  recall@10: 97.6%  best@5: 96.3%

===> Start extracting features for sorting gallery
Extract Features: [100/136]	Time 0.322 (0.398)	Data 0.000 (0.056)	
===> Start calculating pairwise distances
===> Start sorting gallery
===> Start extracting features for sorting gallery
Extract Features: [100/136]	Time 0.320 (0.393)	Data 0.000 (0.054)	
===> Start calculating pairwise distances
===> Start sorting gallery
===> Start extracting features for sorting gallery
Extract Features: [100/136]	Time 0.380 (0.402)	Data 0.000 (0.057)	
===> Start calculating pairwise distances
===> Start sorting gallery
===> Start extracting features for sorting gallery
Extract Features: [100/136]	Time 0.320 (0.394)	Data 0.000 (0.057)	
===> Start calculating pairwise distances
===> Start sorting gallery
===> Start extracting features for sorting gallery
Extract Features: [100/136]	Time 0.343 (0.393)	Data 0.000 (0.057)	
===> Start calculating pairwise distances
===> Start sorting gallery
===> Start extracting features for sorting gallery
Extract Features: [100/136]	Time 0.350 (0.392)	Data 0.000 (0.056)	
===> Start calculating pairwise distances
===> Start sorting gallery
===> Start extracting features for sorting gallery
Extract Features: [100/136]	Time 0.321 (0.395)	Data 0.000 (0.054)	
===> Start calculating pairwise distances
===> Start sorting gallery
===> Start extracting features for sorting gallery
Extract Features: [100/136]	Time 0.325 (0.397)	Data 0.000 (0.055)	
===> Start calculating pairwise distances
===> Start sorting gallery
Extract Features: [100/138]	Time 0.369 (0.390)	Data 0.000 (0.053)	
===> Start calculating pairwise distances
===> Start calculating recalls
Recall Scores:
  top-1          88.7%
  top-5          95.8%
  top-10         97.6%

 * Finished epoch   4 recall@1: 88.7%  recall@5: 95.8%  recall@10: 97.6%  best@5: 96.3%

===> Start extracting features for sorting gallery
Extract Features: [100/136]	Time 0.341 (0.389)	Data 0.000 (0.055)	
===> Start calculating pairwise distances
===> Start sorting gallery
===> Start extracting features for sorting gallery
Extract Features: [100/136]	Time 0.348 (0.400)	Data 0.007 (0.057)	
===> Start calculating pairwise distances
===> Start sorting gallery
===> Start extracting features for sorting gallery
Extract Features: [100/136]	Time 0.331 (0.393)	Data 0.000 (0.057)	
===> Start calculating pairwise distances
===> Start sorting gallery
===> Start extracting features for sorting gallery
Extract Features: [100/136]	Time 0.346 (0.394)	Data 0.000 (0.054)	
===> Start calculating pairwise distances
===> Start sorting gallery
Extract Features: [100/138]	Time 0.351 (0.391)	Data 0.000 (0.053)	
===> Start calculating pairwise distances
===> Start calculating recalls
Recall Scores:
  top-1          88.7%
  top-5          95.9%
  top-10         97.6%

 * Finished epoch   5 recall@1: 88.7%  recall@5: 95.9%  recall@10: 97.6%  best@5: 96.3%

===> Start extracting features for sorting gallery
Extract Features: [100/136]	Time 0.329 (0.393)	Data 0.000 (0.055)	
===> Start calculating pairwise distances
===> Start sorting gallery
Epoch: [6-0][200/250]	Time 1.670 (1.695)	Data 0.711 (0.704)	Loss 0.024 (0.031)
===> Start extracting features for sorting gallery
Extract Features: [100/136]	Time 0.335 (0.390)	Data 0.000 (0.054)	
===> Start calculating pairwise distances
===> Start sorting gallery
Epoch: [6-1][200/207]	Time 1.706 (1.691)	Data 0.741 (0.705)	Loss 0.005 (0.033)
Extract Features: [100/138]	Time 0.361 (0.397)	Data 0.000 (0.054)	
===> Start calculating pairwise distances
===> Start calculating recalls
Recall Scores:
  top-1          88.9%
  top-5          96.1%
  top-10         97.5%

 * Finished epoch   6 recall@1: 88.9%  recall@5: 96.1%  recall@10: 97.5%  best@5: 96.3%

===> Start extracting features for sorting gallery
Extract Features: [100/136]	Time 0.356 (0.394)	Data 0.010 (0.059)	
===> Start calculating pairwise distances
===> Start sorting gallery
Epoch: [7-0][200/457]	Time 1.588 (1.694)	Data 0.644 (0.709)	Loss 0.027 (0.032)
Epoch: [7-0][400/457]	Time 1.751 (1.677)	Data 0.571 (0.691)	Loss 0.044 (0.029)
Extract Features: [100/138]	Time 0.346 (0.388)	Data 0.015 (0.054)	
===> Start calculating pairwise distances
===> Start calculating recalls
Recall Scores:
  top-1          88.6%
  top-5          96.1%
  top-10         97.6%

 * Finished epoch   7 recall@1: 88.6%  recall@5: 96.1%  recall@10: 97.6%  best@5: 96.3%

===> Start extracting features for sorting gallery
Extract Features: [100/136]	Time 0.341 (0.390)	Data 0.001 (0.054)	
===> Start calculating pairwise distances
===> Start sorting gallery
Epoch: [8-0][200/457]	Time 1.691 (1.697)	Data 0.736 (0.706)	Loss 0.030 (0.031)
Epoch: [8-0][400/457]	Time 1.665 (1.682)	Data 0.716 (0.690)	Loss 0.007 (0.031)
Extract Features: [100/138]	Time 0.330 (0.397)	Data 0.000 (0.057)	
===> Start calculating pairwise distances
===> Start calculating recalls
Recall Scores:
  top-1          88.8%
  top-5          96.1%
  top-10         97.6%

 * Finished epoch   8 recall@1: 88.8%  recall@5: 96.1%  recall@10: 97.6%  best@5: 96.3%

===> Start extracting features for sorting gallery
Extract Features: [100/136]	Time 0.336 (0.396)	Data 0.000 (0.059)	
===> Start calculating pairwise distances
===> Start sorting gallery
Epoch: [9-0][200/457]	Time 1.594 (1.693)	Data 0.621 (0.706)	Loss 0.002 (0.025)
Epoch: [9-0][400/457]	Time 1.669 (1.675)	Data 0.663 (0.690)	Loss 0.019 (0.027)
Extract Features: [100/138]	Time 0.346 (0.396)	Data 0.000 (0.057)	
===> Start calculating pairwise distances
===> Start calculating recalls
Recall Scores:
  top-1          88.7%
  top-5          96.0%
  top-10         97.6%

 * Finished epoch   9 recall@1: 88.7%  recall@5: 96.0%  recall@10: 97.6%  best@5: 96.3%

Performing PCA reduction on the best model:
=> Loaded checkpoint '/home/m.maqboolbhutta/usman_ws/models/openibl/0819-4-fastscnn-agg/vgg16-graphvlad-baseline-triplet-pitts30k-lr0.001-tuple4-21-Aug/model_best.pth.tar'
Extract Features: [100/136]	Time 0.350 (0.392)	Data 0.010 (0.056)	
calculating PCA parameters...
================= PCA RESULT ==================
U: (32768, 4096)
lams: (4096,)
mu: (32768, 1)
Utmu: (4096, 1)
===============================================
Testing on Pitts30k-test:
load PCA parameters...
Extract Features: [100/132]	Time 0.345 (0.394)	Data 0.012 (0.055)	
===> Start calculating pairwise distances
===> Start calculating recalls
Recall Scores:
  top-1          86.5%
  top-5          93.8%
  top-10         95.8%
==========Testing=============
/home/m.maqboolbhutta/usman_ws/models/openibl/0819-4-fastscnn-agg/vgg16-graphvlad-baseline-triplet-pitts30k-lr0.001-tuple4-21-Aug/checkpoint0.pth.tar /home/m.maqboolbhutta/usman_ws/models/openibl/0819-4-fastscnn-agg/vgg16-graphvlad-baseline-triplet-pitts30k-lr0.001-tuple4-21-Aug/checkpoint1.pth.tar /home/m.maqboolbhutta/usman_ws/models/openibl/0819-4-fastscnn-agg/vgg16-graphvlad-baseline-triplet-pitts30k-lr0.001-tuple4-21-Aug/checkpoint2.pth.tar /home/m.maqboolbhutta/usman_ws/models/openibl/0819-4-fastscnn-agg/vgg16-graphvlad-baseline-triplet-pitts30k-lr0.001-tuple4-21-Aug/checkpoint3.pth.tar /home/m.maqboolbhutta/usman_ws/models/openibl/0819-4-fastscnn-agg/vgg16-graphvlad-baseline-triplet-pitts30k-lr0.001-tuple4-21-Aug/checkpoint4.pth.tar /home/m.maqboolbhutta/usman_ws/models/openibl/0819-4-fastscnn-agg/vgg16-graphvlad-baseline-triplet-pitts30k-lr0.001-tuple4-21-Aug/checkpoint5.pth.tar /home/m.maqboolbhutta/usman_ws/models/openibl/0819-4-fastscnn-agg/vgg16-graphvlad-baseline-triplet-pitts30k-lr0.001-tuple4-21-Aug/checkpoint6.pth.tar /home/m.maqboolbhutta/usman_ws/models/openibl/0819-4-fastscnn-agg/vgg16-graphvlad-baseline-triplet-pitts30k-lr0.001-tuple4-21-Aug/checkpoint7.pth.tar /home/m.maqboolbhutta/usman_ws/models/openibl/0819-4-fastscnn-agg/vgg16-graphvlad-baseline-triplet-pitts30k-lr0.001-tuple4-21-Aug/checkpoint8.pth.tar /home/m.maqboolbhutta/usman_ws/models/openibl/0819-4-fastscnn-agg/vgg16-graphvlad-baseline-triplet-pitts30k-lr0.001-tuple4-21-Aug/checkpoint9.pth.tar /home/m.maqboolbhutta/usman_ws/models/openibl/0819-4-fastscnn-agg/vgg16-graphvlad-baseline-triplet-pitts30k-lr0.001-tuple4-21-Aug/model_best.pth.tar
==============================
==========################=============
 Testing /home/m.maqboolbhutta/usman_ws/models/openibl/0819-4-fastscnn-agg/vgg16-graphvlad-baseline-triplet-pitts30k-lr0.001-tuple4-21-Aug/checkpoint0.pth.tar file...
=======================================
Use GPU: 2 for testing, rank no.2 of world_size 4Use GPU: 0 for testing, rank no.0 of world_size 4
Use GPU: 3 for testing, rank no.3 of world_size 4
Use GPU: 1 for testing, rank no.1 of world_size 4

==========
Args:Namespace(arch='vgg16', data_dir='/blue/hmedeiros/m.maqboolbhutta/codes/OpenIBL/examples/data', dataset='pitts', fast_scnn='/home/m.maqboolbhutta/usman_ws/datasets/official/fast_scnn/fast_scnn_citys.pth', features=4096, gpu=0, height=480, lambda_value=0, launcher='pytorch', logs_dir='/blue/hmedeiros/m.maqboolbhutta/codes/OpenIBL/examples/logs', method='graphvlad', ngpus_per_node=4, nowhiten=False, num_clusters=64, print_freq=10, rank=0, reduction=True, rerank=False, resume='/home/m.maqboolbhutta/usman_ws/models/openibl/0819-4-fastscnn-agg/vgg16-graphvlad-baseline-triplet-pitts30k-lr0.001-tuple4-21-Aug/checkpoint0.pth.tar', rr_topk=25, scale='30k', sync_gather=False, tcp_port='5017', test_batch_size=32, vlad=True, width=640, workers=2, world_size=4)
==========
Pittsburgh dataset loaded
  subset        | # pids | # images
  ---------------------------------
  train_query   |   311  |     7320
  train_gallery |   417  |    10000
  val_query     |   319  |     7608
  val_gallery   |   417  |    10000
  test_query    |   286  |     6816
  test_gallery  |   417  |    10000
===> Loading segmentation model
=> Loaded checkpoint '/home/m.maqboolbhutta/usman_ws/models/openibl/0819-4-fastscnn-agg/vgg16-graphvlad-baseline-triplet-pitts30k-lr0.001-tuple4-21-Aug/checkpoint0.pth.tar'
=> Start epoch 0  best recall5 96.0%
PCA parameters path:  /home/m.maqboolbhutta/usman_ws/models/openibl/0819-4-fastscnn-agg/vgg16-graphvlad-baseline-triplet-pitts30k-lr0.001-tuple4-21-Aug/pca_params_checkpoint0.h5
Extract Features: [100/136]	Time 0.356 (0.461)	Data 0.000 (0.048)	
gathering features from rank no.0
gathering features from rank no.1
gathering features from rank no.2
gathering features from rank no.3
calculating PCA parameters...
================= PCA RESULT ==================
U: (32768, 4096)
lams: (4096,)
mu: (32768, 1)
Utmu: (4096, 1)
===============================================
Evaluate on the test set:
==========Test on Pitts250k=============
Pittsburgh dataset loaded
  subset        | # pids | # images
  ---------------------------------
  train_query   |   332  |     7800
  train_gallery |  3811  |    91464
  val_query     |   319  |     7608
  val_gallery   |  3277  |    78648
  test_query    |   347  |     8280
  test_gallery  |  3498  |    83952
load PCA parameters...
gathering features from rank no.0
gathering features from rank no.1
gathering features from rank no.2
gathering features from rank no.3
load PCA parameters...
Extract Features: [100/656]	Time 0.313 (0.400)	Data 0.000 (0.049)	
Extract Features: [200/656]	Time 0.337 (0.366)	Data 0.000 (0.025)	
Extract Features: [300/656]	Time 0.307 (0.356)	Data 0.000 (0.017)	
Extract Features: [400/656]	Time 0.370 (0.353)	Data 0.000 (0.013)	
Extract Features: [500/656]	Time 0.314 (0.352)	Data 0.000 (0.010)	
Extract Features: [600/656]	Time 0.339 (0.352)	Data 0.000 (0.008)	
gathering features from rank no.0
gathering features from rank no.1
gathering features from rank no.2
gathering features from rank no.3
===> Start calculating pairwise distances
===> Start calculating recalls
Recall Scores:
  top-1          86.9%
  top-5          94.1%
  top-10         95.8%
Evaluate on the test set:
==========Test on Pitts30k=============
Pittsburgh dataset loaded
  subset        | # pids | # images
  ---------------------------------
  train_query   |   311  |     7320
  train_gallery |   417  |    10000
  val_query     |   319  |     7608
  val_gallery   |   417  |    10000
  test_query    |   286  |     6816
  test_gallery  |   417  |    10000
load PCA parameters...
gathering features from rank no.0
gathering features from rank no.1
gathering features from rank no.2
gathering features from rank no.3
load PCA parameters...
gathering features from rank no.0
gathering features from rank no.1
gathering features from rank no.2
gathering features from rank no.3
===> Start calculating pairwise distances
===> Start calculating recalls
Recall Scores:
  top-1          85.8%
  top-5          93.1%
  top-10         95.1%
==========Test on Tokyo247=============
Tokyo dataset loaded
  subset        | # pids | # images
  ---------------------------------
  train_query   |  4035  |    48420
  train_gallery |  4092  |    49104
  val_query     |  1308  |    15696
  val_gallery   |  2780  |    33360
  test_query    |    35  |      315
  test_gallery  |  6254  |    75984
load PCA parameters...
gathering features from rank no.0
gathering features from rank no.1
gathering features from rank no.2
gathering features from rank no.3
load PCA parameters...
Extract Features: [100/594]	Time 0.344 (0.390)	Data 0.000 (0.052)	
Extract Features: [200/594]	Time 0.317 (0.360)	Data 0.000 (0.026)	
Extract Features: [300/594]	Time 0.326 (0.348)	Data 0.000 (0.018)	
Extract Features: [400/594]	Time 0.332 (0.342)	Data 0.000 (0.013)	
Extract Features: [500/594]	Time 0.320 (0.339)	Data 0.000 (0.011)	
gathering features from rank no.0
gathering features from rank no.1
gathering features from rank no.2
gathering features from rank no.3
===> Start calculating pairwise distances
===> Start calculating recalls
Recall Scores:
  top-1          76.2%
  top-5          85.4%
  top-10         87.0%
Data has been appended to test_result/recall_results.csv
Data has been appended to test_result/recall_results.csv
Data has been appended to test_result/recall_results.csv
Data has been appended to test_result/recall_results.csv
==========################=============
 Done Testing with /home/m.maqboolbhutta/usman_ws/models/openibl/0819-4-fastscnn-agg/vgg16-graphvlad-baseline-triplet-pitts30k-lr0.001-tuple4-21-Aug/checkpoint0.pth.tar file...
=======================================
==========################=============
 Testing /home/m.maqboolbhutta/usman_ws/models/openibl/0819-4-fastscnn-agg/vgg16-graphvlad-baseline-triplet-pitts30k-lr0.001-tuple4-21-Aug/checkpoint1.pth.tar file...
=======================================
Use GPU: 1 for testing, rank no.1 of world_size 4Use GPU: 3 for testing, rank no.3 of world_size 4Use GPU: 2 for testing, rank no.2 of world_size 4Use GPU: 0 for testing, rank no.0 of world_size 4



==========
Args:Namespace(arch='vgg16', data_dir='/blue/hmedeiros/m.maqboolbhutta/codes/OpenIBL/examples/data', dataset='pitts', fast_scnn='/home/m.maqboolbhutta/usman_ws/datasets/official/fast_scnn/fast_scnn_citys.pth', features=4096, gpu=0, height=480, lambda_value=0, launcher='pytorch', logs_dir='/blue/hmedeiros/m.maqboolbhutta/codes/OpenIBL/examples/logs', method='graphvlad', ngpus_per_node=4, nowhiten=False, num_clusters=64, print_freq=10, rank=0, reduction=True, rerank=False, resume='/home/m.maqboolbhutta/usman_ws/models/openibl/0819-4-fastscnn-agg/vgg16-graphvlad-baseline-triplet-pitts30k-lr0.001-tuple4-21-Aug/checkpoint1.pth.tar', rr_topk=25, scale='30k', sync_gather=False, tcp_port='5017', test_batch_size=32, vlad=True, width=640, workers=2, world_size=4)
==========
Pittsburgh dataset loaded
  subset        | # pids | # images
  ---------------------------------
  train_query   |   311  |     7320
  train_gallery |   417  |    10000
  val_query     |   319  |     7608
  val_gallery   |   417  |    10000
  test_query    |   286  |     6816
  test_gallery  |   417  |    10000
===> Loading segmentation model
=> Loaded checkpoint '/home/m.maqboolbhutta/usman_ws/models/openibl/0819-4-fastscnn-agg/vgg16-graphvlad-baseline-triplet-pitts30k-lr0.001-tuple4-21-Aug/checkpoint1.pth.tar'
=> Start epoch 1  best recall5 96.3%
PCA parameters path:  /home/m.maqboolbhutta/usman_ws/models/openibl/0819-4-fastscnn-agg/vgg16-graphvlad-baseline-triplet-pitts30k-lr0.001-tuple4-21-Aug/pca_params_checkpoint1.h5
Extract Features: [100/136]	Time 0.342 (0.440)	Data 0.000 (0.048)	
gathering features from rank no.0
gathering features from rank no.1
gathering features from rank no.2
gathering features from rank no.3
calculating PCA parameters...
================= PCA RESULT ==================
U: (32768, 4096)
lams: (4096,)
mu: (32768, 1)
Utmu: (4096, 1)
===============================================
Evaluate on the test set:
==========Test on Pitts250k=============
Pittsburgh dataset loaded
  subset        | # pids | # images
  ---------------------------------
  train_query   |   332  |     7800
  train_gallery |  3811  |    91464
  val_query     |   319  |     7608
  val_gallery   |  3277  |    78648
  test_query    |   347  |     8280
  test_gallery  |  3498  |    83952
load PCA parameters...
gathering features from rank no.0
gathering features from rank no.1
gathering features from rank no.2
gathering features from rank no.3
load PCA parameters...
Extract Features: [100/656]	Time 0.326 (0.386)	Data 0.000 (0.056)	
Extract Features: [200/656]	Time 0.372 (0.361)	Data 0.000 (0.028)	
Extract Features: [300/656]	Time 0.348 (0.351)	Data 0.000 (0.019)	
Extract Features: [400/656]	Time 0.333 (0.346)	Data 0.000 (0.014)	
Extract Features: [500/656]	Time 0.341 (0.342)	Data 0.000 (0.011)	
Extract Features: [600/656]	Time 0.319 (0.340)	Data 0.000 (0.010)	
gathering features from rank no.0
gathering features from rank no.1
gathering features from rank no.2
gathering features from rank no.3
===> Start calculating pairwise distances
===> Start calculating recalls
Recall Scores:
  top-1          87.7%
  top-5          94.9%
  top-10         96.5%
Evaluate on the test set:
==========Test on Pitts30k=============
Pittsburgh dataset loaded
  subset        | # pids | # images
  ---------------------------------
  train_query   |   311  |     7320
  train_gallery |   417  |    10000
  val_query     |   319  |     7608
  val_gallery   |   417  |    10000
  test_query    |   286  |     6816
  test_gallery  |   417  |    10000
load PCA parameters...
gathering features from rank no.0
gathering features from rank no.1
gathering features from rank no.2
gathering features from rank no.3
load PCA parameters...
gathering features from rank no.0
gathering features from rank no.1
gathering features from rank no.2
gathering features from rank no.3
===> Start calculating pairwise distances
===> Start calculating recalls
Recall Scores:
  top-1          86.6%
  top-5          93.7%
  top-10         95.5%
==========Test on Tokyo247=============
Tokyo dataset loaded
  subset        | # pids | # images
  ---------------------------------
  train_query   |  4035  |    48420
  train_gallery |  4092  |    49104
  val_query     |  1308  |    15696
  val_gallery   |  2780  |    33360
  test_query    |    35  |      315
  test_gallery  |  6254  |    75984
load PCA parameters...
gathering features from rank no.0
gathering features from rank no.1
gathering features from rank no.2
gathering features from rank no.3
load PCA parameters...
Extract Features: [100/594]	Time 0.362 (0.408)	Data 0.000 (0.053)	
Extract Features: [200/594]	Time 0.331 (0.373)	Data 0.000 (0.026)	
Extract Features: [300/594]	Time 0.340 (0.359)	Data 0.000 (0.018)	
Extract Features: [400/594]	Time 0.309 (0.353)	Data 0.000 (0.013)	
Extract Features: [500/594]	Time 0.317 (0.349)	Data 0.000 (0.011)	
gathering features from rank no.0
gathering features from rank no.1
gathering features from rank no.2
gathering features from rank no.3
===> Start calculating pairwise distances
===> Start calculating recalls
Recall Scores:
  top-1          76.8%
  top-5          84.4%
  top-10         87.9%
Data has been appended to test_result/recall_results.csv
Data has been appended to test_result/recall_results.csv
Data has been appended to test_result/recall_results.csv
Data has been appended to test_result/recall_results.csv
==========################=============
 Done Testing with /home/m.maqboolbhutta/usman_ws/models/openibl/0819-4-fastscnn-agg/vgg16-graphvlad-baseline-triplet-pitts30k-lr0.001-tuple4-21-Aug/checkpoint1.pth.tar file...
=======================================
==========################=============
 Testing /home/m.maqboolbhutta/usman_ws/models/openibl/0819-4-fastscnn-agg/vgg16-graphvlad-baseline-triplet-pitts30k-lr0.001-tuple4-21-Aug/checkpoint2.pth.tar file...
=======================================
Use GPU: 3 for testing, rank no.3 of world_size 4Use GPU: 0 for testing, rank no.0 of world_size 4Use GPU: 1 for testing, rank no.1 of world_size 4Use GPU: 2 for testing, rank no.2 of world_size 4



==========
Args:Namespace(arch='vgg16', data_dir='/blue/hmedeiros/m.maqboolbhutta/codes/OpenIBL/examples/data', dataset='pitts', fast_scnn='/home/m.maqboolbhutta/usman_ws/datasets/official/fast_scnn/fast_scnn_citys.pth', features=4096, gpu=0, height=480, lambda_value=0, launcher='pytorch', logs_dir='/blue/hmedeiros/m.maqboolbhutta/codes/OpenIBL/examples/logs', method='graphvlad', ngpus_per_node=4, nowhiten=False, num_clusters=64, print_freq=10, rank=0, reduction=True, rerank=False, resume='/home/m.maqboolbhutta/usman_ws/models/openibl/0819-4-fastscnn-agg/vgg16-graphvlad-baseline-triplet-pitts30k-lr0.001-tuple4-21-Aug/checkpoint2.pth.tar', rr_topk=25, scale='30k', sync_gather=False, tcp_port='5017', test_batch_size=32, vlad=True, width=640, workers=2, world_size=4)
==========
Pittsburgh dataset loaded
  subset        | # pids | # images
  ---------------------------------
  train_query   |   311  |     7320
  train_gallery |   417  |    10000
  val_query     |   319  |     7608
  val_gallery   |   417  |    10000
  test_query    |   286  |     6816
  test_gallery  |   417  |    10000
===> Loading segmentation model
=> Loaded checkpoint '/home/m.maqboolbhutta/usman_ws/models/openibl/0819-4-fastscnn-agg/vgg16-graphvlad-baseline-triplet-pitts30k-lr0.001-tuple4-21-Aug/checkpoint2.pth.tar'
=> Start epoch 2  best recall5 96.3%
PCA parameters path:  /home/m.maqboolbhutta/usman_ws/models/openibl/0819-4-fastscnn-agg/vgg16-graphvlad-baseline-triplet-pitts30k-lr0.001-tuple4-21-Aug/pca_params_checkpoint2.h5
Extract Features: [100/136]	Time 0.335 (0.446)	Data 0.000 (0.047)	
gathering features from rank no.0
gathering features from rank no.1
gathering features from rank no.2
gathering features from rank no.3
calculating PCA parameters...
================= PCA RESULT ==================
U: (32768, 4096)
lams: (4096,)
mu: (32768, 1)
Utmu: (4096, 1)
===============================================
Evaluate on the test set:
==========Test on Pitts250k=============
Pittsburgh dataset loaded
  subset        | # pids | # images
  ---------------------------------
  train_query   |   332  |     7800
  train_gallery |  3811  |    91464
  val_query     |   319  |     7608
  val_gallery   |  3277  |    78648
  test_query    |   347  |     8280
  test_gallery  |  3498  |    83952
load PCA parameters...
gathering features from rank no.0
gathering features from rank no.1
gathering features from rank no.2
gathering features from rank no.3
load PCA parameters...
Extract Features: [100/656]	Time 0.308 (0.365)	Data 0.000 (0.049)	
Extract Features: [200/656]	Time 0.320 (0.349)	Data 0.000 (0.025)	
Extract Features: [300/656]	Time 0.319 (0.344)	Data 0.000 (0.017)	
Extract Features: [400/656]	Time 0.320 (0.339)	Data 0.000 (0.013)	
Extract Features: [500/656]	Time 0.314 (0.336)	Data 0.000 (0.010)	
Extract Features: [600/656]	Time 0.332 (0.333)	Data 0.000 (0.008)	
gathering features from rank no.0
gathering features from rank no.1
gathering features from rank no.2
gathering features from rank no.3
===> Start calculating pairwise distances
===> Start calculating recalls
Recall Scores:
  top-1          88.6%
  top-5          95.3%
  top-10         96.6%
Evaluate on the test set:
==========Test on Pitts30k=============
Pittsburgh dataset loaded
  subset        | # pids | # images
  ---------------------------------
  train_query   |   311  |     7320
  train_gallery |   417  |    10000
  val_query     |   319  |     7608
  val_gallery   |   417  |    10000
  test_query    |   286  |     6816
  test_gallery  |   417  |    10000
load PCA parameters...
gathering features from rank no.0
gathering features from rank no.1
gathering features from rank no.2
gathering features from rank no.3
load PCA parameters...
gathering features from rank no.0
gathering features from rank no.1
gathering features from rank no.2
gathering features from rank no.3
===> Start calculating pairwise distances
===> Start calculating recalls
Recall Scores:
  top-1          87.1%
  top-5          94.2%
  top-10         95.8%
==========Test on Tokyo247=============
Tokyo dataset loaded
  subset        | # pids | # images
  ---------------------------------
  train_query   |  4035  |    48420
  train_gallery |  4092  |    49104
  val_query     |  1308  |    15696
  val_gallery   |  2780  |    33360
  test_query    |    35  |      315
  test_gallery  |  6254  |    75984
load PCA parameters...
gathering features from rank no.0
gathering features from rank no.1
gathering features from rank no.2
gathering features from rank no.3
load PCA parameters...
Extract Features: [100/594]	Time 0.390 (0.411)	Data 0.000 (0.051)	
Extract Features: [200/594]	Time 0.350 (0.383)	Data 0.000 (0.026)	
Extract Features: [300/594]	Time 0.371 (0.378)	Data 0.000 (0.017)	
Extract Features: [400/594]	Time 0.360 (0.376)	Data 0.000 (0.013)	
Extract Features: [500/594]	Time 0.381 (0.372)	Data 0.000 (0.010)	
gathering features from rank no.0
gathering features from rank no.1
gathering features from rank no.2
gathering features from rank no.3
===> Start calculating pairwise distances
===> Start calculating recalls
Recall Scores:
  top-1          80.0%
  top-5          87.0%
  top-10         89.2%
Data has been appended to test_result/recall_results.csv
Data has been appended to test_result/recall_results.csv
Data has been appended to test_result/recall_results.csv
Data has been appended to test_result/recall_results.csv
==========################=============
 Done Testing with /home/m.maqboolbhutta/usman_ws/models/openibl/0819-4-fastscnn-agg/vgg16-graphvlad-baseline-triplet-pitts30k-lr0.001-tuple4-21-Aug/checkpoint2.pth.tar file...
=======================================
==========################=============
 Testing /home/m.maqboolbhutta/usman_ws/models/openibl/0819-4-fastscnn-agg/vgg16-graphvlad-baseline-triplet-pitts30k-lr0.001-tuple4-21-Aug/checkpoint3.pth.tar file...
=======================================
Use GPU: 2 for testing, rank no.2 of world_size 4Use GPU: 0 for testing, rank no.0 of world_size 4Use GPU: 1 for testing, rank no.1 of world_size 4Use GPU: 3 for testing, rank no.3 of world_size 4



==========
Args:Namespace(arch='vgg16', data_dir='/blue/hmedeiros/m.maqboolbhutta/codes/OpenIBL/examples/data', dataset='pitts', fast_scnn='/home/m.maqboolbhutta/usman_ws/datasets/official/fast_scnn/fast_scnn_citys.pth', features=4096, gpu=0, height=480, lambda_value=0, launcher='pytorch', logs_dir='/blue/hmedeiros/m.maqboolbhutta/codes/OpenIBL/examples/logs', method='graphvlad', ngpus_per_node=4, nowhiten=False, num_clusters=64, print_freq=10, rank=0, reduction=True, rerank=False, resume='/home/m.maqboolbhutta/usman_ws/models/openibl/0819-4-fastscnn-agg/vgg16-graphvlad-baseline-triplet-pitts30k-lr0.001-tuple4-21-Aug/checkpoint3.pth.tar', rr_topk=25, scale='30k', sync_gather=False, tcp_port='5017', test_batch_size=32, vlad=True, width=640, workers=2, world_size=4)
==========
Pittsburgh dataset loaded
  subset        | # pids | # images
  ---------------------------------
  train_query   |   311  |     7320
  train_gallery |   417  |    10000
  val_query     |   319  |     7608
  val_gallery   |   417  |    10000
  test_query    |   286  |     6816
  test_gallery  |   417  |    10000
===> Loading segmentation model
=> Loaded checkpoint '/home/m.maqboolbhutta/usman_ws/models/openibl/0819-4-fastscnn-agg/vgg16-graphvlad-baseline-triplet-pitts30k-lr0.001-tuple4-21-Aug/checkpoint3.pth.tar'
=> Start epoch 3  best recall5 96.3%
PCA parameters path:  /home/m.maqboolbhutta/usman_ws/models/openibl/0819-4-fastscnn-agg/vgg16-graphvlad-baseline-triplet-pitts30k-lr0.001-tuple4-21-Aug/pca_params_checkpoint3.h5
Extract Features: [100/136]	Time 0.362 (0.447)	Data 0.000 (0.046)	
gathering features from rank no.0
gathering features from rank no.1
gathering features from rank no.2
gathering features from rank no.3
calculating PCA parameters...
================= PCA RESULT ==================
U: (32768, 4096)
lams: (4096,)
mu: (32768, 1)
Utmu: (4096, 1)
===============================================
Evaluate on the test set:
==========Test on Pitts250k=============
Pittsburgh dataset loaded
  subset        | # pids | # images
  ---------------------------------
  train_query   |   332  |     7800
  train_gallery |  3811  |    91464
  val_query     |   319  |     7608
  val_gallery   |  3277  |    78648
  test_query    |   347  |     8280
  test_gallery  |  3498  |    83952
load PCA parameters...
gathering features from rank no.0
gathering features from rank no.1
gathering features from rank no.2
gathering features from rank no.3
load PCA parameters...
Extract Features: [100/656]	Time 0.344 (0.384)	Data 0.000 (0.047)	
Extract Features: [200/656]	Time 0.363 (0.361)	Data 0.000 (0.024)	
Extract Features: [300/656]	Time 0.384 (0.368)	Data 0.000 (0.016)	
Extract Features: [400/656]	Time 0.401 (0.371)	Data 0.000 (0.012)	
Extract Features: [500/656]	Time 0.377 (0.373)	Data 0.000 (0.010)	
Extract Features: [600/656]	Time 0.350 (0.374)	Data 0.000 (0.008)	
gathering features from rank no.0
gathering features from rank no.1
gathering features from rank no.2
gathering features from rank no.3
===> Start calculating pairwise distances
===> Start calculating recalls
Recall Scores:
  top-1          89.1%
  top-5          95.5%
  top-10         96.7%
Evaluate on the test set:
==========Test on Pitts30k=============
Pittsburgh dataset loaded
  subset        | # pids | # images
  ---------------------------------
  train_query   |   311  |     7320
  train_gallery |   417  |    10000
  val_query     |   319  |     7608
  val_gallery   |   417  |    10000
  test_query    |   286  |     6816
  test_gallery  |   417  |    10000
load PCA parameters...
gathering features from rank no.0
gathering features from rank no.1
gathering features from rank no.2
gathering features from rank no.3
load PCA parameters...
gathering features from rank no.0
gathering features from rank no.1
gathering features from rank no.2
gathering features from rank no.3
===> Start calculating pairwise distances
===> Start calculating recalls
Recall Scores:
  top-1          87.3%
  top-5          94.3%
  top-10         95.8%
==========Test on Tokyo247=============
Tokyo dataset loaded
  subset        | # pids | # images
  ---------------------------------
  train_query   |  4035  |    48420
  train_gallery |  4092  |    49104
  val_query     |  1308  |    15696
  val_gallery   |  2780  |    33360
  test_query    |    35  |      315
  test_gallery  |  6254  |    75984
load PCA parameters...
gathering features from rank no.0
gathering features from rank no.1
gathering features from rank no.2
gathering features from rank no.3
load PCA parameters...
Extract Features: [100/594]	Time 0.338 (0.430)	Data 0.000 (0.087)	
Extract Features: [200/594]	Time 0.350 (0.390)	Data 0.000 (0.044)	
Extract Features: [300/594]	Time 0.379 (0.385)	Data 0.000 (0.029)	
Extract Features: [400/594]	Time 0.382 (0.383)	Data 0.000 (0.022)	
Extract Features: [500/594]	Time 0.374 (0.379)	Data 0.000 (0.018)	
gathering features from rank no.0
gathering features from rank no.1
gathering features from rank no.2
gathering features from rank no.3
===> Start calculating pairwise distances
===> Start calculating recalls
Recall Scores:
  top-1          80.0%
  top-5          86.3%
  top-10         89.2%
Data has been appended to test_result/recall_results.csv
Data has been appended to test_result/recall_results.csv
Data has been appended to test_result/recall_results.csv
Data has been appended to test_result/recall_results.csv
==========################=============
 Done Testing with /home/m.maqboolbhutta/usman_ws/models/openibl/0819-4-fastscnn-agg/vgg16-graphvlad-baseline-triplet-pitts30k-lr0.001-tuple4-21-Aug/checkpoint3.pth.tar file...
=======================================
==========################=============
 Testing /home/m.maqboolbhutta/usman_ws/models/openibl/0819-4-fastscnn-agg/vgg16-graphvlad-baseline-triplet-pitts30k-lr0.001-tuple4-21-Aug/checkpoint4.pth.tar file...
=======================================
Use GPU: 1 for testing, rank no.1 of world_size 4Use GPU: 0 for testing, rank no.0 of world_size 4Use GPU: 2 for testing, rank no.2 of world_size 4Use GPU: 3 for testing, rank no.3 of world_size 4



==========
Args:Namespace(arch='vgg16', data_dir='/blue/hmedeiros/m.maqboolbhutta/codes/OpenIBL/examples/data', dataset='pitts', fast_scnn='/home/m.maqboolbhutta/usman_ws/datasets/official/fast_scnn/fast_scnn_citys.pth', features=4096, gpu=0, height=480, lambda_value=0, launcher='pytorch', logs_dir='/blue/hmedeiros/m.maqboolbhutta/codes/OpenIBL/examples/logs', method='graphvlad', ngpus_per_node=4, nowhiten=False, num_clusters=64, print_freq=10, rank=0, reduction=True, rerank=False, resume='/home/m.maqboolbhutta/usman_ws/models/openibl/0819-4-fastscnn-agg/vgg16-graphvlad-baseline-triplet-pitts30k-lr0.001-tuple4-21-Aug/checkpoint4.pth.tar', rr_topk=25, scale='30k', sync_gather=False, tcp_port='5017', test_batch_size=32, vlad=True, width=640, workers=2, world_size=4)
==========
Pittsburgh dataset loaded
  subset        | # pids | # images
  ---------------------------------
  train_query   |   311  |     7320
  train_gallery |   417  |    10000
  val_query     |   319  |     7608
  val_gallery   |   417  |    10000
  test_query    |   286  |     6816
  test_gallery  |   417  |    10000
===> Loading segmentation model
=> Loaded checkpoint '/home/m.maqboolbhutta/usman_ws/models/openibl/0819-4-fastscnn-agg/vgg16-graphvlad-baseline-triplet-pitts30k-lr0.001-tuple4-21-Aug/checkpoint4.pth.tar'
=> Start epoch 4  best recall5 96.3%
PCA parameters path:  /home/m.maqboolbhutta/usman_ws/models/openibl/0819-4-fastscnn-agg/vgg16-graphvlad-baseline-triplet-pitts30k-lr0.001-tuple4-21-Aug/pca_params_checkpoint4.h5
Extract Features: [100/136]	Time 0.339 (0.461)	Data 0.000 (0.047)	
gathering features from rank no.0
gathering features from rank no.1
gathering features from rank no.2
gathering features from rank no.3
calculating PCA parameters...
================= PCA RESULT ==================
U: (32768, 4096)
lams: (4096,)
mu: (32768, 1)
Utmu: (4096, 1)
===============================================
Evaluate on the test set:
==========Test on Pitts250k=============
Pittsburgh dataset loaded
  subset        | # pids | # images
  ---------------------------------
  train_query   |   332  |     7800
  train_gallery |  3811  |    91464
  val_query     |   319  |     7608
  val_gallery   |  3277  |    78648
  test_query    |   347  |     8280
  test_gallery  |  3498  |    83952
load PCA parameters...
gathering features from rank no.0
gathering features from rank no.1
gathering features from rank no.2
gathering features from rank no.3
load PCA parameters...
Extract Features: [100/656]	Time 0.379 (0.419)	Data 0.000 (0.049)	
Extract Features: [200/656]	Time 0.342 (0.381)	Data 0.000 (0.024)	
Extract Features: [300/656]	Time 0.329 (0.366)	Data 0.000 (0.016)	
Extract Features: [400/656]	Time 0.327 (0.357)	Data 0.000 (0.012)	
Extract Features: [500/656]	Time 0.339 (0.354)	Data 0.000 (0.010)	
Extract Features: [600/656]	Time 0.311 (0.349)	Data 0.000 (0.008)	
gathering features from rank no.0
gathering features from rank no.1
gathering features from rank no.2
gathering features from rank no.3
===> Start calculating pairwise distances
===> Start calculating recalls
Recall Scores:
  top-1          88.9%
  top-5          95.4%
  top-10         96.9%
Evaluate on the test set:
==========Test on Pitts30k=============
Pittsburgh dataset loaded
  subset        | # pids | # images
  ---------------------------------
  train_query   |   311  |     7320
  train_gallery |   417  |    10000
  val_query     |   319  |     7608
  val_gallery   |   417  |    10000
  test_query    |   286  |     6816
  test_gallery  |   417  |    10000
load PCA parameters...
gathering features from rank no.0
gathering features from rank no.1
gathering features from rank no.2
gathering features from rank no.3
load PCA parameters...
gathering features from rank no.0
gathering features from rank no.1
gathering features from rank no.2
gathering features from rank no.3
===> Start calculating pairwise distances
===> Start calculating recalls
Recall Scores:
  top-1          87.3%
  top-5          93.9%
  top-10         95.8%
==========Test on Tokyo247=============
Tokyo dataset loaded
  subset        | # pids | # images
  ---------------------------------
  train_query   |  4035  |    48420
  train_gallery |  4092  |    49104
  val_query     |  1308  |    15696
  val_gallery   |  2780  |    33360
  test_query    |    35  |      315
  test_gallery  |  6254  |    75984
load PCA parameters...
gathering features from rank no.0
gathering features from rank no.1
gathering features from rank no.2
gathering features from rank no.3
load PCA parameters...
Extract Features: [100/594]	Time 0.304 (0.373)	Data 0.000 (0.053)	
Extract Features: [200/594]	Time 0.368 (0.362)	Data 0.000 (0.027)	
Extract Features: [300/594]	Time 0.320 (0.353)	Data 0.000 (0.018)	
Extract Features: [400/594]	Time 0.333 (0.347)	Data 0.000 (0.013)	
Extract Features: [500/594]	Time 0.324 (0.343)	Data 0.000 (0.011)	
gathering features from rank no.0
gathering features from rank no.1
gathering features from rank no.2
gathering features from rank no.3
===> Start calculating pairwise distances
===> Start calculating recalls
Recall Scores:
  top-1          80.3%
  top-5          87.3%
  top-10         89.2%
Data has been appended to test_result/recall_results.csv
Data has been appended to test_result/recall_results.csv
Data has been appended to test_result/recall_results.csv
Data has been appended to test_result/recall_results.csv
==========################=============
 Done Testing with /home/m.maqboolbhutta/usman_ws/models/openibl/0819-4-fastscnn-agg/vgg16-graphvlad-baseline-triplet-pitts30k-lr0.001-tuple4-21-Aug/checkpoint4.pth.tar file...
=======================================
==========################=============
 Testing /home/m.maqboolbhutta/usman_ws/models/openibl/0819-4-fastscnn-agg/vgg16-graphvlad-baseline-triplet-pitts30k-lr0.001-tuple4-21-Aug/checkpoint5.pth.tar file...
=======================================
Use GPU: 0 for testing, rank no.0 of world_size 4Use GPU: 3 for testing, rank no.3 of world_size 4Use GPU: 1 for testing, rank no.1 of world_size 4Use GPU: 2 for testing, rank no.2 of world_size 4



==========
Args:Namespace(arch='vgg16', data_dir='/blue/hmedeiros/m.maqboolbhutta/codes/OpenIBL/examples/data', dataset='pitts', fast_scnn='/home/m.maqboolbhutta/usman_ws/datasets/official/fast_scnn/fast_scnn_citys.pth', features=4096, gpu=0, height=480, lambda_value=0, launcher='pytorch', logs_dir='/blue/hmedeiros/m.maqboolbhutta/codes/OpenIBL/examples/logs', method='graphvlad', ngpus_per_node=4, nowhiten=False, num_clusters=64, print_freq=10, rank=0, reduction=True, rerank=False, resume='/home/m.maqboolbhutta/usman_ws/models/openibl/0819-4-fastscnn-agg/vgg16-graphvlad-baseline-triplet-pitts30k-lr0.001-tuple4-21-Aug/checkpoint5.pth.tar', rr_topk=25, scale='30k', sync_gather=False, tcp_port='5017', test_batch_size=32, vlad=True, width=640, workers=2, world_size=4)
==========
Pittsburgh dataset loaded
  subset        | # pids | # images
  ---------------------------------
  train_query   |   311  |     7320
  train_gallery |   417  |    10000
  val_query     |   319  |     7608
  val_gallery   |   417  |    10000
  test_query    |   286  |     6816
  test_gallery  |   417  |    10000
===> Loading segmentation model
=> Loaded checkpoint '/home/m.maqboolbhutta/usman_ws/models/openibl/0819-4-fastscnn-agg/vgg16-graphvlad-baseline-triplet-pitts30k-lr0.001-tuple4-21-Aug/checkpoint5.pth.tar'
=> Start epoch 5  best recall5 96.3%
PCA parameters path:  /home/m.maqboolbhutta/usman_ws/models/openibl/0819-4-fastscnn-agg/vgg16-graphvlad-baseline-triplet-pitts30k-lr0.001-tuple4-21-Aug/pca_params_checkpoint5.h5
Extract Features: [100/136]	Time 0.307 (0.422)	Data 0.000 (0.048)	
gathering features from rank no.0
gathering features from rank no.1
gathering features from rank no.2
gathering features from rank no.3
calculating PCA parameters...
================= PCA RESULT ==================
U: (32768, 4096)
lams: (4096,)
mu: (32768, 1)
Utmu: (4096, 1)
===============================================
Evaluate on the test set:
==========Test on Pitts250k=============
Pittsburgh dataset loaded
  subset        | # pids | # images
  ---------------------------------
  train_query   |   332  |     7800
  train_gallery |  3811  |    91464
  val_query     |   319  |     7608
  val_gallery   |  3277  |    78648
  test_query    |   347  |     8280
  test_gallery  |  3498  |    83952
load PCA parameters...
gathering features from rank no.0
gathering features from rank no.1
gathering features from rank no.2
gathering features from rank no.3
load PCA parameters...
Extract Features: [100/656]	Time 0.361 (0.401)	Data 0.000 (0.048)	
Extract Features: [200/656]	Time 0.385 (0.383)	Data 0.000 (0.024)	
Extract Features: [300/656]	Time 0.365 (0.378)	Data 0.000 (0.016)	
Extract Features: [400/656]	Time 0.364 (0.372)	Data 0.000 (0.012)	
Extract Features: [500/656]	Time 0.365 (0.371)	Data 0.000 (0.010)	
Extract Features: [600/656]	Time 0.348 (0.369)	Data 0.000 (0.008)	
gathering features from rank no.0
gathering features from rank no.1
gathering features from rank no.2
gathering features from rank no.3
===> Start calculating pairwise distances
===> Start calculating recalls
Recall Scores:
  top-1          89.0%
  top-5          95.5%
  top-10         97.0%
Evaluate on the test set:
==========Test on Pitts30k=============
Pittsburgh dataset loaded
  subset        | # pids | # images
  ---------------------------------
  train_query   |   311  |     7320
  train_gallery |   417  |    10000
  val_query     |   319  |     7608
  val_gallery   |   417  |    10000
  test_query    |   286  |     6816
  test_gallery  |   417  |    10000
load PCA parameters...
gathering features from rank no.0
gathering features from rank no.1
gathering features from rank no.2
gathering features from rank no.3
load PCA parameters...
gathering features from rank no.0
gathering features from rank no.1
gathering features from rank no.2
gathering features from rank no.3
===> Start calculating pairwise distances
===> Start calculating recalls
Recall Scores:
  top-1          87.4%
  top-5          94.2%
  top-10         96.0%
==========Test on Tokyo247=============
Tokyo dataset loaded
  subset        | # pids | # images
  ---------------------------------
  train_query   |  4035  |    48420
  train_gallery |  4092  |    49104
  val_query     |  1308  |    15696
  val_gallery   |  2780  |    33360
  test_query    |    35  |      315
  test_gallery  |  6254  |    75984
load PCA parameters...
gathering features from rank no.0
gathering features from rank no.1
gathering features from rank no.2
gathering features from rank no.3
load PCA parameters...
Extract Features: [100/594]	Time 0.323 (0.387)	Data 0.000 (0.054)	
Extract Features: [200/594]	Time 0.320 (0.357)	Data 0.000 (0.027)	
Extract Features: [300/594]	Time 0.320 (0.348)	Data 0.000 (0.018)	
Extract Features: [400/594]	Time 0.316 (0.343)	Data 0.000 (0.014)	
Extract Features: [500/594]	Time 0.348 (0.340)	Data 0.000 (0.011)	
gathering features from rank no.0
gathering features from rank no.1
gathering features from rank no.2
gathering features from rank no.3
===> Start calculating pairwise distances
===> Start calculating recalls
Recall Scores:
  top-1          79.7%
  top-5          86.0%
  top-10         89.2%
Data has been appended to test_result/recall_results.csv
Data has been appended to test_result/recall_results.csv
Data has been appended to test_result/recall_results.csv
Data has been appended to test_result/recall_results.csv
==========################=============
 Done Testing with /home/m.maqboolbhutta/usman_ws/models/openibl/0819-4-fastscnn-agg/vgg16-graphvlad-baseline-triplet-pitts30k-lr0.001-tuple4-21-Aug/checkpoint5.pth.tar file...
=======================================
==========################=============
 Testing /home/m.maqboolbhutta/usman_ws/models/openibl/0819-4-fastscnn-agg/vgg16-graphvlad-baseline-triplet-pitts30k-lr0.001-tuple4-21-Aug/checkpoint6.pth.tar file...
=======================================
Use GPU: 3 for testing, rank no.3 of world_size 4Use GPU: 2 for testing, rank no.2 of world_size 4Use GPU: 0 for testing, rank no.0 of world_size 4Use GPU: 1 for testing, rank no.1 of world_size 4



==========
Args:Namespace(arch='vgg16', data_dir='/blue/hmedeiros/m.maqboolbhutta/codes/OpenIBL/examples/data', dataset='pitts', fast_scnn='/home/m.maqboolbhutta/usman_ws/datasets/official/fast_scnn/fast_scnn_citys.pth', features=4096, gpu=0, height=480, lambda_value=0, launcher='pytorch', logs_dir='/blue/hmedeiros/m.maqboolbhutta/codes/OpenIBL/examples/logs', method='graphvlad', ngpus_per_node=4, nowhiten=False, num_clusters=64, print_freq=10, rank=0, reduction=True, rerank=False, resume='/home/m.maqboolbhutta/usman_ws/models/openibl/0819-4-fastscnn-agg/vgg16-graphvlad-baseline-triplet-pitts30k-lr0.001-tuple4-21-Aug/checkpoint6.pth.tar', rr_topk=25, scale='30k', sync_gather=False, tcp_port='5017', test_batch_size=32, vlad=True, width=640, workers=2, world_size=4)
==========
Pittsburgh dataset loaded
  subset        | # pids | # images
  ---------------------------------
  train_query   |   311  |     7320
  train_gallery |   417  |    10000
  val_query     |   319  |     7608
  val_gallery   |   417  |    10000
  test_query    |   286  |     6816
  test_gallery  |   417  |    10000
===> Loading segmentation model
=> Loaded checkpoint '/home/m.maqboolbhutta/usman_ws/models/openibl/0819-4-fastscnn-agg/vgg16-graphvlad-baseline-triplet-pitts30k-lr0.001-tuple4-21-Aug/checkpoint6.pth.tar'
=> Start epoch 6  best recall5 96.3%
PCA parameters path:  /home/m.maqboolbhutta/usman_ws/models/openibl/0819-4-fastscnn-agg/vgg16-graphvlad-baseline-triplet-pitts30k-lr0.001-tuple4-21-Aug/pca_params_checkpoint6.h5
Extract Features: [100/136]	Time 0.367 (0.450)	Data 0.000 (0.048)	
gathering features from rank no.0
gathering features from rank no.1
gathering features from rank no.2
gathering features from rank no.3
calculating PCA parameters...
================= PCA RESULT ==================
U: (32768, 4096)
lams: (4096,)
mu: (32768, 1)
Utmu: (4096, 1)
===============================================
Evaluate on the test set:
==========Test on Pitts250k=============
Pittsburgh dataset loaded
  subset        | # pids | # images
  ---------------------------------
  train_query   |   332  |     7800
  train_gallery |  3811  |    91464
  val_query     |   319  |     7608
  val_gallery   |  3277  |    78648
  test_query    |   347  |     8280
  test_gallery  |  3498  |    83952
load PCA parameters...
gathering features from rank no.0
gathering features from rank no.1
gathering features from rank no.2
gathering features from rank no.3
load PCA parameters...
Extract Features: [100/656]	Time 0.318 (0.396)	Data 0.000 (0.051)	
Extract Features: [200/656]	Time 0.344 (0.369)	Data 0.000 (0.025)	
Extract Features: [300/656]	Time 0.340 (0.360)	Data 0.000 (0.017)	
Extract Features: [400/656]	Time 0.345 (0.355)	Data 0.000 (0.013)	
Extract Features: [500/656]	Time 0.334 (0.352)	Data 0.000 (0.010)	
Extract Features: [600/656]	Time 0.335 (0.350)	Data 0.000 (0.009)	
gathering features from rank no.0
gathering features from rank no.1
gathering features from rank no.2
gathering features from rank no.3
===> Start calculating pairwise distances
===> Start calculating recalls
Recall Scores:
  top-1          89.1%
  top-5          95.8%
  top-10         97.1%
Evaluate on the test set:
==========Test on Pitts30k=============
Pittsburgh dataset loaded
  subset        | # pids | # images
  ---------------------------------
  train_query   |   311  |     7320
  train_gallery |   417  |    10000
  val_query     |   319  |     7608
  val_gallery   |   417  |    10000
  test_query    |   286  |     6816
  test_gallery  |   417  |    10000
load PCA parameters...
gathering features from rank no.0
gathering features from rank no.1
gathering features from rank no.2
gathering features from rank no.3
load PCA parameters...
gathering features from rank no.0
gathering features from rank no.1
gathering features from rank no.2
gathering features from rank no.3
===> Start calculating pairwise distances
===> Start calculating recalls
Recall Scores:
  top-1          87.6%
  top-5          94.3%
  top-10         96.0%
==========Test on Tokyo247=============
Tokyo dataset loaded
  subset        | # pids | # images
  ---------------------------------
  train_query   |  4035  |    48420
  train_gallery |  4092  |    49104
  val_query     |  1308  |    15696
  val_gallery   |  2780  |    33360
  test_query    |    35  |      315
  test_gallery  |  6254  |    75984
load PCA parameters...
gathering features from rank no.0
gathering features from rank no.1
gathering features from rank no.2
gathering features from rank no.3
load PCA parameters...
Extract Features: [100/594]	Time 0.383 (0.392)	Data 0.000 (0.052)	
Extract Features: [200/594]	Time 0.386 (0.378)	Data 0.000 (0.026)	
Extract Features: [300/594]	Time 0.350 (0.378)	Data 0.000 (0.018)	
Extract Features: [400/594]	Time 0.362 (0.378)	Data 0.000 (0.013)	
Extract Features: [500/594]	Time 0.345 (0.378)	Data 0.000 (0.011)	
gathering features from rank no.0
gathering features from rank no.1
gathering features from rank no.2
gathering features from rank no.3
===> Start calculating pairwise distances
===> Start calculating recalls
Recall Scores:
  top-1          80.3%
  top-5          87.3%
  top-10         89.5%
Data has been appended to test_result/recall_results.csv
Data has been appended to test_result/recall_results.csv
Data has been appended to test_result/recall_results.csv
Data has been appended to test_result/recall_results.csv
==========################=============
 Done Testing with /home/m.maqboolbhutta/usman_ws/models/openibl/0819-4-fastscnn-agg/vgg16-graphvlad-baseline-triplet-pitts30k-lr0.001-tuple4-21-Aug/checkpoint6.pth.tar file...
=======================================
==========################=============
 Testing /home/m.maqboolbhutta/usman_ws/models/openibl/0819-4-fastscnn-agg/vgg16-graphvlad-baseline-triplet-pitts30k-lr0.001-tuple4-21-Aug/checkpoint7.pth.tar file...
=======================================
Use GPU: 3 for testing, rank no.3 of world_size 4Use GPU: 1 for testing, rank no.1 of world_size 4Use GPU: 2 for testing, rank no.2 of world_size 4Use GPU: 0 for testing, rank no.0 of world_size 4



==========
Args:Namespace(arch='vgg16', data_dir='/blue/hmedeiros/m.maqboolbhutta/codes/OpenIBL/examples/data', dataset='pitts', fast_scnn='/home/m.maqboolbhutta/usman_ws/datasets/official/fast_scnn/fast_scnn_citys.pth', features=4096, gpu=0, height=480, lambda_value=0, launcher='pytorch', logs_dir='/blue/hmedeiros/m.maqboolbhutta/codes/OpenIBL/examples/logs', method='graphvlad', ngpus_per_node=4, nowhiten=False, num_clusters=64, print_freq=10, rank=0, reduction=True, rerank=False, resume='/home/m.maqboolbhutta/usman_ws/models/openibl/0819-4-fastscnn-agg/vgg16-graphvlad-baseline-triplet-pitts30k-lr0.001-tuple4-21-Aug/checkpoint7.pth.tar', rr_topk=25, scale='30k', sync_gather=False, tcp_port='5017', test_batch_size=32, vlad=True, width=640, workers=2, world_size=4)
==========
Pittsburgh dataset loaded
  subset        | # pids | # images
  ---------------------------------
  train_query   |   311  |     7320
  train_gallery |   417  |    10000
  val_query     |   319  |     7608
  val_gallery   |   417  |    10000
  test_query    |   286  |     6816
  test_gallery  |   417  |    10000
===> Loading segmentation model
=> Loaded checkpoint '/home/m.maqboolbhutta/usman_ws/models/openibl/0819-4-fastscnn-agg/vgg16-graphvlad-baseline-triplet-pitts30k-lr0.001-tuple4-21-Aug/checkpoint7.pth.tar'
=> Start epoch 7  best recall5 96.3%
PCA parameters path:  /home/m.maqboolbhutta/usman_ws/models/openibl/0819-4-fastscnn-agg/vgg16-graphvlad-baseline-triplet-pitts30k-lr0.001-tuple4-21-Aug/pca_params_checkpoint7.h5
Extract Features: [100/136]	Time 0.344 (0.444)	Data 0.000 (0.048)	
gathering features from rank no.0
gathering features from rank no.1
gathering features from rank no.2
gathering features from rank no.3
calculating PCA parameters...
================= PCA RESULT ==================
U: (32768, 4096)
lams: (4096,)
mu: (32768, 1)
Utmu: (4096, 1)
===============================================
Evaluate on the test set:
==========Test on Pitts250k=============
Pittsburgh dataset loaded
  subset        | # pids | # images
  ---------------------------------
  train_query   |   332  |     7800
  train_gallery |  3811  |    91464
  val_query     |   319  |     7608
  val_gallery   |  3277  |    78648
  test_query    |   347  |     8280
  test_gallery  |  3498  |    83952
load PCA parameters...
gathering features from rank no.0
gathering features from rank no.1
gathering features from rank no.2
gathering features from rank no.3
load PCA parameters...
Extract Features: [100/656]	Time 0.334 (0.383)	Data 0.000 (0.050)	
Extract Features: [200/656]	Time 0.360 (0.358)	Data 0.001 (0.025)	
Extract Features: [300/656]	Time 0.348 (0.354)	Data 0.000 (0.017)	
Extract Features: [400/656]	Time 0.370 (0.352)	Data 0.000 (0.013)	
Extract Features: [500/656]	Time 0.352 (0.351)	Data 0.000 (0.010)	
Extract Features: [600/656]	Time 0.349 (0.350)	Data 0.000 (0.009)	
gathering features from rank no.0
gathering features from rank no.1
gathering features from rank no.2
gathering features from rank no.3
===> Start calculating pairwise distances
===> Start calculating recalls
Recall Scores:
  top-1          89.0%
  top-5          95.7%
  top-10         97.0%
Evaluate on the test set:
==========Test on Pitts30k=============
Pittsburgh dataset loaded
  subset        | # pids | # images
  ---------------------------------
  train_query   |   311  |     7320
  train_gallery |   417  |    10000
  val_query     |   319  |     7608
  val_gallery   |   417  |    10000
  test_query    |   286  |     6816
  test_gallery  |   417  |    10000
load PCA parameters...
gathering features from rank no.0
gathering features from rank no.1
gathering features from rank no.2
gathering features from rank no.3
load PCA parameters...
gathering features from rank no.0
gathering features from rank no.1
gathering features from rank no.2
gathering features from rank no.3
===> Start calculating pairwise distances
===> Start calculating recalls
Recall Scores:
  top-1          87.5%
  top-5          94.5%
  top-10         96.1%
==========Test on Tokyo247=============
Tokyo dataset loaded
  subset        | # pids | # images
  ---------------------------------
  train_query   |  4035  |    48420
  train_gallery |  4092  |    49104
  val_query     |  1308  |    15696
  val_gallery   |  2780  |    33360
  test_query    |    35  |      315
  test_gallery  |  6254  |    75984
load PCA parameters...
gathering features from rank no.0
gathering features from rank no.1
gathering features from rank no.2
gathering features from rank no.3
load PCA parameters...
Extract Features: [100/594]	Time 0.330 (0.378)	Data 0.000 (0.052)	
Extract Features: [200/594]	Time 0.326 (0.355)	Data 0.000 (0.026)	
Extract Features: [300/594]	Time 0.360 (0.352)	Data 0.001 (0.017)	
Extract Features: [400/594]	Time 0.362 (0.348)	Data 0.000 (0.013)	
Extract Features: [500/594]	Time 0.352 (0.347)	Data 0.000 (0.011)	
gathering features from rank no.0
gathering features from rank no.1
gathering features from rank no.2
gathering features from rank no.3
===> Start calculating pairwise distances
===> Start calculating recalls
Recall Scores:
  top-1          80.0%
  top-5          87.6%
  top-10         88.9%
Data has been appended to test_result/recall_results.csv
Data has been appended to test_result/recall_results.csv
Data has been appended to test_result/recall_results.csv
Data has been appended to test_result/recall_results.csv
==========################=============
 Done Testing with /home/m.maqboolbhutta/usman_ws/models/openibl/0819-4-fastscnn-agg/vgg16-graphvlad-baseline-triplet-pitts30k-lr0.001-tuple4-21-Aug/checkpoint7.pth.tar file...
=======================================
==========################=============
 Testing /home/m.maqboolbhutta/usman_ws/models/openibl/0819-4-fastscnn-agg/vgg16-graphvlad-baseline-triplet-pitts30k-lr0.001-tuple4-21-Aug/checkpoint8.pth.tar file...
=======================================
Use GPU: 3 for testing, rank no.3 of world_size 4Use GPU: 0 for testing, rank no.0 of world_size 4Use GPU: 1 for testing, rank no.1 of world_size 4Use GPU: 2 for testing, rank no.2 of world_size 4



==========
Args:Namespace(arch='vgg16', data_dir='/blue/hmedeiros/m.maqboolbhutta/codes/OpenIBL/examples/data', dataset='pitts', fast_scnn='/home/m.maqboolbhutta/usman_ws/datasets/official/fast_scnn/fast_scnn_citys.pth', features=4096, gpu=0, height=480, lambda_value=0, launcher='pytorch', logs_dir='/blue/hmedeiros/m.maqboolbhutta/codes/OpenIBL/examples/logs', method='graphvlad', ngpus_per_node=4, nowhiten=False, num_clusters=64, print_freq=10, rank=0, reduction=True, rerank=False, resume='/home/m.maqboolbhutta/usman_ws/models/openibl/0819-4-fastscnn-agg/vgg16-graphvlad-baseline-triplet-pitts30k-lr0.001-tuple4-21-Aug/checkpoint8.pth.tar', rr_topk=25, scale='30k', sync_gather=False, tcp_port='5017', test_batch_size=32, vlad=True, width=640, workers=2, world_size=4)
==========
Pittsburgh dataset loaded
  subset        | # pids | # images
  ---------------------------------
  train_query   |   311  |     7320
  train_gallery |   417  |    10000
  val_query     |   319  |     7608
  val_gallery   |   417  |    10000
  test_query    |   286  |     6816
  test_gallery  |   417  |    10000
===> Loading segmentation model
=> Loaded checkpoint '/home/m.maqboolbhutta/usman_ws/models/openibl/0819-4-fastscnn-agg/vgg16-graphvlad-baseline-triplet-pitts30k-lr0.001-tuple4-21-Aug/checkpoint8.pth.tar'
=> Start epoch 8  best recall5 96.3%
PCA parameters path:  /home/m.maqboolbhutta/usman_ws/models/openibl/0819-4-fastscnn-agg/vgg16-graphvlad-baseline-triplet-pitts30k-lr0.001-tuple4-21-Aug/pca_params_checkpoint8.h5
Extract Features: [100/136]	Time 0.315 (0.427)	Data 0.000 (0.046)	
gathering features from rank no.0
gathering features from rank no.1
gathering features from rank no.2
gathering features from rank no.3
calculating PCA parameters...
================= PCA RESULT ==================
U: (32768, 4096)
lams: (4096,)
mu: (32768, 1)
Utmu: (4096, 1)
===============================================
Evaluate on the test set:
==========Test on Pitts250k=============
Pittsburgh dataset loaded
  subset        | # pids | # images
  ---------------------------------
  train_query   |   332  |     7800
  train_gallery |  3811  |    91464
  val_query     |   319  |     7608
  val_gallery   |  3277  |    78648
  test_query    |   347  |     8280
  test_gallery  |  3498  |    83952
load PCA parameters...
gathering features from rank no.0
gathering features from rank no.1
gathering features from rank no.2
gathering features from rank no.3
load PCA parameters...
Extract Features: [100/656]	Time 0.343 (0.404)	Data 0.000 (0.050)	
Extract Features: [200/656]	Time 0.346 (0.370)	Data 0.000 (0.025)	
Extract Features: [300/656]	Time 0.345 (0.360)	Data 0.000 (0.017)	
Extract Features: [400/656]	Time 0.338 (0.356)	Data 0.000 (0.013)	
Extract Features: [500/656]	Time 0.340 (0.354)	Data 0.000 (0.010)	
Extract Features: [600/656]	Time 0.341 (0.353)	Data 0.000 (0.009)	
gathering features from rank no.0
gathering features from rank no.1
gathering features from rank no.2
gathering features from rank no.3
===> Start calculating pairwise distances
===> Start calculating recalls
Recall Scores:
  top-1          89.5%
  top-5          95.6%
  top-10         96.8%
Evaluate on the test set:
==========Test on Pitts30k=============
Pittsburgh dataset loaded
  subset        | # pids | # images
  ---------------------------------
  train_query   |   311  |     7320
  train_gallery |   417  |    10000
  val_query     |   319  |     7608
  val_gallery   |   417  |    10000
  test_query    |   286  |     6816
  test_gallery  |   417  |    10000
load PCA parameters...
gathering features from rank no.0
gathering features from rank no.1
gathering features from rank no.2
gathering features from rank no.3
load PCA parameters...
gathering features from rank no.0
gathering features from rank no.1
gathering features from rank no.2
gathering features from rank no.3
===> Start calculating pairwise distances
===> Start calculating recalls
Recall Scores:
  top-1          87.7%
  top-5          94.2%
  top-10         96.0%
==========Test on Tokyo247=============
Tokyo dataset loaded
  subset        | # pids | # images
  ---------------------------------
  train_query   |  4035  |    48420
  train_gallery |  4092  |    49104
  val_query     |  1308  |    15696
  val_gallery   |  2780  |    33360
  test_query    |    35  |      315
  test_gallery  |  6254  |    75984
load PCA parameters...
gathering features from rank no.0
gathering features from rank no.1
gathering features from rank no.2
gathering features from rank no.3
load PCA parameters...
Extract Features: [100/594]	Time 0.377 (0.421)	Data 0.000 (0.052)	
Extract Features: [200/594]	Time 0.338 (0.393)	Data 0.000 (0.026)	
Extract Features: [300/594]	Time 0.395 (0.386)	Data 0.000 (0.017)	
Extract Features: [400/594]	Time 0.380 (0.384)	Data 0.000 (0.013)	
Extract Features: [500/594]	Time 0.344 (0.381)	Data 0.000 (0.011)	
gathering features from rank no.0
gathering features from rank no.1
gathering features from rank no.2
gathering features from rank no.3
===> Start calculating pairwise distances
===> Start calculating recalls
Recall Scores:
  top-1          81.6%
  top-5          88.6%
  top-10         89.5%
Data has been appended to test_result/recall_results.csv
Data has been appended to test_result/recall_results.csv
Data has been appended to test_result/recall_results.csv
Data has been appended to test_result/recall_results.csv
==========################=============
 Done Testing with /home/m.maqboolbhutta/usman_ws/models/openibl/0819-4-fastscnn-agg/vgg16-graphvlad-baseline-triplet-pitts30k-lr0.001-tuple4-21-Aug/checkpoint8.pth.tar file...
=======================================
==========################=============
 Testing /home/m.maqboolbhutta/usman_ws/models/openibl/0819-4-fastscnn-agg/vgg16-graphvlad-baseline-triplet-pitts30k-lr0.001-tuple4-21-Aug/checkpoint9.pth.tar file...
=======================================
Use GPU: 0 for testing, rank no.0 of world_size 4Use GPU: 1 for testing, rank no.1 of world_size 4Use GPU: 3 for testing, rank no.3 of world_size 4Use GPU: 2 for testing, rank no.2 of world_size 4



==========
Args:Namespace(arch='vgg16', data_dir='/blue/hmedeiros/m.maqboolbhutta/codes/OpenIBL/examples/data', dataset='pitts', fast_scnn='/home/m.maqboolbhutta/usman_ws/datasets/official/fast_scnn/fast_scnn_citys.pth', features=4096, gpu=0, height=480, lambda_value=0, launcher='pytorch', logs_dir='/blue/hmedeiros/m.maqboolbhutta/codes/OpenIBL/examples/logs', method='graphvlad', ngpus_per_node=4, nowhiten=False, num_clusters=64, print_freq=10, rank=0, reduction=True, rerank=False, resume='/home/m.maqboolbhutta/usman_ws/models/openibl/0819-4-fastscnn-agg/vgg16-graphvlad-baseline-triplet-pitts30k-lr0.001-tuple4-21-Aug/checkpoint9.pth.tar', rr_topk=25, scale='30k', sync_gather=False, tcp_port='5017', test_batch_size=32, vlad=True, width=640, workers=2, world_size=4)
==========
Pittsburgh dataset loaded
  subset        | # pids | # images
  ---------------------------------
  train_query   |   311  |     7320
  train_gallery |   417  |    10000
  val_query     |   319  |     7608
  val_gallery   |   417  |    10000
  test_query    |   286  |     6816
  test_gallery  |   417  |    10000
===> Loading segmentation model
=> Loaded checkpoint '/home/m.maqboolbhutta/usman_ws/models/openibl/0819-4-fastscnn-agg/vgg16-graphvlad-baseline-triplet-pitts30k-lr0.001-tuple4-21-Aug/checkpoint9.pth.tar'
=> Start epoch 9  best recall5 96.3%
PCA parameters path:  /home/m.maqboolbhutta/usman_ws/models/openibl/0819-4-fastscnn-agg/vgg16-graphvlad-baseline-triplet-pitts30k-lr0.001-tuple4-21-Aug/pca_params_checkpoint9.h5
Extract Features: [100/136]	Time 0.343 (0.432)	Data 0.000 (0.047)	
gathering features from rank no.0
gathering features from rank no.1
gathering features from rank no.2
gathering features from rank no.3
calculating PCA parameters...
================= PCA RESULT ==================
U: (32768, 4096)
lams: (4096,)
mu: (32768, 1)
Utmu: (4096, 1)
===============================================
Evaluate on the test set:
==========Test on Pitts250k=============
Pittsburgh dataset loaded
  subset        | # pids | # images
  ---------------------------------
  train_query   |   332  |     7800
  train_gallery |  3811  |    91464
  val_query     |   319  |     7608
  val_gallery   |  3277  |    78648
  test_query    |   347  |     8280
  test_gallery  |  3498  |    83952
load PCA parameters...
gathering features from rank no.0
gathering features from rank no.1
gathering features from rank no.2
gathering features from rank no.3
load PCA parameters...
Extract Features: [100/656]	Time 0.361 (0.389)	Data 0.000 (0.050)	
Extract Features: [200/656]	Time 0.347 (0.365)	Data 0.000 (0.025)	
Extract Features: [300/656]	Time 0.350 (0.356)	Data 0.000 (0.017)	
Extract Features: [400/656]	Time 0.349 (0.352)	Data 0.000 (0.013)	
Extract Features: [500/656]	Time 0.350 (0.350)	Data 0.000 (0.010)	
Extract Features: [600/656]	Time 0.337 (0.346)	Data 0.000 (0.008)	
gathering features from rank no.0
gathering features from rank no.1
gathering features from rank no.2
gathering features from rank no.3
===> Start calculating pairwise distances
===> Start calculating recalls
Recall Scores:
  top-1          89.5%
  top-5          95.6%
  top-10         96.9%
Evaluate on the test set:
==========Test on Pitts30k=============
Pittsburgh dataset loaded
  subset        | # pids | # images
  ---------------------------------
  train_query   |   311  |     7320
  train_gallery |   417  |    10000
  val_query     |   319  |     7608
  val_gallery   |   417  |    10000
  test_query    |   286  |     6816
  test_gallery  |   417  |    10000
load PCA parameters...
gathering features from rank no.0
gathering features from rank no.1
gathering features from rank no.2
gathering features from rank no.3
load PCA parameters...
gathering features from rank no.0
gathering features from rank no.1
gathering features from rank no.2
gathering features from rank no.3
===> Start calculating pairwise distances
===> Start calculating recalls
Recall Scores:
  top-1          87.9%
  top-5          94.4%
  top-10         96.1%
==========Test on Tokyo247=============
Tokyo dataset loaded
  subset        | # pids | # images
  ---------------------------------
  train_query   |  4035  |    48420
  train_gallery |  4092  |    49104
  val_query     |  1308  |    15696
  val_gallery   |  2780  |    33360
  test_query    |    35  |      315
  test_gallery  |  6254  |    75984
load PCA parameters...
gathering features from rank no.0
gathering features from rank no.1
gathering features from rank no.2
gathering features from rank no.3
load PCA parameters...
Extract Features: [100/594]	Time 0.350 (0.381)	Data 0.000 (0.052)	
Extract Features: [200/594]	Time 0.338 (0.361)	Data 0.000 (0.026)	
Extract Features: [300/594]	Time 0.334 (0.355)	Data 0.000 (0.018)	
Extract Features: [400/594]	Time 0.358 (0.353)	Data 0.000 (0.013)	
Extract Features: [500/594]	Time 0.362 (0.352)	Data 0.000 (0.011)	
gathering features from rank no.0
gathering features from rank no.1
gathering features from rank no.2
gathering features from rank no.3
===> Start calculating pairwise distances
===> Start calculating recalls
Recall Scores:
  top-1          81.0%
  top-5          87.6%
  top-10         91.4%
Data has been appended to test_result/recall_results.csv
Data has been appended to test_result/recall_results.csv
Data has been appended to test_result/recall_results.csv
Data has been appended to test_result/recall_results.csv
==========################=============
 Done Testing with /home/m.maqboolbhutta/usman_ws/models/openibl/0819-4-fastscnn-agg/vgg16-graphvlad-baseline-triplet-pitts30k-lr0.001-tuple4-21-Aug/checkpoint9.pth.tar file...
=======================================
==========################=============
 Testing /home/m.maqboolbhutta/usman_ws/models/openibl/0819-4-fastscnn-agg/vgg16-graphvlad-baseline-triplet-pitts30k-lr0.001-tuple4-21-Aug/model_best.pth.tar file...
=======================================
Use GPU: 1 for testing, rank no.1 of world_size 4Use GPU: 0 for testing, rank no.0 of world_size 4Use GPU: 2 for testing, rank no.2 of world_size 4Use GPU: 3 for testing, rank no.3 of world_size 4



==========
Args:Namespace(arch='vgg16', data_dir='/blue/hmedeiros/m.maqboolbhutta/codes/OpenIBL/examples/data', dataset='pitts', fast_scnn='/home/m.maqboolbhutta/usman_ws/datasets/official/fast_scnn/fast_scnn_citys.pth', features=4096, gpu=0, height=480, lambda_value=0, launcher='pytorch', logs_dir='/blue/hmedeiros/m.maqboolbhutta/codes/OpenIBL/examples/logs', method='graphvlad', ngpus_per_node=4, nowhiten=False, num_clusters=64, print_freq=10, rank=0, reduction=True, rerank=False, resume='/home/m.maqboolbhutta/usman_ws/models/openibl/0819-4-fastscnn-agg/vgg16-graphvlad-baseline-triplet-pitts30k-lr0.001-tuple4-21-Aug/model_best.pth.tar', rr_topk=25, scale='30k', sync_gather=False, tcp_port='5017', test_batch_size=32, vlad=True, width=640, workers=2, world_size=4)
==========
Pittsburgh dataset loaded
  subset        | # pids | # images
  ---------------------------------
  train_query   |   311  |     7320
  train_gallery |   417  |    10000
  val_query     |   319  |     7608
  val_gallery   |   417  |    10000
  test_query    |   286  |     6816
  test_gallery  |   417  |    10000
===> Loading segmentation model
=> Loaded checkpoint '/home/m.maqboolbhutta/usman_ws/models/openibl/0819-4-fastscnn-agg/vgg16-graphvlad-baseline-triplet-pitts30k-lr0.001-tuple4-21-Aug/model_best.pth.tar'
=> Start epoch 1  best recall5 96.3%
PCA parameters path:  /home/m.maqboolbhutta/usman_ws/models/openibl/0819-4-fastscnn-agg/vgg16-graphvlad-baseline-triplet-pitts30k-lr0.001-tuple4-21-Aug/pca_params_model_best.h5
Evaluate on the test set:
==========Test on Pitts250k=============
Pittsburgh dataset loaded
  subset        | # pids | # images
  ---------------------------------
  train_query   |   332  |     7800
  train_gallery |  3811  |    91464
  val_query     |   319  |     7608
  val_gallery   |  3277  |    78648
  test_query    |   347  |     8280
  test_gallery  |  3498  |    83952
load PCA parameters...
gathering features from rank no.0
gathering features from rank no.1
gathering features from rank no.2
gathering features from rank no.3
load PCA parameters...
Extract Features: [100/656]	Time 0.309 (0.370)	Data 0.000 (0.051)	
Extract Features: [200/656]	Time 0.313 (0.343)	Data 0.000 (0.026)	
Extract Features: [300/656]	Time 0.305 (0.333)	Data 0.000 (0.017)	
Extract Features: [400/656]	Time 0.313 (0.329)	Data 0.000 (0.013)	
Extract Features: [500/656]	Time 0.309 (0.327)	Data 0.000 (0.010)	
Extract Features: [600/656]	Time 0.302 (0.325)	Data 0.000 (0.009)	
gathering features from rank no.0
gathering features from rank no.1
gathering features from rank no.2
gathering features from rank no.3
===> Start calculating pairwise distances
===> Start calculating recalls
Recall Scores:
  top-1          87.5%
  top-5          94.8%
  top-10         96.3%
Evaluate on the test set:
==========Test on Pitts30k=============
Pittsburgh dataset loaded
  subset        | # pids | # images
  ---------------------------------
  train_query   |   311  |     7320
  train_gallery |   417  |    10000
  val_query     |   319  |     7608
  val_gallery   |   417  |    10000
  test_query    |   286  |     6816
  test_gallery  |   417  |    10000
load PCA parameters...
gathering features from rank no.0
gathering features from rank no.1
gathering features from rank no.2
gathering features from rank no.3
load PCA parameters...
gathering features from rank no.0
gathering features from rank no.1
gathering features from rank no.2
gathering features from rank no.3
===> Start calculating pairwise distances
===> Start calculating recalls
Recall Scores:
  top-1          86.5%
  top-5          93.8%
  top-10         95.8%
==========Test on Tokyo247=============
Tokyo dataset loaded
  subset        | # pids | # images
  ---------------------------------
  train_query   |  4035  |    48420
  train_gallery |  4092  |    49104
  val_query     |  1308  |    15696
  val_gallery   |  2780  |    33360
  test_query    |    35  |      315
  test_gallery  |  6254  |    75984
load PCA parameters...
gathering features from rank no.0
gathering features from rank no.1
gathering features from rank no.2
gathering features from rank no.3
load PCA parameters...
Extract Features: [100/594]	Time 0.363 (0.410)	Data 0.000 (0.052)	
Extract Features: [200/594]	Time 0.359 (0.385)	Data 0.000 (0.026)	
Extract Features: [300/594]	Time 0.339 (0.369)	Data 0.000 (0.018)	
Extract Features: [400/594]	Time 0.329 (0.359)	Data 0.000 (0.013)	
Extract Features: [500/594]	Time 0.339 (0.353)	Data 0.000 (0.011)	
gathering features from rank no.0
gathering features from rank no.1
gathering features from rank no.2
gathering features from rank no.3
===> Start calculating pairwise distances
===> Start calculating recalls
Recall Scores:
  top-1          76.2%
  top-5          85.4%
  top-10         87.9%
Data has been appended to test_result/recall_results.csv
Data has been appended to test_result/recall_results.csv
Data has been appended to test_result/recall_results.csv
Data has been appended to test_result/recall_results.csv
==========################=============
 Done Testing with /home/m.maqboolbhutta/usman_ws/models/openibl/0819-4-fastscnn-agg/vgg16-graphvlad-baseline-triplet-pitts30k-lr0.001-tuple4-21-Aug/model_best.pth.tar file...
=======================================
