Tue Sep 17 11:51:01 EDT 2024
/home/m.maqboolbhutta/usman_ws/codes/openibl2
/home/m.maqboolbhutta/.conda/envs/openibl2/bin/python
Host: c1006a-s17
Other nodes: 
/home/m.maqboolbhutta/usman_ws/models/openibl/0913/espnet/vgg16-graphvlad_SFRS-sare_joint-pitts30k-lr0.001-tuple4-17-Sep
==========Starting Training=============
========================================
Use GPU: 2 for training, rank no.2 of world_size 4
Use GPU: 1 for training, rank no.1 of world_size 4
Use GPU: 0 for training, rank no.0 of world_size 4
Use GPU: 3 for training, rank no.3 of world_size 4
==========
Args:Namespace(arch='vgg16', cache_size=1000, data_dir='/home/m.maqboolbhutta/usman_ws/codes/OpenIBL/examples/data/', dataset='pitts', deterministic=False, epochs=5, esp_encoder='/home/m.maqboolbhutta/usman_ws/datasets/netvlad-official/espnet-encoder/espnet_p_2_q_8.pth', eval_step=1, features=4096, gpu=0, height=480, init_dir='/blue/hmedeiros/m.maqboolbhutta/datasets/official/openibl-init', iters=0, launcher='slurm', layers='conv5', logs_dir='/home/m.maqboolbhutta/usman_ws/models/openibl/0913/espnet/vgg16-graphvlad_SFRS-sare_joint-pitts30k-lr0.001-tuple4-17-Sep', loss_type='sare_joint', lr=0.001, margin=0.1, method='graphvlad', momentum=0.9, neg_num=10, neg_pool=1000, ngpus_per_node=4, nowhiten=False, num_clusters=64, print_freq=200, rank=0, rerank=False, resume='', scale='30k', seed=43, step_size=5, sync_gather=True, syncbn=True, tcp_port='6010', test_batch_size=16, total_gpus=4, tuple_size=1, vlad=True, weight_decay=0.001, width=640, workers=2, world_size=4)
==========
Pittsburgh dataset loaded
  subset        | # pids | # images
  ---------------------------------
  train_query   |   311  |     7320
  train_gallery |   417  |    10000
  val_query     |   319  |     7608
  val_gallery   |   417  |    10000
  test_query    |   286  |     6816
  test_gallery  |   417  |    10000
No. of Clusters:  64
Loading centroids from /blue/hmedeiros/m.maqboolbhutta/datasets/official/openibl-init/vgg16_pitts_64_desc_cen.hdf5
===> Loading segmentation model
Test the initial model:
Extract Features: [100/276]	Time 0.409 (0.471)	Data 0.000 (0.049)	
Extract Features: [200/276]	Time 0.428 (0.451)	Data 0.000 (0.025)	
===> Start calculating pairwise distances
===> Start calculating recalls
Recall Scores:
  top-1          79.3%
  top-5          91.9%
  top-10         94.9%
===> Start extracting features for sorting gallery
Extract Features: [100/271]	Time 0.431 (0.461)	Data 0.000 (0.048)	
Extract Features: [200/271]	Time 0.447 (0.434)	Data 0.000 (0.024)	
===> Start calculating pairwise distances
===> Start sorting gallery
Epoch: [0-0][200/250]	Time 1.019 (1.060)	Data 0.528 (0.548)	Loss 0.858 (1.073)
===> Start extracting features for sorting gallery
Extract Features: [100/271]	Time 0.423 (0.465)	Data 0.000 (0.054)	
Extract Features: [200/271]	Time 0.388 (0.438)	Data 0.000 (0.027)	
===> Start calculating pairwise distances
===> Start sorting gallery
Epoch: [0-1][200/250]	Time 1.049 (1.063)	Data 0.556 (0.551)	Loss 1.814 (0.850)
===> Start extracting features for sorting gallery
Extract Features: [100/271]	Time 0.412 (0.466)	Data 0.000 (0.049)	
Extract Features: [200/271]	Time 0.396 (0.442)	Data 0.000 (0.025)	
===> Start calculating pairwise distances
===> Start sorting gallery
Epoch: [0-2][200/250]	Time 1.034 (1.063)	Data 0.504 (0.549)	Loss 0.046 (0.778)
===> Start extracting features for sorting gallery
Extract Features: [100/271]	Time 0.396 (0.462)	Data 0.000 (0.050)	
Extract Features: [200/271]	Time 0.473 (0.439)	Data 0.012 (0.026)	
===> Start calculating pairwise distances
===> Start sorting gallery
Epoch: [0-3][200/250]	Time 1.023 (1.063)	Data 0.534 (0.552)	Loss 0.167 (0.617)
===> Start extracting features for sorting gallery
Extract Features: [100/271]	Time 0.410 (0.464)	Data 0.000 (0.050)	
Extract Features: [200/271]	Time 0.434 (0.438)	Data 0.000 (0.025)	
===> Start calculating pairwise distances
===> Start sorting gallery
Epoch: [0-4][200/250]	Time 1.032 (1.063)	Data 0.534 (0.547)	Loss 1.184 (0.672)
===> Start extracting features for sorting gallery
Extract Features: [100/271]	Time 0.430 (0.468)	Data 0.000 (0.053)	
Extract Features: [200/271]	Time 0.391 (0.442)	Data 0.000 (0.027)	
===> Start calculating pairwise distances
===> Start sorting gallery
Epoch: [0-5][200/250]	Time 1.019 (1.062)	Data 0.542 (0.548)	Loss 0.023 (0.548)
===> Start extracting features for sorting gallery
Extract Features: [100/271]	Time 0.402 (0.471)	Data 0.000 (0.059)	
Extract Features: [200/271]	Time 0.415 (0.445)	Data 0.000 (0.030)	
===> Start calculating pairwise distances
===> Start sorting gallery
Epoch: [0-6][200/250]	Time 1.016 (1.061)	Data 0.527 (0.545)	Loss 0.001 (0.423)
===> Start extracting features for sorting gallery
Extract Features: [100/271]	Time 0.400 (0.461)	Data 0.000 (0.051)	
Extract Features: [200/271]	Time 0.408 (0.441)	Data 0.000 (0.025)	
===> Start calculating pairwise distances
===> Start sorting gallery
Extract Features: [100/276]	Time 0.390 (0.466)	Data 0.000 (0.050)	
Extract Features: [200/276]	Time 0.423 (0.444)	Data 0.000 (0.025)	
===> Start calculating pairwise distances
===> Start calculating recalls
Recall Scores:
  top-1          83.7%
  top-5          92.6%
  top-10         94.9%

 * Finished epoch   0 recall@1: 83.7%  recall@5: 92.6%  recall@10: 94.9%  best@5: 92.6% *

===> Start extracting features for sorting gallery
Extract Features: [100/271]	Time 0.418 (0.466)	Data 0.001 (0.052)	
Extract Features: [200/271]	Time 0.405 (0.441)	Data 0.000 (0.027)	
===> Start calculating pairwise distances
===> Start sorting gallery
Epoch: [1-0][200/250]	Time 1.020 (1.062)	Data 0.503 (0.548)	Loss 0.604 (0.451)
===> Start extracting features for sorting gallery
Extract Features: [100/271]	Time 0.394 (0.461)	Data 0.000 (0.047)	
Extract Features: [200/271]	Time 0.432 (0.441)	Data 0.000 (0.024)	
===> Start calculating pairwise distances
===> Start sorting gallery
Epoch: [1-1][200/250]	Time 1.043 (1.063)	Data 0.534 (0.549)	Loss 0.025 (0.389)
===> Start extracting features for sorting gallery
Extract Features: [100/271]	Time 0.419 (0.460)	Data 0.000 (0.051)	
Extract Features: [200/271]	Time 0.403 (0.437)	Data 0.000 (0.025)	
===> Start calculating pairwise distances
===> Start sorting gallery
Epoch: [1-2][200/250]	Time 1.031 (1.063)	Data 0.496 (0.550)	Loss 0.089 (0.336)
===> Start extracting features for sorting gallery
Extract Features: [100/271]	Time 0.423 (0.469)	Data 0.000 (0.050)	
Extract Features: [200/271]	Time 0.442 (0.444)	Data 0.000 (0.026)	
===> Start calculating pairwise distances
===> Start sorting gallery
Epoch: [1-3][200/250]	Time 1.019 (1.060)	Data 0.542 (0.550)	Loss 2.090 (0.387)
===> Start extracting features for sorting gallery
Extract Features: [100/271]	Time 0.438 (0.470)	Data 0.000 (0.061)	
Extract Features: [200/271]	Time 0.395 (0.443)	Data 0.000 (0.031)	
===> Start calculating pairwise distances
===> Start sorting gallery
Epoch: [1-4][200/250]	Time 1.035 (1.060)	Data 0.551 (0.548)	Loss 0.017 (0.287)
===> Start extracting features for sorting gallery
Extract Features: [100/271]	Time 0.399 (0.466)	Data 0.000 (0.051)	
Extract Features: [200/271]	Time 0.400 (0.441)	Data 0.000 (0.026)	
===> Start calculating pairwise distances
===> Start sorting gallery
Epoch: [1-5][200/250]	Time 1.031 (1.063)	Data 0.511 (0.549)	Loss 0.557 (0.343)
===> Start extracting features for sorting gallery
Extract Features: [100/271]	Time 0.436 (0.474)	Data 0.000 (0.050)	
Extract Features: [200/271]	Time 0.444 (0.448)	Data 0.001 (0.026)	
===> Start calculating pairwise distances
===> Start sorting gallery
Epoch: [1-6][200/250]	Time 1.046 (1.061)	Data 0.543 (0.547)	Loss 0.023 (0.416)
===> Start extracting features for sorting gallery
Extract Features: [100/271]	Time 0.407 (0.466)	Data 0.000 (0.052)	
Extract Features: [200/271]	Time 0.416 (0.439)	Data 0.000 (0.026)	
===> Start calculating pairwise distances
===> Start sorting gallery
Extract Features: [100/276]	Time 0.406 (0.472)	Data 0.000 (0.051)	
Extract Features: [200/276]	Time 0.383 (0.442)	Data 0.000 (0.026)	
===> Start calculating pairwise distances
===> Start calculating recalls
Recall Scores:
  top-1          84.7%
  top-5          93.9%
  top-10         96.0%

 * Finished epoch   1 recall@1: 84.7%  recall@5: 93.9%  recall@10: 96.0%  best@5: 93.9% *

===> Start extracting features for sorting gallery
Extract Features: [100/271]	Time 0.466 (0.463)	Data 0.000 (0.051)	
Extract Features: [200/271]	Time 0.414 (0.441)	Data 0.000 (0.026)	
===> Start calculating pairwise distances
===> Start sorting gallery
Epoch: [2-0][200/250]	Time 1.025 (1.060)	Data 0.535 (0.549)	Loss 0.011 (0.235)
===> Start extracting features for sorting gallery
Extract Features: [100/271]	Time 0.412 (0.459)	Data 0.000 (0.049)	
Extract Features: [200/271]	Time 0.398 (0.439)	Data 0.000 (0.025)	
===> Start calculating pairwise distances
===> Start sorting gallery
Epoch: [2-1][200/250]	Time 1.087 (1.063)	Data 0.512 (0.551)	Loss 0.011 (0.272)
===> Start extracting features for sorting gallery
Extract Features: [100/271]	Time 0.406 (0.465)	Data 0.000 (0.053)	
Extract Features: [200/271]	Time 0.391 (0.439)	Data 0.000 (0.027)	
===> Start calculating pairwise distances
===> Start sorting gallery
Epoch: [2-2][200/250]	Time 1.089 (1.063)	Data 0.524 (0.548)	Loss 0.046 (0.283)
===> Start extracting features for sorting gallery
Extract Features: [100/271]	Time 0.437 (0.475)	Data 0.000 (0.060)	
Extract Features: [200/271]	Time 0.405 (0.449)	Data 0.000 (0.030)	
===> Start calculating pairwise distances
===> Start sorting gallery
Epoch: [2-3][200/250]	Time 1.032 (1.067)	Data 0.517 (0.553)	Loss 0.137 (0.319)
===> Start extracting features for sorting gallery
Extract Features: [100/271]	Time 0.408 (0.479)	Data 0.000 (0.061)	
Extract Features: [200/271]	Time 0.396 (0.445)	Data 0.000 (0.031)	
===> Start calculating pairwise distances
===> Start sorting gallery
Epoch: [2-4][200/250]	Time 1.038 (1.068)	Data 0.510 (0.554)	Loss 0.002 (0.224)
===> Start extracting features for sorting gallery
Extract Features: [100/271]	Time 0.404 (0.475)	Data 0.000 (0.062)	
Extract Features: [200/271]	Time 0.402 (0.446)	Data 0.000 (0.032)	
===> Start calculating pairwise distances
===> Start sorting gallery
Epoch: [2-5][200/250]	Time 1.034 (1.083)	Data 0.540 (0.559)	Loss 0.014 (0.218)
===> Start extracting features for sorting gallery
Extract Features: [100/271]	Time 0.418 (0.505)	Data 0.000 (0.059)	
Extract Features: [200/271]	Time 0.436 (0.471)	Data 0.000 (0.030)	
===> Start calculating pairwise distances
===> Start sorting gallery
Epoch: [2-6][200/250]	Time 1.051 (1.087)	Data 0.494 (0.558)	Loss 0.001 (0.225)
===> Start extracting features for sorting gallery
Extract Features: [100/271]	Time 0.423 (0.477)	Data 0.000 (0.062)	
Extract Features: [200/271]	Time 0.411 (0.449)	Data 0.000 (0.031)	
===> Start calculating pairwise distances
===> Start sorting gallery
Extract Features: [100/276]	Time 0.434 (0.471)	Data 0.000 (0.060)	
Extract Features: [200/276]	Time 0.441 (0.446)	Data 0.000 (0.030)	
===> Start calculating pairwise distances
===> Start calculating recalls
Recall Scores:
  top-1          85.1%
  top-5          94.3%
  top-10         96.6%

 * Finished epoch   2 recall@1: 85.1%  recall@5: 94.3%  recall@10: 96.6%  best@5: 94.3% *

===> Start extracting features for sorting gallery
Extract Features: [100/271]	Time 0.406 (0.478)	Data 0.000 (0.060)	
Extract Features: [200/271]	Time 0.388 (0.449)	Data 0.000 (0.030)	
===> Start calculating pairwise distances
===> Start sorting gallery
Epoch: [3-0][200/250]	Time 1.036 (1.068)	Data 0.549 (0.554)	Loss 0.568 (0.140)
===> Start extracting features for sorting gallery
Extract Features: [100/271]	Time 0.441 (0.482)	Data 0.000 (0.062)	
Extract Features: [200/271]	Time 0.405 (0.448)	Data 0.000 (0.032)	
===> Start calculating pairwise distances
===> Start sorting gallery
Epoch: [3-1][200/250]	Time 1.026 (1.067)	Data 0.538 (0.550)	Loss 0.010 (0.143)
===> Start extracting features for sorting gallery
Extract Features: [100/271]	Time 0.425 (0.482)	Data 0.000 (0.060)	
Extract Features: [200/271]	Time 0.410 (0.452)	Data 0.000 (0.030)	
===> Start calculating pairwise distances
===> Start sorting gallery
Epoch: [3-2][200/250]	Time 1.045 (1.066)	Data 0.541 (0.548)	Loss 0.003 (0.214)
===> Start extracting features for sorting gallery
Extract Features: [100/271]	Time 0.422 (0.471)	Data 0.000 (0.062)	
Extract Features: [200/271]	Time 0.444 (0.442)	Data 0.000 (0.031)	
===> Start calculating pairwise distances
===> Start sorting gallery
Epoch: [3-3][200/250]	Time 1.027 (1.064)	Data 0.519 (0.552)	Loss 0.124 (0.195)
===> Start extracting features for sorting gallery
Extract Features: [100/271]	Time 0.436 (0.483)	Data 0.000 (0.063)	
Extract Features: [200/271]	Time 0.420 (0.451)	Data 0.000 (0.032)	
===> Start calculating pairwise distances
===> Start sorting gallery
Epoch: [3-4][200/250]	Time 1.021 (1.066)	Data 0.446 (0.552)	Loss 0.035 (0.247)
===> Start extracting features for sorting gallery
Extract Features: [100/271]	Time 0.426 (0.480)	Data 0.000 (0.063)	
Extract Features: [200/271]	Time 0.395 (0.446)	Data 0.000 (0.032)	
===> Start calculating pairwise distances
===> Start sorting gallery
Epoch: [3-5][200/250]	Time 1.041 (1.068)	Data 0.544 (0.553)	Loss 0.000 (0.214)
===> Start extracting features for sorting gallery
Extract Features: [100/271]	Time 0.422 (0.472)	Data 0.000 (0.063)	
Extract Features: [200/271]	Time 0.442 (0.446)	Data 0.000 (0.032)	
===> Start calculating pairwise distances
===> Start sorting gallery
Epoch: [3-6][200/250]	Time 1.036 (1.061)	Data 0.503 (0.549)	Loss 0.031 (0.173)
===> Start extracting features for sorting gallery
Extract Features: [100/271]	Time 0.419 (0.463)	Data 0.000 (0.052)	
Extract Features: [200/271]	Time 0.456 (0.442)	Data 0.000 (0.026)	
===> Start calculating pairwise distances
===> Start sorting gallery
Extract Features: [100/276]	Time 0.425 (0.462)	Data 0.000 (0.052)	
Extract Features: [200/276]	Time 0.394 (0.438)	Data 0.000 (0.026)	
===> Start calculating pairwise distances
===> Start calculating recalls
Recall Scores:
  top-1          84.5%
  top-5          93.6%
  top-10         96.3%

 * Finished epoch   3 recall@1: 84.5%  recall@5: 93.6%  recall@10: 96.3%  best@5: 94.3%

===> Start extracting features for sorting gallery
Extract Features: [100/271]	Time 0.416 (0.460)	Data 0.000 (0.051)	
Extract Features: [200/271]	Time 0.405 (0.436)	Data 0.000 (0.026)	
===> Start calculating pairwise distances
===> Start sorting gallery
Epoch: [4-0][200/250]	Time 1.032 (1.062)	Data 0.542 (0.550)	Loss 1.778 (0.111)
===> Start extracting features for sorting gallery
Extract Features: [100/271]	Time 0.404 (0.466)	Data 0.000 (0.051)	
Extract Features: [200/271]	Time 0.422 (0.444)	Data 0.000 (0.026)	
===> Start calculating pairwise distances
===> Start sorting gallery
Epoch: [4-1][200/250]	Time 1.039 (1.059)	Data 0.504 (0.546)	Loss 0.080 (0.170)
===> Start extracting features for sorting gallery
Extract Features: [100/271]	Time 0.399 (0.472)	Data 0.000 (0.053)	
Extract Features: [200/271]	Time 0.404 (0.439)	Data 0.000 (0.026)	
===> Start calculating pairwise distances
===> Start sorting gallery
Epoch: [4-2][200/250]	Time 1.039 (1.059)	Data 0.544 (0.549)	Loss 0.089 (0.137)
===> Start extracting features for sorting gallery
Extract Features: [100/271]	Time 0.419 (0.462)	Data 0.000 (0.051)	
Extract Features: [200/271]	Time 0.445 (0.439)	Data 0.000 (0.026)	
===> Start calculating pairwise distances
===> Start sorting gallery
Epoch: [4-3][200/250]	Time 1.030 (1.061)	Data 0.521 (0.547)	Loss 0.364 (0.095)
===> Start extracting features for sorting gallery
Extract Features: [100/271]	Time 0.393 (0.464)	Data 0.000 (0.052)	
Extract Features: [200/271]	Time 0.393 (0.439)	Data 0.000 (0.026)	
===> Start calculating pairwise distances
===> Start sorting gallery
Epoch: [4-4][200/250]	Time 1.026 (1.060)	Data 0.512 (0.548)	Loss 0.005 (0.118)
===> Start extracting features for sorting gallery
Extract Features: [100/271]	Time 0.403 (0.468)	Data 0.000 (0.052)	
Extract Features: [200/271]	Time 0.433 (0.441)	Data 0.000 (0.026)	
===> Start calculating pairwise distances
===> Start sorting gallery
Epoch: [4-5][200/250]	Time 1.037 (1.060)	Data 0.505 (0.549)	Loss 0.203 (0.151)
===> Start extracting features for sorting gallery
Extract Features: [100/271]	Time 0.440 (0.466)	Data 0.000 (0.050)	
Extract Features: [200/271]	Time 0.447 (0.443)	Data 0.000 (0.025)	
===> Start calculating pairwise distances
===> Start sorting gallery
Epoch: [4-6][200/250]	Time 1.029 (1.060)	Data 0.531 (0.549)	Loss 0.021 (0.199)
===> Start extracting features for sorting gallery
Extract Features: [100/271]	Time 0.448 (0.472)	Data 0.000 (0.061)	
Extract Features: [200/271]	Time 0.389 (0.446)	Data 0.000 (0.031)	
===> Start calculating pairwise distances
===> Start sorting gallery
Extract Features: [100/276]	Time 0.422 (0.467)	Data 0.000 (0.055)	
Extract Features: [200/276]	Time 0.432 (0.441)	Data 0.000 (0.028)	
===> Start calculating pairwise distances
===> Start calculating recalls
Recall Scores:
  top-1          83.8%
  top-5          93.1%
  top-10         95.8%

 * Finished epoch   4 recall@1: 83.8%  recall@5: 93.1%  recall@10: 95.8%  best@5: 94.3%

Performing PCA reduction on the best model:
=> Loaded checkpoint '/home/m.maqboolbhutta/usman_ws/models/openibl/0913/espnet/vgg16-graphvlad_SFRS-sare_joint-pitts30k-lr0.001-tuple4-17-Sep/model_best.pth.tar'
Extract Features: [100/271]	Time 0.460 (0.466)	Data 0.000 (0.049)	
Extract Features: [200/271]	Time 0.412 (0.441)	Data 0.000 (0.025)	
calculating PCA parameters...
================= PCA RESULT ==================
U: (32768, 4096)
lams: (4096,)
mu: (32768, 1)
Utmu: (4096, 1)
===============================================
Testing on Pitts30k-test:
load PCA parameters...
Extract Features: [100/263]	Time 0.389 (0.482)	Data 0.001 (0.062)	
Extract Features: [200/263]	Time 0.422 (0.451)	Data 0.001 (0.032)	
===> Start calculating pairwise distances
===> Start calculating recalls
Recall Scores:
  top-1          87.3%
  top-5          94.2%
  top-10         95.5%
==========Testing=============
/home/m.maqboolbhutta/usman_ws/models/openibl/0913/espnet/vgg16-graphvlad_SFRS-sare_joint-pitts30k-lr0.001-tuple4-17-Sep/checkpoint0.pth.tar /home/m.maqboolbhutta/usman_ws/models/openibl/0913/espnet/vgg16-graphvlad_SFRS-sare_joint-pitts30k-lr0.001-tuple4-17-Sep/checkpoint1.pth.tar /home/m.maqboolbhutta/usman_ws/models/openibl/0913/espnet/vgg16-graphvlad_SFRS-sare_joint-pitts30k-lr0.001-tuple4-17-Sep/checkpoint2.pth.tar /home/m.maqboolbhutta/usman_ws/models/openibl/0913/espnet/vgg16-graphvlad_SFRS-sare_joint-pitts30k-lr0.001-tuple4-17-Sep/checkpoint3.pth.tar /home/m.maqboolbhutta/usman_ws/models/openibl/0913/espnet/vgg16-graphvlad_SFRS-sare_joint-pitts30k-lr0.001-tuple4-17-Sep/checkpoint4.pth.tar /home/m.maqboolbhutta/usman_ws/models/openibl/0913/espnet/vgg16-graphvlad_SFRS-sare_joint-pitts30k-lr0.001-tuple4-17-Sep/model_best.pth.tar
==============================
==========################=============
 Testing /home/m.maqboolbhutta/usman_ws/models/openibl/0913/espnet/vgg16-graphvlad_SFRS-sare_joint-pitts30k-lr0.001-tuple4-17-Sep/checkpoint0.pth.tar file on Pitts250k...
=======================================
Use GPU: 0 for testing, rank no.0 of world_size 4Use GPU: 3 for testing, rank no.3 of world_size 4
Use GPU: 1 for testing, rank no.1 of world_size 4
Use GPU: 2 for testing, rank no.2 of world_size 4

==========
Args:Namespace(arch='vgg16', data_dir='/blue/hmedeiros/m.maqboolbhutta/codes/openibl2/examples/data', dataset='pitts', esp_encoder='/home/m.maqboolbhutta/usman_ws/datasets/netvlad-official/espnet-encoder/espnet_p_2_q_8.pth', features=4096, gpu=0, height=480, lambda_value=0, launcher='pytorch', logs_dir='/blue/hmedeiros/m.maqboolbhutta/codes/openibl2/examples/logs', method='graphvlad', ngpus_per_node=4, nowhiten=False, num_clusters=64, print_freq=10, rank=0, reduction=True, rerank=False, resume='/home/m.maqboolbhutta/usman_ws/models/openibl/0913/espnet/vgg16-graphvlad_SFRS-sare_joint-pitts30k-lr0.001-tuple4-17-Sep/checkpoint0.pth.tar', rr_topk=25, scale='250k', sync_gather=False, tcp_port='5017', test_batch_size=16, vlad=True, width=640, workers=2, world_size=4)
==========
Pittsburgh dataset loaded
  subset        | # pids | # images
  ---------------------------------
  train_query   |   332  |     7800
  train_gallery |  3811  |    91464
  val_query     |   319  |     7608
  val_gallery   |  3277  |    78648
  test_query    |   347  |     8280
  test_gallery  |  3498  |    83952
===> Loading segmentation model
=> Loaded checkpoint '/home/m.maqboolbhutta/usman_ws/models/openibl/0913/espnet/vgg16-graphvlad_SFRS-sare_joint-pitts30k-lr0.001-tuple4-17-Sep/checkpoint0.pth.tar'
=> Start epoch 0  best recall5 92.6%
Extract Features: [100/271]	Time 0.365 (0.452)	Data 0.000 (0.041)	
Extract Features: [200/271]	Time 0.390 (0.411)	Data 0.000 (0.021)	
gathering features from rank no.0
gathering features from rank no.1
gathering features from rank no.2
gathering features from rank no.3
calculating PCA parameters...
================= PCA RESULT ==================
U: (32768, 4096)
lams: (4096,)
mu: (32768, 1)
Utmu: (4096, 1)
===============================================
Evaluate on the test set:
load PCA parameters...
Extract Features: [100/130]	Time 0.392 (0.437)	Data 0.000 (0.055)	
gathering features from rank no.0
gathering features from rank no.1
gathering features from rank no.2
gathering features from rank no.3
load PCA parameters...
Extract Features: [100/1312]	Time 0.372 (0.416)	Data 0.000 (0.045)	
Extract Features: [200/1312]	Time 0.355 (0.394)	Data 0.000 (0.022)	
Extract Features: [300/1312]	Time 0.394 (0.385)	Data 0.000 (0.015)	
Extract Features: [400/1312]	Time 0.356 (0.381)	Data 0.000 (0.011)	
Extract Features: [500/1312]	Time 0.365 (0.379)	Data 0.000 (0.009)	
Extract Features: [600/1312]	Time 0.357 (0.377)	Data 0.000 (0.008)	
Extract Features: [700/1312]	Time 0.375 (0.376)	Data 0.000 (0.007)	
Extract Features: [800/1312]	Time 0.379 (0.376)	Data 0.000 (0.006)	
Extract Features: [900/1312]	Time 0.390 (0.376)	Data 0.000 (0.005)	
Extract Features: [1000/1312]	Time 0.370 (0.376)	Data 0.000 (0.005)	
Extract Features: [1100/1312]	Time 0.374 (0.376)	Data 0.000 (0.004)	
Extract Features: [1200/1312]	Time 0.359 (0.376)	Data 0.000 (0.004)	
Extract Features: [1300/1312]	Time 0.415 (0.376)	Data 0.000 (0.004)	
gathering features from rank no.0
gathering features from rank no.1
gathering features from rank no.2
gathering features from rank no.3
===> Start calculating pairwise distances
===> Start calculating recalls
Recall Scores:
  top-1          89.1%
  top-5          95.3%
  top-10         96.7%
Data has been appended to test_result/recall_results.csv
==========################=============
 Done Testing with /home/m.maqboolbhutta/usman_ws/models/openibl/0913/espnet/vgg16-graphvlad_SFRS-sare_joint-pitts30k-lr0.001-tuple4-17-Sep/checkpoint0.pth.tar file on Pitts250k...
=======================================
==========################=============
 Testing /home/m.maqboolbhutta/usman_ws/models/openibl/0913/espnet/vgg16-graphvlad_SFRS-sare_joint-pitts30k-lr0.001-tuple4-17-Sep/checkpoint0.pth.tar file on Pitts30k...
=======================================
Use GPU: 3 for testing, rank no.3 of world_size 4Use GPU: 2 for testing, rank no.2 of world_size 4Use GPU: 1 for testing, rank no.1 of world_size 4Use GPU: 0 for testing, rank no.0 of world_size 4



==========
Args:Namespace(arch='vgg16', data_dir='/blue/hmedeiros/m.maqboolbhutta/codes/openibl2/examples/data', dataset='pitts', esp_encoder='/home/m.maqboolbhutta/usman_ws/datasets/netvlad-official/espnet-encoder/espnet_p_2_q_8.pth', features=4096, gpu=0, height=480, lambda_value=0, launcher='pytorch', logs_dir='/blue/hmedeiros/m.maqboolbhutta/codes/openibl2/examples/logs', method='graphvlad', ngpus_per_node=4, nowhiten=False, num_clusters=64, print_freq=10, rank=0, reduction=True, rerank=False, resume='/home/m.maqboolbhutta/usman_ws/models/openibl/0913/espnet/vgg16-graphvlad_SFRS-sare_joint-pitts30k-lr0.001-tuple4-17-Sep/checkpoint0.pth.tar', rr_topk=25, scale='30k', sync_gather=False, tcp_port='5017', test_batch_size=16, vlad=True, width=640, workers=2, world_size=4)
==========
Pittsburgh dataset loaded
  subset        | # pids | # images
  ---------------------------------
  train_query   |   311  |     7320
  train_gallery |   417  |    10000
  val_query     |   319  |     7608
  val_gallery   |   417  |    10000
  test_query    |   286  |     6816
  test_gallery  |   417  |    10000
===> Loading segmentation model
=> Loaded checkpoint '/home/m.maqboolbhutta/usman_ws/models/openibl/0913/espnet/vgg16-graphvlad_SFRS-sare_joint-pitts30k-lr0.001-tuple4-17-Sep/checkpoint0.pth.tar'
=> Start epoch 0  best recall5 92.6%
Evaluate on the test set:
load PCA parameters...
Extract Features: [100/107]	Time 0.380 (0.458)	Data 0.000 (0.041)	
gathering features from rank no.0
gathering features from rank no.1
gathering features from rank no.2
gathering features from rank no.3
load PCA parameters...
Extract Features: [100/157]	Time 0.374 (0.422)	Data 0.000 (0.041)	
gathering features from rank no.0
gathering features from rank no.1
gathering features from rank no.2
gathering features from rank no.3
===> Start calculating pairwise distances
===> Start calculating recalls
Recall Scores:
  top-1          87.9%
  top-5          93.9%
  top-10         95.4%
Data has been appended to test_result/recall_results.csv
==========################=============
 Done Testing with /home/m.maqboolbhutta/usman_ws/models/openibl/0913/espnet/vgg16-graphvlad_SFRS-sare_joint-pitts30k-lr0.001-tuple4-17-Sep/checkpoint0.pth.tar file on Pitts30k...
=======================================
==========################=============
 Testing /home/m.maqboolbhutta/usman_ws/models/openibl/0913/espnet/vgg16-graphvlad_SFRS-sare_joint-pitts30k-lr0.001-tuple4-17-Sep/checkpoint0.pth.tar file on Tokyo...
=======================================
Use GPU: 0 for testing, rank no.0 of world_size 4Use GPU: 1 for testing, rank no.1 of world_size 4Use GPU: 3 for testing, rank no.3 of world_size 4Use GPU: 2 for testing, rank no.2 of world_size 4



==========
Args:Namespace(arch='vgg16', data_dir='/blue/hmedeiros/m.maqboolbhutta/codes/openibl2/examples/data', dataset='tokyo', esp_encoder='/home/m.maqboolbhutta/usman_ws/datasets/netvlad-official/espnet-encoder/espnet_p_2_q_8.pth', features=4096, gpu=0, height=480, lambda_value=0, launcher='pytorch', logs_dir='/blue/hmedeiros/m.maqboolbhutta/codes/openibl2/examples/logs', method='graphvlad', ngpus_per_node=4, nowhiten=False, num_clusters=64, print_freq=10, rank=0, reduction=True, rerank=False, resume='/home/m.maqboolbhutta/usman_ws/models/openibl/0913/espnet/vgg16-graphvlad_SFRS-sare_joint-pitts30k-lr0.001-tuple4-17-Sep/checkpoint0.pth.tar', rr_topk=25, scale='30k', sync_gather=False, tcp_port='5017', test_batch_size=16, vlad=True, width=640, workers=2, world_size=4)
==========
Tokyo dataset loaded
  subset        | # pids | # images
  ---------------------------------
  train_query   |  4035  |    48420
  train_gallery |  4092  |    49104
  val_query     |  1308  |    15696
  val_gallery   |  2780  |    33360
  test_query    |    35  |      315
  test_gallery  |  6254  |    75984
===> Loading segmentation model
=> Loaded checkpoint '/home/m.maqboolbhutta/usman_ws/models/openibl/0913/espnet/vgg16-graphvlad_SFRS-sare_joint-pitts30k-lr0.001-tuple4-17-Sep/checkpoint0.pth.tar'
=> Start epoch 0  best recall5 92.6%
Evaluate on the test set:
load PCA parameters...
gathering features from rank no.0
gathering features from rank no.1
gathering features from rank no.2
gathering features from rank no.3
load PCA parameters...
Extract Features: [100/1188]	Time 0.369 (0.477)	Data 0.000 (0.046)	
Extract Features: [200/1188]	Time 0.370 (0.425)	Data 0.000 (0.023)	
Extract Features: [300/1188]	Time 0.372 (0.407)	Data 0.000 (0.015)	
Extract Features: [400/1188]	Time 0.366 (0.399)	Data 0.000 (0.012)	
Extract Features: [500/1188]	Time 0.377 (0.394)	Data 0.000 (0.009)	
Extract Features: [600/1188]	Time 0.382 (0.390)	Data 0.000 (0.008)	
Extract Features: [700/1188]	Time 0.363 (0.388)	Data 0.000 (0.007)	
Extract Features: [800/1188]	Time 0.375 (0.385)	Data 0.000 (0.006)	
Extract Features: [900/1188]	Time 0.360 (0.384)	Data 0.000 (0.005)	
Extract Features: [1000/1188]	Time 0.368 (0.382)	Data 0.000 (0.005)	
Extract Features: [1100/1188]	Time 0.370 (0.381)	Data 0.000 (0.004)	
gathering features from rank no.0
gathering features from rank no.1
gathering features from rank no.2
gathering features from rank no.3
===> Start calculating pairwise distances
===> Start calculating recalls
Recall Scores:
  top-1          81.0%
  top-5          87.9%
  top-10         89.8%
Data has been appended to test_result/recall_results.csv
==========################=============
 Done Testing with /home/m.maqboolbhutta/usman_ws/models/openibl/0913/espnet/vgg16-graphvlad_SFRS-sare_joint-pitts30k-lr0.001-tuple4-17-Sep/checkpoint0.pth.tar file on Tokyo...
=======================================
==========################=============
 Testing /home/m.maqboolbhutta/usman_ws/models/openibl/0913/espnet/vgg16-graphvlad_SFRS-sare_joint-pitts30k-lr0.001-tuple4-17-Sep/checkpoint1.pth.tar file on Pitts250k...
=======================================
Use GPU: 3 for testing, rank no.3 of world_size 4Use GPU: 2 for testing, rank no.2 of world_size 4Use GPU: 1 for testing, rank no.1 of world_size 4Use GPU: 0 for testing, rank no.0 of world_size 4



==========
Args:Namespace(arch='vgg16', data_dir='/blue/hmedeiros/m.maqboolbhutta/codes/openibl2/examples/data', dataset='pitts', esp_encoder='/home/m.maqboolbhutta/usman_ws/datasets/netvlad-official/espnet-encoder/espnet_p_2_q_8.pth', features=4096, gpu=0, height=480, lambda_value=0, launcher='pytorch', logs_dir='/blue/hmedeiros/m.maqboolbhutta/codes/openibl2/examples/logs', method='graphvlad', ngpus_per_node=4, nowhiten=False, num_clusters=64, print_freq=10, rank=0, reduction=True, rerank=False, resume='/home/m.maqboolbhutta/usman_ws/models/openibl/0913/espnet/vgg16-graphvlad_SFRS-sare_joint-pitts30k-lr0.001-tuple4-17-Sep/checkpoint1.pth.tar', rr_topk=25, scale='250k', sync_gather=False, tcp_port='5017', test_batch_size=16, vlad=True, width=640, workers=2, world_size=4)
==========
Pittsburgh dataset loaded
  subset        | # pids | # images
  ---------------------------------
  train_query   |   332  |     7800
  train_gallery |  3811  |    91464
  val_query     |   319  |     7608
  val_gallery   |  3277  |    78648
  test_query    |   347  |     8280
  test_gallery  |  3498  |    83952
===> Loading segmentation model
=> Loaded checkpoint '/home/m.maqboolbhutta/usman_ws/models/openibl/0913/espnet/vgg16-graphvlad_SFRS-sare_joint-pitts30k-lr0.001-tuple4-17-Sep/checkpoint1.pth.tar'
=> Start epoch 1  best recall5 93.9%
Extract Features: [100/271]	Time 0.402 (0.463)	Data 0.000 (0.042)	
Extract Features: [200/271]	Time 0.379 (0.425)	Data 0.000 (0.021)	
gathering features from rank no.0
gathering features from rank no.1
gathering features from rank no.2
gathering features from rank no.3
calculating PCA parameters...
================= PCA RESULT ==================
U: (32768, 4096)
lams: (4096,)
mu: (32768, 1)
Utmu: (4096, 1)
===============================================
Evaluate on the test set:
load PCA parameters...
Extract Features: [100/130]	Time 0.384 (0.443)	Data 0.000 (0.053)	
gathering features from rank no.0
gathering features from rank no.1
gathering features from rank no.2
gathering features from rank no.3
load PCA parameters...
Extract Features: [100/1312]	Time 0.387 (0.439)	Data 0.000 (0.050)	
Extract Features: [200/1312]	Time 0.378 (0.413)	Data 0.000 (0.025)	
Extract Features: [300/1312]	Time 0.386 (0.404)	Data 0.000 (0.017)	
Extract Features: [400/1312]	Time 0.382 (0.399)	Data 0.000 (0.013)	
Extract Features: [500/1312]	Time 0.383 (0.396)	Data 0.000 (0.010)	
Extract Features: [600/1312]	Time 0.383 (0.394)	Data 0.000 (0.009)	
Extract Features: [700/1312]	Time 0.404 (0.393)	Data 0.000 (0.007)	
Extract Features: [800/1312]	Time 0.376 (0.392)	Data 0.000 (0.006)	
Extract Features: [900/1312]	Time 0.396 (0.392)	Data 0.000 (0.006)	
Extract Features: [1000/1312]	Time 0.402 (0.391)	Data 0.000 (0.005)	
Extract Features: [1100/1312]	Time 0.383 (0.391)	Data 0.000 (0.005)	
Extract Features: [1200/1312]	Time 0.380 (0.391)	Data 0.000 (0.004)	
Extract Features: [1300/1312]	Time 0.386 (0.390)	Data 0.000 (0.004)	
gathering features from rank no.0
gathering features from rank no.1
gathering features from rank no.2
gathering features from rank no.3
===> Start calculating pairwise distances
===> Start calculating recalls
Recall Scores:
  top-1          89.2%
  top-5          95.5%
  top-10         96.8%
Data has been appended to test_result/recall_results.csv
==========################=============
 Done Testing with /home/m.maqboolbhutta/usman_ws/models/openibl/0913/espnet/vgg16-graphvlad_SFRS-sare_joint-pitts30k-lr0.001-tuple4-17-Sep/checkpoint1.pth.tar file on Pitts250k...
=======================================
==========################=============
 Testing /home/m.maqboolbhutta/usman_ws/models/openibl/0913/espnet/vgg16-graphvlad_SFRS-sare_joint-pitts30k-lr0.001-tuple4-17-Sep/checkpoint1.pth.tar file on Pitts30k...
=======================================
Use GPU: 3 for testing, rank no.3 of world_size 4Use GPU: 1 for testing, rank no.1 of world_size 4Use GPU: 0 for testing, rank no.0 of world_size 4Use GPU: 2 for testing, rank no.2 of world_size 4



==========
Args:Namespace(arch='vgg16', data_dir='/blue/hmedeiros/m.maqboolbhutta/codes/openibl2/examples/data', dataset='pitts', esp_encoder='/home/m.maqboolbhutta/usman_ws/datasets/netvlad-official/espnet-encoder/espnet_p_2_q_8.pth', features=4096, gpu=0, height=480, lambda_value=0, launcher='pytorch', logs_dir='/blue/hmedeiros/m.maqboolbhutta/codes/openibl2/examples/logs', method='graphvlad', ngpus_per_node=4, nowhiten=False, num_clusters=64, print_freq=10, rank=0, reduction=True, rerank=False, resume='/home/m.maqboolbhutta/usman_ws/models/openibl/0913/espnet/vgg16-graphvlad_SFRS-sare_joint-pitts30k-lr0.001-tuple4-17-Sep/checkpoint1.pth.tar', rr_topk=25, scale='30k', sync_gather=False, tcp_port='5017', test_batch_size=16, vlad=True, width=640, workers=2, world_size=4)
==========
Pittsburgh dataset loaded
  subset        | # pids | # images
  ---------------------------------
  train_query   |   311  |     7320
  train_gallery |   417  |    10000
  val_query     |   319  |     7608
  val_gallery   |   417  |    10000
  test_query    |   286  |     6816
  test_gallery  |   417  |    10000
===> Loading segmentation model
=> Loaded checkpoint '/home/m.maqboolbhutta/usman_ws/models/openibl/0913/espnet/vgg16-graphvlad_SFRS-sare_joint-pitts30k-lr0.001-tuple4-17-Sep/checkpoint1.pth.tar'
=> Start epoch 1  best recall5 93.9%
Evaluate on the test set:
load PCA parameters...
Extract Features: [100/107]	Time 0.371 (0.447)	Data 0.000 (0.040)	
gathering features from rank no.0
gathering features from rank no.1
gathering features from rank no.2
gathering features from rank no.3
load PCA parameters...
Extract Features: [100/157]	Time 0.362 (0.412)	Data 0.000 (0.044)	
gathering features from rank no.0
gathering features from rank no.1
gathering features from rank no.2
gathering features from rank no.3
===> Start calculating pairwise distances
===> Start calculating recalls
Recall Scores:
  top-1          87.7%
  top-5          94.1%
  top-10         95.5%
Data has been appended to test_result/recall_results.csv
==========################=============
 Done Testing with /home/m.maqboolbhutta/usman_ws/models/openibl/0913/espnet/vgg16-graphvlad_SFRS-sare_joint-pitts30k-lr0.001-tuple4-17-Sep/checkpoint1.pth.tar file on Pitts30k...
=======================================
==========################=============
 Testing /home/m.maqboolbhutta/usman_ws/models/openibl/0913/espnet/vgg16-graphvlad_SFRS-sare_joint-pitts30k-lr0.001-tuple4-17-Sep/checkpoint1.pth.tar file on Tokyo...
=======================================
Use GPU: 2 for testing, rank no.2 of world_size 4Use GPU: 1 for testing, rank no.1 of world_size 4Use GPU: 0 for testing, rank no.0 of world_size 4Use GPU: 3 for testing, rank no.3 of world_size 4



==========
Args:Namespace(arch='vgg16', data_dir='/blue/hmedeiros/m.maqboolbhutta/codes/openibl2/examples/data', dataset='tokyo', esp_encoder='/home/m.maqboolbhutta/usman_ws/datasets/netvlad-official/espnet-encoder/espnet_p_2_q_8.pth', features=4096, gpu=0, height=480, lambda_value=0, launcher='pytorch', logs_dir='/blue/hmedeiros/m.maqboolbhutta/codes/openibl2/examples/logs', method='graphvlad', ngpus_per_node=4, nowhiten=False, num_clusters=64, print_freq=10, rank=0, reduction=True, rerank=False, resume='/home/m.maqboolbhutta/usman_ws/models/openibl/0913/espnet/vgg16-graphvlad_SFRS-sare_joint-pitts30k-lr0.001-tuple4-17-Sep/checkpoint1.pth.tar', rr_topk=25, scale='30k', sync_gather=False, tcp_port='5017', test_batch_size=16, vlad=True, width=640, workers=2, world_size=4)
==========
Tokyo dataset loaded
  subset        | # pids | # images
  ---------------------------------
  train_query   |  4035  |    48420
  train_gallery |  4092  |    49104
  val_query     |  1308  |    15696
  val_gallery   |  2780  |    33360
  test_query    |    35  |      315
  test_gallery  |  6254  |    75984
===> Loading segmentation model
=> Loaded checkpoint '/home/m.maqboolbhutta/usman_ws/models/openibl/0913/espnet/vgg16-graphvlad_SFRS-sare_joint-pitts30k-lr0.001-tuple4-17-Sep/checkpoint1.pth.tar'
=> Start epoch 1  best recall5 93.9%
Evaluate on the test set:
load PCA parameters...
gathering features from rank no.0
gathering features from rank no.1
gathering features from rank no.2
gathering features from rank no.3
load PCA parameters...
Extract Features: [100/1188]	Time 0.363 (0.473)	Data 0.000 (0.045)	
Extract Features: [200/1188]	Time 0.370 (0.425)	Data 0.000 (0.023)	
Extract Features: [300/1188]	Time 0.369 (0.409)	Data 0.000 (0.015)	
Extract Features: [400/1188]	Time 0.373 (0.401)	Data 0.000 (0.012)	
Extract Features: [500/1188]	Time 0.386 (0.396)	Data 0.000 (0.009)	
Extract Features: [600/1188]	Time 0.393 (0.393)	Data 0.000 (0.008)	
Extract Features: [700/1188]	Time 0.380 (0.390)	Data 0.000 (0.007)	
Extract Features: [800/1188]	Time 0.387 (0.389)	Data 0.000 (0.006)	
Extract Features: [900/1188]	Time 0.372 (0.387)	Data 0.000 (0.005)	
Extract Features: [1000/1188]	Time 0.387 (0.386)	Data 0.000 (0.005)	
Extract Features: [1100/1188]	Time 0.367 (0.385)	Data 0.000 (0.004)	
gathering features from rank no.0
gathering features from rank no.1
gathering features from rank no.2
gathering features from rank no.3
===> Start calculating pairwise distances
===> Start calculating recalls
Recall Scores:
  top-1          79.0%
  top-5          87.6%
  top-10         89.5%
Data has been appended to test_result/recall_results.csv
==========################=============
 Done Testing with /home/m.maqboolbhutta/usman_ws/models/openibl/0913/espnet/vgg16-graphvlad_SFRS-sare_joint-pitts30k-lr0.001-tuple4-17-Sep/checkpoint1.pth.tar file on Tokyo...
=======================================
==========################=============
 Testing /home/m.maqboolbhutta/usman_ws/models/openibl/0913/espnet/vgg16-graphvlad_SFRS-sare_joint-pitts30k-lr0.001-tuple4-17-Sep/checkpoint2.pth.tar file on Pitts250k...
=======================================
Use GPU: 2 for testing, rank no.2 of world_size 4Use GPU: 1 for testing, rank no.1 of world_size 4Use GPU: 0 for testing, rank no.0 of world_size 4Use GPU: 3 for testing, rank no.3 of world_size 4



==========
Args:Namespace(arch='vgg16', data_dir='/blue/hmedeiros/m.maqboolbhutta/codes/openibl2/examples/data', dataset='pitts', esp_encoder='/home/m.maqboolbhutta/usman_ws/datasets/netvlad-official/espnet-encoder/espnet_p_2_q_8.pth', features=4096, gpu=0, height=480, lambda_value=0, launcher='pytorch', logs_dir='/blue/hmedeiros/m.maqboolbhutta/codes/openibl2/examples/logs', method='graphvlad', ngpus_per_node=4, nowhiten=False, num_clusters=64, print_freq=10, rank=0, reduction=True, rerank=False, resume='/home/m.maqboolbhutta/usman_ws/models/openibl/0913/espnet/vgg16-graphvlad_SFRS-sare_joint-pitts30k-lr0.001-tuple4-17-Sep/checkpoint2.pth.tar', rr_topk=25, scale='250k', sync_gather=False, tcp_port='5017', test_batch_size=16, vlad=True, width=640, workers=2, world_size=4)
==========
Pittsburgh dataset loaded
  subset        | # pids | # images
  ---------------------------------
  train_query   |   332  |     7800
  train_gallery |  3811  |    91464
  val_query     |   319  |     7608
  val_gallery   |  3277  |    78648
  test_query    |   347  |     8280
  test_gallery  |  3498  |    83952
===> Loading segmentation model
=> Loaded checkpoint '/home/m.maqboolbhutta/usman_ws/models/openibl/0913/espnet/vgg16-graphvlad_SFRS-sare_joint-pitts30k-lr0.001-tuple4-17-Sep/checkpoint2.pth.tar'
=> Start epoch 2  best recall5 94.3%
Extract Features: [100/271]	Time 0.381 (0.453)	Data 0.000 (0.043)	
Extract Features: [200/271]	Time 0.373 (0.412)	Data 0.000 (0.022)	
gathering features from rank no.0
gathering features from rank no.1
gathering features from rank no.2
gathering features from rank no.3
calculating PCA parameters...
================= PCA RESULT ==================
U: (32768, 4096)
lams: (4096,)
mu: (32768, 1)
Utmu: (4096, 1)
===============================================
Evaluate on the test set:
load PCA parameters...
Extract Features: [100/130]	Time 0.391 (0.437)	Data 0.000 (0.055)	
gathering features from rank no.0
gathering features from rank no.1
gathering features from rank no.2
gathering features from rank no.3
load PCA parameters...
Extract Features: [100/1312]	Time 0.393 (0.430)	Data 0.000 (0.046)	
Extract Features: [200/1312]	Time 0.384 (0.407)	Data 0.000 (0.023)	
Extract Features: [300/1312]	Time 0.383 (0.399)	Data 0.000 (0.016)	
Extract Features: [400/1312]	Time 0.364 (0.394)	Data 0.000 (0.012)	
Extract Features: [500/1312]	Time 0.396 (0.391)	Data 0.000 (0.009)	
Extract Features: [600/1312]	Time 0.379 (0.389)	Data 0.000 (0.008)	
Extract Features: [700/1312]	Time 0.370 (0.387)	Data 0.000 (0.007)	
Extract Features: [800/1312]	Time 0.361 (0.386)	Data 0.001 (0.006)	
Extract Features: [900/1312]	Time 0.382 (0.386)	Data 0.000 (0.005)	
Extract Features: [1000/1312]	Time 0.403 (0.385)	Data 0.000 (0.005)	
Extract Features: [1100/1312]	Time 0.363 (0.385)	Data 0.000 (0.004)	
Extract Features: [1200/1312]	Time 0.366 (0.385)	Data 0.000 (0.004)	
Extract Features: [1300/1312]	Time 0.395 (0.386)	Data 0.000 (0.004)	
gathering features from rank no.0
gathering features from rank no.1
gathering features from rank no.2
gathering features from rank no.3
===> Start calculating pairwise distances
===> Start calculating recalls
Recall Scores:
  top-1          89.0%
  top-5          95.6%
  top-10         97.0%
Data has been appended to test_result/recall_results.csv
==========################=============
 Done Testing with /home/m.maqboolbhutta/usman_ws/models/openibl/0913/espnet/vgg16-graphvlad_SFRS-sare_joint-pitts30k-lr0.001-tuple4-17-Sep/checkpoint2.pth.tar file on Pitts250k...
=======================================
==========################=============
 Testing /home/m.maqboolbhutta/usman_ws/models/openibl/0913/espnet/vgg16-graphvlad_SFRS-sare_joint-pitts30k-lr0.001-tuple4-17-Sep/checkpoint2.pth.tar file on Pitts30k...
=======================================
Use GPU: 3 for testing, rank no.3 of world_size 4Use GPU: 1 for testing, rank no.1 of world_size 4Use GPU: 0 for testing, rank no.0 of world_size 4Use GPU: 2 for testing, rank no.2 of world_size 4



==========
Args:Namespace(arch='vgg16', data_dir='/blue/hmedeiros/m.maqboolbhutta/codes/openibl2/examples/data', dataset='pitts', esp_encoder='/home/m.maqboolbhutta/usman_ws/datasets/netvlad-official/espnet-encoder/espnet_p_2_q_8.pth', features=4096, gpu=0, height=480, lambda_value=0, launcher='pytorch', logs_dir='/blue/hmedeiros/m.maqboolbhutta/codes/openibl2/examples/logs', method='graphvlad', ngpus_per_node=4, nowhiten=False, num_clusters=64, print_freq=10, rank=0, reduction=True, rerank=False, resume='/home/m.maqboolbhutta/usman_ws/models/openibl/0913/espnet/vgg16-graphvlad_SFRS-sare_joint-pitts30k-lr0.001-tuple4-17-Sep/checkpoint2.pth.tar', rr_topk=25, scale='30k', sync_gather=False, tcp_port='5017', test_batch_size=16, vlad=True, width=640, workers=2, world_size=4)
==========
Pittsburgh dataset loaded
  subset        | # pids | # images
  ---------------------------------
  train_query   |   311  |     7320
  train_gallery |   417  |    10000
  val_query     |   319  |     7608
  val_gallery   |   417  |    10000
  test_query    |   286  |     6816
  test_gallery  |   417  |    10000
===> Loading segmentation model
=> Loaded checkpoint '/home/m.maqboolbhutta/usman_ws/models/openibl/0913/espnet/vgg16-graphvlad_SFRS-sare_joint-pitts30k-lr0.001-tuple4-17-Sep/checkpoint2.pth.tar'
=> Start epoch 2  best recall5 94.3%
Evaluate on the test set:
load PCA parameters...
Extract Features: [100/107]	Time 0.366 (0.458)	Data 0.000 (0.041)	
gathering features from rank no.0
gathering features from rank no.1
gathering features from rank no.2
gathering features from rank no.3
load PCA parameters...
Extract Features: [100/157]	Time 0.391 (0.439)	Data 0.000 (0.047)	
gathering features from rank no.0
gathering features from rank no.1
gathering features from rank no.2
gathering features from rank no.3
===> Start calculating pairwise distances
===> Start calculating recalls
Recall Scores:
  top-1          87.2%
  top-5          94.0%
  top-10         95.3%
Data has been appended to test_result/recall_results.csv
==========################=============
 Done Testing with /home/m.maqboolbhutta/usman_ws/models/openibl/0913/espnet/vgg16-graphvlad_SFRS-sare_joint-pitts30k-lr0.001-tuple4-17-Sep/checkpoint2.pth.tar file on Pitts30k...
=======================================
==========################=============
 Testing /home/m.maqboolbhutta/usman_ws/models/openibl/0913/espnet/vgg16-graphvlad_SFRS-sare_joint-pitts30k-lr0.001-tuple4-17-Sep/checkpoint2.pth.tar file on Tokyo...
=======================================
Use GPU: 1 for testing, rank no.1 of world_size 4Use GPU: 2 for testing, rank no.2 of world_size 4Use GPU: 0 for testing, rank no.0 of world_size 4Use GPU: 3 for testing, rank no.3 of world_size 4



==========
Args:Namespace(arch='vgg16', data_dir='/blue/hmedeiros/m.maqboolbhutta/codes/openibl2/examples/data', dataset='tokyo', esp_encoder='/home/m.maqboolbhutta/usman_ws/datasets/netvlad-official/espnet-encoder/espnet_p_2_q_8.pth', features=4096, gpu=0, height=480, lambda_value=0, launcher='pytorch', logs_dir='/blue/hmedeiros/m.maqboolbhutta/codes/openibl2/examples/logs', method='graphvlad', ngpus_per_node=4, nowhiten=False, num_clusters=64, print_freq=10, rank=0, reduction=True, rerank=False, resume='/home/m.maqboolbhutta/usman_ws/models/openibl/0913/espnet/vgg16-graphvlad_SFRS-sare_joint-pitts30k-lr0.001-tuple4-17-Sep/checkpoint2.pth.tar', rr_topk=25, scale='30k', sync_gather=False, tcp_port='5017', test_batch_size=16, vlad=True, width=640, workers=2, world_size=4)
==========
Tokyo dataset loaded
  subset        | # pids | # images
  ---------------------------------
  train_query   |  4035  |    48420
  train_gallery |  4092  |    49104
  val_query     |  1308  |    15696
  val_gallery   |  2780  |    33360
  test_query    |    35  |      315
  test_gallery  |  6254  |    75984
===> Loading segmentation model
=> Loaded checkpoint '/home/m.maqboolbhutta/usman_ws/models/openibl/0913/espnet/vgg16-graphvlad_SFRS-sare_joint-pitts30k-lr0.001-tuple4-17-Sep/checkpoint2.pth.tar'
=> Start epoch 2  best recall5 94.3%
Evaluate on the test set:
load PCA parameters...
gathering features from rank no.0
gathering features from rank no.1
gathering features from rank no.2
gathering features from rank no.3
load PCA parameters...
Extract Features: [100/1188]	Time 0.388 (0.484)	Data 0.000 (0.046)	
Extract Features: [200/1188]	Time 0.381 (0.436)	Data 0.000 (0.023)	
Extract Features: [300/1188]	Time 0.383 (0.417)	Data 0.000 (0.016)	
Extract Features: [400/1188]	Time 0.381 (0.407)	Data 0.000 (0.012)	
Extract Features: [500/1188]	Time 0.375 (0.400)	Data 0.000 (0.010)	
Extract Features: [600/1188]	Time 0.369 (0.396)	Data 0.000 (0.008)	
Extract Features: [700/1188]	Time 0.377 (0.393)	Data 0.000 (0.007)	
Extract Features: [800/1188]	Time 0.380 (0.391)	Data 0.000 (0.006)	
Extract Features: [900/1188]	Time 0.366 (0.389)	Data 0.000 (0.005)	
Extract Features: [1000/1188]	Time 0.372 (0.388)	Data 0.000 (0.005)	
Extract Features: [1100/1188]	Time 0.376 (0.386)	Data 0.000 (0.004)	
gathering features from rank no.0
gathering features from rank no.1
gathering features from rank no.2
gathering features from rank no.3
===> Start calculating pairwise distances
===> Start calculating recalls
Recall Scores:
  top-1          78.1%
  top-5          83.8%
  top-10         87.6%
Data has been appended to test_result/recall_results.csv
==========################=============
 Done Testing with /home/m.maqboolbhutta/usman_ws/models/openibl/0913/espnet/vgg16-graphvlad_SFRS-sare_joint-pitts30k-lr0.001-tuple4-17-Sep/checkpoint2.pth.tar file on Tokyo...
=======================================
==========################=============
 Testing /home/m.maqboolbhutta/usman_ws/models/openibl/0913/espnet/vgg16-graphvlad_SFRS-sare_joint-pitts30k-lr0.001-tuple4-17-Sep/checkpoint3.pth.tar file on Pitts250k...
=======================================
Use GPU: 0 for testing, rank no.0 of world_size 4Use GPU: 1 for testing, rank no.1 of world_size 4Use GPU: 2 for testing, rank no.2 of world_size 4
Use GPU: 3 for testing, rank no.3 of world_size 4


==========
Args:Namespace(arch='vgg16', data_dir='/blue/hmedeiros/m.maqboolbhutta/codes/openibl2/examples/data', dataset='pitts', esp_encoder='/home/m.maqboolbhutta/usman_ws/datasets/netvlad-official/espnet-encoder/espnet_p_2_q_8.pth', features=4096, gpu=0, height=480, lambda_value=0, launcher='pytorch', logs_dir='/blue/hmedeiros/m.maqboolbhutta/codes/openibl2/examples/logs', method='graphvlad', ngpus_per_node=4, nowhiten=False, num_clusters=64, print_freq=10, rank=0, reduction=True, rerank=False, resume='/home/m.maqboolbhutta/usman_ws/models/openibl/0913/espnet/vgg16-graphvlad_SFRS-sare_joint-pitts30k-lr0.001-tuple4-17-Sep/checkpoint3.pth.tar', rr_topk=25, scale='250k', sync_gather=False, tcp_port='5017', test_batch_size=16, vlad=True, width=640, workers=2, world_size=4)
==========
Pittsburgh dataset loaded
  subset        | # pids | # images
  ---------------------------------
  train_query   |   332  |     7800
  train_gallery |  3811  |    91464
  val_query     |   319  |     7608
  val_gallery   |  3277  |    78648
  test_query    |   347  |     8280
  test_gallery  |  3498  |    83952
===> Loading segmentation model
=> Loaded checkpoint '/home/m.maqboolbhutta/usman_ws/models/openibl/0913/espnet/vgg16-graphvlad_SFRS-sare_joint-pitts30k-lr0.001-tuple4-17-Sep/checkpoint3.pth.tar'
=> Start epoch 3  best recall5 94.3%
Extract Features: [100/271]	Time 0.438 (0.474)	Data 0.000 (0.043)	
Extract Features: [200/271]	Time 0.386 (0.432)	Data 0.000 (0.022)	
gathering features from rank no.0
gathering features from rank no.1
gathering features from rank no.2
gathering features from rank no.3
calculating PCA parameters...
================= PCA RESULT ==================
U: (32768, 4096)
lams: (4096,)
mu: (32768, 1)
Utmu: (4096, 1)
===============================================
Evaluate on the test set:
load PCA parameters...
Extract Features: [100/130]	Time 0.383 (0.428)	Data 0.000 (0.054)	
gathering features from rank no.0
gathering features from rank no.1
gathering features from rank no.2
gathering features from rank no.3
load PCA parameters...
Extract Features: [100/1312]	Time 0.372 (0.427)	Data 0.000 (0.047)	
Extract Features: [200/1312]	Time 0.380 (0.402)	Data 0.000 (0.024)	
Extract Features: [300/1312]	Time 0.374 (0.395)	Data 0.000 (0.016)	
Extract Features: [400/1312]	Time 0.371 (0.392)	Data 0.000 (0.012)	
Extract Features: [500/1312]	Time 0.398 (0.389)	Data 0.000 (0.010)	
Extract Features: [600/1312]	Time 0.369 (0.387)	Data 0.000 (0.008)	
Extract Features: [700/1312]	Time 0.379 (0.386)	Data 0.000 (0.007)	
Extract Features: [800/1312]	Time 0.375 (0.386)	Data 0.000 (0.006)	
Extract Features: [900/1312]	Time 0.381 (0.385)	Data 0.000 (0.005)	
Extract Features: [1000/1312]	Time 0.378 (0.385)	Data 0.000 (0.005)	
Extract Features: [1100/1312]	Time 0.399 (0.385)	Data 0.000 (0.005)	
Extract Features: [1200/1312]	Time 0.385 (0.386)	Data 0.000 (0.004)	
Extract Features: [1300/1312]	Time 0.396 (0.387)	Data 0.000 (0.004)	
gathering features from rank no.0
gathering features from rank no.1
gathering features from rank no.2
gathering features from rank no.3
===> Start calculating pairwise distances
===> Start calculating recalls
Recall Scores:
  top-1          88.6%
  top-5          95.3%
  top-10         96.8%
Data has been appended to test_result/recall_results.csv
==========################=============
 Done Testing with /home/m.maqboolbhutta/usman_ws/models/openibl/0913/espnet/vgg16-graphvlad_SFRS-sare_joint-pitts30k-lr0.001-tuple4-17-Sep/checkpoint3.pth.tar file on Pitts250k...
=======================================
==========################=============
 Testing /home/m.maqboolbhutta/usman_ws/models/openibl/0913/espnet/vgg16-graphvlad_SFRS-sare_joint-pitts30k-lr0.001-tuple4-17-Sep/checkpoint3.pth.tar file on Pitts30k...
=======================================
Use GPU: 1 for testing, rank no.1 of world_size 4Use GPU: 0 for testing, rank no.0 of world_size 4Use GPU: 3 for testing, rank no.3 of world_size 4Use GPU: 2 for testing, rank no.2 of world_size 4



==========
Args:Namespace(arch='vgg16', data_dir='/blue/hmedeiros/m.maqboolbhutta/codes/openibl2/examples/data', dataset='pitts', esp_encoder='/home/m.maqboolbhutta/usman_ws/datasets/netvlad-official/espnet-encoder/espnet_p_2_q_8.pth', features=4096, gpu=0, height=480, lambda_value=0, launcher='pytorch', logs_dir='/blue/hmedeiros/m.maqboolbhutta/codes/openibl2/examples/logs', method='graphvlad', ngpus_per_node=4, nowhiten=False, num_clusters=64, print_freq=10, rank=0, reduction=True, rerank=False, resume='/home/m.maqboolbhutta/usman_ws/models/openibl/0913/espnet/vgg16-graphvlad_SFRS-sare_joint-pitts30k-lr0.001-tuple4-17-Sep/checkpoint3.pth.tar', rr_topk=25, scale='30k', sync_gather=False, tcp_port='5017', test_batch_size=16, vlad=True, width=640, workers=2, world_size=4)
==========
Pittsburgh dataset loaded
  subset        | # pids | # images
  ---------------------------------
  train_query   |   311  |     7320
  train_gallery |   417  |    10000
  val_query     |   319  |     7608
  val_gallery   |   417  |    10000
  test_query    |   286  |     6816
  test_gallery  |   417  |    10000
===> Loading segmentation model
=> Loaded checkpoint '/home/m.maqboolbhutta/usman_ws/models/openibl/0913/espnet/vgg16-graphvlad_SFRS-sare_joint-pitts30k-lr0.001-tuple4-17-Sep/checkpoint3.pth.tar'
=> Start epoch 3  best recall5 94.3%
Evaluate on the test set:
load PCA parameters...
Extract Features: [100/107]	Time 0.377 (0.458)	Data 0.000 (0.042)	
gathering features from rank no.0
gathering features from rank no.1
gathering features from rank no.2
gathering features from rank no.3
load PCA parameters...
Extract Features: [100/157]	Time 0.379 (0.423)	Data 0.000 (0.044)	
gathering features from rank no.0
gathering features from rank no.1
gathering features from rank no.2
gathering features from rank no.3
===> Start calculating pairwise distances
===> Start calculating recalls
Recall Scores:
  top-1          87.3%
  top-5          93.9%
  top-10         95.6%
Data has been appended to test_result/recall_results.csv
==========################=============
 Done Testing with /home/m.maqboolbhutta/usman_ws/models/openibl/0913/espnet/vgg16-graphvlad_SFRS-sare_joint-pitts30k-lr0.001-tuple4-17-Sep/checkpoint3.pth.tar file on Pitts30k...
=======================================
==========################=============
 Testing /home/m.maqboolbhutta/usman_ws/models/openibl/0913/espnet/vgg16-graphvlad_SFRS-sare_joint-pitts30k-lr0.001-tuple4-17-Sep/checkpoint3.pth.tar file on Tokyo...
=======================================
Use GPU: 1 for testing, rank no.1 of world_size 4Use GPU: 0 for testing, rank no.0 of world_size 4Use GPU: 3 for testing, rank no.3 of world_size 4Use GPU: 2 for testing, rank no.2 of world_size 4



==========
Args:Namespace(arch='vgg16', data_dir='/blue/hmedeiros/m.maqboolbhutta/codes/openibl2/examples/data', dataset='tokyo', esp_encoder='/home/m.maqboolbhutta/usman_ws/datasets/netvlad-official/espnet-encoder/espnet_p_2_q_8.pth', features=4096, gpu=0, height=480, lambda_value=0, launcher='pytorch', logs_dir='/blue/hmedeiros/m.maqboolbhutta/codes/openibl2/examples/logs', method='graphvlad', ngpus_per_node=4, nowhiten=False, num_clusters=64, print_freq=10, rank=0, reduction=True, rerank=False, resume='/home/m.maqboolbhutta/usman_ws/models/openibl/0913/espnet/vgg16-graphvlad_SFRS-sare_joint-pitts30k-lr0.001-tuple4-17-Sep/checkpoint3.pth.tar', rr_topk=25, scale='30k', sync_gather=False, tcp_port='5017', test_batch_size=16, vlad=True, width=640, workers=2, world_size=4)
==========
Tokyo dataset loaded
  subset        | # pids | # images
  ---------------------------------
  train_query   |  4035  |    48420
  train_gallery |  4092  |    49104
  val_query     |  1308  |    15696
  val_gallery   |  2780  |    33360
  test_query    |    35  |      315
  test_gallery  |  6254  |    75984
===> Loading segmentation model
=> Loaded checkpoint '/home/m.maqboolbhutta/usman_ws/models/openibl/0913/espnet/vgg16-graphvlad_SFRS-sare_joint-pitts30k-lr0.001-tuple4-17-Sep/checkpoint3.pth.tar'
=> Start epoch 3  best recall5 94.3%
Evaluate on the test set:
load PCA parameters...
gathering features from rank no.0
gathering features from rank no.1
gathering features from rank no.2
gathering features from rank no.3
load PCA parameters...
Extract Features: [100/1188]	Time 0.364 (0.469)	Data 0.000 (0.045)	
Extract Features: [200/1188]	Time 0.364 (0.417)	Data 0.000 (0.023)	
Extract Features: [300/1188]	Time 0.366 (0.399)	Data 0.000 (0.015)	
Extract Features: [400/1188]	Time 0.364 (0.391)	Data 0.000 (0.012)	
Extract Features: [500/1188]	Time 0.379 (0.385)	Data 0.000 (0.009)	
Extract Features: [600/1188]	Time 0.371 (0.384)	Data 0.000 (0.008)	
Extract Features: [700/1188]	Time 0.370 (0.382)	Data 0.000 (0.007)	
Extract Features: [800/1188]	Time 0.376 (0.382)	Data 0.000 (0.006)	
Extract Features: [900/1188]	Time 0.375 (0.381)	Data 0.000 (0.005)	
Extract Features: [1000/1188]	Time 0.387 (0.381)	Data 0.000 (0.005)	
Extract Features: [1100/1188]	Time 0.373 (0.381)	Data 0.000 (0.004)	
gathering features from rank no.0
gathering features from rank no.1
gathering features from rank no.2
gathering features from rank no.3
===> Start calculating pairwise distances
===> Start calculating recalls
Recall Scores:
  top-1          81.0%
  top-5          88.3%
  top-10         90.2%
Data has been appended to test_result/recall_results.csv
==========################=============
 Done Testing with /home/m.maqboolbhutta/usman_ws/models/openibl/0913/espnet/vgg16-graphvlad_SFRS-sare_joint-pitts30k-lr0.001-tuple4-17-Sep/checkpoint3.pth.tar file on Tokyo...
=======================================
==========################=============
 Testing /home/m.maqboolbhutta/usman_ws/models/openibl/0913/espnet/vgg16-graphvlad_SFRS-sare_joint-pitts30k-lr0.001-tuple4-17-Sep/checkpoint4.pth.tar file on Pitts250k...
=======================================
Use GPU: 1 for testing, rank no.1 of world_size 4Use GPU: 3 for testing, rank no.3 of world_size 4Use GPU: 2 for testing, rank no.2 of world_size 4Use GPU: 0 for testing, rank no.0 of world_size 4



==========
Args:Namespace(arch='vgg16', data_dir='/blue/hmedeiros/m.maqboolbhutta/codes/openibl2/examples/data', dataset='pitts', esp_encoder='/home/m.maqboolbhutta/usman_ws/datasets/netvlad-official/espnet-encoder/espnet_p_2_q_8.pth', features=4096, gpu=0, height=480, lambda_value=0, launcher='pytorch', logs_dir='/blue/hmedeiros/m.maqboolbhutta/codes/openibl2/examples/logs', method='graphvlad', ngpus_per_node=4, nowhiten=False, num_clusters=64, print_freq=10, rank=0, reduction=True, rerank=False, resume='/home/m.maqboolbhutta/usman_ws/models/openibl/0913/espnet/vgg16-graphvlad_SFRS-sare_joint-pitts30k-lr0.001-tuple4-17-Sep/checkpoint4.pth.tar', rr_topk=25, scale='250k', sync_gather=False, tcp_port='5017', test_batch_size=16, vlad=True, width=640, workers=2, world_size=4)
==========
Pittsburgh dataset loaded
  subset        | # pids | # images
  ---------------------------------
  train_query   |   332  |     7800
  train_gallery |  3811  |    91464
  val_query     |   319  |     7608
  val_gallery   |  3277  |    78648
  test_query    |   347  |     8280
  test_gallery  |  3498  |    83952
===> Loading segmentation model
=> Loaded checkpoint '/home/m.maqboolbhutta/usman_ws/models/openibl/0913/espnet/vgg16-graphvlad_SFRS-sare_joint-pitts30k-lr0.001-tuple4-17-Sep/checkpoint4.pth.tar'
=> Start epoch 4  best recall5 94.3%
Extract Features: [100/271]	Time 0.389 (0.445)	Data 0.000 (0.042)	
Extract Features: [200/271]	Time 0.351 (0.408)	Data 0.000 (0.021)	
gathering features from rank no.0
gathering features from rank no.1
gathering features from rank no.2
gathering features from rank no.3
calculating PCA parameters...
================= PCA RESULT ==================
U: (32768, 4096)
lams: (4096,)
mu: (32768, 1)
Utmu: (4096, 1)
===============================================
Evaluate on the test set:
load PCA parameters...
Extract Features: [100/130]	Time 0.376 (0.436)	Data 0.001 (0.051)	
gathering features from rank no.0
gathering features from rank no.1
gathering features from rank no.2
gathering features from rank no.3
load PCA parameters...
Extract Features: [100/1312]	Time 0.372 (0.430)	Data 0.000 (0.050)	
Extract Features: [200/1312]	Time 0.375 (0.405)	Data 0.000 (0.025)	
Extract Features: [300/1312]	Time 0.379 (0.398)	Data 0.000 (0.017)	
Extract Features: [400/1312]	Time 0.368 (0.393)	Data 0.000 (0.013)	
Extract Features: [500/1312]	Time 0.371 (0.389)	Data 0.000 (0.010)	
Extract Features: [600/1312]	Time 0.370 (0.387)	Data 0.000 (0.009)	
Extract Features: [700/1312]	Time 0.379 (0.385)	Data 0.000 (0.007)	
Extract Features: [800/1312]	Time 0.386 (0.383)	Data 0.000 (0.006)	
Extract Features: [900/1312]	Time 0.370 (0.382)	Data 0.000 (0.006)	
Extract Features: [1000/1312]	Time 0.376 (0.382)	Data 0.000 (0.005)	
Extract Features: [1100/1312]	Time 0.377 (0.381)	Data 0.000 (0.005)	
Extract Features: [1200/1312]	Time 0.367 (0.381)	Data 0.000 (0.004)	
Extract Features: [1300/1312]	Time 0.407 (0.381)	Data 0.000 (0.004)	
gathering features from rank no.0
gathering features from rank no.1
gathering features from rank no.2
gathering features from rank no.3
===> Start calculating pairwise distances
===> Start calculating recalls
Recall Scores:
  top-1          88.6%
  top-5          95.1%
  top-10         96.4%
Data has been appended to test_result/recall_results.csv
==========################=============
 Done Testing with /home/m.maqboolbhutta/usman_ws/models/openibl/0913/espnet/vgg16-graphvlad_SFRS-sare_joint-pitts30k-lr0.001-tuple4-17-Sep/checkpoint4.pth.tar file on Pitts250k...
=======================================
==========################=============
 Testing /home/m.maqboolbhutta/usman_ws/models/openibl/0913/espnet/vgg16-graphvlad_SFRS-sare_joint-pitts30k-lr0.001-tuple4-17-Sep/checkpoint4.pth.tar file on Pitts30k...
=======================================
Use GPU: 3 for testing, rank no.3 of world_size 4Use GPU: 1 for testing, rank no.1 of world_size 4Use GPU: 0 for testing, rank no.0 of world_size 4Use GPU: 2 for testing, rank no.2 of world_size 4



==========
Args:Namespace(arch='vgg16', data_dir='/blue/hmedeiros/m.maqboolbhutta/codes/openibl2/examples/data', dataset='pitts', esp_encoder='/home/m.maqboolbhutta/usman_ws/datasets/netvlad-official/espnet-encoder/espnet_p_2_q_8.pth', features=4096, gpu=0, height=480, lambda_value=0, launcher='pytorch', logs_dir='/blue/hmedeiros/m.maqboolbhutta/codes/openibl2/examples/logs', method='graphvlad', ngpus_per_node=4, nowhiten=False, num_clusters=64, print_freq=10, rank=0, reduction=True, rerank=False, resume='/home/m.maqboolbhutta/usman_ws/models/openibl/0913/espnet/vgg16-graphvlad_SFRS-sare_joint-pitts30k-lr0.001-tuple4-17-Sep/checkpoint4.pth.tar', rr_topk=25, scale='30k', sync_gather=False, tcp_port='5017', test_batch_size=16, vlad=True, width=640, workers=2, world_size=4)
==========
Pittsburgh dataset loaded
  subset        | # pids | # images
  ---------------------------------
  train_query   |   311  |     7320
  train_gallery |   417  |    10000
  val_query     |   319  |     7608
  val_gallery   |   417  |    10000
  test_query    |   286  |     6816
  test_gallery  |   417  |    10000
===> Loading segmentation model
=> Loaded checkpoint '/home/m.maqboolbhutta/usman_ws/models/openibl/0913/espnet/vgg16-graphvlad_SFRS-sare_joint-pitts30k-lr0.001-tuple4-17-Sep/checkpoint4.pth.tar'
=> Start epoch 4  best recall5 94.3%
Evaluate on the test set:
load PCA parameters...
Extract Features: [100/107]	Time 0.368 (0.468)	Data 0.000 (0.040)	
gathering features from rank no.0
gathering features from rank no.1
gathering features from rank no.2
gathering features from rank no.3
load PCA parameters...
Extract Features: [100/157]	Time 0.379 (0.429)	Data 0.000 (0.044)	
gathering features from rank no.0
gathering features from rank no.1
gathering features from rank no.2
gathering features from rank no.3
===> Start calculating pairwise distances
===> Start calculating recalls
Recall Scores:
  top-1          87.6%
  top-5          93.8%
  top-10         95.1%
Data has been appended to test_result/recall_results.csv
==========################=============
 Done Testing with /home/m.maqboolbhutta/usman_ws/models/openibl/0913/espnet/vgg16-graphvlad_SFRS-sare_joint-pitts30k-lr0.001-tuple4-17-Sep/checkpoint4.pth.tar file on Pitts30k...
=======================================
==========################=============
 Testing /home/m.maqboolbhutta/usman_ws/models/openibl/0913/espnet/vgg16-graphvlad_SFRS-sare_joint-pitts30k-lr0.001-tuple4-17-Sep/checkpoint4.pth.tar file on Tokyo...
=======================================
Use GPU: 3 for testing, rank no.3 of world_size 4Use GPU: 0 for testing, rank no.0 of world_size 4Use GPU: 1 for testing, rank no.1 of world_size 4Use GPU: 2 for testing, rank no.2 of world_size 4



==========
Args:Namespace(arch='vgg16', data_dir='/blue/hmedeiros/m.maqboolbhutta/codes/openibl2/examples/data', dataset='tokyo', esp_encoder='/home/m.maqboolbhutta/usman_ws/datasets/netvlad-official/espnet-encoder/espnet_p_2_q_8.pth', features=4096, gpu=0, height=480, lambda_value=0, launcher='pytorch', logs_dir='/blue/hmedeiros/m.maqboolbhutta/codes/openibl2/examples/logs', method='graphvlad', ngpus_per_node=4, nowhiten=False, num_clusters=64, print_freq=10, rank=0, reduction=True, rerank=False, resume='/home/m.maqboolbhutta/usman_ws/models/openibl/0913/espnet/vgg16-graphvlad_SFRS-sare_joint-pitts30k-lr0.001-tuple4-17-Sep/checkpoint4.pth.tar', rr_topk=25, scale='30k', sync_gather=False, tcp_port='5017', test_batch_size=16, vlad=True, width=640, workers=2, world_size=4)
==========
Tokyo dataset loaded
  subset        | # pids | # images
  ---------------------------------
  train_query   |  4035  |    48420
  train_gallery |  4092  |    49104
  val_query     |  1308  |    15696
  val_gallery   |  2780  |    33360
  test_query    |    35  |      315
  test_gallery  |  6254  |    75984
===> Loading segmentation model
=> Loaded checkpoint '/home/m.maqboolbhutta/usman_ws/models/openibl/0913/espnet/vgg16-graphvlad_SFRS-sare_joint-pitts30k-lr0.001-tuple4-17-Sep/checkpoint4.pth.tar'
=> Start epoch 4  best recall5 94.3%
Evaluate on the test set:
load PCA parameters...
gathering features from rank no.0
gathering features from rank no.1
gathering features from rank no.2
gathering features from rank no.3
load PCA parameters...
Extract Features: [100/1188]	Time 0.373 (0.472)	Data 0.000 (0.046)	
Extract Features: [200/1188]	Time 0.371 (0.425)	Data 0.000 (0.023)	
Extract Features: [300/1188]	Time 0.373 (0.410)	Data 0.000 (0.015)	
Extract Features: [400/1188]	Time 0.381 (0.402)	Data 0.000 (0.012)	
Extract Features: [500/1188]	Time 0.380 (0.397)	Data 0.000 (0.009)	
Extract Features: [600/1188]	Time 0.373 (0.394)	Data 0.000 (0.008)	
Extract Features: [700/1188]	Time 0.373 (0.392)	Data 0.000 (0.007)	
Extract Features: [800/1188]	Time 0.372 (0.391)	Data 0.000 (0.006)	
Extract Features: [900/1188]	Time 0.369 (0.389)	Data 0.000 (0.005)	
Extract Features: [1000/1188]	Time 0.381 (0.388)	Data 0.000 (0.005)	
Extract Features: [1100/1188]	Time 0.382 (0.387)	Data 0.000 (0.004)	
gathering features from rank no.0
gathering features from rank no.1
gathering features from rank no.2
gathering features from rank no.3
===> Start calculating pairwise distances
===> Start calculating recalls
Recall Scores:
  top-1          77.8%
  top-5          84.4%
  top-10         87.0%
Data has been appended to test_result/recall_results.csv
==========################=============
 Done Testing with /home/m.maqboolbhutta/usman_ws/models/openibl/0913/espnet/vgg16-graphvlad_SFRS-sare_joint-pitts30k-lr0.001-tuple4-17-Sep/checkpoint4.pth.tar file on Tokyo...
=======================================
==========################=============
 Testing /home/m.maqboolbhutta/usman_ws/models/openibl/0913/espnet/vgg16-graphvlad_SFRS-sare_joint-pitts30k-lr0.001-tuple4-17-Sep/model_best.pth.tar file on Pitts250k...
=======================================
Use GPU: 2 for testing, rank no.2 of world_size 4Use GPU: 3 for testing, rank no.3 of world_size 4Use GPU: 1 for testing, rank no.1 of world_size 4Use GPU: 0 for testing, rank no.0 of world_size 4



==========
Args:Namespace(arch='vgg16', data_dir='/blue/hmedeiros/m.maqboolbhutta/codes/openibl2/examples/data', dataset='pitts', esp_encoder='/home/m.maqboolbhutta/usman_ws/datasets/netvlad-official/espnet-encoder/espnet_p_2_q_8.pth', features=4096, gpu=0, height=480, lambda_value=0, launcher='pytorch', logs_dir='/blue/hmedeiros/m.maqboolbhutta/codes/openibl2/examples/logs', method='graphvlad', ngpus_per_node=4, nowhiten=False, num_clusters=64, print_freq=10, rank=0, reduction=True, rerank=False, resume='/home/m.maqboolbhutta/usman_ws/models/openibl/0913/espnet/vgg16-graphvlad_SFRS-sare_joint-pitts30k-lr0.001-tuple4-17-Sep/model_best.pth.tar', rr_topk=25, scale='250k', sync_gather=False, tcp_port='5017', test_batch_size=16, vlad=True, width=640, workers=2, world_size=4)
==========
Pittsburgh dataset loaded
  subset        | # pids | # images
  ---------------------------------
  train_query   |   332  |     7800
  train_gallery |  3811  |    91464
  val_query     |   319  |     7608
  val_gallery   |  3277  |    78648
  test_query    |   347  |     8280
  test_gallery  |  3498  |    83952
===> Loading segmentation model
=> Loaded checkpoint '/home/m.maqboolbhutta/usman_ws/models/openibl/0913/espnet/vgg16-graphvlad_SFRS-sare_joint-pitts30k-lr0.001-tuple4-17-Sep/model_best.pth.tar'
=> Start epoch 2  best recall5 94.3%
Evaluate on the test set:
load PCA parameters...
Extract Features: [100/130]	Time 0.387 (0.465)	Data 0.000 (0.042)	
gathering features from rank no.0
gathering features from rank no.1
gathering features from rank no.2
gathering features from rank no.3
load PCA parameters...
Extract Features: [100/1312]	Time 0.403 (0.442)	Data 0.000 (0.043)	
Extract Features: [200/1312]	Time 0.394 (0.418)	Data 0.000 (0.022)	
Extract Features: [300/1312]	Time 0.405 (0.410)	Data 0.000 (0.015)	
Extract Features: [400/1312]	Time 0.386 (0.406)	Data 0.000 (0.011)	
Extract Features: [500/1312]	Time 0.384 (0.404)	Data 0.000 (0.009)	
Extract Features: [600/1312]	Time 0.388 (0.402)	Data 0.000 (0.007)	
Extract Features: [700/1312]	Time 0.405 (0.400)	Data 0.000 (0.006)	
Extract Features: [800/1312]	Time 0.401 (0.399)	Data 0.000 (0.006)	
Extract Features: [900/1312]	Time 0.390 (0.398)	Data 0.000 (0.005)	
Extract Features: [1000/1312]	Time 0.397 (0.398)	Data 0.000 (0.005)	
Extract Features: [1100/1312]	Time 0.381 (0.397)	Data 0.000 (0.004)	
Extract Features: [1200/1312]	Time 0.383 (0.397)	Data 0.000 (0.004)	
Extract Features: [1300/1312]	Time 0.400 (0.396)	Data 0.000 (0.004)	
gathering features from rank no.0
gathering features from rank no.1
gathering features from rank no.2
gathering features from rank no.3
===> Start calculating pairwise distances
===> Start calculating recalls
Recall Scores:
  top-1          89.0%
  top-5          95.8%
  top-10         97.0%
Data has been appended to test_result/recall_results.csv
==========################=============
 Done Testing with /home/m.maqboolbhutta/usman_ws/models/openibl/0913/espnet/vgg16-graphvlad_SFRS-sare_joint-pitts30k-lr0.001-tuple4-17-Sep/model_best.pth.tar file on Pitts250k...
=======================================
==========################=============
 Testing /home/m.maqboolbhutta/usman_ws/models/openibl/0913/espnet/vgg16-graphvlad_SFRS-sare_joint-pitts30k-lr0.001-tuple4-17-Sep/model_best.pth.tar file on Pitts30k...
=======================================
Use GPU: 1 for testing, rank no.1 of world_size 4Use GPU: 2 for testing, rank no.2 of world_size 4Use GPU: 3 for testing, rank no.3 of world_size 4Use GPU: 0 for testing, rank no.0 of world_size 4



==========
Args:Namespace(arch='vgg16', data_dir='/blue/hmedeiros/m.maqboolbhutta/codes/openibl2/examples/data', dataset='pitts', esp_encoder='/home/m.maqboolbhutta/usman_ws/datasets/netvlad-official/espnet-encoder/espnet_p_2_q_8.pth', features=4096, gpu=0, height=480, lambda_value=0, launcher='pytorch', logs_dir='/blue/hmedeiros/m.maqboolbhutta/codes/openibl2/examples/logs', method='graphvlad', ngpus_per_node=4, nowhiten=False, num_clusters=64, print_freq=10, rank=0, reduction=True, rerank=False, resume='/home/m.maqboolbhutta/usman_ws/models/openibl/0913/espnet/vgg16-graphvlad_SFRS-sare_joint-pitts30k-lr0.001-tuple4-17-Sep/model_best.pth.tar', rr_topk=25, scale='30k', sync_gather=False, tcp_port='5017', test_batch_size=16, vlad=True, width=640, workers=2, world_size=4)
==========
Pittsburgh dataset loaded
  subset        | # pids | # images
  ---------------------------------
  train_query   |   311  |     7320
  train_gallery |   417  |    10000
  val_query     |   319  |     7608
  val_gallery   |   417  |    10000
  test_query    |   286  |     6816
  test_gallery  |   417  |    10000
===> Loading segmentation model
=> Loaded checkpoint '/home/m.maqboolbhutta/usman_ws/models/openibl/0913/espnet/vgg16-graphvlad_SFRS-sare_joint-pitts30k-lr0.001-tuple4-17-Sep/model_best.pth.tar'
=> Start epoch 2  best recall5 94.3%
Evaluate on the test set:
load PCA parameters...
Extract Features: [100/107]	Time 0.383 (0.460)	Data 0.000 (0.040)	
gathering features from rank no.0
gathering features from rank no.1
gathering features from rank no.2
gathering features from rank no.3
load PCA parameters...
Extract Features: [100/157]	Time 0.379 (0.436)	Data 0.000 (0.047)	
gathering features from rank no.0
gathering features from rank no.1
gathering features from rank no.2
gathering features from rank no.3
===> Start calculating pairwise distances
===> Start calculating recalls
Recall Scores:
  top-1          87.3%
  top-5          94.2%
  top-10         95.5%
Data has been appended to test_result/recall_results.csv
==========################=============
 Done Testing with /home/m.maqboolbhutta/usman_ws/models/openibl/0913/espnet/vgg16-graphvlad_SFRS-sare_joint-pitts30k-lr0.001-tuple4-17-Sep/model_best.pth.tar file on Pitts30k...
=======================================
==========################=============
 Testing /home/m.maqboolbhutta/usman_ws/models/openibl/0913/espnet/vgg16-graphvlad_SFRS-sare_joint-pitts30k-lr0.001-tuple4-17-Sep/model_best.pth.tar file on Tokyo...
=======================================
Use GPU: 0 for testing, rank no.0 of world_size 4Use GPU: 3 for testing, rank no.3 of world_size 4Use GPU: 1 for testing, rank no.1 of world_size 4Use GPU: 2 for testing, rank no.2 of world_size 4



==========
Args:Namespace(arch='vgg16', data_dir='/blue/hmedeiros/m.maqboolbhutta/codes/openibl2/examples/data', dataset='tokyo', esp_encoder='/home/m.maqboolbhutta/usman_ws/datasets/netvlad-official/espnet-encoder/espnet_p_2_q_8.pth', features=4096, gpu=0, height=480, lambda_value=0, launcher='pytorch', logs_dir='/blue/hmedeiros/m.maqboolbhutta/codes/openibl2/examples/logs', method='graphvlad', ngpus_per_node=4, nowhiten=False, num_clusters=64, print_freq=10, rank=0, reduction=True, rerank=False, resume='/home/m.maqboolbhutta/usman_ws/models/openibl/0913/espnet/vgg16-graphvlad_SFRS-sare_joint-pitts30k-lr0.001-tuple4-17-Sep/model_best.pth.tar', rr_topk=25, scale='30k', sync_gather=False, tcp_port='5017', test_batch_size=16, vlad=True, width=640, workers=2, world_size=4)
==========
Tokyo dataset loaded
  subset        | # pids | # images
  ---------------------------------
  train_query   |  4035  |    48420
  train_gallery |  4092  |    49104
  val_query     |  1308  |    15696
  val_gallery   |  2780  |    33360
  test_query    |    35  |      315
  test_gallery  |  6254  |    75984
===> Loading segmentation model
=> Loaded checkpoint '/home/m.maqboolbhutta/usman_ws/models/openibl/0913/espnet/vgg16-graphvlad_SFRS-sare_joint-pitts30k-lr0.001-tuple4-17-Sep/model_best.pth.tar'
=> Start epoch 2  best recall5 94.3%
Evaluate on the test set:
load PCA parameters...
gathering features from rank no.0
gathering features from rank no.1
gathering features from rank no.2
gathering features from rank no.3
load PCA parameters...
Extract Features: [100/1188]	Time 2.672 (2.722)	Data 0.000 (0.044)	
Extract Features: [200/1188]	Time 2.407 (2.648)	Data 0.000 (0.022)	
Extract Features: [300/1188]	Time 2.648 (2.629)	Data 0.000 (0.015)	
Extract Features: [400/1188]	Time 2.070 (2.615)	Data 0.000 (0.011)	
Extract Features: [500/1188]	Time 2.691 (2.619)	Data 0.000 (0.009)	
Extract Features: [600/1188]	Time 2.579 (2.607)	Data 0.000 (0.008)	
Extract Features: [700/1188]	Time 2.746 (2.609)	Data 0.000 (0.007)	
Extract Features: [800/1188]	Time 2.671 (2.601)	Data 0.000 (0.006)	
==========################=============
 Done Testing with /home/m.maqboolbhutta/usman_ws/models/openibl/0913/espnet/vgg16-graphvlad_SFRS-sare_joint-pitts30k-lr0.001-tuple4-17-Sep/model_best.pth.tar file on Tokyo...
=======================================
/home/m.maqboolbhutta/usman_ws/models/openibl/0913/espnet/vgg16-graphvlad_SFRS-triplet-pitts30k-lr0.001-tuple4-17-Sep
==========Starting Training=============
========================================
