Wed Sep 18 14:58:29 EDT 2024
/home/m.maqboolbhutta/usman_ws/codes/OpenIBL
/home/m.maqboolbhutta/.conda/envs/openibl/bin/python
Host: c0903a-s17
Other nodes: 
==========Testing=============
/home/m.maqboolbhutta/usman_ws/models/openibl/0915-try2/vgg16-graphvlad_SFRS-sare_ind-pitts30k-lr0.001-tuple4-17-Sep/checkpoint0_4.pth.tar /home/m.maqboolbhutta/usman_ws/models/openibl/0915-try2/vgg16-graphvlad_SFRS-sare_ind-pitts30k-lr0.001-tuple4-17-Sep/checkpoint1_0.pth.tar /home/m.maqboolbhutta/usman_ws/models/openibl/0915-try2/vgg16-graphvlad_SFRS-sare_ind-pitts30k-lr0.001-tuple4-17-Sep/checkpoint1_1.pth.tar /home/m.maqboolbhutta/usman_ws/models/openibl/0915-try2/vgg16-graphvlad_SFRS-sare_ind-pitts30k-lr0.001-tuple4-17-Sep/checkpoint1_2.pth.tar /home/m.maqboolbhutta/usman_ws/models/openibl/0915-try2/vgg16-graphvlad_SFRS-sare_ind-pitts30k-lr0.001-tuple4-17-Sep/checkpoint1_3.pth.tar /home/m.maqboolbhutta/usman_ws/models/openibl/0915-try2/vgg16-graphvlad_SFRS-sare_ind-pitts30k-lr0.001-tuple4-17-Sep/checkpoint1_4.pth.tar /home/m.maqboolbhutta/usman_ws/models/openibl/0915-try2/vgg16-graphvlad_SFRS-sare_ind-pitts30k-lr0.001-tuple4-17-Sep/checkpoint2_0.pth.tar /home/m.maqboolbhutta/usman_ws/models/openibl/0915-try2/vgg16-graphvlad_SFRS-sare_ind-pitts30k-lr0.001-tuple4-17-Sep/checkpoint2_1.pth.tar /home/m.maqboolbhutta/usman_ws/models/openibl/0915-try2/vgg16-graphvlad_SFRS-sare_ind-pitts30k-lr0.001-tuple4-17-Sep/checkpoint2_2.pth.tar /home/m.maqboolbhutta/usman_ws/models/openibl/0915-try2/vgg16-graphvlad_SFRS-sare_ind-pitts30k-lr0.001-tuple4-17-Sep/checkpoint2_3.pth.tar /home/m.maqboolbhutta/usman_ws/models/openibl/0915-try2/vgg16-graphvlad_SFRS-sare_ind-pitts30k-lr0.001-tuple4-17-Sep/checkpoint2_4.pth.tar /home/m.maqboolbhutta/usman_ws/models/openibl/0915-try2/vgg16-graphvlad_SFRS-sare_ind-pitts30k-lr0.001-tuple4-17-Sep/checkpoint3_0.pth.tar /home/m.maqboolbhutta/usman_ws/models/openibl/0915-try2/vgg16-graphvlad_SFRS-sare_ind-pitts30k-lr0.001-tuple4-17-Sep/model_best.pth.tar
==============================
==========################=============
 Testing /home/m.maqboolbhutta/usman_ws/models/openibl/0915-try2/vgg16-graphvlad_SFRS-sare_ind-pitts30k-lr0.001-tuple4-17-Sep/checkpoint0_4.pth.tar file on Pitts250k...
=======================================
Use GPU: 2 for testing, rank no.2 of world_size 4Use GPU: 3 for testing, rank no.3 of world_size 4Use GPU: 1 for testing, rank no.1 of world_size 4Use GPU: 0 for testing, rank no.0 of world_size 4



==========
Args:Namespace(arch='vgg16', data_dir='/blue/hmedeiros/m.maqboolbhutta/codes/OpenIBL/examples/data', dataset='pitts', fast_scnn='/home/m.maqboolbhutta/usman_ws/datasets/official/fast_scnn/fast_scnn_citys.pth', features=4096, gpu=0, height=480, lambda_value=0, launcher='pytorch', logs_dir='/blue/hmedeiros/m.maqboolbhutta/codes/OpenIBL/examples/logs', method='graphvlad', ngpus_per_node=4, nowhiten=False, num_clusters=64, print_freq=10, rank=0, reduction=True, rerank=False, resume='/home/m.maqboolbhutta/usman_ws/models/openibl/0915-try2/vgg16-graphvlad_SFRS-sare_ind-pitts30k-lr0.001-tuple4-17-Sep/checkpoint0_4.pth.tar', rr_topk=25, scale='250k', sync_gather=False, tcp_port='5017', test_batch_size=16, vlad=True, width=640, workers=2, world_size=4)
==========
Pittsburgh dataset loaded
  subset        | # pids | # images
  ---------------------------------
  train_query   |   332  |     7800
  train_gallery |  3811  |    91464
  val_query     |   319  |     7608
  val_gallery   |  3277  |    78648
  test_query    |   347  |     8280
  test_gallery  |  3498  |    83952
===> Loading segmentation model
=> Loaded checkpoint '/home/m.maqboolbhutta/usman_ws/models/openibl/0915-try2/vgg16-graphvlad_SFRS-sare_ind-pitts30k-lr0.001-tuple4-17-Sep/checkpoint0_4.pth.tar'
=> Start epoch 4  best recall5 96.0%
Extract Features: [100/271]	Time 0.165 (0.273)	Data 0.000 (0.052)	
Extract Features: [200/271]	Time 0.182 (0.224)	Data 0.000 (0.026)	
gathering features from rank no.0
gathering features from rank no.1
gathering features from rank no.2
gathering features from rank no.3
calculating PCA parameters...
================= PCA RESULT ==================
U: (32768, 4096)
lams: (4096,)
mu: (32768, 1)
Utmu: (4096, 1)
===============================================
PCA layer is trained
==========################=============
 Done Testing with /home/m.maqboolbhutta/usman_ws/models/openibl/0915-try2/vgg16-graphvlad_SFRS-sare_ind-pitts30k-lr0.001-tuple4-17-Sep/checkpoint0_4.pth.tar file on Pitts250k...
=======================================
==========################=============
 Testing /home/m.maqboolbhutta/usman_ws/models/openibl/0915-try2/vgg16-graphvlad_SFRS-sare_ind-pitts30k-lr0.001-tuple4-17-Sep/checkpoint1_0.pth.tar file on Pitts250k...
=======================================
Use GPU: 2 for testing, rank no.2 of world_size 4Use GPU: 3 for testing, rank no.3 of world_size 4Use GPU: 0 for testing, rank no.0 of world_size 4Use GPU: 1 for testing, rank no.1 of world_size 4



==========
Args:Namespace(arch='vgg16', data_dir='/blue/hmedeiros/m.maqboolbhutta/codes/OpenIBL/examples/data', dataset='pitts', fast_scnn='/home/m.maqboolbhutta/usman_ws/datasets/official/fast_scnn/fast_scnn_citys.pth', features=4096, gpu=0, height=480, lambda_value=0, launcher='pytorch', logs_dir='/blue/hmedeiros/m.maqboolbhutta/codes/OpenIBL/examples/logs', method='graphvlad', ngpus_per_node=4, nowhiten=False, num_clusters=64, print_freq=10, rank=0, reduction=True, rerank=False, resume='/home/m.maqboolbhutta/usman_ws/models/openibl/0915-try2/vgg16-graphvlad_SFRS-sare_ind-pitts30k-lr0.001-tuple4-17-Sep/checkpoint1_0.pth.tar', rr_topk=25, scale='250k', sync_gather=False, tcp_port='5017', test_batch_size=16, vlad=True, width=640, workers=2, world_size=4)
==========
Pittsburgh dataset loaded
  subset        | # pids | # images
  ---------------------------------
  train_query   |   332  |     7800
  train_gallery |  3811  |    91464
  val_query     |   319  |     7608
  val_gallery   |  3277  |    78648
  test_query    |   347  |     8280
  test_gallery  |  3498  |    83952
===> Loading segmentation model
=> Loaded checkpoint '/home/m.maqboolbhutta/usman_ws/models/openibl/0915-try2/vgg16-graphvlad_SFRS-sare_ind-pitts30k-lr0.001-tuple4-17-Sep/checkpoint1_0.pth.tar'
=> Start epoch 0  best recall5 96.1%
Extract Features: [100/271]	Time 0.180 (0.261)	Data 0.000 (0.051)	
Extract Features: [200/271]	Time 0.160 (0.219)	Data 0.000 (0.026)	
gathering features from rank no.0
gathering features from rank no.1
gathering features from rank no.2
gathering features from rank no.3
calculating PCA parameters...
================= PCA RESULT ==================
U: (32768, 4096)
lams: (4096,)
mu: (32768, 1)
Utmu: (4096, 1)
===============================================
PCA layer is trained
==========################=============
 Done Testing with /home/m.maqboolbhutta/usman_ws/models/openibl/0915-try2/vgg16-graphvlad_SFRS-sare_ind-pitts30k-lr0.001-tuple4-17-Sep/checkpoint1_0.pth.tar file on Pitts250k...
=======================================
==========################=============
 Testing /home/m.maqboolbhutta/usman_ws/models/openibl/0915-try2/vgg16-graphvlad_SFRS-sare_ind-pitts30k-lr0.001-tuple4-17-Sep/checkpoint1_1.pth.tar file on Pitts250k...
=======================================
Use GPU: 2 for testing, rank no.2 of world_size 4Use GPU: 1 for testing, rank no.1 of world_size 4Use GPU: 3 for testing, rank no.3 of world_size 4Use GPU: 0 for testing, rank no.0 of world_size 4



==========
Args:Namespace(arch='vgg16', data_dir='/blue/hmedeiros/m.maqboolbhutta/codes/OpenIBL/examples/data', dataset='pitts', fast_scnn='/home/m.maqboolbhutta/usman_ws/datasets/official/fast_scnn/fast_scnn_citys.pth', features=4096, gpu=0, height=480, lambda_value=0, launcher='pytorch', logs_dir='/blue/hmedeiros/m.maqboolbhutta/codes/OpenIBL/examples/logs', method='graphvlad', ngpus_per_node=4, nowhiten=False, num_clusters=64, print_freq=10, rank=0, reduction=True, rerank=False, resume='/home/m.maqboolbhutta/usman_ws/models/openibl/0915-try2/vgg16-graphvlad_SFRS-sare_ind-pitts30k-lr0.001-tuple4-17-Sep/checkpoint1_1.pth.tar', rr_topk=25, scale='250k', sync_gather=False, tcp_port='5017', test_batch_size=16, vlad=True, width=640, workers=2, world_size=4)
==========
Pittsburgh dataset loaded
  subset        | # pids | # images
  ---------------------------------
  train_query   |   332  |     7800
  train_gallery |  3811  |    91464
  val_query     |   319  |     7608
  val_gallery   |  3277  |    78648
  test_query    |   347  |     8280
  test_gallery  |  3498  |    83952
===> Loading segmentation model
=> Loaded checkpoint '/home/m.maqboolbhutta/usman_ws/models/openibl/0915-try2/vgg16-graphvlad_SFRS-sare_ind-pitts30k-lr0.001-tuple4-17-Sep/checkpoint1_1.pth.tar'
=> Start epoch 1  best recall5 96.3%
Extract Features: [100/271]	Time 0.175 (0.260)	Data 0.000 (0.048)	
Extract Features: [200/271]	Time 0.173 (0.220)	Data 0.000 (0.024)	
gathering features from rank no.0
gathering features from rank no.1
gathering features from rank no.2
gathering features from rank no.3
calculating PCA parameters...
================= PCA RESULT ==================
U: (32768, 4096)
lams: (4096,)
mu: (32768, 1)
Utmu: (4096, 1)
===============================================
PCA layer is trained
==========################=============
 Done Testing with /home/m.maqboolbhutta/usman_ws/models/openibl/0915-try2/vgg16-graphvlad_SFRS-sare_ind-pitts30k-lr0.001-tuple4-17-Sep/checkpoint1_1.pth.tar file on Pitts250k...
=======================================
==========################=============
 Testing /home/m.maqboolbhutta/usman_ws/models/openibl/0915-try2/vgg16-graphvlad_SFRS-sare_ind-pitts30k-lr0.001-tuple4-17-Sep/checkpoint1_2.pth.tar file on Pitts250k...
=======================================
Use GPU: 0 for testing, rank no.0 of world_size 4Use GPU: 3 for testing, rank no.3 of world_size 4Use GPU: 2 for testing, rank no.2 of world_size 4Use GPU: 1 for testing, rank no.1 of world_size 4



==========
Args:Namespace(arch='vgg16', data_dir='/blue/hmedeiros/m.maqboolbhutta/codes/OpenIBL/examples/data', dataset='pitts', fast_scnn='/home/m.maqboolbhutta/usman_ws/datasets/official/fast_scnn/fast_scnn_citys.pth', features=4096, gpu=0, height=480, lambda_value=0, launcher='pytorch', logs_dir='/blue/hmedeiros/m.maqboolbhutta/codes/OpenIBL/examples/logs', method='graphvlad', ngpus_per_node=4, nowhiten=False, num_clusters=64, print_freq=10, rank=0, reduction=True, rerank=False, resume='/home/m.maqboolbhutta/usman_ws/models/openibl/0915-try2/vgg16-graphvlad_SFRS-sare_ind-pitts30k-lr0.001-tuple4-17-Sep/checkpoint1_2.pth.tar', rr_topk=25, scale='250k', sync_gather=False, tcp_port='5017', test_batch_size=16, vlad=True, width=640, workers=2, world_size=4)
==========
Pittsburgh dataset loaded
  subset        | # pids | # images
  ---------------------------------
  train_query   |   332  |     7800
  train_gallery |  3811  |    91464
  val_query     |   319  |     7608
  val_gallery   |  3277  |    78648
  test_query    |   347  |     8280
  test_gallery  |  3498  |    83952
===> Loading segmentation model
=> Loaded checkpoint '/home/m.maqboolbhutta/usman_ws/models/openibl/0915-try2/vgg16-graphvlad_SFRS-sare_ind-pitts30k-lr0.001-tuple4-17-Sep/checkpoint1_2.pth.tar'
=> Start epoch 2  best recall5 96.8%
Extract Features: [100/271]	Time 0.178 (0.260)	Data 0.000 (0.048)	
Extract Features: [200/271]	Time 0.178 (0.217)	Data 0.000 (0.024)	
gathering features from rank no.0
gathering features from rank no.1
gathering features from rank no.2
gathering features from rank no.3
calculating PCA parameters...
================= PCA RESULT ==================
U: (32768, 4096)
lams: (4096,)
mu: (32768, 1)
Utmu: (4096, 1)
===============================================
PCA layer is trained
==========################=============
 Done Testing with /home/m.maqboolbhutta/usman_ws/models/openibl/0915-try2/vgg16-graphvlad_SFRS-sare_ind-pitts30k-lr0.001-tuple4-17-Sep/checkpoint1_2.pth.tar file on Pitts250k...
=======================================
==========################=============
 Testing /home/m.maqboolbhutta/usman_ws/models/openibl/0915-try2/vgg16-graphvlad_SFRS-sare_ind-pitts30k-lr0.001-tuple4-17-Sep/checkpoint1_3.pth.tar file on Pitts250k...
=======================================
Use GPU: 2 for testing, rank no.2 of world_size 4Use GPU: 1 for testing, rank no.1 of world_size 4Use GPU: 3 for testing, rank no.3 of world_size 4Use GPU: 0 for testing, rank no.0 of world_size 4



==========
Args:Namespace(arch='vgg16', data_dir='/blue/hmedeiros/m.maqboolbhutta/codes/OpenIBL/examples/data', dataset='pitts', fast_scnn='/home/m.maqboolbhutta/usman_ws/datasets/official/fast_scnn/fast_scnn_citys.pth', features=4096, gpu=0, height=480, lambda_value=0, launcher='pytorch', logs_dir='/blue/hmedeiros/m.maqboolbhutta/codes/OpenIBL/examples/logs', method='graphvlad', ngpus_per_node=4, nowhiten=False, num_clusters=64, print_freq=10, rank=0, reduction=True, rerank=False, resume='/home/m.maqboolbhutta/usman_ws/models/openibl/0915-try2/vgg16-graphvlad_SFRS-sare_ind-pitts30k-lr0.001-tuple4-17-Sep/checkpoint1_3.pth.tar', rr_topk=25, scale='250k', sync_gather=False, tcp_port='5017', test_batch_size=16, vlad=True, width=640, workers=2, world_size=4)
==========
Pittsburgh dataset loaded
  subset        | # pids | # images
  ---------------------------------
  train_query   |   332  |     7800
  train_gallery |  3811  |    91464
  val_query     |   319  |     7608
  val_gallery   |  3277  |    78648
  test_query    |   347  |     8280
  test_gallery  |  3498  |    83952
===> Loading segmentation model
=> Loaded checkpoint '/home/m.maqboolbhutta/usman_ws/models/openibl/0915-try2/vgg16-graphvlad_SFRS-sare_ind-pitts30k-lr0.001-tuple4-17-Sep/checkpoint1_3.pth.tar'
=> Start epoch 3  best recall5 96.9%
Extract Features: [100/271]	Time 0.195 (0.288)	Data 0.000 (0.049)	
Extract Features: [200/271]	Time 0.204 (0.246)	Data 0.000 (0.024)	
gathering features from rank no.0
gathering features from rank no.1
gathering features from rank no.2
gathering features from rank no.3
calculating PCA parameters...
================= PCA RESULT ==================
U: (32768, 4096)
lams: (4096,)
mu: (32768, 1)
Utmu: (4096, 1)
===============================================
PCA layer is trained
==========################=============
 Done Testing with /home/m.maqboolbhutta/usman_ws/models/openibl/0915-try2/vgg16-graphvlad_SFRS-sare_ind-pitts30k-lr0.001-tuple4-17-Sep/checkpoint1_3.pth.tar file on Pitts250k...
=======================================
==========################=============
 Testing /home/m.maqboolbhutta/usman_ws/models/openibl/0915-try2/vgg16-graphvlad_SFRS-sare_ind-pitts30k-lr0.001-tuple4-17-Sep/checkpoint1_4.pth.tar file on Pitts250k...
=======================================
Use GPU: 0 for testing, rank no.0 of world_size 4Use GPU: 2 for testing, rank no.2 of world_size 4Use GPU: 1 for testing, rank no.1 of world_size 4Use GPU: 3 for testing, rank no.3 of world_size 4



==========
Args:Namespace(arch='vgg16', data_dir='/blue/hmedeiros/m.maqboolbhutta/codes/OpenIBL/examples/data', dataset='pitts', fast_scnn='/home/m.maqboolbhutta/usman_ws/datasets/official/fast_scnn/fast_scnn_citys.pth', features=4096, gpu=0, height=480, lambda_value=0, launcher='pytorch', logs_dir='/blue/hmedeiros/m.maqboolbhutta/codes/OpenIBL/examples/logs', method='graphvlad', ngpus_per_node=4, nowhiten=False, num_clusters=64, print_freq=10, rank=0, reduction=True, rerank=False, resume='/home/m.maqboolbhutta/usman_ws/models/openibl/0915-try2/vgg16-graphvlad_SFRS-sare_ind-pitts30k-lr0.001-tuple4-17-Sep/checkpoint1_4.pth.tar', rr_topk=25, scale='250k', sync_gather=False, tcp_port='5017', test_batch_size=16, vlad=True, width=640, workers=2, world_size=4)
==========
Pittsburgh dataset loaded
  subset        | # pids | # images
  ---------------------------------
  train_query   |   332  |     7800
  train_gallery |  3811  |    91464
  val_query     |   319  |     7608
  val_gallery   |  3277  |    78648
  test_query    |   347  |     8280
  test_gallery  |  3498  |    83952
===> Loading segmentation model
=> Loaded checkpoint '/home/m.maqboolbhutta/usman_ws/models/openibl/0915-try2/vgg16-graphvlad_SFRS-sare_ind-pitts30k-lr0.001-tuple4-17-Sep/checkpoint1_4.pth.tar'
=> Start epoch 4  best recall5 96.9%
Extract Features: [100/271]	Time 0.176 (0.267)	Data 0.000 (0.048)	
Extract Features: [200/271]	Time 0.185 (0.224)	Data 0.000 (0.024)	
gathering features from rank no.0
gathering features from rank no.1
gathering features from rank no.2
gathering features from rank no.3
calculating PCA parameters...
================= PCA RESULT ==================
U: (32768, 4096)
lams: (4096,)
mu: (32768, 1)
Utmu: (4096, 1)
===============================================
PCA layer is trained
==========################=============
 Done Testing with /home/m.maqboolbhutta/usman_ws/models/openibl/0915-try2/vgg16-graphvlad_SFRS-sare_ind-pitts30k-lr0.001-tuple4-17-Sep/checkpoint1_4.pth.tar file on Pitts250k...
=======================================
==========################=============
 Testing /home/m.maqboolbhutta/usman_ws/models/openibl/0915-try2/vgg16-graphvlad_SFRS-sare_ind-pitts30k-lr0.001-tuple4-17-Sep/checkpoint2_0.pth.tar file on Pitts250k...
=======================================
Use GPU: 1 for testing, rank no.1 of world_size 4Use GPU: 0 for testing, rank no.0 of world_size 4Use GPU: 2 for testing, rank no.2 of world_size 4Use GPU: 3 for testing, rank no.3 of world_size 4



==========
Args:Namespace(arch='vgg16', data_dir='/blue/hmedeiros/m.maqboolbhutta/codes/OpenIBL/examples/data', dataset='pitts', fast_scnn='/home/m.maqboolbhutta/usman_ws/datasets/official/fast_scnn/fast_scnn_citys.pth', features=4096, gpu=0, height=480, lambda_value=0, launcher='pytorch', logs_dir='/blue/hmedeiros/m.maqboolbhutta/codes/OpenIBL/examples/logs', method='graphvlad', ngpus_per_node=4, nowhiten=False, num_clusters=64, print_freq=10, rank=0, reduction=True, rerank=False, resume='/home/m.maqboolbhutta/usman_ws/models/openibl/0915-try2/vgg16-graphvlad_SFRS-sare_ind-pitts30k-lr0.001-tuple4-17-Sep/checkpoint2_0.pth.tar', rr_topk=25, scale='250k', sync_gather=False, tcp_port='5017', test_batch_size=16, vlad=True, width=640, workers=2, world_size=4)
==========
Pittsburgh dataset loaded
  subset        | # pids | # images
  ---------------------------------
  train_query   |   332  |     7800
  train_gallery |  3811  |    91464
  val_query     |   319  |     7608
  val_gallery   |  3277  |    78648
  test_query    |   347  |     8280
  test_gallery  |  3498  |    83952
===> Loading segmentation model
=> Loaded checkpoint '/home/m.maqboolbhutta/usman_ws/models/openibl/0915-try2/vgg16-graphvlad_SFRS-sare_ind-pitts30k-lr0.001-tuple4-17-Sep/checkpoint2_0.pth.tar'
=> Start epoch 0  best recall5 96.9%
Extract Features: [100/271]	Time 0.217 (0.290)	Data 0.000 (0.048)	
Extract Features: [200/271]	Time 0.196 (0.246)	Data 0.000 (0.024)	
gathering features from rank no.0
gathering features from rank no.1
gathering features from rank no.2
gathering features from rank no.3
calculating PCA parameters...
================= PCA RESULT ==================
U: (32768, 4096)
lams: (4096,)
mu: (32768, 1)
Utmu: (4096, 1)
===============================================
PCA layer is trained
==========################=============
 Done Testing with /home/m.maqboolbhutta/usman_ws/models/openibl/0915-try2/vgg16-graphvlad_SFRS-sare_ind-pitts30k-lr0.001-tuple4-17-Sep/checkpoint2_0.pth.tar file on Pitts250k...
=======================================
==========################=============
 Testing /home/m.maqboolbhutta/usman_ws/models/openibl/0915-try2/vgg16-graphvlad_SFRS-sare_ind-pitts30k-lr0.001-tuple4-17-Sep/checkpoint2_1.pth.tar file on Pitts250k...
=======================================
Use GPU: 0 for testing, rank no.0 of world_size 4Use GPU: 2 for testing, rank no.2 of world_size 4Use GPU: 3 for testing, rank no.3 of world_size 4Use GPU: 1 for testing, rank no.1 of world_size 4



==========
Args:Namespace(arch='vgg16', data_dir='/blue/hmedeiros/m.maqboolbhutta/codes/OpenIBL/examples/data', dataset='pitts', fast_scnn='/home/m.maqboolbhutta/usman_ws/datasets/official/fast_scnn/fast_scnn_citys.pth', features=4096, gpu=0, height=480, lambda_value=0, launcher='pytorch', logs_dir='/blue/hmedeiros/m.maqboolbhutta/codes/OpenIBL/examples/logs', method='graphvlad', ngpus_per_node=4, nowhiten=False, num_clusters=64, print_freq=10, rank=0, reduction=True, rerank=False, resume='/home/m.maqboolbhutta/usman_ws/models/openibl/0915-try2/vgg16-graphvlad_SFRS-sare_ind-pitts30k-lr0.001-tuple4-17-Sep/checkpoint2_1.pth.tar', rr_topk=25, scale='250k', sync_gather=False, tcp_port='5017', test_batch_size=16, vlad=True, width=640, workers=2, world_size=4)
==========
Pittsburgh dataset loaded
  subset        | # pids | # images
  ---------------------------------
  train_query   |   332  |     7800
  train_gallery |  3811  |    91464
  val_query     |   319  |     7608
  val_gallery   |  3277  |    78648
  test_query    |   347  |     8280
  test_gallery  |  3498  |    83952
===> Loading segmentation model
=> Loaded checkpoint '/home/m.maqboolbhutta/usman_ws/models/openibl/0915-try2/vgg16-graphvlad_SFRS-sare_ind-pitts30k-lr0.001-tuple4-17-Sep/checkpoint2_1.pth.tar'
=> Start epoch 1  best recall5 96.9%
Extract Features: [100/271]	Time 0.165 (0.249)	Data 0.000 (0.049)	
Extract Features: [200/271]	Time 0.155 (0.206)	Data 0.000 (0.025)	
gathering features from rank no.0
gathering features from rank no.1
gathering features from rank no.2
gathering features from rank no.3
calculating PCA parameters...
================= PCA RESULT ==================
U: (32768, 4096)
lams: (4096,)
mu: (32768, 1)
Utmu: (4096, 1)
===============================================
PCA layer is trained
==========################=============
 Done Testing with /home/m.maqboolbhutta/usman_ws/models/openibl/0915-try2/vgg16-graphvlad_SFRS-sare_ind-pitts30k-lr0.001-tuple4-17-Sep/checkpoint2_1.pth.tar file on Pitts250k...
=======================================
==========################=============
 Testing /home/m.maqboolbhutta/usman_ws/models/openibl/0915-try2/vgg16-graphvlad_SFRS-sare_ind-pitts30k-lr0.001-tuple4-17-Sep/checkpoint2_2.pth.tar file on Pitts250k...
=======================================
Use GPU: 1 for testing, rank no.1 of world_size 4Use GPU: 3 for testing, rank no.3 of world_size 4Use GPU: 2 for testing, rank no.2 of world_size 4Use GPU: 0 for testing, rank no.0 of world_size 4



==========
Args:Namespace(arch='vgg16', data_dir='/blue/hmedeiros/m.maqboolbhutta/codes/OpenIBL/examples/data', dataset='pitts', fast_scnn='/home/m.maqboolbhutta/usman_ws/datasets/official/fast_scnn/fast_scnn_citys.pth', features=4096, gpu=0, height=480, lambda_value=0, launcher='pytorch', logs_dir='/blue/hmedeiros/m.maqboolbhutta/codes/OpenIBL/examples/logs', method='graphvlad', ngpus_per_node=4, nowhiten=False, num_clusters=64, print_freq=10, rank=0, reduction=True, rerank=False, resume='/home/m.maqboolbhutta/usman_ws/models/openibl/0915-try2/vgg16-graphvlad_SFRS-sare_ind-pitts30k-lr0.001-tuple4-17-Sep/checkpoint2_2.pth.tar', rr_topk=25, scale='250k', sync_gather=False, tcp_port='5017', test_batch_size=16, vlad=True, width=640, workers=2, world_size=4)
==========
Pittsburgh dataset loaded
  subset        | # pids | # images
  ---------------------------------
  train_query   |   332  |     7800
  train_gallery |  3811  |    91464
  val_query     |   319  |     7608
  val_gallery   |  3277  |    78648
  test_query    |   347  |     8280
  test_gallery  |  3498  |    83952
===> Loading segmentation model
=> Loaded checkpoint '/home/m.maqboolbhutta/usman_ws/models/openibl/0915-try2/vgg16-graphvlad_SFRS-sare_ind-pitts30k-lr0.001-tuple4-17-Sep/checkpoint2_2.pth.tar'
=> Start epoch 2  best recall5 96.9%
Extract Features: [100/271]	Time 0.183 (0.270)	Data 0.000 (0.047)	
Extract Features: [200/271]	Time 0.196 (0.226)	Data 0.000 (0.023)	
gathering features from rank no.0
gathering features from rank no.1
gathering features from rank no.2
gathering features from rank no.3
calculating PCA parameters...
================= PCA RESULT ==================
U: (32768, 4096)
lams: (4096,)
mu: (32768, 1)
Utmu: (4096, 1)
===============================================
PCA layer is trained
==========################=============
 Done Testing with /home/m.maqboolbhutta/usman_ws/models/openibl/0915-try2/vgg16-graphvlad_SFRS-sare_ind-pitts30k-lr0.001-tuple4-17-Sep/checkpoint2_2.pth.tar file on Pitts250k...
=======================================
==========################=============
 Testing /home/m.maqboolbhutta/usman_ws/models/openibl/0915-try2/vgg16-graphvlad_SFRS-sare_ind-pitts30k-lr0.001-tuple4-17-Sep/checkpoint2_3.pth.tar file on Pitts250k...
=======================================
Use GPU: 3 for testing, rank no.3 of world_size 4Use GPU: 0 for testing, rank no.0 of world_size 4Use GPU: 2 for testing, rank no.2 of world_size 4Use GPU: 1 for testing, rank no.1 of world_size 4



==========
Args:Namespace(arch='vgg16', data_dir='/blue/hmedeiros/m.maqboolbhutta/codes/OpenIBL/examples/data', dataset='pitts', fast_scnn='/home/m.maqboolbhutta/usman_ws/datasets/official/fast_scnn/fast_scnn_citys.pth', features=4096, gpu=0, height=480, lambda_value=0, launcher='pytorch', logs_dir='/blue/hmedeiros/m.maqboolbhutta/codes/OpenIBL/examples/logs', method='graphvlad', ngpus_per_node=4, nowhiten=False, num_clusters=64, print_freq=10, rank=0, reduction=True, rerank=False, resume='/home/m.maqboolbhutta/usman_ws/models/openibl/0915-try2/vgg16-graphvlad_SFRS-sare_ind-pitts30k-lr0.001-tuple4-17-Sep/checkpoint2_3.pth.tar', rr_topk=25, scale='250k', sync_gather=False, tcp_port='5017', test_batch_size=16, vlad=True, width=640, workers=2, world_size=4)
==========
Pittsburgh dataset loaded
  subset        | # pids | # images
  ---------------------------------
  train_query   |   332  |     7800
  train_gallery |  3811  |    91464
  val_query     |   319  |     7608
  val_gallery   |  3277  |    78648
  test_query    |   347  |     8280
  test_gallery  |  3498  |    83952
===> Loading segmentation model
=> Loaded checkpoint '/home/m.maqboolbhutta/usman_ws/models/openibl/0915-try2/vgg16-graphvlad_SFRS-sare_ind-pitts30k-lr0.001-tuple4-17-Sep/checkpoint2_3.pth.tar'
=> Start epoch 3  best recall5 96.9%
Extract Features: [100/271]	Time 0.162 (0.250)	Data 0.000 (0.048)	
Extract Features: [200/271]	Time 0.155 (0.207)	Data 0.000 (0.024)	
gathering features from rank no.0
gathering features from rank no.1
gathering features from rank no.2
gathering features from rank no.3
calculating PCA parameters...
================= PCA RESULT ==================
U: (32768, 4096)
lams: (4096,)
mu: (32768, 1)
Utmu: (4096, 1)
===============================================
PCA layer is trained
==========################=============
 Done Testing with /home/m.maqboolbhutta/usman_ws/models/openibl/0915-try2/vgg16-graphvlad_SFRS-sare_ind-pitts30k-lr0.001-tuple4-17-Sep/checkpoint2_3.pth.tar file on Pitts250k...
=======================================
==========################=============
 Testing /home/m.maqboolbhutta/usman_ws/models/openibl/0915-try2/vgg16-graphvlad_SFRS-sare_ind-pitts30k-lr0.001-tuple4-17-Sep/checkpoint2_4.pth.tar file on Pitts250k...
=======================================
Use GPU: 3 for testing, rank no.3 of world_size 4Use GPU: 2 for testing, rank no.2 of world_size 4Use GPU: 1 for testing, rank no.1 of world_size 4Use GPU: 0 for testing, rank no.0 of world_size 4



==========
Args:Namespace(arch='vgg16', data_dir='/blue/hmedeiros/m.maqboolbhutta/codes/OpenIBL/examples/data', dataset='pitts', fast_scnn='/home/m.maqboolbhutta/usman_ws/datasets/official/fast_scnn/fast_scnn_citys.pth', features=4096, gpu=0, height=480, lambda_value=0, launcher='pytorch', logs_dir='/blue/hmedeiros/m.maqboolbhutta/codes/OpenIBL/examples/logs', method='graphvlad', ngpus_per_node=4, nowhiten=False, num_clusters=64, print_freq=10, rank=0, reduction=True, rerank=False, resume='/home/m.maqboolbhutta/usman_ws/models/openibl/0915-try2/vgg16-graphvlad_SFRS-sare_ind-pitts30k-lr0.001-tuple4-17-Sep/checkpoint2_4.pth.tar', rr_topk=25, scale='250k', sync_gather=False, tcp_port='5017', test_batch_size=16, vlad=True, width=640, workers=2, world_size=4)
==========
Pittsburgh dataset loaded
  subset        | # pids | # images
  ---------------------------------
  train_query   |   332  |     7800
  train_gallery |  3811  |    91464
  val_query     |   319  |     7608
  val_gallery   |  3277  |    78648
  test_query    |   347  |     8280
  test_gallery  |  3498  |    83952
===> Loading segmentation model
=> Loaded checkpoint '/home/m.maqboolbhutta/usman_ws/models/openibl/0915-try2/vgg16-graphvlad_SFRS-sare_ind-pitts30k-lr0.001-tuple4-17-Sep/checkpoint2_4.pth.tar'
=> Start epoch 4  best recall5 96.9%
Extract Features: [100/271]	Time 0.169 (0.263)	Data 0.000 (0.048)	
Extract Features: [200/271]	Time 0.166 (0.218)	Data 0.000 (0.024)	
gathering features from rank no.0
gathering features from rank no.1
gathering features from rank no.2
gathering features from rank no.3
calculating PCA parameters...
================= PCA RESULT ==================
U: (32768, 4096)
lams: (4096,)
mu: (32768, 1)
Utmu: (4096, 1)
===============================================
PCA layer is trained
==========################=============
 Done Testing with /home/m.maqboolbhutta/usman_ws/models/openibl/0915-try2/vgg16-graphvlad_SFRS-sare_ind-pitts30k-lr0.001-tuple4-17-Sep/checkpoint2_4.pth.tar file on Pitts250k...
=======================================
==========################=============
 Testing /home/m.maqboolbhutta/usman_ws/models/openibl/0915-try2/vgg16-graphvlad_SFRS-sare_ind-pitts30k-lr0.001-tuple4-17-Sep/checkpoint3_0.pth.tar file on Pitts250k...
=======================================
Use GPU: 2 for testing, rank no.2 of world_size 4Use GPU: 1 for testing, rank no.1 of world_size 4Use GPU: 3 for testing, rank no.3 of world_size 4Use GPU: 0 for testing, rank no.0 of world_size 4



==========
Args:Namespace(arch='vgg16', data_dir='/blue/hmedeiros/m.maqboolbhutta/codes/OpenIBL/examples/data', dataset='pitts', fast_scnn='/home/m.maqboolbhutta/usman_ws/datasets/official/fast_scnn/fast_scnn_citys.pth', features=4096, gpu=0, height=480, lambda_value=0, launcher='pytorch', logs_dir='/blue/hmedeiros/m.maqboolbhutta/codes/OpenIBL/examples/logs', method='graphvlad', ngpus_per_node=4, nowhiten=False, num_clusters=64, print_freq=10, rank=0, reduction=True, rerank=False, resume='/home/m.maqboolbhutta/usman_ws/models/openibl/0915-try2/vgg16-graphvlad_SFRS-sare_ind-pitts30k-lr0.001-tuple4-17-Sep/checkpoint3_0.pth.tar', rr_topk=25, scale='250k', sync_gather=False, tcp_port='5017', test_batch_size=16, vlad=True, width=640, workers=2, world_size=4)
==========
Pittsburgh dataset loaded
  subset        | # pids | # images
  ---------------------------------
  train_query   |   332  |     7800
  train_gallery |  3811  |    91464
  val_query     |   319  |     7608
  val_gallery   |  3277  |    78648
  test_query    |   347  |     8280
  test_gallery  |  3498  |    83952
===> Loading segmentation model
=> Loaded checkpoint '/home/m.maqboolbhutta/usman_ws/models/openibl/0915-try2/vgg16-graphvlad_SFRS-sare_ind-pitts30k-lr0.001-tuple4-17-Sep/checkpoint3_0.pth.tar'
=> Start epoch 0  best recall5 96.9%
Extract Features: [100/271]	Time 0.178 (0.276)	Data 0.000 (0.050)	
Extract Features: [200/271]	Time 0.177 (0.227)	Data 0.000 (0.025)	
gathering features from rank no.0
gathering features from rank no.1
gathering features from rank no.2
gathering features from rank no.3
calculating PCA parameters...
================= PCA RESULT ==================
U: (32768, 4096)
lams: (4096,)
mu: (32768, 1)
Utmu: (4096, 1)
===============================================
PCA layer is trained
==========################=============
 Done Testing with /home/m.maqboolbhutta/usman_ws/models/openibl/0915-try2/vgg16-graphvlad_SFRS-sare_ind-pitts30k-lr0.001-tuple4-17-Sep/checkpoint3_0.pth.tar file on Pitts250k...
=======================================
==========################=============
 Testing /home/m.maqboolbhutta/usman_ws/models/openibl/0915-try2/vgg16-graphvlad_SFRS-sare_ind-pitts30k-lr0.001-tuple4-17-Sep/model_best.pth.tar file on Pitts250k...
=======================================
Use GPU: 2 for testing, rank no.2 of world_size 4Use GPU: 3 for testing, rank no.3 of world_size 4Use GPU: 0 for testing, rank no.0 of world_size 4Use GPU: 1 for testing, rank no.1 of world_size 4



==========
Args:Namespace(arch='vgg16', data_dir='/blue/hmedeiros/m.maqboolbhutta/codes/OpenIBL/examples/data', dataset='pitts', fast_scnn='/home/m.maqboolbhutta/usman_ws/datasets/official/fast_scnn/fast_scnn_citys.pth', features=4096, gpu=0, height=480, lambda_value=0, launcher='pytorch', logs_dir='/blue/hmedeiros/m.maqboolbhutta/codes/OpenIBL/examples/logs', method='graphvlad', ngpus_per_node=4, nowhiten=False, num_clusters=64, print_freq=10, rank=0, reduction=True, rerank=False, resume='/home/m.maqboolbhutta/usman_ws/models/openibl/0915-try2/vgg16-graphvlad_SFRS-sare_ind-pitts30k-lr0.001-tuple4-17-Sep/model_best.pth.tar', rr_topk=25, scale='250k', sync_gather=False, tcp_port='5017', test_batch_size=16, vlad=True, width=640, workers=2, world_size=4)
==========
Pittsburgh dataset loaded
  subset        | # pids | # images
  ---------------------------------
  train_query   |   332  |     7800
  train_gallery |  3811  |    91464
  val_query     |   319  |     7608
  val_gallery   |  3277  |    78648
  test_query    |   347  |     8280
  test_gallery  |  3498  |    83952
===> Loading segmentation model
=> Loaded checkpoint '/home/m.maqboolbhutta/usman_ws/models/openibl/0915-try2/vgg16-graphvlad_SFRS-sare_ind-pitts30k-lr0.001-tuple4-17-Sep/model_best.pth.tar'
=> Start epoch 3  best recall5 96.9%
Extract Features: [100/271]	Time 0.172 (0.267)	Data 0.000 (0.048)	
Extract Features: [200/271]	Time 0.172 (0.222)	Data 0.000 (0.024)	
gathering features from rank no.0
gathering features from rank no.1
gathering features from rank no.2
gathering features from rank no.3
calculating PCA parameters...
================= PCA RESULT ==================
U: (32768, 4096)
lams: (4096,)
mu: (32768, 1)
Utmu: (4096, 1)
===============================================
PCA layer is trained
==========################=============
 Done Testing with /home/m.maqboolbhutta/usman_ws/models/openibl/0915-try2/vgg16-graphvlad_SFRS-sare_ind-pitts30k-lr0.001-tuple4-17-Sep/model_best.pth.tar file on Pitts250k...
=======================================
