Mon Sep 23 07:35:28 EDT 2024
/home/m.maqboolbhutta/usman_ws/codes/OpenIBL
/home/m.maqboolbhutta/.conda/envs/openibl/bin/python
Host: c0900a-s29
Other nodes: 
==========Testing=============
/home/m.maqboolbhutta/usman_ws/models/openibl/0921-try4/vgg16-graphvlad_SFRS-sare_ind-pitts30k-lr0.001-tuple4-21-Sep/checkpoint2_4.pth.tar
==============================
==========################=============
 Testing /home/m.maqboolbhutta/usman_ws/models/openibl/0921-try4/vgg16-graphvlad_SFRS-sare_ind-pitts30k-lr0.001-tuple4-21-Sep/checkpoint2_4.pth.tar file on Pitts250k...
=======================================
Use GPU: 3 for testing, rank no.3 of world_size 4Use GPU: 1 for testing, rank no.1 of world_size 4Use GPU: 0 for testing, rank no.0 of world_size 4Use GPU: 2 for testing, rank no.2 of world_size 4



==========
Args:Namespace(arch='vgg16', data_dir='/blue/hmedeiros/m.maqboolbhutta/codes/OpenIBL/examples/data', dataset='pitts', fast_scnn='/home/m.maqboolbhutta/usman_ws/datasets/official/fast_scnn/fast_scnn_citys.pth', features=4096, gpu=0, height=480, lambda_value=0, launcher='pytorch', logs_dir='/blue/hmedeiros/m.maqboolbhutta/codes/OpenIBL/examples/logs', method='graphvlad', ngpus_per_node=4, nowhiten=False, num_clusters=64, print_freq=10, rank=0, reduction=True, rerank=False, resume='/home/m.maqboolbhutta/usman_ws/models/openibl/0921-try4/vgg16-graphvlad_SFRS-sare_ind-pitts30k-lr0.001-tuple4-21-Sep/checkpoint2_4.pth.tar', rr_topk=25, scale='250k', sync_gather=False, tcp_port='5017', test_batch_size=16, vlad=True, width=640, workers=2, world_size=4)
==========
Pittsburgh dataset loaded
  subset        | # pids | # images
  ---------------------------------
  train_query   |   332  |     7800
  train_gallery |  3811  |    91464
  val_query     |   319  |     7608
  val_gallery   |  3277  |    78648
  test_query    |   347  |     8280
  test_gallery  |  3498  |    83952
===> Loading segmentation model
=> Loaded checkpoint '/home/m.maqboolbhutta/usman_ws/models/openibl/0921-try4/vgg16-graphvlad_SFRS-sare_ind-pitts30k-lr0.001-tuple4-21-Sep/checkpoint2_4.pth.tar'
=> Start epoch 4  best recall5 96.7%
Extract Features: [100/271]	Time 0.230 (0.320)	Data 0.000 (0.052)	
Extract Features: [200/271]	Time 0.209 (0.270)	Data 0.000 (0.026)	
gathering features from rank no.0
gathering features from rank no.1
gathering features from rank no.2
gathering features from rank no.3
calculating PCA parameters...
================= PCA RESULT ==================
U: (32768, 4096)
lams: (4096,)
mu: (32768, 1)
Utmu: (4096, 1)
===============================================
Evaluate on the test set:
load PCA parameters...
Extract Features: [100/130]	Time 0.194 (0.246)	Data 0.000 (0.058)	
gathering features from rank no.0
gathering features from rank no.1
gathering features from rank no.2
gathering features from rank no.3
load PCA parameters...
Extract Features: [100/1312]	Time 0.226 (0.279)	Data 0.000 (0.054)	
Extract Features: [200/1312]	Time 0.217 (0.246)	Data 0.000 (0.027)	
Extract Features: [300/1312]	Time 0.220 (0.236)	Data 0.001 (0.018)	
Extract Features: [400/1312]	Time 0.226 (0.235)	Data 0.000 (0.014)	
Extract Features: [500/1312]	Time 0.228 (0.233)	Data 0.000 (0.011)	
Extract Features: [600/1312]	Time 0.238 (0.233)	Data 0.000 (0.009)	
Extract Features: [700/1312]	Time 0.213 (0.232)	Data 0.000 (0.008)	
Extract Features: [800/1312]	Time 0.213 (0.230)	Data 0.000 (0.007)	
Extract Features: [900/1312]	Time 0.224 (0.230)	Data 0.000 (0.006)	
Extract Features: [1000/1312]	Time 0.229 (0.229)	Data 0.001 (0.006)	
Extract Features: [1100/1312]	Time 0.244 (0.230)	Data 0.000 (0.005)	
Extract Features: [1200/1312]	Time 0.193 (0.228)	Data 0.000 (0.005)	
Extract Features: [1300/1312]	Time 0.204 (0.226)	Data 0.000 (0.004)	
gathering features from rank no.0
gathering features from rank no.1
gathering features from rank no.2
gathering features from rank no.3
===> Start calculating pairwise distances
===> Start calculating recalls
Recall Scores:
  top-1          90.8%
  top-5          96.1%
  top-10         97.4%
Data has been appended to test_result/recall_results.csv
==========################=============
 Done Testing with /home/m.maqboolbhutta/usman_ws/models/openibl/0921-try4/vgg16-graphvlad_SFRS-sare_ind-pitts30k-lr0.001-tuple4-21-Sep/checkpoint2_4.pth.tar file on Pitts250k...
=======================================
==========################=============
 Testing /home/m.maqboolbhutta/usman_ws/models/openibl/0921-try4/vgg16-graphvlad_SFRS-sare_ind-pitts30k-lr0.001-tuple4-21-Sep/checkpoint2_4.pth.tar file on Pitts30k...
=======================================
Use GPU: 3 for testing, rank no.3 of world_size 4Use GPU: 0 for testing, rank no.0 of world_size 4Use GPU: 1 for testing, rank no.1 of world_size 4Use GPU: 2 for testing, rank no.2 of world_size 4



==========
Args:Namespace(arch='vgg16', data_dir='/blue/hmedeiros/m.maqboolbhutta/codes/OpenIBL/examples/data', dataset='pitts', fast_scnn='/home/m.maqboolbhutta/usman_ws/datasets/official/fast_scnn/fast_scnn_citys.pth', features=4096, gpu=0, height=480, lambda_value=0, launcher='pytorch', logs_dir='/blue/hmedeiros/m.maqboolbhutta/codes/OpenIBL/examples/logs', method='graphvlad', ngpus_per_node=4, nowhiten=False, num_clusters=64, print_freq=10, rank=0, reduction=True, rerank=False, resume='/home/m.maqboolbhutta/usman_ws/models/openibl/0921-try4/vgg16-graphvlad_SFRS-sare_ind-pitts30k-lr0.001-tuple4-21-Sep/checkpoint2_4.pth.tar', rr_topk=25, scale='30k', sync_gather=False, tcp_port='5017', test_batch_size=16, vlad=True, width=640, workers=2, world_size=4)
==========
Pittsburgh dataset loaded
  subset        | # pids | # images
  ---------------------------------
  train_query   |   311  |     7320
  train_gallery |   417  |    10000
  val_query     |   319  |     7608
  val_gallery   |   417  |    10000
  test_query    |   286  |     6816
  test_gallery  |   417  |    10000
===> Loading segmentation model
=> Loaded checkpoint '/home/m.maqboolbhutta/usman_ws/models/openibl/0921-try4/vgg16-graphvlad_SFRS-sare_ind-pitts30k-lr0.001-tuple4-21-Sep/checkpoint2_4.pth.tar'
=> Start epoch 4  best recall5 96.7%
Evaluate on the test set:
load PCA parameters...
Extract Features: [100/107]	Time 0.199 (0.278)	Data 0.000 (0.047)	
gathering features from rank no.0
gathering features from rank no.1
gathering features from rank no.2
gathering features from rank no.3
load PCA parameters...
Extract Features: [100/157]	Time 0.201 (0.256)	Data 0.000 (0.052)	
gathering features from rank no.0
gathering features from rank no.1
gathering features from rank no.2
gathering features from rank no.3
===> Start calculating pairwise distances
===> Start calculating recalls
Recall Scores:
  top-1          89.2%
  top-5          94.5%
  top-10         95.9%
Data has been appended to test_result/recall_results.csv
==========################=============
 Done Testing with /home/m.maqboolbhutta/usman_ws/models/openibl/0921-try4/vgg16-graphvlad_SFRS-sare_ind-pitts30k-lr0.001-tuple4-21-Sep/checkpoint2_4.pth.tar file on Pitts30k...
=======================================
==========################=============
 Testing /home/m.maqboolbhutta/usman_ws/models/openibl/0921-try4/vgg16-graphvlad_SFRS-sare_ind-pitts30k-lr0.001-tuple4-21-Sep/checkpoint2_4.pth.tar file on Tokyo...
=======================================
Use GPU: 1 for testing, rank no.1 of world_size 4Use GPU: 0 for testing, rank no.0 of world_size 4Use GPU: 2 for testing, rank no.2 of world_size 4Use GPU: 3 for testing, rank no.3 of world_size 4



==========
Args:Namespace(arch='vgg16', data_dir='/blue/hmedeiros/m.maqboolbhutta/codes/OpenIBL/examples/data', dataset='tokyo', fast_scnn='/home/m.maqboolbhutta/usman_ws/datasets/official/fast_scnn/fast_scnn_citys.pth', features=4096, gpu=0, height=480, lambda_value=0, launcher='pytorch', logs_dir='/blue/hmedeiros/m.maqboolbhutta/codes/OpenIBL/examples/logs', method='graphvlad', ngpus_per_node=4, nowhiten=False, num_clusters=64, print_freq=10, rank=0, reduction=True, rerank=False, resume='/home/m.maqboolbhutta/usman_ws/models/openibl/0921-try4/vgg16-graphvlad_SFRS-sare_ind-pitts30k-lr0.001-tuple4-21-Sep/checkpoint2_4.pth.tar', rr_topk=25, scale='30k', sync_gather=False, tcp_port='5017', test_batch_size=16, vlad=True, width=640, workers=2, world_size=4)
==========
Tokyo dataset loaded
  subset        | # pids | # images
  ---------------------------------
  train_query   |  4035  |    48420
  train_gallery |  4092  |    49104
  val_query     |  1308  |    15696
  val_gallery   |  2780  |    33360
  test_query    |    35  |      315
  test_gallery  |  6254  |    75984
===> Loading segmentation model
=> Loaded checkpoint '/home/m.maqboolbhutta/usman_ws/models/openibl/0921-try4/vgg16-graphvlad_SFRS-sare_ind-pitts30k-lr0.001-tuple4-21-Sep/checkpoint2_4.pth.tar'
=> Start epoch 4  best recall5 96.7%
Evaluate on the test set:
load PCA parameters...
gathering features from rank no.0
gathering features from rank no.1
gathering features from rank no.2
gathering features from rank no.3
load PCA parameters...
Extract Features: [100/1188]	Time 0.191 (0.272)	Data 0.000 (0.054)	
Extract Features: [200/1188]	Time 0.182 (0.229)	Data 0.000 (0.027)	
Extract Features: [300/1188]	Time 0.186 (0.215)	Data 0.000 (0.018)	
Extract Features: [400/1188]	Time 0.203 (0.209)	Data 0.000 (0.014)	
Extract Features: [500/1188]	Time 0.196 (0.205)	Data 0.000 (0.011)	
Extract Features: [600/1188]	Time 0.200 (0.203)	Data 0.000 (0.009)	
Extract Features: [700/1188]	Time 0.175 (0.201)	Data 0.000 (0.008)	
Extract Features: [800/1188]	Time 0.188 (0.200)	Data 0.000 (0.007)	
Extract Features: [900/1188]	Time 0.176 (0.198)	Data 0.000 (0.006)	
Extract Features: [1000/1188]	Time 0.203 (0.198)	Data 0.000 (0.006)	
Extract Features: [1100/1188]	Time 0.191 (0.197)	Data 0.000 (0.005)	
gathering features from rank no.0
gathering features from rank no.1
gathering features from rank no.2
gathering features from rank no.3
===> Start calculating pairwise distances
===> Start calculating recalls
Recall Scores:
  top-1          84.8%
  top-5          91.4%
  top-10         93.7%
Data has been appended to test_result/recall_results.csv
==========################=============
 Done Testing with /home/m.maqboolbhutta/usman_ws/models/openibl/0921-try4/vgg16-graphvlad_SFRS-sare_ind-pitts30k-lr0.001-tuple4-21-Sep/checkpoint2_4.pth.tar file on Tokyo...
=======================================
