Thu Sep 19 14:39:13 EDT 2024
/home/m.maqboolbhutta/usman_ws/codes/openibl4
/home/m.maqboolbhutta/.conda/envs/openibl4/bin/python
Host: c1009a-s29
Other nodes: 
/home/m.maqboolbhutta/usman_ws/models/openibl/openibl5-9d8f-try3-norm/vgg16-graphvlad_SFRS-sare_ind-pitts30k-lr0.001-tuple4-19-Sep
==========Starting Training=============
========================================
Use GPU: 0 for training, rank no.0 of world_size 4
Use GPU: 1 for training, rank no.1 of world_size 4
Use GPU: 2 for training, rank no.2 of world_size 4
Use GPU: 3 for training, rank no.3 of world_size 4
==========
Args:Namespace(arch='vgg16', cache_size=1000, data_dir='/home/m.maqboolbhutta/usman_ws/codes/OpenIBL/examples/data/', dataset='pitts', deterministic=False, epochs=5, eval_step=1, fast_scnn='/home/m.maqboolbhutta/usman_ws/datasets/official/fast_scnn/fast_scnn_citys.pth', features=4096, generations=4, gpu=0, height=480, init_dir='/blue/hmedeiros/m.maqboolbhutta/datasets/official/openibl-init', iters=0, launcher='slurm', layers='conv5', logs_dir='/home/m.maqboolbhutta/usman_ws/models/openibl/openibl5-9d8f-try3-norm/vgg16-graphvlad_SFRS-sare_ind-pitts30k-lr0.001-tuple4-19-Sep', loss_type='sare_ind', lr=0.001, margin=0.1, method='graphvlad', momentum=0.9, neg_num=10, neg_pool=1000, ngpus_per_node=4, nowhiten=False, num_clusters=64, pos_num=10, pos_pool=20, print_freq=500, rank=0, resume='', scale='30k', seed=43, soft_weight=0.5, step_size=5, sync_gather=False, syncbn=True, tcp_port='6010', temperature=[0.07, 0.07, 0.06, 0.05], test_batch_size=16, total_gpus=4, tuple_size=1, weight_decay=0.001, width=640, workers=2, world_size=4)
==========
Pittsburgh dataset loaded
  subset        | # pids | # images
  ---------------------------------
  train_query   |   311  |     7320
  train_gallery |   417  |    10000
  val_query     |   319  |     7608
  val_gallery   |   417  |    10000
  test_query    |   286  |     6816
  test_gallery  |   417  |    10000
Loading centroids from /blue/hmedeiros/m.maqboolbhutta/datasets/official/openibl-init/vgg16_pitts_64_desc_cen.hdf5
===> Loading segmentation model
Loading centroids from /blue/hmedeiros/m.maqboolbhutta/datasets/official/openibl-init/vgg16_pitts_64_desc_cen.hdf5
===> Loading segmentation model
Test the initial model:
Extract Features: [100/276]	Time 0.169 (0.244)	Data 0.000 (0.054)	
Extract Features: [200/276]	Time 0.185 (0.213)	Data 0.000 (0.028)	
gathering features from rank no.0
gathering features from rank no.1
gathering features from rank no.2
gathering features from rank no.3
===> Start calculating pairwise distances
===> Start calculating recalls
Recall Scores:
  top-1          79.7%
  top-5          92.1%
  top-10         95.2%
===> Start extracting features for sorting gallery
Extract Features: [100/271]	Time 0.217 (0.216)	Data 0.001 (0.052)	
Extract Features: [200/271]	Time 0.174 (0.192)	Data 0.000 (0.026)	
gathering features from rank no.0
gathering features from rank no.1
gathering features from rank no.2
gathering features from rank no.3
===> Start calculating pairwise distances
===> Start sorting gallery
===> Start extracting features for sorting gallery
Extract Features: [100/271]	Time 0.169 (0.232)	Data 0.000 (0.069)	
Extract Features: [200/271]	Time 0.177 (0.199)	Data 0.005 (0.035)	
gathering features from rank no.0
gathering features from rank no.1
gathering features from rank no.2
gathering features from rank no.3
===> Start calculating pairwise distances
===> Start sorting gallery
===> Start extracting features for sorting gallery
Extract Features: [100/271]	Time 0.154 (0.221)	Data 0.000 (0.058)	
Extract Features: [200/271]	Time 0.166 (0.192)	Data 0.000 (0.029)	
gathering features from rank no.0
gathering features from rank no.1
gathering features from rank no.2
gathering features from rank no.3
===> Start calculating pairwise distances
===> Start sorting gallery
===> Start extracting features for sorting gallery
Extract Features: [100/271]	Time 0.150 (0.219)	Data 0.000 (0.055)	
Extract Features: [200/271]	Time 0.173 (0.194)	Data 0.000 (0.028)	
gathering features from rank no.0
gathering features from rank no.1
gathering features from rank no.2
gathering features from rank no.3
===> Start calculating pairwise distances
===> Start sorting gallery
===> Start extracting features for sorting gallery
Extract Features: [100/271]	Time 0.166 (0.218)	Data 0.000 (0.057)	
Extract Features: [200/271]	Time 0.196 (0.194)	Data 0.000 (0.029)	
gathering features from rank no.0
gathering features from rank no.1
gathering features from rank no.2
gathering features from rank no.3
===> Start calculating pairwise distances
===> Start sorting gallery
===> Start extracting features for sorting gallery
Extract Features: [100/271]	Time 0.172 (0.253)	Data 0.000 (0.069)	
Extract Features: [200/271]	Time 0.183 (0.219)	Data 0.000 (0.035)	
gathering features from rank no.0
gathering features from rank no.1
gathering features from rank no.2
gathering features from rank no.3
===> Start calculating pairwise distances
===> Start sorting gallery
===> Start extracting features for sorting gallery
Extract Features: [100/271]	Time 0.179 (0.253)	Data 0.000 (0.068)	
Extract Features: [200/271]	Time 0.177 (0.218)	Data 0.000 (0.035)	
gathering features from rank no.0
gathering features from rank no.1
gathering features from rank no.2
gathering features from rank no.3
===> Start calculating pairwise distances
===> Start sorting gallery
===> Start extracting features for sorting gallery
Extract Features: [100/271]	Time 0.188 (0.240)	Data 0.000 (0.058)	
Extract Features: [200/271]	Time 0.163 (0.212)	Data 0.000 (0.029)	
gathering features from rank no.0
gathering features from rank no.1
gathering features from rank no.2
gathering features from rank no.3
===> Start calculating pairwise distances
===> Start sorting gallery
Extract Features: [100/276]	Time 0.175 (0.220)	Data 0.000 (0.058)	
Extract Features: [200/276]	Time 0.167 (0.192)	Data 0.000 (0.029)	
gathering features from rank no.0
gathering features from rank no.1
gathering features from rank no.2
gathering features from rank no.3
===> Start calculating pairwise distances
===> Start calculating recalls
Recall Scores:
  top-1          88.1%
  top-5          95.7%
  top-10         97.2%

 * Finished generation   0 epoch   4 recall@1: 88.1%  recall@5: 95.7%  recall@10: 97.2%  best@5: 95.7% *

===> Start extracting features for sorting gallery
Extract Features: [100/271]	Time 0.156 (0.216)	Data 0.000 (0.057)	
Extract Features: [200/271]	Time 0.174 (0.190)	Data 0.000 (0.029)	
gathering features from rank no.0
gathering features from rank no.1
gathering features from rank no.2
gathering features from rank no.3
===> Start calculating pairwise distances
===> Start calculating pairwise distances
===> Start calculating pairwise distances
===> Start sorting gallery
===> Start extracting features for sorting gallery
Extract Features: [100/271]	Time 0.188 (0.227)	Data 0.000 (0.057)	
Extract Features: [200/271]	Time 0.160 (0.199)	Data 0.000 (0.029)	
gathering features from rank no.0
gathering features from rank no.1
gathering features from rank no.2
gathering features from rank no.3
===> Start calculating pairwise distances
===> Start calculating pairwise distances
===> Start calculating pairwise distances
===> Start sorting gallery
===> Start extracting features for sorting gallery
Extract Features: [100/271]	Time 0.178 (0.242)	Data 0.001 (0.059)	
Extract Features: [200/271]	Time 0.172 (0.209)	Data 0.000 (0.030)	
gathering features from rank no.0
gathering features from rank no.1
gathering features from rank no.2
gathering features from rank no.3
===> Start calculating pairwise distances
===> Start calculating pairwise distances
===> Start calculating pairwise distances
===> Start sorting gallery
===> Start extracting features for sorting gallery
Extract Features: [100/271]	Time 0.170 (0.239)	Data 0.000 (0.058)	
Extract Features: [200/271]	Time 0.172 (0.213)	Data 0.000 (0.030)	
gathering features from rank no.0
gathering features from rank no.1
gathering features from rank no.2
gathering features from rank no.3
===> Start calculating pairwise distances
===> Start calculating pairwise distances
===> Start calculating pairwise distances
===> Start sorting gallery
===> Start extracting features for sorting gallery
Extract Features: [100/271]	Time 0.188 (0.239)	Data 0.000 (0.058)	
Extract Features: [200/271]	Time 0.161 (0.210)	Data 0.000 (0.030)	
gathering features from rank no.0
gathering features from rank no.1
gathering features from rank no.2
gathering features from rank no.3
===> Start calculating pairwise distances
===> Start calculating pairwise distances
===> Start calculating pairwise distances
===> Start sorting gallery
===> Start extracting features for sorting gallery
Extract Features: [100/271]	Time 0.178 (0.221)	Data 0.000 (0.058)	
Extract Features: [200/271]	Time 0.168 (0.194)	Data 0.000 (0.030)	
gathering features from rank no.0
gathering features from rank no.1
gathering features from rank no.2
gathering features from rank no.3
===> Start calculating pairwise distances
===> Start calculating pairwise distances
===> Start calculating pairwise distances
===> Start sorting gallery
===> Start extracting features for sorting gallery
Extract Features: [100/271]	Time 0.175 (0.238)	Data 0.000 (0.057)	
Extract Features: [200/271]	Time 0.189 (0.209)	Data 0.000 (0.029)	
gathering features from rank no.0
gathering features from rank no.1
gathering features from rank no.2
gathering features from rank no.3
===> Start calculating pairwise distances
===> Start calculating pairwise distances
===> Start calculating pairwise distances
===> Start sorting gallery
===> Start extracting features for sorting gallery
Extract Features: [100/271]	Time 0.193 (0.242)	Data 0.015 (0.059)	
Extract Features: [200/271]	Time 0.201 (0.212)	Data 0.000 (0.030)	
gathering features from rank no.0
gathering features from rank no.1
gathering features from rank no.2
gathering features from rank no.3
===> Start calculating pairwise distances
===> Start calculating pairwise distances
===> Start calculating pairwise distances
===> Start sorting gallery
Extract Features: [100/276]	Time 0.202 (0.241)	Data 0.000 (0.057)	
Extract Features: [200/276]	Time 0.189 (0.213)	Data 0.000 (0.029)	
gathering features from rank no.0
gathering features from rank no.1
gathering features from rank no.2
gathering features from rank no.3
===> Start calculating pairwise distances
===> Start calculating recalls
Recall Scores:
  top-1          88.6%
  top-5          96.1%
  top-10         97.6%

 * Finished generation   1 epoch   0 recall@1: 88.6%  recall@5: 96.1%  recall@10: 97.6%  best@5: 96.1% *

===> Start extracting features for sorting gallery
Extract Features: [100/271]	Time 0.164 (0.242)	Data 0.000 (0.059)	
Extract Features: [200/271]	Time 0.196 (0.215)	Data 0.000 (0.030)	
gathering features from rank no.0
gathering features from rank no.1
gathering features from rank no.2
gathering features from rank no.3
===> Start calculating pairwise distances
===> Start calculating pairwise distances
===> Start calculating pairwise distances
===> Start sorting gallery
===> Start extracting features for sorting gallery
Extract Features: [100/271]	Time 0.164 (0.224)	Data 0.000 (0.057)	
Extract Features: [200/271]	Time 0.173 (0.198)	Data 0.000 (0.029)	
gathering features from rank no.0
gathering features from rank no.1
gathering features from rank no.2
gathering features from rank no.3
===> Start calculating pairwise distances
===> Start calculating pairwise distances
===> Start calculating pairwise distances
===> Start sorting gallery
===> Start extracting features for sorting gallery
Extract Features: [100/271]	Time 0.163 (0.239)	Data 0.000 (0.059)	
Extract Features: [200/271]	Time 0.186 (0.213)	Data 0.000 (0.030)	
gathering features from rank no.0
gathering features from rank no.1
gathering features from rank no.2
gathering features from rank no.3
===> Start calculating pairwise distances
===> Start calculating pairwise distances
===> Start calculating pairwise distances
===> Start sorting gallery
===> Start extracting features for sorting gallery
Extract Features: [100/271]	Time 0.195 (0.238)	Data 0.000 (0.058)	
Extract Features: [200/271]	Time 0.176 (0.211)	Data 0.001 (0.029)	
gathering features from rank no.0
gathering features from rank no.1
gathering features from rank no.2
gathering features from rank no.3
===> Start calculating pairwise distances
===> Start calculating pairwise distances
===> Start calculating pairwise distances
===> Start sorting gallery
===> Start extracting features for sorting gallery
Extract Features: [100/271]	Time 0.168 (0.240)	Data 0.000 (0.057)	
Extract Features: [200/271]	Time 0.165 (0.210)	Data 0.000 (0.029)	
gathering features from rank no.0
gathering features from rank no.1
gathering features from rank no.2
gathering features from rank no.3
===> Start calculating pairwise distances
===> Start calculating pairwise distances
===> Start calculating pairwise distances
===> Start sorting gallery
===> Start extracting features for sorting gallery
Extract Features: [100/271]	Time 0.164 (0.223)	Data 0.000 (0.059)	
Extract Features: [200/271]	Time 0.185 (0.196)	Data 0.000 (0.030)	
gathering features from rank no.0
gathering features from rank no.1
gathering features from rank no.2
gathering features from rank no.3
===> Start calculating pairwise distances
===> Start calculating pairwise distances
===> Start calculating pairwise distances
===> Start sorting gallery
===> Start extracting features for sorting gallery
Extract Features: [100/271]	Time 0.185 (0.240)	Data 0.000 (0.057)	
Extract Features: [200/271]	Time 0.186 (0.211)	Data 0.013 (0.029)	
gathering features from rank no.0
gathering features from rank no.1
gathering features from rank no.2
gathering features from rank no.3
===> Start calculating pairwise distances
===> Start calculating pairwise distances
===> Start calculating pairwise distances
===> Start sorting gallery
===> Start extracting features for sorting gallery
Extract Features: [100/271]	Time 0.149 (0.221)	Data 0.000 (0.056)	
Extract Features: [200/271]	Time 0.203 (0.194)	Data 0.000 (0.028)	
gathering features from rank no.0
gathering features from rank no.1
gathering features from rank no.2
gathering features from rank no.3
===> Start calculating pairwise distances
===> Start calculating pairwise distances
===> Start calculating pairwise distances
===> Start sorting gallery
Extract Features: [100/276]	Time 0.213 (0.239)	Data 0.000 (0.057)	
Extract Features: [200/276]	Time 0.239 (0.212)	Data 0.001 (0.030)	
gathering features from rank no.0
gathering features from rank no.1
gathering features from rank no.2
gathering features from rank no.3
===> Start calculating pairwise distances
===> Start calculating recalls
Recall Scores:
  top-1          88.6%
  top-5          96.1%
  top-10         97.5%

 * Finished generation   1 epoch   1 recall@1: 88.6%  recall@5: 96.1%  recall@10: 97.5%  best@5: 96.1% *

===> Start extracting features for sorting gallery
Extract Features: [100/271]	Time 0.195 (0.238)	Data 0.000 (0.057)	
Extract Features: [200/271]	Time 0.188 (0.210)	Data 0.000 (0.029)	
gathering features from rank no.0
gathering features from rank no.1
gathering features from rank no.2
gathering features from rank no.3
===> Start calculating pairwise distances
===> Start calculating pairwise distances
===> Start calculating pairwise distances
===> Start sorting gallery
===> Start extracting features for sorting gallery
Extract Features: [100/271]	Time 0.169 (0.242)	Data 0.000 (0.057)	
Extract Features: [200/271]	Time 0.169 (0.213)	Data 0.000 (0.029)	
gathering features from rank no.0
gathering features from rank no.1
gathering features from rank no.2
gathering features from rank no.3
===> Start calculating pairwise distances
===> Start calculating pairwise distances
===> Start calculating pairwise distances
===> Start sorting gallery
===> Start extracting features for sorting gallery
Extract Features: [100/271]	Time 0.194 (0.241)	Data 0.000 (0.058)	
Extract Features: [200/271]	Time 0.186 (0.212)	Data 0.009 (0.029)	
gathering features from rank no.0
gathering features from rank no.1
gathering features from rank no.2
gathering features from rank no.3
===> Start calculating pairwise distances
===> Start calculating pairwise distances
===> Start calculating pairwise distances
===> Start sorting gallery
===> Start extracting features for sorting gallery
Extract Features: [100/271]	Time 0.171 (0.238)	Data 0.001 (0.060)	
Extract Features: [200/271]	Time 0.173 (0.210)	Data 0.000 (0.030)	
gathering features from rank no.0
gathering features from rank no.1
gathering features from rank no.2
gathering features from rank no.3
===> Start calculating pairwise distances
===> Start calculating pairwise distances
===> Start calculating pairwise distances
===> Start sorting gallery
===> Start extracting features for sorting gallery
Extract Features: [100/271]	Time 0.173 (0.240)	Data 0.000 (0.057)	
Extract Features: [200/271]	Time 0.166 (0.212)	Data 0.000 (0.029)	
gathering features from rank no.0
gathering features from rank no.1
gathering features from rank no.2
gathering features from rank no.3
===> Start calculating pairwise distances
===> Start calculating pairwise distances
===> Start calculating pairwise distances
===> Start sorting gallery
===> Start extracting features for sorting gallery
Extract Features: [100/271]	Time 0.200 (0.224)	Data 0.000 (0.059)	
Extract Features: [200/271]	Time 0.192 (0.196)	Data 0.000 (0.030)	
gathering features from rank no.0
gathering features from rank no.1
gathering features from rank no.2
gathering features from rank no.3
===> Start calculating pairwise distances
===> Start calculating pairwise distances
===> Start calculating pairwise distances
===> Start sorting gallery
===> Start extracting features for sorting gallery
Extract Features: [100/271]	Time 0.172 (0.238)	Data 0.000 (0.058)	
Extract Features: [200/271]	Time 0.167 (0.211)	Data 0.000 (0.030)	
gathering features from rank no.0
gathering features from rank no.1
gathering features from rank no.2
gathering features from rank no.3
===> Start calculating pairwise distances
===> Start calculating pairwise distances
===> Start calculating pairwise distances
===> Start sorting gallery
===> Start extracting features for sorting gallery
Extract Features: [100/271]	Time 0.176 (0.245)	Data 0.000 (0.059)	
Extract Features: [200/271]	Time 0.180 (0.214)	Data 0.000 (0.030)	
gathering features from rank no.0
gathering features from rank no.1
gathering features from rank no.2
gathering features from rank no.3
===> Start calculating pairwise distances
===> Start calculating pairwise distances
===> Start calculating pairwise distances
===> Start sorting gallery
Extract Features: [100/276]	Time 0.228 (0.238)	Data 0.000 (0.056)	
Extract Features: [200/276]	Time 0.196 (0.211)	Data 0.000 (0.028)	
gathering features from rank no.0
gathering features from rank no.1
gathering features from rank no.2
gathering features from rank no.3
===> Start calculating pairwise distances
===> Start calculating recalls
Recall Scores:
  top-1          89.2%
  top-5          96.1%
  top-10         97.5%

 * Finished generation   1 epoch   2 recall@1: 89.2%  recall@5: 96.1%  recall@10: 97.5%  best@5: 96.1%

===> Start extracting features for sorting gallery
Extract Features: [100/271]	Time 0.181 (0.242)	Data 0.000 (0.058)	
Extract Features: [200/271]	Time 0.203 (0.213)	Data 0.000 (0.030)	
gathering features from rank no.0
gathering features from rank no.1
gathering features from rank no.2
gathering features from rank no.3
===> Start calculating pairwise distances
===> Start calculating pairwise distances
===> Start calculating pairwise distances
===> Start sorting gallery
===> Start extracting features for sorting gallery
Extract Features: [100/271]	Time 0.181 (0.250)	Data 0.000 (0.069)	
Extract Features: [200/271]	Time 0.182 (0.218)	Data 0.000 (0.035)	
gathering features from rank no.0
gathering features from rank no.1
gathering features from rank no.2
gathering features from rank no.3
===> Start calculating pairwise distances
===> Start calculating pairwise distances
===> Start calculating pairwise distances
===> Start sorting gallery
===> Start extracting features for sorting gallery
Extract Features: [100/271]	Time 0.188 (0.253)	Data 0.001 (0.070)	
Extract Features: [200/271]	Time 0.189 (0.217)	Data 0.000 (0.036)	
gathering features from rank no.0
gathering features from rank no.1
gathering features from rank no.2
gathering features from rank no.3
===> Start calculating pairwise distances
===> Start calculating pairwise distances
===> Start calculating pairwise distances
===> Start sorting gallery
===> Start extracting features for sorting gallery
Extract Features: [100/271]	Time 0.171 (0.249)	Data 0.000 (0.070)	
Extract Features: [200/271]	Time 0.166 (0.217)	Data 0.000 (0.035)	
gathering features from rank no.0
gathering features from rank no.1
gathering features from rank no.2
gathering features from rank no.3
===> Start calculating pairwise distances
===> Start calculating pairwise distances
===> Start calculating pairwise distances
===> Start sorting gallery
===> Start extracting features for sorting gallery
Extract Features: [100/271]	Time 0.174 (0.229)	Data 0.000 (0.068)	
Extract Features: [200/271]	Time 0.177 (0.198)	Data 0.006 (0.034)	
gathering features from rank no.0
gathering features from rank no.1
gathering features from rank no.2
gathering features from rank no.3
===> Start calculating pairwise distances
===> Start calculating pairwise distances
===> Start calculating pairwise distances
===> Start sorting gallery
===> Start extracting features for sorting gallery
Extract Features: [100/271]	Time 0.203 (0.255)	Data 0.000 (0.068)	
Extract Features: [200/271]	Time 0.177 (0.219)	Data 0.000 (0.034)	
gathering features from rank no.0
gathering features from rank no.1
gathering features from rank no.2
gathering features from rank no.3
===> Start calculating pairwise distances
===> Start calculating pairwise distances
===> Start calculating pairwise distances
===> Start sorting gallery
===> Start extracting features for sorting gallery
Extract Features: [100/271]	Time 0.150 (0.233)	Data 0.000 (0.069)	
Extract Features: [200/271]	Time 0.176 (0.201)	Data 0.001 (0.035)	
gathering features from rank no.0
gathering features from rank no.1
gathering features from rank no.2
gathering features from rank no.3
===> Start calculating pairwise distances
===> Start calculating pairwise distances
===> Start calculating pairwise distances
===> Start sorting gallery
===> Start extracting features for sorting gallery
Extract Features: [100/271]	Time 0.143 (0.232)	Data 0.000 (0.069)	
Extract Features: [200/271]	Time 0.184 (0.201)	Data 0.000 (0.035)	
gathering features from rank no.0
gathering features from rank no.1
gathering features from rank no.2
gathering features from rank no.3
===> Start calculating pairwise distances
===> Start calculating pairwise distances
===> Start calculating pairwise distances
===> Start sorting gallery
Extract Features: [100/276]	Time 0.201 (0.250)	Data 0.000 (0.066)	
Extract Features: [200/276]	Time 0.171 (0.215)	Data 0.000 (0.033)	
gathering features from rank no.0
gathering features from rank no.1
gathering features from rank no.2
gathering features from rank no.3
===> Start calculating pairwise distances
===> Start calculating recalls
Recall Scores:
  top-1          89.1%
  top-5          96.2%
  top-10         97.7%

 * Finished generation   1 epoch   3 recall@1: 89.1%  recall@5: 96.2%  recall@10: 97.7%  best@5: 96.2% *

===> Start extracting features for sorting gallery
Extract Features: [100/271]	Time 0.185 (0.251)	Data 0.000 (0.071)	
Extract Features: [200/271]	Time 0.176 (0.217)	Data 0.000 (0.036)	
gathering features from rank no.0
gathering features from rank no.1
gathering features from rank no.2
gathering features from rank no.3
===> Start calculating pairwise distances
===> Start calculating pairwise distances
===> Start calculating pairwise distances
===> Start sorting gallery
===> Start extracting features for sorting gallery
Extract Features: [100/271]	Time 0.153 (0.231)	Data 0.000 (0.067)	
Extract Features: [200/271]	Time 0.171 (0.199)	Data 0.001 (0.034)	
gathering features from rank no.0
gathering features from rank no.1
gathering features from rank no.2
gathering features from rank no.3
===> Start calculating pairwise distances
===> Start calculating pairwise distances
===> Start calculating pairwise distances
===> Start sorting gallery
===> Start extracting features for sorting gallery
Extract Features: [100/271]	Time 0.201 (0.251)	Data 0.000 (0.068)	
Extract Features: [200/271]	Time 0.193 (0.218)	Data 0.000 (0.034)	
gathering features from rank no.0
gathering features from rank no.1
gathering features from rank no.2
gathering features from rank no.3
===> Start calculating pairwise distances
===> Start calculating pairwise distances
===> Start calculating pairwise distances
===> Start sorting gallery
===> Start extracting features for sorting gallery
Extract Features: [100/271]	Time 0.159 (0.235)	Data 0.000 (0.070)	
Extract Features: [200/271]	Time 0.179 (0.201)	Data 0.000 (0.035)	
gathering features from rank no.0
gathering features from rank no.1
gathering features from rank no.2
gathering features from rank no.3
===> Start calculating pairwise distances
===> Start calculating pairwise distances
===> Start calculating pairwise distances
===> Start sorting gallery
===> Start extracting features for sorting gallery
Extract Features: [100/271]	Time 0.197 (0.249)	Data 0.000 (0.069)	
Extract Features: [200/271]	Time 0.191 (0.215)	Data 0.000 (0.035)	
gathering features from rank no.0
gathering features from rank no.1
gathering features from rank no.2
gathering features from rank no.3
===> Start calculating pairwise distances
===> Start calculating pairwise distances
===> Start calculating pairwise distances
===> Start sorting gallery
===> Start extracting features for sorting gallery
Extract Features: [100/271]	Time 0.265 (0.245)	Data 0.012 (0.066)	
Extract Features: [200/271]	Time 0.181 (0.213)	Data 0.000 (0.034)	
gathering features from rank no.0
gathering features from rank no.1
gathering features from rank no.2
gathering features from rank no.3
===> Start calculating pairwise distances
===> Start calculating pairwise distances
===> Start calculating pairwise distances
===> Start sorting gallery
===> Start extracting features for sorting gallery
Extract Features: [100/271]	Time 0.185 (0.251)	Data 0.000 (0.069)	
Extract Features: [200/271]	Time 0.197 (0.217)	Data 0.000 (0.035)	
gathering features from rank no.0
gathering features from rank no.1
gathering features from rank no.2
gathering features from rank no.3
===> Start calculating pairwise distances
===> Start calculating pairwise distances
===> Start calculating pairwise distances
===> Start sorting gallery
===> Start extracting features for sorting gallery
Extract Features: [100/271]	Time 0.172 (0.251)	Data 0.000 (0.069)	
Extract Features: [200/271]	Time 0.205 (0.220)	Data 0.000 (0.035)	
gathering features from rank no.0
gathering features from rank no.1
gathering features from rank no.2
gathering features from rank no.3
===> Start calculating pairwise distances
===> Start calculating pairwise distances
===> Start calculating pairwise distances
===> Start sorting gallery
Extract Features: [100/276]	Time 0.193 (0.250)	Data 0.000 (0.067)	
Extract Features: [200/276]	Time 0.213 (0.218)	Data 0.000 (0.034)	
gathering features from rank no.0
gathering features from rank no.1
gathering features from rank no.2
gathering features from rank no.3
===> Start calculating pairwise distances
===> Start calculating recalls
Recall Scores:
  top-1          89.3%
  top-5          96.1%
  top-10         97.6%

 * Finished generation   1 epoch   4 recall@1: 89.3%  recall@5: 96.1%  recall@10: 97.6%  best@5: 96.2%

===> Start extracting features for sorting gallery
Extract Features: [100/271]	Time 0.219 (0.248)	Data 0.000 (0.067)	
Extract Features: [200/271]	Time 0.173 (0.215)	Data 0.000 (0.034)	
gathering features from rank no.0
gathering features from rank no.1
gathering features from rank no.2
gathering features from rank no.3
===> Start calculating pairwise distances
===> Start calculating pairwise distances
===> Start calculating pairwise distances
===> Start sorting gallery
===> Start extracting features for sorting gallery
Extract Features: [100/271]	Time 0.160 (0.229)	Data 0.006 (0.067)	
Extract Features: [200/271]	Time 0.193 (0.199)	Data 0.000 (0.034)	
gathering features from rank no.0
gathering features from rank no.1
gathering features from rank no.2
gathering features from rank no.3
===> Start calculating pairwise distances
===> Start calculating pairwise distances
===> Start calculating pairwise distances
===> Start sorting gallery
===> Start extracting features for sorting gallery
Extract Features: [100/271]	Time 0.148 (0.230)	Data 0.000 (0.067)	
Extract Features: [200/271]	Time 0.194 (0.197)	Data 0.000 (0.034)	
gathering features from rank no.0
gathering features from rank no.1
gathering features from rank no.2
gathering features from rank no.3
===> Start calculating pairwise distances
===> Start calculating pairwise distances
===> Start calculating pairwise distances
===> Start sorting gallery
===> Start extracting features for sorting gallery
Extract Features: [100/271]	Time 0.173 (0.228)	Data 0.000 (0.069)	
Extract Features: [200/271]	Time 0.177 (0.198)	Data 0.001 (0.035)	
gathering features from rank no.0
gathering features from rank no.1
gathering features from rank no.2
gathering features from rank no.3
===> Start calculating pairwise distances
===> Start calculating pairwise distances
===> Start calculating pairwise distances
===> Start sorting gallery
===> Start extracting features for sorting gallery
Extract Features: [100/271]	Time 0.152 (0.227)	Data 0.000 (0.067)	
Extract Features: [200/271]	Time 0.189 (0.199)	Data 0.000 (0.034)	
gathering features from rank no.0
gathering features from rank no.1
gathering features from rank no.2
gathering features from rank no.3
===> Start calculating pairwise distances
===> Start calculating pairwise distances
===> Start calculating pairwise distances
===> Start sorting gallery
===> Start extracting features for sorting gallery
Extract Features: [100/271]	Time 0.199 (0.249)	Data 0.023 (0.067)	
Extract Features: [200/271]	Time 0.182 (0.216)	Data 0.012 (0.034)	
gathering features from rank no.0
gathering features from rank no.1
gathering features from rank no.2
gathering features from rank no.3
===> Start calculating pairwise distances
===> Start calculating pairwise distances
===> Start calculating pairwise distances
===> Start sorting gallery
===> Start extracting features for sorting gallery
Extract Features: [100/271]	Time 0.163 (0.234)	Data 0.000 (0.069)	
Extract Features: [200/271]	Time 0.199 (0.200)	Data 0.000 (0.035)	
gathering features from rank no.0
gathering features from rank no.1
gathering features from rank no.2
gathering features from rank no.3
===> Start calculating pairwise distances
===> Start calculating pairwise distances
===> Start calculating pairwise distances
===> Start sorting gallery
===> Start extracting features for sorting gallery
Extract Features: [100/271]	Time 0.162 (0.251)	Data 0.000 (0.070)	
Extract Features: [200/271]	Time 0.183 (0.216)	Data 0.000 (0.035)	
gathering features from rank no.0
gathering features from rank no.1
gathering features from rank no.2
gathering features from rank no.3
===> Start calculating pairwise distances
===> Start calculating pairwise distances
===> Start calculating pairwise distances
===> Start sorting gallery
Extract Features: [100/276]	Time 0.157 (0.233)	Data 0.000 (0.067)	
Extract Features: [200/276]	Time 0.171 (0.200)	Data 0.006 (0.034)	
gathering features from rank no.0
gathering features from rank no.1
gathering features from rank no.2
gathering features from rank no.3
===> Start calculating pairwise distances
===> Start calculating recalls
Recall Scores:
  top-1          88.9%
  top-5          95.8%
  top-10         97.4%

 * Finished generation   2 epoch   0 recall@1: 88.9%  recall@5: 95.8%  recall@10: 97.4%  best@5: 96.2%

===> Start extracting features for sorting gallery
Extract Features: [100/271]	Time 0.163 (0.229)	Data 0.000 (0.065)	
Extract Features: [200/271]	Time 0.206 (0.197)	Data 0.000 (0.033)	
gathering features from rank no.0
gathering features from rank no.1
gathering features from rank no.2
gathering features from rank no.3
===> Start calculating pairwise distances
===> Start calculating pairwise distances
===> Start calculating pairwise distances
===> Start sorting gallery
===> Start extracting features for sorting gallery
Extract Features: [100/271]	Time 0.172 (0.250)	Data 0.000 (0.066)	
Extract Features: [200/271]	Time 0.170 (0.217)	Data 0.000 (0.033)	
gathering features from rank no.0
gathering features from rank no.1
gathering features from rank no.2
gathering features from rank no.3
===> Start calculating pairwise distances
===> Start calculating pairwise distances
===> Start calculating pairwise distances
===> Start sorting gallery
===> Start extracting features for sorting gallery
Extract Features: [100/271]	Time 0.146 (0.229)	Data 0.000 (0.066)	
Extract Features: [200/271]	Time 0.209 (0.198)	Data 0.017 (0.033)	
gathering features from rank no.0
gathering features from rank no.1
gathering features from rank no.2
gathering features from rank no.3
===> Start calculating pairwise distances
===> Start calculating pairwise distances
===> Start calculating pairwise distances
===> Start sorting gallery
===> Start extracting features for sorting gallery
Extract Features: [100/271]	Time 0.185 (0.254)	Data 0.000 (0.071)	
Extract Features: [200/271]	Time 0.175 (0.220)	Data 0.000 (0.036)	
gathering features from rank no.0
gathering features from rank no.1
gathering features from rank no.2
gathering features from rank no.3
===> Start calculating pairwise distances
===> Start calculating pairwise distances
===> Start calculating pairwise distances
===> Start sorting gallery
===> Start extracting features for sorting gallery
Extract Features: [100/271]	Time 0.159 (0.231)	Data 0.000 (0.069)	
Extract Features: [200/271]	Time 0.168 (0.199)	Data 0.000 (0.035)	
gathering features from rank no.0
gathering features from rank no.1
gathering features from rank no.2
gathering features from rank no.3
===> Start calculating pairwise distances
===> Start calculating pairwise distances
===> Start calculating pairwise distances
===> Start sorting gallery
===> Start extracting features for sorting gallery
Extract Features: [100/271]	Time 0.151 (0.226)	Data 0.006 (0.066)	
Extract Features: [200/271]	Time 0.194 (0.198)	Data 0.000 (0.033)	
gathering features from rank no.0
gathering features from rank no.1
gathering features from rank no.2
gathering features from rank no.3
===> Start calculating pairwise distances
===> Start calculating pairwise distances
===> Start calculating pairwise distances
===> Start sorting gallery
===> Start extracting features for sorting gallery
Extract Features: [100/271]	Time 0.166 (0.226)	Data 0.000 (0.065)	
Extract Features: [200/271]	Time 0.178 (0.195)	Data 0.000 (0.033)	
gathering features from rank no.0
gathering features from rank no.1
gathering features from rank no.2
gathering features from rank no.3
===> Start calculating pairwise distances
===> Start calculating pairwise distances
===> Start calculating pairwise distances
===> Start sorting gallery
===> Start extracting features for sorting gallery
Extract Features: [100/271]	Time 0.187 (0.232)	Data 0.000 (0.068)	
Extract Features: [200/271]	Time 0.211 (0.202)	Data 0.000 (0.034)	
gathering features from rank no.0
gathering features from rank no.1
gathering features from rank no.2
gathering features from rank no.3
===> Start calculating pairwise distances
===> Start calculating pairwise distances
===> Start calculating pairwise distances
===> Start sorting gallery
Extract Features: [100/276]	Time 0.175 (0.227)	Data 0.000 (0.064)	
Extract Features: [200/276]	Time 0.200 (0.200)	Data 0.000 (0.032)	
gathering features from rank no.0
gathering features from rank no.1
gathering features from rank no.2
gathering features from rank no.3
===> Start calculating pairwise distances
===> Start calculating recalls
Recall Scores:
  top-1          89.4%
  top-5          96.3%
  top-10         97.7%

 * Finished generation   2 epoch   1 recall@1: 89.4%  recall@5: 96.3%  recall@10: 97.7%  best@5: 96.3% *

===> Start extracting features for sorting gallery
Extract Features: [100/271]	Time 0.159 (0.229)	Data 0.000 (0.070)	
Extract Features: [200/271]	Time 0.175 (0.199)	Data 0.003 (0.035)	
gathering features from rank no.0
gathering features from rank no.1
gathering features from rank no.2
gathering features from rank no.3
===> Start calculating pairwise distances
===> Start calculating pairwise distances
===> Start calculating pairwise distances
===> Start sorting gallery
===> Start extracting features for sorting gallery
Extract Features: [100/271]	Time 0.154 (0.229)	Data 0.000 (0.065)	
Extract Features: [200/271]	Time 0.178 (0.199)	Data 0.001 (0.033)	
gathering features from rank no.0
gathering features from rank no.1
gathering features from rank no.2
gathering features from rank no.3
===> Start calculating pairwise distances
===> Start calculating pairwise distances
===> Start calculating pairwise distances
===> Start sorting gallery
===> Start extracting features for sorting gallery
Extract Features: [100/271]	Time 0.165 (0.232)	Data 0.002 (0.067)	
Extract Features: [200/271]	Time 0.202 (0.202)	Data 0.012 (0.034)	
gathering features from rank no.0
gathering features from rank no.1
gathering features from rank no.2
gathering features from rank no.3
===> Start calculating pairwise distances
===> Start calculating pairwise distances
===> Start calculating pairwise distances
===> Start sorting gallery
===> Start extracting features for sorting gallery
Extract Features: [100/271]	Time 0.153 (0.229)	Data 0.001 (0.066)	
Extract Features: [200/271]	Time 0.169 (0.197)	Data 0.000 (0.033)	
gathering features from rank no.0
gathering features from rank no.1
gathering features from rank no.2
gathering features from rank no.3
===> Start calculating pairwise distances
===> Start calculating pairwise distances
===> Start calculating pairwise distances
===> Start sorting gallery
===> Start extracting features for sorting gallery
Extract Features: [100/271]	Time 0.166 (0.235)	Data 0.000 (0.067)	
Extract Features: [200/271]	Time 0.179 (0.202)	Data 0.001 (0.034)	
gathering features from rank no.0
gathering features from rank no.1
gathering features from rank no.2
gathering features from rank no.3
===> Start calculating pairwise distances
===> Start calculating pairwise distances
===> Start calculating pairwise distances
===> Start sorting gallery
===> Start extracting features for sorting gallery
Extract Features: [100/271]	Time 0.152 (0.235)	Data 0.000 (0.070)	
Extract Features: [200/271]	Time 0.171 (0.202)	Data 0.000 (0.035)	
gathering features from rank no.0
gathering features from rank no.1
gathering features from rank no.2
gathering features from rank no.3
===> Start calculating pairwise distances
===> Start calculating pairwise distances
===> Start calculating pairwise distances
===> Start sorting gallery
===> Start extracting features for sorting gallery
Extract Features: [100/271]	Time 0.164 (0.233)	Data 0.000 (0.068)	
Extract Features: [200/271]	Time 0.193 (0.200)	Data 0.000 (0.034)	
gathering features from rank no.0
gathering features from rank no.1
gathering features from rank no.2
gathering features from rank no.3
===> Start calculating pairwise distances
===> Start calculating pairwise distances
===> Start calculating pairwise distances
===> Start sorting gallery
===> Start extracting features for sorting gallery
Extract Features: [100/271]	Time 0.178 (0.234)	Data 0.000 (0.069)	
Extract Features: [200/271]	Time 0.165 (0.201)	Data 0.001 (0.035)	
gathering features from rank no.0
gathering features from rank no.1
gathering features from rank no.2
gathering features from rank no.3
===> Start calculating pairwise distances
===> Start calculating pairwise distances
===> Start calculating pairwise distances
===> Start sorting gallery
Extract Features: [100/276]	Time 0.152 (0.228)	Data 0.000 (0.066)	
Extract Features: [200/276]	Time 0.187 (0.198)	Data 0.000 (0.033)	
gathering features from rank no.0
gathering features from rank no.1
gathering features from rank no.2
gathering features from rank no.3
===> Start calculating pairwise distances
===> Start calculating recalls
Recall Scores:
  top-1          89.2%
  top-5          96.6%
  top-10         97.9%

 * Finished generation   2 epoch   2 recall@1: 89.2%  recall@5: 96.6%  recall@10: 97.9%  best@5: 96.6% *

===> Start extracting features for sorting gallery
Extract Features: [100/271]	Time 0.190 (0.230)	Data 0.000 (0.065)	
Extract Features: [200/271]	Time 0.174 (0.199)	Data 0.006 (0.033)	
gathering features from rank no.0
gathering features from rank no.1
gathering features from rank no.2
gathering features from rank no.3
===> Start calculating pairwise distances
===> Start calculating pairwise distances
===> Start calculating pairwise distances
===> Start sorting gallery
===> Start extracting features for sorting gallery
Extract Features: [100/271]	Time 0.148 (0.230)	Data 0.000 (0.067)	
Extract Features: [200/271]	Time 0.178 (0.200)	Data 0.000 (0.034)	
gathering features from rank no.0
gathering features from rank no.1
gathering features from rank no.2
gathering features from rank no.3
===> Start calculating pairwise distances
===> Start calculating pairwise distances
===> Start calculating pairwise distances
===> Start sorting gallery
===> Start extracting features for sorting gallery
Extract Features: [100/271]	Time 0.165 (0.232)	Data 0.000 (0.069)	
Extract Features: [200/271]	Time 0.183 (0.198)	Data 0.000 (0.035)	
gathering features from rank no.0
gathering features from rank no.1
gathering features from rank no.2
gathering features from rank no.3
===> Start calculating pairwise distances
===> Start calculating pairwise distances
===> Start calculating pairwise distances
===> Start sorting gallery
===> Start extracting features for sorting gallery
Extract Features: [100/271]	Time 0.164 (0.229)	Data 0.000 (0.066)	
Extract Features: [200/271]	Time 0.173 (0.199)	Data 0.000 (0.033)	
gathering features from rank no.0
gathering features from rank no.1
gathering features from rank no.2
gathering features from rank no.3
===> Start calculating pairwise distances
===> Start calculating pairwise distances
===> Start calculating pairwise distances
===> Start sorting gallery
===> Start extracting features for sorting gallery
Extract Features: [100/271]	Time 0.162 (0.219)	Data 0.000 (0.055)	
Extract Features: [200/271]	Time 0.178 (0.194)	Data 0.015 (0.028)	
gathering features from rank no.0
gathering features from rank no.1
gathering features from rank no.2
gathering features from rank no.3
===> Start calculating pairwise distances
===> Start calculating pairwise distances
===> Start calculating pairwise distances
===> Start sorting gallery
===> Start extracting features for sorting gallery
Extract Features: [100/271]	Time 0.175 (0.235)	Data 0.000 (0.067)	
Extract Features: [200/271]	Time 0.169 (0.201)	Data 0.000 (0.034)	
gathering features from rank no.0
gathering features from rank no.1
gathering features from rank no.2
gathering features from rank no.3
===> Start calculating pairwise distances
===> Start calculating pairwise distances
===> Start calculating pairwise distances
===> Start sorting gallery
===> Start extracting features for sorting gallery
Extract Features: [100/271]	Time 0.148 (0.231)	Data 0.000 (0.067)	
Extract Features: [200/271]	Time 0.168 (0.202)	Data 0.000 (0.034)	
gathering features from rank no.0
gathering features from rank no.1
gathering features from rank no.2
gathering features from rank no.3
===> Start calculating pairwise distances
===> Start calculating pairwise distances
===> Start calculating pairwise distances
===> Start sorting gallery
===> Start extracting features for sorting gallery
Extract Features: [100/271]	Time 0.170 (0.219)	Data 0.000 (0.058)	
Extract Features: [200/271]	Time 0.178 (0.191)	Data 0.000 (0.029)	
gathering features from rank no.0
gathering features from rank no.1
gathering features from rank no.2
gathering features from rank no.3
===> Start calculating pairwise distances
===> Start calculating pairwise distances
===> Start calculating pairwise distances
===> Start sorting gallery
Extract Features: [100/276]	Time 0.155 (0.218)	Data 0.000 (0.058)	
Extract Features: [200/276]	Time 0.198 (0.193)	Data 0.008 (0.029)	
gathering features from rank no.0
gathering features from rank no.1
gathering features from rank no.2
gathering features from rank no.3
===> Start calculating pairwise distances
===> Start calculating recalls
Recall Scores:
  top-1          90.0%
  top-5          96.8%
  top-10         98.0%

 * Finished generation   2 epoch   3 recall@1: 90.0%  recall@5: 96.8%  recall@10: 98.0%  best@5: 96.8% *

===> Start extracting features for sorting gallery
Extract Features: [100/271]	Time 0.151 (0.221)	Data 0.000 (0.059)	
Extract Features: [200/271]	Time 0.191 (0.197)	Data 0.001 (0.030)	
gathering features from rank no.0
gathering features from rank no.1
gathering features from rank no.2
gathering features from rank no.3
===> Start calculating pairwise distances
===> Start calculating pairwise distances
===> Start calculating pairwise distances
===> Start sorting gallery
===> Start extracting features for sorting gallery
Extract Features: [100/271]	Time 0.181 (0.223)	Data 0.000 (0.057)	
Extract Features: [200/271]	Time 0.193 (0.195)	Data 0.000 (0.029)	
gathering features from rank no.0
gathering features from rank no.1
gathering features from rank no.2
gathering features from rank no.3
===> Start calculating pairwise distances
===> Start calculating pairwise distances
===> Start calculating pairwise distances
===> Start sorting gallery
===> Start extracting features for sorting gallery
Extract Features: [100/271]	Time 0.152 (0.224)	Data 0.001 (0.057)	
Extract Features: [200/271]	Time 0.164 (0.196)	Data 0.000 (0.029)	
gathering features from rank no.0
gathering features from rank no.1
gathering features from rank no.2
gathering features from rank no.3
===> Start calculating pairwise distances
===> Start calculating pairwise distances
===> Start calculating pairwise distances
===> Start sorting gallery
===> Start extracting features for sorting gallery
Extract Features: [100/271]	Time 0.156 (0.216)	Data 0.000 (0.056)	
Extract Features: [200/271]	Time 0.180 (0.191)	Data 0.001 (0.028)	
gathering features from rank no.0
gathering features from rank no.1
gathering features from rank no.2
gathering features from rank no.3
===> Start calculating pairwise distances
===> Start calculating pairwise distances
===> Start calculating pairwise distances
===> Start sorting gallery
===> Start extracting features for sorting gallery
Extract Features: [100/271]	Time 0.151 (0.224)	Data 0.000 (0.059)	
Extract Features: [200/271]	Time 0.190 (0.196)	Data 0.000 (0.030)	
gathering features from rank no.0
gathering features from rank no.1
gathering features from rank no.2
gathering features from rank no.3
===> Start calculating pairwise distances
===> Start calculating pairwise distances
===> Start calculating pairwise distances
===> Start sorting gallery
===> Start extracting features for sorting gallery
Extract Features: [100/271]	Time 0.154 (0.218)	Data 0.000 (0.057)	
Extract Features: [200/271]	Time 0.182 (0.194)	Data 0.000 (0.029)	
gathering features from rank no.0
gathering features from rank no.1
gathering features from rank no.2
gathering features from rank no.3
===> Start calculating pairwise distances
===> Start calculating pairwise distances
===> Start calculating pairwise distances
===> Start sorting gallery
===> Start extracting features for sorting gallery
Extract Features: [100/271]	Time 0.168 (0.219)	Data 0.000 (0.057)	
Extract Features: [200/271]	Time 0.174 (0.195)	Data 0.000 (0.029)	
gathering features from rank no.0
gathering features from rank no.1
gathering features from rank no.2
gathering features from rank no.3
===> Start calculating pairwise distances
===> Start calculating pairwise distances
===> Start calculating pairwise distances
===> Start sorting gallery
===> Start extracting features for sorting gallery
Extract Features: [100/271]	Time 0.158 (0.219)	Data 0.000 (0.057)	
Extract Features: [200/271]	Time 0.196 (0.195)	Data 0.000 (0.029)	
gathering features from rank no.0
gathering features from rank no.1
gathering features from rank no.2
gathering features from rank no.3
===> Start calculating pairwise distances
===> Start calculating pairwise distances
===> Start calculating pairwise distances
===> Start sorting gallery
Extract Features: [100/276]	Time 0.152 (0.222)	Data 0.000 (0.056)	
Extract Features: [200/276]	Time 0.177 (0.196)	Data 0.000 (0.028)	
gathering features from rank no.0
gathering features from rank no.1
gathering features from rank no.2
gathering features from rank no.3
===> Start calculating pairwise distances
===> Start calculating recalls
Recall Scores:
  top-1          89.9%
  top-5          96.8%
  top-10         98.0%

 * Finished generation   2 epoch   4 recall@1: 89.9%  recall@5: 96.8%  recall@10: 98.0%  best@5: 96.8% *

===> Start extracting features for sorting gallery
Extract Features: [100/271]	Time 0.163 (0.216)	Data 0.000 (0.054)	
Extract Features: [200/271]	Time 0.181 (0.190)	Data 0.000 (0.027)	
gathering features from rank no.0
gathering features from rank no.1
gathering features from rank no.2
gathering features from rank no.3
===> Start calculating pairwise distances
===> Start calculating pairwise distances
===> Start calculating pairwise distances
===> Start sorting gallery
===> Start extracting features for sorting gallery
Extract Features: [100/271]	Time 0.149 (0.224)	Data 0.000 (0.057)	
Extract Features: [200/271]	Time 0.175 (0.197)	Data 0.000 (0.029)	
gathering features from rank no.0
gathering features from rank no.1
gathering features from rank no.2
gathering features from rank no.3
===> Start calculating pairwise distances
===> Start calculating pairwise distances
===> Start calculating pairwise distances
===> Start sorting gallery
===> Start extracting features for sorting gallery
Extract Features: [100/271]	Time 0.156 (0.225)	Data 0.000 (0.059)	
Extract Features: [200/271]	Time 0.162 (0.198)	Data 0.000 (0.030)	
gathering features from rank no.0
gathering features from rank no.1
gathering features from rank no.2
gathering features from rank no.3
===> Start calculating pairwise distances
===> Start calculating pairwise distances
===> Start calculating pairwise distances
===> Start sorting gallery
===> Start extracting features for sorting gallery
Extract Features: [100/271]	Time 0.186 (0.221)	Data 0.000 (0.057)	
Extract Features: [200/271]	Time 0.188 (0.195)	Data 0.000 (0.029)	
gathering features from rank no.0
gathering features from rank no.1
gathering features from rank no.2
gathering features from rank no.3
===> Start calculating pairwise distances
===> Start calculating pairwise distances
===> Start calculating pairwise distances
===> Start sorting gallery
===> Start extracting features for sorting gallery
Extract Features: [100/271]	Time 0.149 (0.222)	Data 0.000 (0.057)	
Extract Features: [200/271]	Time 0.181 (0.196)	Data 0.000 (0.029)	
gathering features from rank no.0
gathering features from rank no.1
gathering features from rank no.2
gathering features from rank no.3
===> Start calculating pairwise distances
===> Start calculating pairwise distances
===> Start calculating pairwise distances
===> Start sorting gallery
===> Start extracting features for sorting gallery
Extract Features: [100/271]	Time 0.155 (0.218)	Data 0.000 (0.056)	
Extract Features: [200/271]	Time 0.200 (0.191)	Data 0.000 (0.028)	
gathering features from rank no.0
gathering features from rank no.1
gathering features from rank no.2
gathering features from rank no.3
===> Start calculating pairwise distances
===> Start calculating pairwise distances
===> Start calculating pairwise distances
===> Start sorting gallery
===> Start extracting features for sorting gallery
Extract Features: [100/271]	Time 0.179 (0.223)	Data 0.000 (0.057)	
Extract Features: [200/271]	Time 0.168 (0.196)	Data 0.000 (0.029)	
gathering features from rank no.0
gathering features from rank no.1
gathering features from rank no.2
gathering features from rank no.3
===> Start calculating pairwise distances
===> Start calculating pairwise distances
===> Start calculating pairwise distances
===> Start sorting gallery
===> Start extracting features for sorting gallery
Extract Features: [100/271]	Time 0.165 (0.220)	Data 0.000 (0.056)	
Extract Features: [200/271]	Time 0.179 (0.193)	Data 0.000 (0.028)	
gathering features from rank no.0
gathering features from rank no.1
gathering features from rank no.2
gathering features from rank no.3
===> Start calculating pairwise distances
===> Start calculating pairwise distances
===> Start calculating pairwise distances
===> Start sorting gallery
Extract Features: [100/276]	Time 0.173 (0.223)	Data 0.000 (0.058)	
Extract Features: [200/276]	Time 0.172 (0.198)	Data 0.000 (0.029)	
gathering features from rank no.0
gathering features from rank no.1
gathering features from rank no.2
gathering features from rank no.3
===> Start calculating pairwise distances
===> Start calculating recalls
Recall Scores:
  top-1          87.5%
  top-5          95.6%
  top-10         97.2%

 * Finished generation   3 epoch   0 recall@1: 87.5%  recall@5: 95.6%  recall@10: 97.2%  best@5: 96.8%

===> Start extracting features for sorting gallery
Extract Features: [100/271]	Time 0.154 (0.221)	Data 0.000 (0.057)	
Extract Features: [200/271]	Time 0.170 (0.196)	Data 0.000 (0.029)	
gathering features from rank no.0
gathering features from rank no.1
gathering features from rank no.2
gathering features from rank no.3
===> Start calculating pairwise distances
===> Start calculating pairwise distances
===> Start calculating pairwise distances
===> Start sorting gallery
===> Start extracting features for sorting gallery
Extract Features: [100/271]	Time 0.172 (0.224)	Data 0.000 (0.057)	
Extract Features: [200/271]	Time 0.184 (0.196)	Data 0.000 (0.029)	
gathering features from rank no.0
gathering features from rank no.1
gathering features from rank no.2
gathering features from rank no.3
===> Start calculating pairwise distances
===> Start calculating pairwise distances
===> Start calculating pairwise distances
===> Start sorting gallery
===> Start extracting features for sorting gallery
Extract Features: [100/271]	Time 0.164 (0.221)	Data 0.000 (0.058)	
Extract Features: [200/271]	Time 0.172 (0.195)	Data 0.000 (0.029)	
gathering features from rank no.0
gathering features from rank no.1
gathering features from rank no.2
gathering features from rank no.3
===> Start calculating pairwise distances
===> Start calculating pairwise distances
===> Start calculating pairwise distances
===> Start sorting gallery
===> Start extracting features for sorting gallery
Extract Features: [100/271]	Time 0.209 (0.225)	Data 0.000 (0.058)	
Extract Features: [200/271]	Time 0.172 (0.197)	Data 0.006 (0.030)	
gathering features from rank no.0
gathering features from rank no.1
gathering features from rank no.2
gathering features from rank no.3
===> Start calculating pairwise distances
===> Start calculating pairwise distances
===> Start calculating pairwise distances
===> Start sorting gallery
===> Start extracting features for sorting gallery
Extract Features: [100/271]	Time 0.158 (0.226)	Data 0.000 (0.057)	
Extract Features: [200/271]	Time 0.166 (0.199)	Data 0.000 (0.029)	
gathering features from rank no.0
gathering features from rank no.1
gathering features from rank no.2
gathering features from rank no.3
===> Start calculating pairwise distances
===> Start calculating pairwise distances
===> Start calculating pairwise distances
===> Start sorting gallery
===> Start extracting features for sorting gallery
Extract Features: [100/271]	Time 0.150 (0.217)	Data 0.000 (0.057)	
Extract Features: [200/271]	Time 0.167 (0.193)	Data 0.000 (0.029)	
gathering features from rank no.0
gathering features from rank no.1
gathering features from rank no.2
gathering features from rank no.3
===> Start calculating pairwise distances
===> Start calculating pairwise distances
===> Start calculating pairwise distances
===> Start sorting gallery
===> Start extracting features for sorting gallery
Extract Features: [100/271]	Time 0.179 (0.221)	Data 0.000 (0.057)	
Extract Features: [200/271]	Time 0.184 (0.194)	Data 0.000 (0.029)	
gathering features from rank no.0
gathering features from rank no.1
gathering features from rank no.2
gathering features from rank no.3
===> Start calculating pairwise distances
===> Start calculating pairwise distances
===> Start calculating pairwise distances
===> Start sorting gallery
===> Start extracting features for sorting gallery
Extract Features: [100/271]	Time 0.187 (0.220)	Data 0.000 (0.057)	
Extract Features: [200/271]	Time 0.174 (0.192)	Data 0.000 (0.029)	
gathering features from rank no.0
gathering features from rank no.1
gathering features from rank no.2
gathering features from rank no.3
===> Start calculating pairwise distances
===> Start calculating pairwise distances
===> Start calculating pairwise distances
===> Start sorting gallery
Extract Features: [100/276]	Time 0.165 (0.226)	Data 0.000 (0.059)	
Extract Features: [200/276]	Time 0.195 (0.196)	Data 0.000 (0.030)	
gathering features from rank no.0
gathering features from rank no.1
gathering features from rank no.2
gathering features from rank no.3
===> Start calculating pairwise distances
===> Start calculating recalls
Recall Scores:
  top-1          88.3%
  top-5          95.5%
  top-10         97.2%

 * Finished generation   3 epoch   1 recall@1: 88.3%  recall@5: 95.5%  recall@10: 97.2%  best@5: 96.8%

===> Start extracting features for sorting gallery
Extract Features: [100/271]	Time 0.162 (0.224)	Data 0.000 (0.059)	
Extract Features: [200/271]	Time 0.202 (0.197)	Data 0.000 (0.030)	
gathering features from rank no.0
gathering features from rank no.1
gathering features from rank no.2
gathering features from rank no.3
===> Start calculating pairwise distances
===> Start calculating pairwise distances
===> Start calculating pairwise distances
===> Start sorting gallery
===> Start extracting features for sorting gallery
Extract Features: [100/271]	Time 0.179 (0.223)	Data 0.010 (0.056)	
Extract Features: [200/271]	Time 0.173 (0.199)	Data 0.000 (0.028)	
gathering features from rank no.0
gathering features from rank no.1
gathering features from rank no.2
gathering features from rank no.3
===> Start calculating pairwise distances
===> Start calculating pairwise distances
===> Start calculating pairwise distances
===> Start sorting gallery
===> Start extracting features for sorting gallery
Extract Features: [100/271]	Time 0.151 (0.222)	Data 0.000 (0.058)	
Extract Features: [200/271]	Time 0.181 (0.193)	Data 0.000 (0.029)	
gathering features from rank no.0
gathering features from rank no.1
gathering features from rank no.2
gathering features from rank no.3
===> Start calculating pairwise distances
===> Start calculating pairwise distances
===> Start calculating pairwise distances
===> Start sorting gallery
===> Start extracting features for sorting gallery
Extract Features: [100/271]	Time 0.153 (0.225)	Data 0.000 (0.059)	
Extract Features: [200/271]	Time 0.183 (0.198)	Data 0.000 (0.030)	
gathering features from rank no.0
gathering features from rank no.1
gathering features from rank no.2
gathering features from rank no.3
===> Start calculating pairwise distances
===> Start calculating pairwise distances
===> Start calculating pairwise distances
===> Start sorting gallery
===> Start extracting features for sorting gallery
Extract Features: [100/271]	Time 0.148 (0.225)	Data 0.000 (0.062)	
Extract Features: [200/271]	Time 0.171 (0.197)	Data 0.000 (0.032)	
gathering features from rank no.0
gathering features from rank no.1
gathering features from rank no.2
gathering features from rank no.3
===> Start calculating pairwise distances
===> Start calculating pairwise distances
===> Start calculating pairwise distances
===> Start sorting gallery
===> Start extracting features for sorting gallery
Extract Features: [100/271]	Time 0.149 (0.221)	Data 0.000 (0.058)	
Extract Features: [200/271]	Time 0.190 (0.196)	Data 0.000 (0.029)	
gathering features from rank no.0
gathering features from rank no.1
gathering features from rank no.2
gathering features from rank no.3
===> Start calculating pairwise distances
===> Start calculating pairwise distances
===> Start calculating pairwise distances
===> Start sorting gallery
===> Start extracting features for sorting gallery
Extract Features: [100/271]	Time 0.189 (0.220)	Data 0.001 (0.056)	
Extract Features: [200/271]	Time 0.168 (0.194)	Data 0.000 (0.029)	
gathering features from rank no.0
gathering features from rank no.1
gathering features from rank no.2
gathering features from rank no.3
===> Start calculating pairwise distances
===> Start calculating pairwise distances
===> Start calculating pairwise distances
===> Start sorting gallery
===> Start extracting features for sorting gallery
Extract Features: [100/271]	Time 0.188 (0.233)	Data 0.000 (0.069)	
Extract Features: [200/271]	Time 0.173 (0.204)	Data 0.000 (0.035)	
gathering features from rank no.0
gathering features from rank no.1
gathering features from rank no.2
gathering features from rank no.3
===> Start calculating pairwise distances
===> Start calculating pairwise distances
===> Start calculating pairwise distances
===> Start sorting gallery
Extract Features: [100/276]	Time 0.189 (0.222)	Data 0.000 (0.059)	
Extract Features: [200/276]	Time 0.189 (0.195)	Data 0.006 (0.030)	
gathering features from rank no.0
gathering features from rank no.1
gathering features from rank no.2
gathering features from rank no.3
===> Start calculating pairwise distances
===> Start calculating recalls
Recall Scores:
  top-1          88.8%
  top-5          96.4%
  top-10         97.8%

 * Finished generation   3 epoch   2 recall@1: 88.8%  recall@5: 96.4%  recall@10: 97.8%  best@5: 96.8%

===> Start extracting features for sorting gallery
Extract Features: [100/271]	Time 0.155 (0.220)	Data 0.000 (0.055)	
Extract Features: [200/271]	Time 0.170 (0.194)	Data 0.000 (0.028)	
gathering features from rank no.0
gathering features from rank no.1
gathering features from rank no.2
gathering features from rank no.3
===> Start calculating pairwise distances
===> Start calculating pairwise distances
===> Start calculating pairwise distances
===> Start sorting gallery
===> Start extracting features for sorting gallery
Extract Features: [100/271]	Time 0.150 (0.229)	Data 0.000 (0.065)	
Extract Features: [200/271]	Time 0.179 (0.198)	Data 0.000 (0.033)	
gathering features from rank no.0
gathering features from rank no.1
gathering features from rank no.2
gathering features from rank no.3
===> Start calculating pairwise distances
===> Start calculating pairwise distances
===> Start calculating pairwise distances
===> Start sorting gallery
===> Start extracting features for sorting gallery
Extract Features: [100/271]	Time 0.146 (0.222)	Data 0.000 (0.058)	
Extract Features: [200/271]	Time 0.178 (0.194)	Data 0.000 (0.029)	
gathering features from rank no.0
gathering features from rank no.1
gathering features from rank no.2
gathering features from rank no.3
===> Start calculating pairwise distances
===> Start calculating pairwise distances
===> Start calculating pairwise distances
===> Start sorting gallery
===> Start extracting features for sorting gallery
Extract Features: [100/271]	Time 0.199 (0.225)	Data 0.000 (0.058)	
Extract Features: [200/271]	Time 0.178 (0.195)	Data 0.000 (0.029)	
gathering features from rank no.0
gathering features from rank no.1
gathering features from rank no.2
gathering features from rank no.3
===> Start calculating pairwise distances
===> Start calculating pairwise distances
===> Start calculating pairwise distances
===> Start sorting gallery
===> Start extracting features for sorting gallery
Extract Features: [100/271]	Time 0.154 (0.224)	Data 0.000 (0.059)	
Extract Features: [200/271]	Time 0.168 (0.195)	Data 0.000 (0.030)	
gathering features from rank no.0
gathering features from rank no.1
gathering features from rank no.2
gathering features from rank no.3
===> Start calculating pairwise distances
===> Start calculating pairwise distances
===> Start calculating pairwise distances
===> Start sorting gallery
===> Start extracting features for sorting gallery
Extract Features: [100/271]	Time 0.165 (0.219)	Data 0.000 (0.057)	
Extract Features: [200/271]	Time 0.175 (0.196)	Data 0.001 (0.029)	
gathering features from rank no.0
gathering features from rank no.1
gathering features from rank no.2
gathering features from rank no.3
===> Start calculating pairwise distances
===> Start calculating pairwise distances
===> Start calculating pairwise distances
===> Start sorting gallery
===> Start extracting features for sorting gallery
Extract Features: [100/271]	Time 0.154 (0.219)	Data 0.000 (0.057)	
Extract Features: [200/271]	Time 0.174 (0.195)	Data 0.000 (0.029)	
gathering features from rank no.0
gathering features from rank no.1
gathering features from rank no.2
gathering features from rank no.3
===> Start calculating pairwise distances
===> Start calculating pairwise distances
===> Start calculating pairwise distances
===> Start sorting gallery
===> Start extracting features for sorting gallery
Extract Features: [100/271]	Time 0.168 (0.223)	Data 0.000 (0.058)	
Extract Features: [200/271]	Time 0.191 (0.196)	Data 0.001 (0.029)	
gathering features from rank no.0
gathering features from rank no.1
gathering features from rank no.2
gathering features from rank no.3
===> Start calculating pairwise distances
===> Start calculating pairwise distances
===> Start calculating pairwise distances
===> Start sorting gallery
Extract Features: [100/276]	Time 0.151 (0.219)	Data 0.000 (0.057)	
Extract Features: [200/276]	Time 0.186 (0.194)	Data 0.000 (0.029)	
gathering features from rank no.0
gathering features from rank no.1
gathering features from rank no.2
gathering features from rank no.3
===> Start calculating pairwise distances
===> Start calculating recalls
Recall Scores:
  top-1          88.6%
  top-5          96.3%
  top-10         97.7%

 * Finished generation   3 epoch   3 recall@1: 88.6%  recall@5: 96.3%  recall@10: 97.7%  best@5: 96.8%

===> Start extracting features for sorting gallery
Extract Features: [100/271]	Time 0.146 (0.226)	Data 0.000 (0.061)	
Extract Features: [200/271]	Time 0.172 (0.197)	Data 0.000 (0.031)	
gathering features from rank no.0
gathering features from rank no.1
gathering features from rank no.2
gathering features from rank no.3
===> Start calculating pairwise distances
===> Start calculating pairwise distances
===> Start calculating pairwise distances
===> Start sorting gallery
===> Start extracting features for sorting gallery
Extract Features: [100/271]	Time 0.149 (0.220)	Data 0.001 (0.057)	
Extract Features: [200/271]	Time 0.183 (0.195)	Data 0.006 (0.029)	
gathering features from rank no.0
gathering features from rank no.1
gathering features from rank no.2
gathering features from rank no.3
===> Start calculating pairwise distances
===> Start calculating pairwise distances
===> Start calculating pairwise distances
===> Start sorting gallery
===> Start extracting features for sorting gallery
Extract Features: [100/271]	Time 0.154 (0.233)	Data 0.000 (0.069)	
Extract Features: [200/271]	Time 0.169 (0.199)	Data 0.000 (0.035)	
gathering features from rank no.0
gathering features from rank no.1
gathering features from rank no.2
gathering features from rank no.3
===> Start calculating pairwise distances
===> Start calculating pairwise distances
===> Start calculating pairwise distances
===> Start sorting gallery
===> Start extracting features for sorting gallery
Extract Features: [100/271]	Time 0.160 (0.221)	Data 0.000 (0.056)	
Extract Features: [200/271]	Time 0.188 (0.195)	Data 0.000 (0.028)	
gathering features from rank no.0
gathering features from rank no.1
gathering features from rank no.2
gathering features from rank no.3
===> Start calculating pairwise distances
===> Start calculating pairwise distances
===> Start calculating pairwise distances
===> Start sorting gallery
===> Start extracting features for sorting gallery
Extract Features: [100/271]	Time 0.165 (0.226)	Data 0.006 (0.059)	
Extract Features: [200/271]	Time 0.177 (0.196)	Data 0.000 (0.030)	
gathering features from rank no.0
gathering features from rank no.1
gathering features from rank no.2
gathering features from rank no.3
===> Start calculating pairwise distances
===> Start calculating pairwise distances
===> Start calculating pairwise distances
===> Start sorting gallery
===> Start extracting features for sorting gallery
Extract Features: [100/271]	Time 0.167 (0.227)	Data 0.000 (0.058)	
Extract Features: [200/271]	Time 0.209 (0.200)	Data 0.000 (0.029)	
gathering features from rank no.0
gathering features from rank no.1
gathering features from rank no.2
gathering features from rank no.3
===> Start calculating pairwise distances
===> Start calculating pairwise distances
===> Start calculating pairwise distances
===> Start sorting gallery
===> Start extracting features for sorting gallery
Extract Features: [100/271]	Time 0.153 (0.219)	Data 0.000 (0.057)	
Extract Features: [200/271]	Time 0.173 (0.194)	Data 0.002 (0.029)	
gathering features from rank no.0
gathering features from rank no.1
gathering features from rank no.2
gathering features from rank no.3
===> Start calculating pairwise distances
===> Start calculating pairwise distances
===> Start calculating pairwise distances
===> Start sorting gallery
===> Start extracting features for sorting gallery
Extract Features: [100/271]	Time 0.151 (0.218)	Data 0.000 (0.059)	
Extract Features: [200/271]	Time 0.173 (0.190)	Data 0.000 (0.030)	
gathering features from rank no.0
gathering features from rank no.1
gathering features from rank no.2
gathering features from rank no.3
===> Start calculating pairwise distances
===> Start calculating pairwise distances
===> Start calculating pairwise distances
===> Start sorting gallery
Extract Features: [100/276]	Time 0.150 (0.221)	Data 0.000 (0.059)	
Extract Features: [200/276]	Time 0.173 (0.194)	Data 0.000 (0.030)	
gathering features from rank no.0
gathering features from rank no.1
gathering features from rank no.2
gathering features from rank no.3
===> Start calculating pairwise distances
===> Start calculating recalls
Recall Scores:
  top-1          88.7%
  top-5          96.5%
  top-10         97.9%

 * Finished generation   3 epoch   4 recall@1: 88.7%  recall@5: 96.5%  recall@10: 97.9%  best@5: 96.8%

Performing PCA reduction on the best model:
=> Loaded checkpoint '/home/m.maqboolbhutta/usman_ws/models/openibl/openibl5-9d8f-try3-norm/vgg16-graphvlad_SFRS-sare_ind-pitts30k-lr0.001-tuple4-19-Sep/model_best.pth.tar'
Extract Features: [100/271]	Time 0.147 (0.216)	Data 0.000 (0.056)	
Extract Features: [200/271]	Time 0.183 (0.192)	Data 0.000 (0.028)	
gathering features from rank no.0
gathering features from rank no.1
gathering features from rank no.2
gathering features from rank no.3
calculating PCA parameters...
================= PCA RESULT ==================
U: (32768, 4096)
lams: (4096,)
mu: (32768, 1)
Utmu: (4096, 1)
===============================================
Testing on Pitts30k-test:
load PCA parameters...
Extract Features: [100/263]	Time 0.153 (0.222)	Data 0.000 (0.055)	
Extract Features: [200/263]	Time 0.159 (0.192)	Data 0.000 (0.028)	
gathering features from rank no.0
gathering features from rank no.1
gathering features from rank no.2
gathering features from rank no.3
===> Start calculating pairwise distances
===> Start calculating recalls
Recall Scores:
  top-1          89.0%
  top-5          94.6%
  top-10         95.8%
==========Testing=============

==============================
/home/m.maqboolbhutta/usman_ws/models/openibl/openibl5-9d8f-try3-norm/vgg16-graphvlad_SFRS-sare_joint-pitts30k-lr0.001-tuple4-20-Sep
==========Starting Training=============
========================================
Use GPU: 2 for training, rank no.2 of world_size 4
Use GPU: 3 for training, rank no.3 of world_size 4
Use GPU: 1 for training, rank no.1 of world_size 4
Use GPU: 0 for training, rank no.0 of world_size 4
==========
Args:Namespace(arch='vgg16', cache_size=1000, data_dir='/home/m.maqboolbhutta/usman_ws/codes/OpenIBL/examples/data/', dataset='pitts', deterministic=False, epochs=5, eval_step=1, fast_scnn='/home/m.maqboolbhutta/usman_ws/datasets/official/fast_scnn/fast_scnn_citys.pth', features=4096, generations=4, gpu=0, height=480, init_dir='/blue/hmedeiros/m.maqboolbhutta/datasets/official/openibl-init', iters=0, launcher='slurm', layers='conv5', logs_dir='/home/m.maqboolbhutta/usman_ws/models/openibl/openibl5-9d8f-try3-norm/vgg16-graphvlad_SFRS-sare_joint-pitts30k-lr0.001-tuple4-20-Sep', loss_type='sare_joint', lr=0.001, margin=0.1, method='graphvlad', momentum=0.9, neg_num=10, neg_pool=1000, ngpus_per_node=4, nowhiten=False, num_clusters=64, pos_num=10, pos_pool=20, print_freq=500, rank=0, resume='', scale='30k', seed=43, soft_weight=0.5, step_size=5, sync_gather=False, syncbn=True, tcp_port='6010', temperature=[0.07, 0.07, 0.06, 0.05], test_batch_size=16, total_gpus=4, tuple_size=1, weight_decay=0.001, width=640, workers=2, world_size=4)
==========
Pittsburgh dataset loaded
  subset        | # pids | # images
  ---------------------------------
  train_query   |   311  |     7320
  train_gallery |   417  |    10000
  val_query     |   319  |     7608
  val_gallery   |   417  |    10000
  test_query    |   286  |     6816
  test_gallery  |   417  |    10000
Loading centroids from /blue/hmedeiros/m.maqboolbhutta/datasets/official/openibl-init/vgg16_pitts_64_desc_cen.hdf5
===> Loading segmentation model
Loading centroids from /blue/hmedeiros/m.maqboolbhutta/datasets/official/openibl-init/vgg16_pitts_64_desc_cen.hdf5
===> Loading segmentation model
Test the initial model:
Extract Features: [100/276]	Time 0.184 (0.241)	Data 0.000 (0.051)	
Extract Features: [200/276]	Time 0.159 (0.211)	Data 0.000 (0.026)	
gathering features from rank no.0
gathering features from rank no.1
gathering features from rank no.2
gathering features from rank no.3
===> Start calculating pairwise distances
===> Start calculating recalls
Recall Scores:
  top-1          79.7%
  top-5          92.1%
  top-10         95.2%
===> Start extracting features for sorting gallery
Extract Features: [100/271]	Time 0.190 (0.237)	Data 0.000 (0.057)	
Extract Features: [200/271]	Time 0.168 (0.209)	Data 0.000 (0.029)	
gathering features from rank no.0
gathering features from rank no.1
gathering features from rank no.2
gathering features from rank no.3
===> Start calculating pairwise distances
===> Start sorting gallery
===> Start extracting features for sorting gallery
Extract Features: [100/271]	Time 0.203 (0.239)	Data 0.000 (0.061)	
Extract Features: [200/271]	Time 0.197 (0.210)	Data 0.000 (0.031)	
gathering features from rank no.0
gathering features from rank no.1
gathering features from rank no.2
gathering features from rank no.3
===> Start calculating pairwise distances
===> Start sorting gallery
===> Start extracting features for sorting gallery
Extract Features: [100/271]	Time 0.168 (0.236)	Data 0.000 (0.056)	
Extract Features: [200/271]	Time 0.171 (0.206)	Data 0.000 (0.029)	
gathering features from rank no.0
gathering features from rank no.1
gathering features from rank no.2
gathering features from rank no.3
===> Start calculating pairwise distances
===> Start sorting gallery
===> Start extracting features for sorting gallery
Extract Features: [100/271]	Time 0.185 (0.244)	Data 0.000 (0.060)	
Extract Features: [200/271]	Time 0.170 (0.212)	Data 0.000 (0.031)	
gathering features from rank no.0
gathering features from rank no.1
gathering features from rank no.2
gathering features from rank no.3
===> Start calculating pairwise distances
===> Start sorting gallery
===> Start extracting features for sorting gallery
Extract Features: [100/271]	Time 0.163 (0.239)	Data 0.000 (0.058)	
Extract Features: [200/271]	Time 0.179 (0.213)	Data 0.000 (0.030)	
gathering features from rank no.0
gathering features from rank no.1
gathering features from rank no.2
gathering features from rank no.3
===> Start calculating pairwise distances
===> Start sorting gallery
===> Start extracting features for sorting gallery
Extract Features: [100/271]	Time 0.172 (0.234)	Data 0.000 (0.057)	
Extract Features: [200/271]	Time 0.166 (0.207)	Data 0.000 (0.029)	
gathering features from rank no.0
gathering features from rank no.1
gathering features from rank no.2
gathering features from rank no.3
===> Start calculating pairwise distances
===> Start sorting gallery
