Sun Sep 15 18:02:04 EDT 2024
/home/m.maqboolbhutta/usman_ws/codes/OpenIBL
/home/m.maqboolbhutta/.conda/envs/openibl3/bin/python
Host: c0910a-s11
Other nodes: 
/home/m.maqboolbhutta/usman_ws/models/openibl/0915-try1/vgg16-graphvlad_sfrs-sare_ind-pitts30k-lr0.001-tuple4-15-Sep
==========Starting Training=============
========================================
Use GPU: 0 for training, rank no.0 of world_size 4
Use GPU: 1 for training, rank no.1 of world_size 4
Use GPU: 3 for training, rank no.3 of world_size 4
Use GPU: 2 for training, rank no.2 of world_size 4
==========
Args:Namespace(arch='vgg16', cache_size=1000, data_dir='/home/m.maqboolbhutta/usman_ws/codes/OpenIBL/examples/data/', dataset='pitts', deterministic=False, epochs=5, eval_step=1, fast_scnn='/home/m.maqboolbhutta/usman_ws/datasets/official/fast_scnn/fast_scnn_citys.pth', features=4096, generations=4, gpu=0, height=480, init_dir='/blue/hmedeiros/m.maqboolbhutta/datasets/official/openibl-init', iters=0, launcher='slurm', layers='conv5', logs_dir='/home/m.maqboolbhutta/usman_ws/models/openibl/0915-try1/vgg16-graphvlad_sfrs-sare_ind-pitts30k-lr0.001-tuple4-15-Sep', loss_type='sare_ind', lr=0.001, margin=0.1, method='graphvlad', momentum=0.9, neg_num=10, neg_pool=1000, ngpus_per_node=4, nowhiten=False, num_clusters=64, pos_num=10, pos_pool=20, print_freq=500, rank=0, resume='', scale='30k', seed=43, soft_weight=0.5, step_size=5, sync_gather=False, syncbn=True, tcp_port='6010', temperature=[0.07, 0.07, 0.06, 0.05], test_batch_size=16, total_gpus=4, tuple_size=1, weight_decay=0.001, width=640, workers=2, world_size=4)
==========
Pittsburgh dataset loaded
  subset        | # pids | # images
  ---------------------------------
  train_query   |   311  |     7320
  train_gallery |   417  |    10000
  val_query     |   319  |     7608
  val_gallery   |   417  |    10000
  test_query    |   286  |     6816
  test_gallery  |   417  |    10000
Loading centroids from /blue/hmedeiros/m.maqboolbhutta/datasets/official/openibl-init/vgg16_pitts_64_desc_cen.hdf5
===> Loading segmentation model
Loading centroids from /blue/hmedeiros/m.maqboolbhutta/datasets/official/openibl-init/vgg16_pitts_64_desc_cen.hdf5
===> Loading segmentation model
Test the initial model:
Extract Features: [100/276]	Time 0.196 (0.261)	Data 0.000 (0.054)	
Extract Features: [200/276]	Time 0.199 (0.226)	Data 0.000 (0.028)	
gathering features from rank no.0
gathering features from rank no.1
gathering features from rank no.2
gathering features from rank no.3
===> Start calculating pairwise distances
===> Start calculating recalls
Recall Scores:
  top-1          80.2%
  top-5          93.1%
  top-10         95.8%
===> Start extracting features for sorting gallery
Extract Features: [100/271]	Time 0.181 (0.241)	Data 0.000 (0.052)	
Extract Features: [200/271]	Time 0.180 (0.213)	Data 0.000 (0.026)	
gathering features from rank no.0
gathering features from rank no.1
gathering features from rank no.2
gathering features from rank no.3
===> Start calculating pairwise distances
===> Start sorting gallery
===> Start extracting features for sorting gallery
Extract Features: [100/271]	Time 0.191 (0.241)	Data 0.000 (0.056)	
Extract Features: [200/271]	Time 0.194 (0.212)	Data 0.000 (0.028)	
gathering features from rank no.0
gathering features from rank no.1
gathering features from rank no.2
gathering features from rank no.3
===> Start calculating pairwise distances
===> Start sorting gallery
===> Start extracting features for sorting gallery
Extract Features: [100/271]	Time 0.192 (0.248)	Data 0.000 (0.055)	
Extract Features: [200/271]	Time 0.189 (0.221)	Data 0.000 (0.028)	
gathering features from rank no.0
gathering features from rank no.1
gathering features from rank no.2
gathering features from rank no.3
===> Start calculating pairwise distances
===> Start sorting gallery
===> Start extracting features for sorting gallery
Extract Features: [100/271]	Time 0.213 (0.248)	Data 0.000 (0.055)	
Extract Features: [200/271]	Time 0.184 (0.218)	Data 0.000 (0.028)	
gathering features from rank no.0
gathering features from rank no.1
gathering features from rank no.2
gathering features from rank no.3
===> Start calculating pairwise distances
===> Start sorting gallery
===> Start extracting features for sorting gallery
Extract Features: [100/271]	Time 0.178 (0.251)	Data 0.000 (0.057)	
Extract Features: [200/271]	Time 0.186 (0.221)	Data 0.000 (0.029)	
gathering features from rank no.0
gathering features from rank no.1
gathering features from rank no.2
gathering features from rank no.3
===> Start calculating pairwise distances
===> Start sorting gallery
===> Start extracting features for sorting gallery
Extract Features: [100/271]	Time 0.221 (0.245)	Data 0.000 (0.057)	
Extract Features: [200/271]	Time 0.194 (0.217)	Data 0.000 (0.029)	
gathering features from rank no.0
gathering features from rank no.1
gathering features from rank no.2
gathering features from rank no.3
===> Start calculating pairwise distances
===> Start sorting gallery
===> Start extracting features for sorting gallery
Extract Features: [100/271]	Time 0.192 (0.238)	Data 0.000 (0.054)	
Extract Features: [200/271]	Time 0.195 (0.213)	Data 0.016 (0.027)	
gathering features from rank no.0
gathering features from rank no.1
gathering features from rank no.2
gathering features from rank no.3
===> Start calculating pairwise distances
===> Start sorting gallery
===> Start extracting features for sorting gallery
Extract Features: [100/271]	Time 0.182 (0.243)	Data 0.000 (0.055)	
Extract Features: [200/271]	Time 0.186 (0.216)	Data 0.000 (0.028)	
gathering features from rank no.0
gathering features from rank no.1
gathering features from rank no.2
gathering features from rank no.3
===> Start calculating pairwise distances
===> Start sorting gallery
Extract Features: [100/276]	Time 0.184 (0.244)	Data 0.000 (0.057)	
Extract Features: [200/276]	Time 0.180 (0.216)	Data 0.000 (0.029)	
gathering features from rank no.0
gathering features from rank no.1
gathering features from rank no.2
gathering features from rank no.3
===> Start calculating pairwise distances
===> Start calculating recalls
Recall Scores:
  top-1          87.6%
  top-5          95.6%
  top-10         97.4%

 * Finished generation   0 epoch   4 recall@1: 87.6%  recall@5: 95.6%  recall@10: 97.4%  best@5: 95.6% *

===> Start extracting features for sorting gallery
Extract Features: [100/271]	Time 0.194 (0.246)	Data 0.000 (0.055)	
Extract Features: [200/271]	Time 0.229 (0.218)	Data 0.000 (0.028)	
gathering features from rank no.0
gathering features from rank no.1
gathering features from rank no.2
gathering features from rank no.3
===> Start calculating pairwise distances
===> Start calculating pairwise distances
===> Start calculating pairwise distances
===> Start sorting gallery
===> Start extracting features for sorting gallery
Extract Features: [100/271]	Time 0.189 (0.248)	Data 0.000 (0.056)	
Extract Features: [200/271]	Time 0.199 (0.218)	Data 0.000 (0.028)	
gathering features from rank no.0
gathering features from rank no.1
gathering features from rank no.2
gathering features from rank no.3
===> Start calculating pairwise distances
===> Start calculating pairwise distances
===> Start calculating pairwise distances
===> Start sorting gallery
===> Start extracting features for sorting gallery
Extract Features: [100/271]	Time 0.181 (0.247)	Data 0.000 (0.056)	
Extract Features: [200/271]	Time 0.219 (0.221)	Data 0.000 (0.029)	
gathering features from rank no.0
gathering features from rank no.1
gathering features from rank no.2
gathering features from rank no.3
===> Start calculating pairwise distances
===> Start calculating pairwise distances
===> Start calculating pairwise distances
===> Start sorting gallery
===> Start extracting features for sorting gallery
Extract Features: [100/271]	Time 0.202 (0.248)	Data 0.000 (0.059)	
Extract Features: [200/271]	Time 0.220 (0.219)	Data 0.000 (0.030)	
gathering features from rank no.0
gathering features from rank no.1
gathering features from rank no.2
gathering features from rank no.3
===> Start calculating pairwise distances
===> Start calculating pairwise distances
===> Start calculating pairwise distances
===> Start sorting gallery
===> Start extracting features for sorting gallery
Extract Features: [100/271]	Time 0.194 (0.250)	Data 0.000 (0.057)	
Extract Features: [200/271]	Time 0.250 (0.219)	Data 0.000 (0.029)	
gathering features from rank no.0
gathering features from rank no.1
gathering features from rank no.2
gathering features from rank no.3
===> Start calculating pairwise distances
===> Start calculating pairwise distances
===> Start calculating pairwise distances
===> Start sorting gallery
===> Start extracting features for sorting gallery
Extract Features: [100/271]	Time 0.190 (0.243)	Data 0.000 (0.054)	
Extract Features: [200/271]	Time 0.188 (0.216)	Data 0.008 (0.028)	
gathering features from rank no.0
gathering features from rank no.1
gathering features from rank no.2
gathering features from rank no.3
===> Start calculating pairwise distances
===> Start calculating pairwise distances
===> Start calculating pairwise distances
===> Start sorting gallery
===> Start extracting features for sorting gallery
Extract Features: [100/271]	Time 0.184 (0.247)	Data 0.000 (0.055)	
Extract Features: [200/271]	Time 0.213 (0.219)	Data 0.000 (0.028)	
gathering features from rank no.0
gathering features from rank no.1
gathering features from rank no.2
gathering features from rank no.3
===> Start calculating pairwise distances
===> Start calculating pairwise distances
===> Start calculating pairwise distances
===> Start sorting gallery
===> Start extracting features for sorting gallery
Extract Features: [100/271]	Time 0.183 (0.247)	Data 0.000 (0.056)	
Extract Features: [200/271]	Time 0.177 (0.217)	Data 0.000 (0.029)	
gathering features from rank no.0
gathering features from rank no.1
gathering features from rank no.2
gathering features from rank no.3
===> Start calculating pairwise distances
===> Start calculating pairwise distances
===> Start calculating pairwise distances
===> Start sorting gallery
Extract Features: [100/276]	Time 0.188 (0.245)	Data 0.000 (0.056)	
Extract Features: [200/276]	Time 0.177 (0.218)	Data 0.000 (0.029)	
gathering features from rank no.0
gathering features from rank no.1
gathering features from rank no.2
gathering features from rank no.3
===> Start calculating pairwise distances
===> Start calculating recalls
Recall Scores:
  top-1          88.1%
  top-5          95.8%
  top-10         97.4%

 * Finished generation   1 epoch   0 recall@1: 88.1%  recall@5: 95.8%  recall@10: 97.4%  best@5: 95.8% *

===> Start extracting features for sorting gallery
Extract Features: [100/271]	Time 0.203 (0.242)	Data 0.000 (0.055)	
Extract Features: [200/271]	Time 0.193 (0.217)	Data 0.000 (0.028)	
gathering features from rank no.0
gathering features from rank no.1
gathering features from rank no.2
gathering features from rank no.3
===> Start calculating pairwise distances
===> Start calculating pairwise distances
===> Start calculating pairwise distances
===> Start sorting gallery
===> Start extracting features for sorting gallery
Extract Features: [100/271]	Time 0.190 (0.241)	Data 0.020 (0.053)	
Extract Features: [200/271]	Time 0.204 (0.216)	Data 0.000 (0.027)	
gathering features from rank no.0
gathering features from rank no.1
gathering features from rank no.2
gathering features from rank no.3
===> Start calculating pairwise distances
===> Start calculating pairwise distances
===> Start calculating pairwise distances
===> Start sorting gallery
===> Start extracting features for sorting gallery
Extract Features: [100/271]	Time 0.191 (0.247)	Data 0.000 (0.057)	
Extract Features: [200/271]	Time 0.205 (0.218)	Data 0.000 (0.029)	
gathering features from rank no.0
gathering features from rank no.1
gathering features from rank no.2
gathering features from rank no.3
===> Start calculating pairwise distances
===> Start calculating pairwise distances
===> Start calculating pairwise distances
===> Start sorting gallery
===> Start extracting features for sorting gallery
Extract Features: [100/271]	Time 0.181 (0.245)	Data 0.000 (0.057)	
Extract Features: [200/271]	Time 0.193 (0.216)	Data 0.001 (0.029)	
gathering features from rank no.0
gathering features from rank no.1
gathering features from rank no.2
gathering features from rank no.3
===> Start calculating pairwise distances
===> Start calculating pairwise distances
===> Start calculating pairwise distances
===> Start sorting gallery
===> Start extracting features for sorting gallery
Extract Features: [100/271]	Time 0.196 (0.247)	Data 0.008 (0.055)	
Extract Features: [200/271]	Time 0.227 (0.219)	Data 0.000 (0.028)	
gathering features from rank no.0
gathering features from rank no.1
gathering features from rank no.2
gathering features from rank no.3
===> Start calculating pairwise distances
===> Start calculating pairwise distances
===> Start calculating pairwise distances
===> Start sorting gallery
===> Start extracting features for sorting gallery
Extract Features: [100/271]	Time 0.183 (0.246)	Data 0.000 (0.055)	
Extract Features: [200/271]	Time 0.178 (0.218)	Data 0.000 (0.028)	
gathering features from rank no.0
gathering features from rank no.1
gathering features from rank no.2
gathering features from rank no.3
===> Start calculating pairwise distances
===> Start calculating pairwise distances
===> Start calculating pairwise distances
===> Start sorting gallery
===> Start extracting features for sorting gallery
Extract Features: [100/271]	Time 0.174 (0.244)	Data 0.000 (0.056)	
Extract Features: [200/271]	Time 0.209 (0.218)	Data 0.000 (0.028)	
gathering features from rank no.0
gathering features from rank no.1
gathering features from rank no.2
gathering features from rank no.3
===> Start calculating pairwise distances
===> Start calculating pairwise distances
===> Start calculating pairwise distances
===> Start sorting gallery
===> Start extracting features for sorting gallery
Extract Features: [100/271]	Time 0.180 (0.246)	Data 0.000 (0.058)	
Extract Features: [200/271]	Time 0.188 (0.218)	Data 0.000 (0.029)	
gathering features from rank no.0
gathering features from rank no.1
gathering features from rank no.2
gathering features from rank no.3
===> Start calculating pairwise distances
===> Start calculating pairwise distances
===> Start calculating pairwise distances
===> Start sorting gallery
Extract Features: [100/276]	Time 0.190 (0.242)	Data 0.000 (0.054)	
Extract Features: [200/276]	Time 0.189 (0.217)	Data 0.000 (0.028)	
gathering features from rank no.0
gathering features from rank no.1
gathering features from rank no.2
gathering features from rank no.3
===> Start calculating pairwise distances
===> Start calculating recalls
Recall Scores:
  top-1          88.8%
  top-5          96.0%
  top-10         97.6%

 * Finished generation   1 epoch   1 recall@1: 88.8%  recall@5: 96.0%  recall@10: 97.6%  best@5: 96.0% *

===> Start extracting features for sorting gallery
Extract Features: [100/271]	Time 0.202 (0.243)	Data 0.000 (0.053)	
Extract Features: [200/271]	Time 0.191 (0.218)	Data 0.000 (0.027)	
gathering features from rank no.0
gathering features from rank no.1
gathering features from rank no.2
gathering features from rank no.3
===> Start calculating pairwise distances
===> Start calculating pairwise distances
===> Start calculating pairwise distances
===> Start sorting gallery
===> Start extracting features for sorting gallery
Extract Features: [100/271]	Time 0.176 (0.246)	Data 0.000 (0.057)	
Extract Features: [200/271]	Time 0.215 (0.217)	Data 0.000 (0.029)	
gathering features from rank no.0
gathering features from rank no.1
gathering features from rank no.2
gathering features from rank no.3
===> Start calculating pairwise distances
===> Start calculating pairwise distances
===> Start calculating pairwise distances
===> Start sorting gallery
===> Start extracting features for sorting gallery
Extract Features: [100/271]	Time 0.203 (0.247)	Data 0.000 (0.055)	
Extract Features: [200/271]	Time 0.212 (0.219)	Data 0.000 (0.028)	
gathering features from rank no.0
gathering features from rank no.1
gathering features from rank no.2
gathering features from rank no.3
===> Start calculating pairwise distances
===> Start calculating pairwise distances
===> Start calculating pairwise distances
===> Start sorting gallery
===> Start extracting features for sorting gallery
Extract Features: [100/271]	Time 0.180 (0.245)	Data 0.000 (0.056)	
Extract Features: [200/271]	Time 0.175 (0.217)	Data 0.000 (0.028)	
gathering features from rank no.0
gathering features from rank no.1
gathering features from rank no.2
gathering features from rank no.3
===> Start calculating pairwise distances
===> Start calculating pairwise distances
===> Start calculating pairwise distances
===> Start sorting gallery
===> Start extracting features for sorting gallery
Extract Features: [100/271]	Time 0.190 (0.245)	Data 0.005 (0.056)	
Extract Features: [200/271]	Time 0.185 (0.215)	Data 0.000 (0.028)	
gathering features from rank no.0
gathering features from rank no.1
gathering features from rank no.2
gathering features from rank no.3
===> Start calculating pairwise distances
===> Start calculating pairwise distances
===> Start calculating pairwise distances
===> Start sorting gallery
===> Start extracting features for sorting gallery
Extract Features: [100/271]	Time 0.177 (0.246)	Data 0.000 (0.055)	
Extract Features: [200/271]	Time 0.183 (0.216)	Data 0.000 (0.028)	
gathering features from rank no.0
gathering features from rank no.1
gathering features from rank no.2
gathering features from rank no.3
===> Start calculating pairwise distances
===> Start calculating pairwise distances
===> Start calculating pairwise distances
===> Start sorting gallery
===> Start extracting features for sorting gallery
Extract Features: [100/271]	Time 0.194 (0.247)	Data 0.000 (0.056)	
Extract Features: [200/271]	Time 0.192 (0.220)	Data 0.000 (0.029)	
gathering features from rank no.0
gathering features from rank no.1
gathering features from rank no.2
gathering features from rank no.3
===> Start calculating pairwise distances
===> Start calculating pairwise distances
===> Start calculating pairwise distances
===> Start sorting gallery
===> Start extracting features for sorting gallery
Extract Features: [100/271]	Time 0.178 (0.243)	Data 0.000 (0.055)	
Extract Features: [200/271]	Time 0.173 (0.217)	Data 0.000 (0.028)	
gathering features from rank no.0
gathering features from rank no.1
gathering features from rank no.2
gathering features from rank no.3
===> Start calculating pairwise distances
===> Start calculating pairwise distances
===> Start calculating pairwise distances
===> Start sorting gallery
Extract Features: [100/276]	Time 0.223 (0.248)	Data 0.000 (0.056)	
Extract Features: [200/276]	Time 0.208 (0.219)	Data 0.000 (0.029)	
gathering features from rank no.0
gathering features from rank no.1
gathering features from rank no.2
gathering features from rank no.3
===> Start calculating pairwise distances
===> Start calculating recalls
Recall Scores:
  top-1          89.2%
  top-5          96.5%
  top-10         98.0%

 * Finished generation   1 epoch   2 recall@1: 89.2%  recall@5: 96.5%  recall@10: 98.0%  best@5: 96.5% *

===> Start extracting features for sorting gallery
Extract Features: [100/271]	Time 0.183 (0.244)	Data 0.001 (0.055)	
Extract Features: [200/271]	Time 0.179 (0.216)	Data 0.000 (0.028)	
gathering features from rank no.0
gathering features from rank no.1
gathering features from rank no.2
gathering features from rank no.3
===> Start calculating pairwise distances
===> Start calculating pairwise distances
===> Start calculating pairwise distances
===> Start sorting gallery
===> Start extracting features for sorting gallery
Extract Features: [100/271]	Time 0.178 (0.248)	Data 0.000 (0.057)	
Extract Features: [200/271]	Time 0.194 (0.219)	Data 0.001 (0.029)	
gathering features from rank no.0
gathering features from rank no.1
gathering features from rank no.2
gathering features from rank no.3
===> Start calculating pairwise distances
===> Start calculating pairwise distances
===> Start calculating pairwise distances
===> Start sorting gallery
===> Start extracting features for sorting gallery
Extract Features: [100/271]	Time 0.182 (0.248)	Data 0.000 (0.057)	
Extract Features: [200/271]	Time 0.184 (0.221)	Data 0.000 (0.029)	
gathering features from rank no.0
gathering features from rank no.1
gathering features from rank no.2
gathering features from rank no.3
===> Start calculating pairwise distances
===> Start calculating pairwise distances
===> Start calculating pairwise distances
===> Start sorting gallery
===> Start extracting features for sorting gallery
Extract Features: [100/271]	Time 0.183 (0.248)	Data 0.000 (0.056)	
Extract Features: [200/271]	Time 0.181 (0.219)	Data 0.000 (0.028)	
gathering features from rank no.0
gathering features from rank no.1
gathering features from rank no.2
gathering features from rank no.3
===> Start calculating pairwise distances
===> Start calculating pairwise distances
===> Start calculating pairwise distances
===> Start sorting gallery
===> Start extracting features for sorting gallery
Extract Features: [100/271]	Time 0.181 (0.248)	Data 0.000 (0.055)	
Extract Features: [200/271]	Time 0.178 (0.221)	Data 0.000 (0.028)	
gathering features from rank no.0
gathering features from rank no.1
gathering features from rank no.2
gathering features from rank no.3
===> Start calculating pairwise distances
===> Start calculating pairwise distances
===> Start calculating pairwise distances
===> Start sorting gallery
===> Start extracting features for sorting gallery
Extract Features: [100/271]	Time 0.191 (0.242)	Data 0.000 (0.054)	
Extract Features: [200/271]	Time 0.195 (0.218)	Data 0.000 (0.028)	
gathering features from rank no.0
gathering features from rank no.1
gathering features from rank no.2
gathering features from rank no.3
===> Start calculating pairwise distances
===> Start calculating pairwise distances
===> Start calculating pairwise distances
===> Start sorting gallery
===> Start extracting features for sorting gallery
Extract Features: [100/271]	Time 0.188 (0.246)	Data 0.000 (0.055)	
Extract Features: [200/271]	Time 0.196 (0.218)	Data 0.000 (0.028)	
gathering features from rank no.0
gathering features from rank no.1
gathering features from rank no.2
gathering features from rank no.3
===> Start calculating pairwise distances
===> Start calculating pairwise distances
===> Start calculating pairwise distances
===> Start sorting gallery
===> Start extracting features for sorting gallery
Extract Features: [100/271]	Time 0.173 (0.245)	Data 0.000 (0.056)	
Extract Features: [200/271]	Time 0.193 (0.219)	Data 0.000 (0.029)	
gathering features from rank no.0
gathering features from rank no.1
gathering features from rank no.2
gathering features from rank no.3
===> Start calculating pairwise distances
===> Start calculating pairwise distances
===> Start calculating pairwise distances
===> Start sorting gallery
Extract Features: [100/276]	Time 0.187 (0.250)	Data 0.000 (0.057)	
Extract Features: [200/276]	Time 0.193 (0.220)	Data 0.000 (0.029)	
gathering features from rank no.0
gathering features from rank no.1
gathering features from rank no.2
gathering features from rank no.3
===> Start calculating pairwise distances
===> Start calculating recalls
Recall Scores:
  top-1          89.0%
  top-5          96.6%
  top-10         98.1%

 * Finished generation   1 epoch   3 recall@1: 89.0%  recall@5: 96.6%  recall@10: 98.1%  best@5: 96.6% *

===> Start extracting features for sorting gallery
Extract Features: [100/271]	Time 0.198 (0.250)	Data 0.000 (0.055)	
Extract Features: [200/271]	Time 0.208 (0.222)	Data 0.000 (0.028)	
gathering features from rank no.0
gathering features from rank no.1
gathering features from rank no.2
gathering features from rank no.3
===> Start calculating pairwise distances
===> Start calculating pairwise distances
===> Start calculating pairwise distances
===> Start sorting gallery
===> Start extracting features for sorting gallery
Extract Features: [100/271]	Time 0.173 (0.248)	Data 0.000 (0.057)	
Extract Features: [200/271]	Time 0.194 (0.220)	Data 0.000 (0.029)	
gathering features from rank no.0
gathering features from rank no.1
gathering features from rank no.2
gathering features from rank no.3
===> Start calculating pairwise distances
===> Start calculating pairwise distances
===> Start calculating pairwise distances
===> Start sorting gallery
===> Start extracting features for sorting gallery
Extract Features: [100/271]	Time 0.190 (0.247)	Data 0.000 (0.055)	
Extract Features: [200/271]	Time 0.173 (0.217)	Data 0.000 (0.028)	
gathering features from rank no.0
gathering features from rank no.1
gathering features from rank no.2
gathering features from rank no.3
===> Start calculating pairwise distances
===> Start calculating pairwise distances
===> Start calculating pairwise distances
===> Start sorting gallery
===> Start extracting features for sorting gallery
Extract Features: [100/271]	Time 0.190 (0.244)	Data 0.000 (0.055)	
Extract Features: [200/271]	Time 0.176 (0.216)	Data 0.000 (0.028)	
gathering features from rank no.0
gathering features from rank no.1
gathering features from rank no.2
gathering features from rank no.3
===> Start calculating pairwise distances
===> Start calculating pairwise distances
===> Start calculating pairwise distances
===> Start sorting gallery
===> Start extracting features for sorting gallery
Extract Features: [100/271]	Time 0.190 (0.244)	Data 0.000 (0.055)	
Extract Features: [200/271]	Time 0.188 (0.215)	Data 0.000 (0.028)	
gathering features from rank no.0
gathering features from rank no.1
gathering features from rank no.2
gathering features from rank no.3
===> Start calculating pairwise distances
===> Start calculating pairwise distances
===> Start calculating pairwise distances
===> Start sorting gallery
===> Start extracting features for sorting gallery
Extract Features: [100/271]	Time 0.185 (0.246)	Data 0.000 (0.055)	
Extract Features: [200/271]	Time 0.190 (0.218)	Data 0.000 (0.028)	
gathering features from rank no.0
gathering features from rank no.1
gathering features from rank no.2
gathering features from rank no.3
===> Start calculating pairwise distances
===> Start calculating pairwise distances
===> Start calculating pairwise distances
===> Start sorting gallery
===> Start extracting features for sorting gallery
Extract Features: [100/271]	Time 0.240 (0.246)	Data 0.000 (0.054)	
Extract Features: [200/271]	Time 0.211 (0.220)	Data 0.000 (0.028)	
gathering features from rank no.0
gathering features from rank no.1
gathering features from rank no.2
gathering features from rank no.3
===> Start calculating pairwise distances
===> Start calculating pairwise distances
===> Start calculating pairwise distances
===> Start sorting gallery
===> Start extracting features for sorting gallery
Extract Features: [100/271]	Time 0.192 (0.250)	Data 0.000 (0.057)	
Extract Features: [200/271]	Time 0.193 (0.220)	Data 0.000 (0.029)	
gathering features from rank no.0
gathering features from rank no.1
gathering features from rank no.2
gathering features from rank no.3
===> Start calculating pairwise distances
===> Start calculating pairwise distances
===> Start calculating pairwise distances
===> Start sorting gallery
Extract Features: [100/276]	Time 0.182 (0.240)	Data 0.000 (0.054)	
Extract Features: [200/276]	Time 0.184 (0.216)	Data 0.000 (0.027)	
gathering features from rank no.0
gathering features from rank no.1
gathering features from rank no.2
gathering features from rank no.3
===> Start calculating pairwise distances
===> Start calculating recalls
Recall Scores:
  top-1          89.1%
  top-5          96.5%
  top-10         97.8%

 * Finished generation   1 epoch   4 recall@1: 89.1%  recall@5: 96.5%  recall@10: 97.8%  best@5: 96.6%

===> Start extracting features for sorting gallery
Extract Features: [100/271]	Time 0.208 (0.247)	Data 0.000 (0.057)	
Extract Features: [200/271]	Time 0.185 (0.218)	Data 0.000 (0.029)	
gathering features from rank no.0
gathering features from rank no.1
gathering features from rank no.2
gathering features from rank no.3
===> Start calculating pairwise distances
===> Start calculating pairwise distances
===> Start calculating pairwise distances
===> Start sorting gallery
===> Start extracting features for sorting gallery
Extract Features: [100/271]	Time 0.196 (0.250)	Data 0.001 (0.056)	
Extract Features: [200/271]	Time 0.207 (0.222)	Data 0.000 (0.028)	
gathering features from rank no.0
gathering features from rank no.1
gathering features from rank no.2
gathering features from rank no.3
===> Start calculating pairwise distances
===> Start calculating pairwise distances
===> Start calculating pairwise distances
===> Start sorting gallery
===> Start extracting features for sorting gallery
Extract Features: [100/271]	Time 0.183 (0.246)	Data 0.000 (0.056)	
Extract Features: [200/271]	Time 0.179 (0.217)	Data 0.000 (0.028)	
gathering features from rank no.0
gathering features from rank no.1
gathering features from rank no.2
gathering features from rank no.3
===> Start calculating pairwise distances
===> Start calculating pairwise distances
===> Start calculating pairwise distances
===> Start sorting gallery
===> Start extracting features for sorting gallery
Extract Features: [100/271]	Time 0.184 (0.251)	Data 0.000 (0.056)	
Extract Features: [200/271]	Time 0.204 (0.221)	Data 0.009 (0.028)	
gathering features from rank no.0
gathering features from rank no.1
gathering features from rank no.2
gathering features from rank no.3
===> Start calculating pairwise distances
===> Start calculating pairwise distances
===> Start calculating pairwise distances
===> Start sorting gallery
===> Start extracting features for sorting gallery
Extract Features: [100/271]	Time 0.195 (0.249)	Data 0.000 (0.055)	
Extract Features: [200/271]	Time 0.188 (0.220)	Data 0.000 (0.028)	
gathering features from rank no.0
gathering features from rank no.1
gathering features from rank no.2
gathering features from rank no.3
===> Start calculating pairwise distances
===> Start calculating pairwise distances
===> Start calculating pairwise distances
===> Start sorting gallery
===> Start extracting features for sorting gallery
Extract Features: [100/271]	Time 0.214 (0.242)	Data 0.000 (0.054)	
Extract Features: [200/271]	Time 0.190 (0.215)	Data 0.000 (0.027)	
gathering features from rank no.0
gathering features from rank no.1
gathering features from rank no.2
gathering features from rank no.3
===> Start calculating pairwise distances
===> Start calculating pairwise distances
===> Start calculating pairwise distances
===> Start sorting gallery
===> Start extracting features for sorting gallery
Extract Features: [100/271]	Time 0.179 (0.245)	Data 0.000 (0.055)	
Extract Features: [200/271]	Time 0.185 (0.217)	Data 0.000 (0.028)	
gathering features from rank no.0
gathering features from rank no.1
gathering features from rank no.2
gathering features from rank no.3
===> Start calculating pairwise distances
===> Start calculating pairwise distances
===> Start calculating pairwise distances
===> Start sorting gallery
===> Start extracting features for sorting gallery
Extract Features: [100/271]	Time 0.195 (0.244)	Data 0.000 (0.054)	
Extract Features: [200/271]	Time 0.183 (0.217)	Data 0.000 (0.027)	
gathering features from rank no.0
gathering features from rank no.1
gathering features from rank no.2
gathering features from rank no.3
===> Start calculating pairwise distances
===> Start calculating pairwise distances
===> Start calculating pairwise distances
===> Start sorting gallery
Extract Features: [100/276]	Time 0.180 (0.245)	Data 0.000 (0.056)	
Extract Features: [200/276]	Time 0.190 (0.219)	Data 0.000 (0.028)	
gathering features from rank no.0
gathering features from rank no.1
gathering features from rank no.2
gathering features from rank no.3
===> Start calculating pairwise distances
===> Start calculating recalls
Recall Scores:
  top-1          87.5%
  top-5          95.8%
  top-10         97.5%

 * Finished generation   2 epoch   0 recall@1: 87.5%  recall@5: 95.8%  recall@10: 97.5%  best@5: 96.6%

===> Start extracting features for sorting gallery
Extract Features: [100/271]	Time 0.232 (0.246)	Data 0.000 (0.056)	
Extract Features: [200/271]	Time 0.174 (0.219)	Data 0.000 (0.028)	
gathering features from rank no.0
gathering features from rank no.1
gathering features from rank no.2
gathering features from rank no.3
===> Start calculating pairwise distances
===> Start calculating pairwise distances
===> Start calculating pairwise distances
===> Start sorting gallery
===> Start extracting features for sorting gallery
Extract Features: [100/271]	Time 0.181 (0.250)	Data 0.001 (0.057)	
Extract Features: [200/271]	Time 0.195 (0.221)	Data 0.001 (0.029)	
gathering features from rank no.0
gathering features from rank no.1
gathering features from rank no.2
gathering features from rank no.3
===> Start calculating pairwise distances
===> Start calculating pairwise distances
===> Start calculating pairwise distances
===> Start sorting gallery
===> Start extracting features for sorting gallery
Extract Features: [100/271]	Time 0.180 (0.246)	Data 0.000 (0.058)	
Extract Features: [200/271]	Time 0.200 (0.218)	Data 0.000 (0.030)	
gathering features from rank no.0
gathering features from rank no.1
gathering features from rank no.2
gathering features from rank no.3
===> Start calculating pairwise distances
===> Start calculating pairwise distances
===> Start calculating pairwise distances
===> Start sorting gallery
===> Start extracting features for sorting gallery
Extract Features: [100/271]	Time 0.181 (0.247)	Data 0.000 (0.057)	
Extract Features: [200/271]	Time 0.184 (0.217)	Data 0.003 (0.029)	
gathering features from rank no.0
gathering features from rank no.1
gathering features from rank no.2
gathering features from rank no.3
===> Start calculating pairwise distances
===> Start calculating pairwise distances
===> Start calculating pairwise distances
===> Start sorting gallery
===> Start extracting features for sorting gallery
Extract Features: [100/271]	Time 0.202 (0.247)	Data 0.000 (0.055)	
Extract Features: [200/271]	Time 0.183 (0.218)	Data 0.000 (0.028)	
gathering features from rank no.0
gathering features from rank no.1
gathering features from rank no.2
gathering features from rank no.3
===> Start calculating pairwise distances
===> Start calculating pairwise distances
===> Start calculating pairwise distances
===> Start sorting gallery
===> Start extracting features for sorting gallery
Extract Features: [100/271]	Time 0.186 (0.246)	Data 0.000 (0.056)	
Extract Features: [200/271]	Time 0.181 (0.216)	Data 0.000 (0.029)	
gathering features from rank no.0
gathering features from rank no.1
gathering features from rank no.2
gathering features from rank no.3
===> Start calculating pairwise distances
===> Start calculating pairwise distances
===> Start calculating pairwise distances
===> Start sorting gallery
===> Start extracting features for sorting gallery
Extract Features: [100/271]	Time 0.192 (0.248)	Data 0.000 (0.056)	
Extract Features: [200/271]	Time 0.189 (0.219)	Data 0.000 (0.029)	
gathering features from rank no.0
gathering features from rank no.1
gathering features from rank no.2
gathering features from rank no.3
===> Start calculating pairwise distances
===> Start calculating pairwise distances
===> Start calculating pairwise distances
===> Start sorting gallery
===> Start extracting features for sorting gallery
Extract Features: [100/271]	Time 0.191 (0.245)	Data 0.000 (0.056)	
Extract Features: [200/271]	Time 0.187 (0.217)	Data 0.000 (0.028)	
gathering features from rank no.0
gathering features from rank no.1
gathering features from rank no.2
gathering features from rank no.3
===> Start calculating pairwise distances
===> Start calculating pairwise distances
===> Start calculating pairwise distances
===> Start sorting gallery
Extract Features: [100/276]	Time 0.209 (0.251)	Data 0.000 (0.056)	
Extract Features: [200/276]	Time 0.225 (0.222)	Data 0.000 (0.028)	
gathering features from rank no.0
gathering features from rank no.1
gathering features from rank no.2
gathering features from rank no.3
===> Start calculating pairwise distances
===> Start calculating recalls
Recall Scores:
  top-1          89.2%
  top-5          96.2%
  top-10         97.7%

 * Finished generation   2 epoch   1 recall@1: 89.2%  recall@5: 96.2%  recall@10: 97.7%  best@5: 96.6%

===> Start extracting features for sorting gallery
Extract Features: [100/271]	Time 0.193 (0.246)	Data 0.000 (0.056)	
Extract Features: [200/271]	Time 0.188 (0.220)	Data 0.000 (0.029)	
gathering features from rank no.0
gathering features from rank no.1
gathering features from rank no.2
gathering features from rank no.3
===> Start calculating pairwise distances
===> Start calculating pairwise distances
===> Start calculating pairwise distances
===> Start sorting gallery
===> Start extracting features for sorting gallery
Extract Features: [100/271]	Time 0.179 (0.246)	Data 0.002 (0.055)	
Extract Features: [200/271]	Time 0.191 (0.218)	Data 0.000 (0.028)	
gathering features from rank no.0
gathering features from rank no.1
gathering features from rank no.2
gathering features from rank no.3
===> Start calculating pairwise distances
===> Start calculating pairwise distances
===> Start calculating pairwise distances
===> Start sorting gallery
===> Start extracting features for sorting gallery
Extract Features: [100/271]	Time 0.192 (0.245)	Data 0.000 (0.055)	
Extract Features: [200/271]	Time 0.203 (0.217)	Data 0.000 (0.028)	
gathering features from rank no.0
gathering features from rank no.1
gathering features from rank no.2
gathering features from rank no.3
===> Start calculating pairwise distances
===> Start calculating pairwise distances
===> Start calculating pairwise distances
===> Start sorting gallery
===> Start extracting features for sorting gallery
Extract Features: [100/271]	Time 0.179 (0.246)	Data 0.000 (0.054)	
Extract Features: [200/271]	Time 0.205 (0.215)	Data 0.000 (0.027)	
gathering features from rank no.0
gathering features from rank no.1
gathering features from rank no.2
gathering features from rank no.3
===> Start calculating pairwise distances
===> Start calculating pairwise distances
===> Start calculating pairwise distances
===> Start sorting gallery
===> Start extracting features for sorting gallery
Extract Features: [100/271]	Time 0.177 (0.247)	Data 0.000 (0.056)	
Extract Features: [200/271]	Time 0.199 (0.219)	Data 0.000 (0.028)	
gathering features from rank no.0
gathering features from rank no.1
gathering features from rank no.2
gathering features from rank no.3
===> Start calculating pairwise distances
===> Start calculating pairwise distances
===> Start calculating pairwise distances
===> Start sorting gallery
===> Start extracting features for sorting gallery
Extract Features: [100/271]	Time 0.188 (0.247)	Data 0.000 (0.058)	
Extract Features: [200/271]	Time 0.177 (0.219)	Data 0.000 (0.029)	
gathering features from rank no.0
gathering features from rank no.1
gathering features from rank no.2
gathering features from rank no.3
===> Start calculating pairwise distances
===> Start calculating pairwise distances
===> Start calculating pairwise distances
===> Start sorting gallery
===> Start extracting features for sorting gallery
Extract Features: [100/271]	Time 0.191 (0.246)	Data 0.000 (0.055)	
Extract Features: [200/271]	Time 0.212 (0.217)	Data 0.000 (0.028)	
gathering features from rank no.0
gathering features from rank no.1
gathering features from rank no.2
gathering features from rank no.3
===> Start calculating pairwise distances
===> Start calculating pairwise distances
===> Start calculating pairwise distances
===> Start sorting gallery
===> Start extracting features for sorting gallery
Extract Features: [100/271]	Time 0.180 (0.243)	Data 0.000 (0.057)	
Extract Features: [200/271]	Time 0.202 (0.215)	Data 0.000 (0.029)	
gathering features from rank no.0
gathering features from rank no.1
gathering features from rank no.2
gathering features from rank no.3
===> Start calculating pairwise distances
===> Start calculating pairwise distances
===> Start calculating pairwise distances
===> Start sorting gallery
Extract Features: [100/276]	Time 0.192 (0.247)	Data 0.000 (0.054)	
Extract Features: [200/276]	Time 0.211 (0.219)	Data 0.000 (0.027)	
gathering features from rank no.0
gathering features from rank no.1
gathering features from rank no.2
gathering features from rank no.3
===> Start calculating pairwise distances
===> Start calculating recalls
Recall Scores:
  top-1          89.2%
  top-5          96.5%
  top-10         97.9%

 * Finished generation   2 epoch   2 recall@1: 89.2%  recall@5: 96.5%  recall@10: 97.9%  best@5: 96.6%

===> Start extracting features for sorting gallery
Extract Features: [100/271]	Time 0.192 (0.250)	Data 0.000 (0.056)	
Extract Features: [200/271]	Time 0.191 (0.220)	Data 0.000 (0.029)	
gathering features from rank no.0
gathering features from rank no.1
gathering features from rank no.2
gathering features from rank no.3
===> Start calculating pairwise distances
===> Start calculating pairwise distances
===> Start calculating pairwise distances
===> Start sorting gallery
===> Start extracting features for sorting gallery
Extract Features: [100/271]	Time 0.195 (0.247)	Data 0.000 (0.055)	
Extract Features: [200/271]	Time 0.198 (0.219)	Data 0.000 (0.028)	
gathering features from rank no.0
gathering features from rank no.1
gathering features from rank no.2
gathering features from rank no.3
===> Start calculating pairwise distances
===> Start calculating pairwise distances
===> Start calculating pairwise distances
===> Start sorting gallery
===> Start extracting features for sorting gallery
Extract Features: [100/271]	Time 0.189 (0.241)	Data 0.000 (0.054)	
Extract Features: [200/271]	Time 0.187 (0.215)	Data 0.001 (0.027)	
gathering features from rank no.0
gathering features from rank no.1
gathering features from rank no.2
gathering features from rank no.3
===> Start calculating pairwise distances
===> Start calculating pairwise distances
===> Start calculating pairwise distances
===> Start sorting gallery
===> Start extracting features for sorting gallery
Extract Features: [100/271]	Time 0.176 (0.247)	Data 0.000 (0.053)	
Extract Features: [200/271]	Time 0.193 (0.218)	Data 0.001 (0.027)	
gathering features from rank no.0
gathering features from rank no.1
gathering features from rank no.2
gathering features from rank no.3
===> Start calculating pairwise distances
===> Start calculating pairwise distances
===> Start calculating pairwise distances
===> Start sorting gallery
===> Start extracting features for sorting gallery
Extract Features: [100/271]	Time 0.185 (0.252)	Data 0.000 (0.057)	
Extract Features: [200/271]	Time 0.202 (0.222)	Data 0.000 (0.029)	
gathering features from rank no.0
gathering features from rank no.1
gathering features from rank no.2
gathering features from rank no.3
===> Start calculating pairwise distances
===> Start calculating pairwise distances
===> Start calculating pairwise distances
===> Start sorting gallery
===> Start extracting features for sorting gallery
Extract Features: [100/271]	Time 0.215 (0.242)	Data 0.000 (0.056)	
Extract Features: [200/271]	Time 0.191 (0.216)	Data 0.006 (0.028)	
gathering features from rank no.0
gathering features from rank no.1
gathering features from rank no.2
gathering features from rank no.3
===> Start calculating pairwise distances
===> Start calculating pairwise distances
===> Start calculating pairwise distances
===> Start sorting gallery
===> Start extracting features for sorting gallery
Extract Features: [100/271]	Time 0.186 (0.246)	Data 0.000 (0.056)	
Extract Features: [200/271]	Time 0.228 (0.218)	Data 0.000 (0.028)	
gathering features from rank no.0
gathering features from rank no.1
gathering features from rank no.2
gathering features from rank no.3
===> Start calculating pairwise distances
===> Start calculating pairwise distances
===> Start calculating pairwise distances
===> Start sorting gallery
===> Start extracting features for sorting gallery
Extract Features: [100/271]	Time 0.175 (0.248)	Data 0.000 (0.055)	
Extract Features: [200/271]	Time 0.201 (0.218)	Data 0.000 (0.028)	
gathering features from rank no.0
gathering features from rank no.1
gathering features from rank no.2
gathering features from rank no.3
===> Start calculating pairwise distances
===> Start calculating pairwise distances
===> Start calculating pairwise distances
===> Start sorting gallery
Extract Features: [100/276]	Time 0.184 (0.248)	Data 0.000 (0.054)	
Extract Features: [200/276]	Time 0.195 (0.221)	Data 0.000 (0.028)	
gathering features from rank no.0
gathering features from rank no.1
gathering features from rank no.2
gathering features from rank no.3
===> Start calculating pairwise distances
===> Start calculating recalls
Recall Scores:
  top-1          89.1%
  top-5          96.2%
  top-10         97.6%

 * Finished generation   2 epoch   3 recall@1: 89.1%  recall@5: 96.2%  recall@10: 97.6%  best@5: 96.6%

===> Start extracting features for sorting gallery
Extract Features: [100/271]	Time 0.192 (0.248)	Data 0.000 (0.057)	
Extract Features: [200/271]	Time 0.174 (0.219)	Data 0.000 (0.028)	
gathering features from rank no.0
gathering features from rank no.1
gathering features from rank no.2
gathering features from rank no.3
===> Start calculating pairwise distances
===> Start calculating pairwise distances
===> Start calculating pairwise distances
===> Start sorting gallery
===> Start extracting features for sorting gallery
Extract Features: [100/271]	Time 0.188 (0.244)	Data 0.000 (0.053)	
Extract Features: [200/271]	Time 0.207 (0.219)	Data 0.000 (0.027)	
gathering features from rank no.0
gathering features from rank no.1
gathering features from rank no.2
gathering features from rank no.3
===> Start calculating pairwise distances
===> Start calculating pairwise distances
===> Start calculating pairwise distances
===> Start sorting gallery
===> Start extracting features for sorting gallery
Extract Features: [100/271]	Time 0.178 (0.248)	Data 0.000 (0.057)	
Extract Features: [200/271]	Time 0.194 (0.219)	Data 0.000 (0.029)	
gathering features from rank no.0
gathering features from rank no.1
gathering features from rank no.2
gathering features from rank no.3
===> Start calculating pairwise distances
===> Start calculating pairwise distances
===> Start calculating pairwise distances
===> Start sorting gallery
===> Start extracting features for sorting gallery
Extract Features: [100/271]	Time 0.178 (0.241)	Data 0.000 (0.055)	
Extract Features: [200/271]	Time 0.172 (0.215)	Data 0.000 (0.028)	
gathering features from rank no.0
gathering features from rank no.1
gathering features from rank no.2
gathering features from rank no.3
===> Start calculating pairwise distances
===> Start calculating pairwise distances
===> Start calculating pairwise distances
===> Start sorting gallery
===> Start extracting features for sorting gallery
Extract Features: [100/271]	Time 0.191 (0.246)	Data 0.000 (0.057)	
Extract Features: [200/271]	Time 0.183 (0.220)	Data 0.000 (0.029)	
gathering features from rank no.0
gathering features from rank no.1
gathering features from rank no.2
gathering features from rank no.3
===> Start calculating pairwise distances
===> Start calculating pairwise distances
===> Start calculating pairwise distances
===> Start sorting gallery
===> Start extracting features for sorting gallery
Extract Features: [100/271]	Time 0.182 (0.243)	Data 0.000 (0.054)	
Extract Features: [200/271]	Time 0.189 (0.217)	Data 0.000 (0.028)	
gathering features from rank no.0
gathering features from rank no.1
gathering features from rank no.2
gathering features from rank no.3
===> Start calculating pairwise distances
===> Start calculating pairwise distances
===> Start calculating pairwise distances
===> Start sorting gallery
===> Start extracting features for sorting gallery
Extract Features: [100/271]	Time 0.187 (0.248)	Data 0.000 (0.055)	
Extract Features: [200/271]	Time 0.183 (0.221)	Data 0.000 (0.028)	
gathering features from rank no.0
gathering features from rank no.1
gathering features from rank no.2
gathering features from rank no.3
===> Start calculating pairwise distances
===> Start calculating pairwise distances
===> Start calculating pairwise distances
===> Start sorting gallery
===> Start extracting features for sorting gallery
Extract Features: [100/271]	Time 0.190 (0.241)	Data 0.000 (0.053)	
Extract Features: [200/271]	Time 0.187 (0.216)	Data 0.000 (0.027)	
gathering features from rank no.0
gathering features from rank no.1
gathering features from rank no.2
gathering features from rank no.3
===> Start calculating pairwise distances
===> Start calculating pairwise distances
===> Start calculating pairwise distances
===> Start sorting gallery
Extract Features: [100/276]	Time 0.180 (0.242)	Data 0.000 (0.056)	
Extract Features: [200/276]	Time 0.173 (0.217)	Data 0.000 (0.028)	
gathering features from rank no.0
gathering features from rank no.1
gathering features from rank no.2
gathering features from rank no.3
===> Start calculating pairwise distances
===> Start calculating recalls
Recall Scores:
  top-1          89.4%
  top-5          96.5%
  top-10         97.9%

 * Finished generation   2 epoch   4 recall@1: 89.4%  recall@5: 96.5%  recall@10: 97.9%  best@5: 96.6%

===> Start extracting features for sorting gallery
Extract Features: [100/271]	Time 0.230 (0.243)	Data 0.007 (0.054)	
Extract Features: [200/271]	Time 0.190 (0.216)	Data 0.000 (0.028)	
gathering features from rank no.0
gathering features from rank no.1
gathering features from rank no.2
gathering features from rank no.3
===> Start calculating pairwise distances
===> Start calculating pairwise distances
===> Start calculating pairwise distances
===> Start sorting gallery
===> Start extracting features for sorting gallery
Extract Features: [100/271]	Time 0.173 (0.246)	Data 0.000 (0.056)	
Extract Features: [200/271]	Time 0.208 (0.219)	Data 0.008 (0.028)	
gathering features from rank no.0
gathering features from rank no.1
gathering features from rank no.2
gathering features from rank no.3
===> Start calculating pairwise distances
===> Start calculating pairwise distances
===> Start calculating pairwise distances
===> Start sorting gallery
===> Start extracting features for sorting gallery
Extract Features: [100/271]	Time 0.200 (0.247)	Data 0.000 (0.056)	
Extract Features: [200/271]	Time 0.217 (0.219)	Data 0.000 (0.029)	
gathering features from rank no.0
gathering features from rank no.1
gathering features from rank no.2
gathering features from rank no.3
===> Start calculating pairwise distances
===> Start calculating pairwise distances
===> Start calculating pairwise distances
===> Start sorting gallery
===> Start extracting features for sorting gallery
Extract Features: [100/271]	Time 0.178 (0.245)	Data 0.000 (0.055)	
Extract Features: [200/271]	Time 0.203 (0.220)	Data 0.000 (0.028)	
gathering features from rank no.0
gathering features from rank no.1
gathering features from rank no.2
gathering features from rank no.3
===> Start calculating pairwise distances
===> Start calculating pairwise distances
===> Start calculating pairwise distances
===> Start sorting gallery
===> Start extracting features for sorting gallery
Extract Features: [100/271]	Time 0.192 (0.245)	Data 0.000 (0.054)	
Extract Features: [200/271]	Time 0.225 (0.219)	Data 0.000 (0.027)	
gathering features from rank no.0
gathering features from rank no.1
gathering features from rank no.2
gathering features from rank no.3
===> Start calculating pairwise distances
===> Start calculating pairwise distances
===> Start calculating pairwise distances
===> Start sorting gallery
===> Start extracting features for sorting gallery
Extract Features: [100/271]	Time 0.185 (0.247)	Data 0.000 (0.058)	
Extract Features: [200/271]	Time 0.186 (0.218)	Data 0.000 (0.030)	
gathering features from rank no.0
gathering features from rank no.1
gathering features from rank no.2
gathering features from rank no.3
===> Start calculating pairwise distances
===> Start calculating pairwise distances
===> Start calculating pairwise distances
===> Start sorting gallery
===> Start extracting features for sorting gallery
Extract Features: [100/271]	Time 0.190 (0.244)	Data 0.000 (0.054)	
Extract Features: [200/271]	Time 0.180 (0.218)	Data 0.000 (0.028)	
gathering features from rank no.0
gathering features from rank no.1
gathering features from rank no.2
gathering features from rank no.3
===> Start calculating pairwise distances
===> Start calculating pairwise distances
===> Start calculating pairwise distances
===> Start sorting gallery
===> Start extracting features for sorting gallery
Extract Features: [100/271]	Time 0.243 (0.244)	Data 0.000 (0.055)	
Extract Features: [200/271]	Time 0.185 (0.217)	Data 0.000 (0.028)	
gathering features from rank no.0
gathering features from rank no.1
gathering features from rank no.2
gathering features from rank no.3
===> Start calculating pairwise distances
===> Start calculating pairwise distances
===> Start calculating pairwise distances
===> Start sorting gallery
Extract Features: [100/276]	Time 0.185 (0.250)	Data 0.000 (0.056)	
Extract Features: [200/276]	Time 0.195 (0.220)	Data 0.000 (0.029)	
gathering features from rank no.0
gathering features from rank no.1
gathering features from rank no.2
gathering features from rank no.3
===> Start calculating pairwise distances
===> Start calculating recalls
Recall Scores:
  top-1          87.4%
  top-5          95.4%
  top-10         97.1%

 * Finished generation   3 epoch   0 recall@1: 87.4%  recall@5: 95.4%  recall@10: 97.1%  best@5: 96.6%

===> Start extracting features for sorting gallery
Extract Features: [100/271]	Time 0.183 (0.246)	Data 0.000 (0.055)	
Extract Features: [200/271]	Time 0.176 (0.220)	Data 0.000 (0.028)	
gathering features from rank no.0
gathering features from rank no.1
gathering features from rank no.2
gathering features from rank no.3
===> Start calculating pairwise distances
===> Start calculating pairwise distances
===> Start calculating pairwise distances
===> Start sorting gallery
===> Start extracting features for sorting gallery
Extract Features: [100/271]	Time 0.181 (0.247)	Data 0.000 (0.056)	
Extract Features: [200/271]	Time 0.212 (0.220)	Data 0.000 (0.028)	
gathering features from rank no.0
gathering features from rank no.1
gathering features from rank no.2
gathering features from rank no.3
===> Start calculating pairwise distances
===> Start calculating pairwise distances
===> Start calculating pairwise distances
===> Start sorting gallery
===> Start extracting features for sorting gallery
Extract Features: [100/271]	Time 0.228 (0.260)	Data 0.000 (0.070)	
Extract Features: [200/271]	Time 0.190 (0.225)	Data 0.000 (0.036)	
gathering features from rank no.0
gathering features from rank no.1
gathering features from rank no.2
gathering features from rank no.3
===> Start calculating pairwise distances
===> Start calculating pairwise distances
===> Start calculating pairwise distances
===> Start sorting gallery
===> Start extracting features for sorting gallery
Extract Features: [100/271]	Time 0.214 (0.254)	Data 0.000 (0.065)	
Extract Features: [200/271]	Time 0.187 (0.224)	Data 0.000 (0.033)	
gathering features from rank no.0
gathering features from rank no.1
gathering features from rank no.2
gathering features from rank no.3
===> Start calculating pairwise distances
===> Start calculating pairwise distances
===> Start calculating pairwise distances
===> Start sorting gallery
===> Start extracting features for sorting gallery
Extract Features: [100/271]	Time 0.181 (0.244)	Data 0.000 (0.054)	
Extract Features: [200/271]	Time 0.189 (0.216)	Data 0.000 (0.028)	
gathering features from rank no.0
gathering features from rank no.1
gathering features from rank no.2
gathering features from rank no.3
===> Start calculating pairwise distances
===> Start calculating pairwise distances
===> Start calculating pairwise distances
===> Start sorting gallery
===> Start extracting features for sorting gallery
Extract Features: [100/271]	Time 0.200 (0.247)	Data 0.000 (0.055)	
Extract Features: [200/271]	Time 0.181 (0.220)	Data 0.000 (0.028)	
gathering features from rank no.0
gathering features from rank no.1
gathering features from rank no.2
gathering features from rank no.3
===> Start calculating pairwise distances
===> Start calculating pairwise distances
===> Start calculating pairwise distances
===> Start sorting gallery
===> Start extracting features for sorting gallery
Extract Features: [100/271]	Time 0.183 (0.251)	Data 0.000 (0.057)	
Extract Features: [200/271]	Time 0.186 (0.221)	Data 0.000 (0.029)	
gathering features from rank no.0
gathering features from rank no.1
gathering features from rank no.2
gathering features from rank no.3
===> Start calculating pairwise distances
===> Start calculating pairwise distances
===> Start calculating pairwise distances
===> Start sorting gallery
===> Start extracting features for sorting gallery
Extract Features: [100/271]	Time 0.224 (0.241)	Data 0.000 (0.054)	
Extract Features: [200/271]	Time 0.237 (0.217)	Data 0.000 (0.027)	
gathering features from rank no.0
gathering features from rank no.1
gathering features from rank no.2
gathering features from rank no.3
===> Start calculating pairwise distances
===> Start calculating pairwise distances
===> Start calculating pairwise distances
===> Start sorting gallery
Extract Features: [100/276]	Time 0.181 (0.246)	Data 0.000 (0.055)	
Extract Features: [200/276]	Time 0.210 (0.220)	Data 0.000 (0.028)	
gathering features from rank no.0
gathering features from rank no.1
gathering features from rank no.2
gathering features from rank no.3
===> Start calculating pairwise distances
===> Start calculating recalls
Recall Scores:
  top-1          87.3%
  top-5          95.7%
  top-10         97.3%

 * Finished generation   3 epoch   1 recall@1: 87.3%  recall@5: 95.7%  recall@10: 97.3%  best@5: 96.6%

===> Start extracting features for sorting gallery
Extract Features: [100/271]	Time 0.176 (0.245)	Data 0.000 (0.056)	
Extract Features: [200/271]	Time 0.196 (0.217)	Data 0.000 (0.029)	
gathering features from rank no.0
gathering features from rank no.1
gathering features from rank no.2
gathering features from rank no.3
===> Start calculating pairwise distances
===> Start calculating pairwise distances
===> Start calculating pairwise distances
===> Start sorting gallery
===> Start extracting features for sorting gallery
Extract Features: [100/271]	Time 0.214 (0.253)	Data 0.000 (0.057)	
Extract Features: [200/271]	Time 0.204 (0.223)	Data 0.000 (0.029)	
gathering features from rank no.0
gathering features from rank no.1
gathering features from rank no.2
gathering features from rank no.3
===> Start calculating pairwise distances
===> Start calculating pairwise distances
===> Start calculating pairwise distances
===> Start sorting gallery
===> Start extracting features for sorting gallery
Extract Features: [100/271]	Time 0.178 (0.247)	Data 0.000 (0.058)	
Extract Features: [200/271]	Time 0.181 (0.217)	Data 0.006 (0.030)	
gathering features from rank no.0
gathering features from rank no.1
gathering features from rank no.2
gathering features from rank no.3
===> Start calculating pairwise distances
===> Start calculating pairwise distances
===> Start calculating pairwise distances
===> Start sorting gallery
===> Start extracting features for sorting gallery
Extract Features: [100/271]	Time 0.205 (0.242)	Data 0.000 (0.055)	
Extract Features: [200/271]	Time 0.196 (0.218)	Data 0.000 (0.028)	
gathering features from rank no.0
gathering features from rank no.1
gathering features from rank no.2
gathering features from rank no.3
===> Start calculating pairwise distances
===> Start calculating pairwise distances
===> Start calculating pairwise distances
===> Start sorting gallery
===> Start extracting features for sorting gallery
Extract Features: [100/271]	Time 0.195 (0.250)	Data 0.000 (0.059)	
Extract Features: [200/271]	Time 0.186 (0.222)	Data 0.000 (0.030)	
gathering features from rank no.0
gathering features from rank no.1
gathering features from rank no.2
gathering features from rank no.3
===> Start calculating pairwise distances
===> Start calculating pairwise distances
===> Start calculating pairwise distances
===> Start sorting gallery
===> Start extracting features for sorting gallery
Extract Features: [100/271]	Time 0.180 (0.247)	Data 0.001 (0.056)	
Extract Features: [200/271]	Time 0.192 (0.218)	Data 0.000 (0.028)	
gathering features from rank no.0
gathering features from rank no.1
gathering features from rank no.2
gathering features from rank no.3
===> Start calculating pairwise distances
===> Start calculating pairwise distances
===> Start calculating pairwise distances
===> Start sorting gallery
===> Start extracting features for sorting gallery
Extract Features: [100/271]	Time 0.216 (0.245)	Data 0.000 (0.055)	
Extract Features: [200/271]	Time 0.179 (0.218)	Data 0.000 (0.028)	
gathering features from rank no.0
gathering features from rank no.1
gathering features from rank no.2
gathering features from rank no.3
===> Start calculating pairwise distances
===> Start calculating pairwise distances
===> Start calculating pairwise distances
===> Start sorting gallery
===> Start extracting features for sorting gallery
Extract Features: [100/271]	Time 0.190 (0.245)	Data 0.000 (0.056)	
Extract Features: [200/271]	Time 0.173 (0.217)	Data 0.000 (0.028)	
gathering features from rank no.0
gathering features from rank no.1
gathering features from rank no.2
gathering features from rank no.3
===> Start calculating pairwise distances
===> Start calculating pairwise distances
===> Start calculating pairwise distances
===> Start sorting gallery
Extract Features: [100/276]	Time 0.199 (0.248)	Data 0.000 (0.057)	
Extract Features: [200/276]	Time 0.193 (0.219)	Data 0.010 (0.029)	
gathering features from rank no.0
gathering features from rank no.1
gathering features from rank no.2
gathering features from rank no.3
===> Start calculating pairwise distances
===> Start calculating recalls
Recall Scores:
  top-1          88.0%
  top-5          96.1%
  top-10         97.5%

 * Finished generation   3 epoch   2 recall@1: 88.0%  recall@5: 96.1%  recall@10: 97.5%  best@5: 96.6%

===> Start extracting features for sorting gallery
Extract Features: [100/271]	Time 0.189 (0.247)	Data 0.006 (0.057)	
Extract Features: [200/271]	Time 0.200 (0.219)	Data 0.001 (0.029)	
gathering features from rank no.0
gathering features from rank no.1
gathering features from rank no.2
gathering features from rank no.3
===> Start calculating pairwise distances
===> Start calculating pairwise distances
===> Start calculating pairwise distances
===> Start sorting gallery
===> Start extracting features for sorting gallery
Extract Features: [100/271]	Time 0.180 (0.248)	Data 0.000 (0.056)	
Extract Features: [200/271]	Time 0.182 (0.220)	Data 0.000 (0.029)	
gathering features from rank no.0
gathering features from rank no.1
gathering features from rank no.2
gathering features from rank no.3
===> Start calculating pairwise distances
===> Start calculating pairwise distances
===> Start calculating pairwise distances
===> Start sorting gallery
===> Start extracting features for sorting gallery
Extract Features: [100/271]	Time 0.200 (0.252)	Data 0.000 (0.055)	
Extract Features: [200/271]	Time 0.178 (0.224)	Data 0.000 (0.028)	
gathering features from rank no.0
gathering features from rank no.1
gathering features from rank no.2
gathering features from rank no.3
===> Start calculating pairwise distances
===> Start calculating pairwise distances
===> Start calculating pairwise distances
===> Start sorting gallery
===> Start extracting features for sorting gallery
Extract Features: [100/271]	Time 0.193 (0.246)	Data 0.009 (0.057)	
Extract Features: [200/271]	Time 0.216 (0.218)	Data 0.000 (0.029)	
gathering features from rank no.0
gathering features from rank no.1
gathering features from rank no.2
gathering features from rank no.3
===> Start calculating pairwise distances
===> Start calculating pairwise distances
===> Start calculating pairwise distances
===> Start sorting gallery
===> Start extracting features for sorting gallery
Extract Features: [100/271]	Time 0.184 (0.251)	Data 0.000 (0.061)	
Extract Features: [200/271]	Time 0.187 (0.218)	Data 0.000 (0.031)	
gathering features from rank no.0
gathering features from rank no.1
gathering features from rank no.2
gathering features from rank no.3
===> Start calculating pairwise distances
===> Start calculating pairwise distances
===> Start calculating pairwise distances
===> Start sorting gallery
===> Start extracting features for sorting gallery
Extract Features: [100/271]	Time 0.214 (0.247)	Data 0.009 (0.058)	
Extract Features: [200/271]	Time 0.190 (0.220)	Data 0.000 (0.030)	
gathering features from rank no.0
gathering features from rank no.1
gathering features from rank no.2
gathering features from rank no.3
===> Start calculating pairwise distances
===> Start calculating pairwise distances
===> Start calculating pairwise distances
===> Start sorting gallery
===> Start extracting features for sorting gallery
Extract Features: [100/271]	Time 0.179 (0.245)	Data 0.000 (0.057)	
Extract Features: [200/271]	Time 0.272 (0.219)	Data 0.006 (0.029)	
gathering features from rank no.0
gathering features from rank no.1
gathering features from rank no.2
gathering features from rank no.3
===> Start calculating pairwise distances
===> Start calculating pairwise distances
===> Start calculating pairwise distances
===> Start sorting gallery
===> Start extracting features for sorting gallery
Extract Features: [100/271]	Time 0.194 (0.242)	Data 0.009 (0.055)	
Extract Features: [200/271]	Time 0.185 (0.218)	Data 0.000 (0.028)	
gathering features from rank no.0
gathering features from rank no.1
gathering features from rank no.2
gathering features from rank no.3
===> Start calculating pairwise distances
===> Start calculating pairwise distances
===> Start calculating pairwise distances
===> Start sorting gallery
Extract Features: [100/276]	Time 0.184 (0.246)	Data 0.000 (0.055)	
Extract Features: [200/276]	Time 0.182 (0.217)	Data 0.000 (0.028)	
gathering features from rank no.0
gathering features from rank no.1
gathering features from rank no.2
gathering features from rank no.3
===> Start calculating pairwise distances
===> Start calculating recalls
Recall Scores:
  top-1          88.2%
  top-5          96.2%
  top-10         97.5%

 * Finished generation   3 epoch   3 recall@1: 88.2%  recall@5: 96.2%  recall@10: 97.5%  best@5: 96.6%

===> Start extracting features for sorting gallery
Extract Features: [100/271]	Time 0.188 (0.249)	Data 0.000 (0.057)	
Extract Features: [200/271]	Time 0.234 (0.220)	Data 0.000 (0.029)	
gathering features from rank no.0
gathering features from rank no.1
gathering features from rank no.2
gathering features from rank no.3
===> Start calculating pairwise distances
===> Start calculating pairwise distances
===> Start calculating pairwise distances
===> Start sorting gallery
===> Start extracting features for sorting gallery
Extract Features: [100/271]	Time 0.217 (0.247)	Data 0.006 (0.055)	
Extract Features: [200/271]	Time 0.226 (0.220)	Data 0.000 (0.028)	
gathering features from rank no.0
gathering features from rank no.1
gathering features from rank no.2
gathering features from rank no.3
===> Start calculating pairwise distances
===> Start calculating pairwise distances
===> Start calculating pairwise distances
===> Start sorting gallery
===> Start extracting features for sorting gallery
Extract Features: [100/271]	Time 0.203 (0.255)	Data 0.000 (0.065)	
Extract Features: [200/271]	Time 0.192 (0.221)	Data 0.000 (0.033)	
gathering features from rank no.0
gathering features from rank no.1
gathering features from rank no.2
gathering features from rank no.3
===> Start calculating pairwise distances
===> Start calculating pairwise distances
===> Start calculating pairwise distances
===> Start sorting gallery
===> Start extracting features for sorting gallery
Extract Features: [100/271]	Time 0.197 (0.256)	Data 0.000 (0.065)	
Extract Features: [200/271]	Time 0.190 (0.223)	Data 0.000 (0.033)	
gathering features from rank no.0
gathering features from rank no.1
gathering features from rank no.2
gathering features from rank no.3
===> Start calculating pairwise distances
===> Start calculating pairwise distances
===> Start calculating pairwise distances
===> Start sorting gallery
===> Start extracting features for sorting gallery
Extract Features: [100/271]	Time 0.180 (0.244)	Data 0.000 (0.056)	
Extract Features: [200/271]	Time 0.186 (0.218)	Data 0.000 (0.029)	
gathering features from rank no.0
gathering features from rank no.1
gathering features from rank no.2
gathering features from rank no.3
===> Start calculating pairwise distances
===> Start calculating pairwise distances
===> Start calculating pairwise distances
===> Start sorting gallery
===> Start extracting features for sorting gallery
Extract Features: [100/271]	Time 0.181 (0.247)	Data 0.000 (0.057)	
Extract Features: [200/271]	Time 0.179 (0.218)	Data 0.000 (0.029)	
gathering features from rank no.0
gathering features from rank no.1
gathering features from rank no.2
gathering features from rank no.3
===> Start calculating pairwise distances
===> Start calculating pairwise distances
===> Start calculating pairwise distances
===> Start sorting gallery
===> Start extracting features for sorting gallery
Extract Features: [100/271]	Time 0.201 (0.247)	Data 0.000 (0.055)	
Extract Features: [200/271]	Time 0.221 (0.219)	Data 0.000 (0.028)	
gathering features from rank no.0
gathering features from rank no.1
gathering features from rank no.2
gathering features from rank no.3
===> Start calculating pairwise distances
===> Start calculating pairwise distances
===> Start calculating pairwise distances
===> Start sorting gallery
===> Start extracting features for sorting gallery
Extract Features: [100/271]	Time 0.178 (0.249)	Data 0.000 (0.058)	
Extract Features: [200/271]	Time 0.176 (0.219)	Data 0.000 (0.029)	
gathering features from rank no.0
gathering features from rank no.1
gathering features from rank no.2
gathering features from rank no.3
===> Start calculating pairwise distances
===> Start calculating pairwise distances
===> Start calculating pairwise distances
===> Start sorting gallery
Extract Features: [100/276]	Time 0.180 (0.246)	Data 0.000 (0.055)	
Extract Features: [200/276]	Time 0.187 (0.219)	Data 0.012 (0.028)	
gathering features from rank no.0
gathering features from rank no.1
gathering features from rank no.2
gathering features from rank no.3
===> Start calculating pairwise distances
===> Start calculating recalls
Recall Scores:
  top-1          88.6%
  top-5          96.1%
  top-10         97.6%

 * Finished generation   3 epoch   4 recall@1: 88.6%  recall@5: 96.1%  recall@10: 97.6%  best@5: 96.6%

Performing PCA reduction on the best model:
=> Loaded checkpoint '/home/m.maqboolbhutta/usman_ws/models/openibl/0915-try1/vgg16-graphvlad_sfrs-sare_ind-pitts30k-lr0.001-tuple4-15-Sep/model_best.pth.tar'
Extract Features: [100/271]	Time 0.182 (0.253)	Data 0.001 (0.057)	
Extract Features: [200/271]	Time 0.227 (0.224)	Data 0.000 (0.029)	
gathering features from rank no.0
gathering features from rank no.1
gathering features from rank no.2
gathering features from rank no.3
calculating PCA parameters...
================= PCA RESULT ==================
U: (32768, 4096)
lams: (4096,)
mu: (32768, 1)
Utmu: (4096, 1)
===============================================
Testing on Pitts30k-test:
load PCA parameters...
Extract Features: [100/263]	Time 0.194 (0.243)	Data 0.000 (0.055)	
Extract Features: [200/263]	Time 0.225 (0.217)	Data 0.000 (0.028)	
gathering features from rank no.0
gathering features from rank no.1
gathering features from rank no.2
gathering features from rank no.3
===> Start calculating pairwise distances
===> Start calculating recalls
Recall Scores:
  top-1          89.0%
  top-5          93.9%
  top-10         95.7%
