Sat Jul 27 09:42:36 EDT 2024
/home/m.maqboolbhutta/usman_ws/codes/OpenIBL
/home/m.maqboolbhutta/.conda/envs/openibl/bin/python
Host: c0907a-s11
Other nodes: 
/home/m.maqboolbhutta/usman_ws/models/openibl/fastscnn/vgg16-netvlad-sare_ind-pitts30k-lr0.01-tuple4-27-Jul
==========Starting Training=============
========================================
Use GPU: 2 for training, rank no.2 of world_size 4
Use GPU: 0 for training, rank no.0 of world_size 4
Use GPU: 1 for training, rank no.1 of world_size 4
Use GPU: 3 for training, rank no.3 of world_size 4
==========
Args:Namespace(arch='vgg16', cache_size=1000, data_dir='/home/m.maqboolbhutta/usman_ws/codes/OpenIBL/examples/data/', dataset='pitts', deterministic=False, epochs=10, esp_encoder='/home/m.maqboolbhutta/usman_ws/datasets/netvlad-official/espnet-encoder/espnet_p_2_q_8.pth', eval_step=1, fast_scnn='/home/m.maqboolbhutta/usman_ws/datasets/fast_scnn/fast_scnn_citys.pth', features=4096, gpu=0, height=480, init_dir='/blue/hmedeiros/m.maqboolbhutta/datasets/openibl-init', iters=0, launcher='slurm', layers='conv5', logs_dir='/home/m.maqboolbhutta/usman_ws/models/openibl/fastscnn/vgg16-netvlad-sare_ind-pitts30k-lr0.01-tuple4-27-Jul', loss_type='sare_ind', lr=0.01, margin=0.1, method='netvlad', momentum=0.9, neg_num=10, neg_pool=1000, ngpus_per_node=4, nowhiten=False, num_clusters=64, print_freq=200, rank=0, rerank=False, resume='', scale='30k', seed=43, step_size=5, sync_gather=True, syncbn=True, tcp_port='6010', test_batch_size=32, total_gpus=4, tuple_size=4, vlad=True, weight_decay=0.001, width=640, workers=2, world_size=4)
==========
Pittsburgh dataset loaded
  subset        | # pids | # images
  ---------------------------------
  train_query   |   311  |     7320
  train_gallery |   417  |    10000
  val_query     |   319  |     7608
  val_gallery   |   417  |    10000
  test_query    |   286  |     6816
  test_gallery  |   417  |    10000
No. of Clusters:  64
Loading centroids from /blue/hmedeiros/m.maqboolbhutta/datasets/openibl-init/vgg16_pitts_64_desc_cen.hdf5
Test the initial model:
Extract Features: [100/138]	Time 0.120 (0.222)	Data 0.000 (0.087)	
===> Start calculating pairwise distances
===> Start calculating recalls
Recall Scores:
  top-1          65.8%
  top-5          82.2%
  top-10         86.9%
===> Start extracting features for sorting gallery
Extract Features: [100/136]	Time 0.136 (0.187)	Data 0.017 (0.069)	
===> Start calculating pairwise distances
