Wed Jun 19 20:20:02 EDT 2024
/home/m.maqboolbhutta/usman_ws/codes/OpenIBL
/home/m.maqboolbhutta/.conda/envs/openibl/bin/python
Host: c0907a-s35
Other nodes: 
/home/m.maqboolbhutta/usman_ws/models/openibl/vgg16-graphvlad-sare_ind-pitts30k-lr0.01-tuple4-19-Jun
==========Starting Training=============
========================================
Use GPU: 0 for training, rank no.0 of world_size 4
Use GPU: 1 for training, rank no.1 of world_size 4
Use GPU: 2 for training, rank no.2 of world_size 4
Use GPU: 3 for training, rank no.3 of world_size 4
==========
Args:Namespace(arch='vgg16', cache_size=1000, data_dir='/home/m.maqboolbhutta/usman_ws/codes/OpenIBL/examples/data/', dataset='pitts', deterministic=False, epochs=5, esp_encoder='/home/m.maqboolbhutta/usman_ws/datasets/netvlad-official/espnet-encoder/espnet_p_2_q_8.pth', eval_step=1, features=4096, generations=4, gpu=0, height=480, init_dir='/blue/hmedeiros/m.maqboolbhutta/datasets/openibl-init', iters=0, launcher='slurm', layers='conv5', logs_dir='/home/m.maqboolbhutta/usman_ws/models/openibl/vgg16-graphvlad-sare_ind-pitts30k-lr0.01-tuple4-19-Jun', loss_type='sare_ind', lr=0.01, margin=0.1, method='graphvlad', momentum=0.9, neg_num=10, neg_pool=1000, ngpus_per_node=4, nowhiten=False, num_clusters=64, pos_num=10, pos_pool=20, print_freq=200, rank=0, resume='', scale='30k', seed=43, soft_weight=0.5, step_size=5, sync_gather=False, syncbn=True, tcp_port='6010', temperature=[0.07, 0.07, 0.06, 0.05], test_batch_size=16, total_gpus=4, tuple_size=1, weight_decay=0.001, width=640, workers=2, world_size=4)
==========
Pittsburgh dataset loaded
  subset        | # pids | # images
  ---------------------------------
  train_query   |   311  |     7320
  train_gallery |   417  |    10000
  val_query     |   319  |     7608
  val_gallery   |   417  |    10000
  test_query    |   286  |     6816
  test_gallery  |   417  |    10000
Loading centroids from /blue/hmedeiros/m.maqboolbhutta/datasets/openibl-init/vgg16_pitts_64_desc_cen.hdf5
===> Loading segmentation model
Loading centroids from /blue/hmedeiros/m.maqboolbhutta/datasets/openibl-init/vgg16_pitts_64_desc_cen.hdf5
===> Loading segmentation model
Test the initial model:
Extract Features: [100/276]	Time 0.062 (0.139)	Data 0.000 (0.058)	
Extract Features: [200/276]	Time 0.141 (0.109)	Data 0.080 (0.038)	
gathering features from rank no.0
gathering features from rank no.1
gathering features from rank no.2
gathering features from rank no.3
===> Start calculating pairwise distances
===> Start calculating recalls
Recall Scores:
  top-1          80.0%
  top-5          92.4%
  top-10         95.3%
===> Start extracting features for sorting gallery
Extract Features: [100/271]	Time 0.061 (0.104)	Data 0.000 (0.044)	
Extract Features: [200/271]	Time 0.061 (0.083)	Data 0.000 (0.023)	
gathering features from rank no.0
gathering features from rank no.1
gathering features from rank no.2
gathering features from rank no.3
===> Start calculating pairwise distances
===> Start sorting gallery
Epoch: [4-0][200/250]	Time 2.318 (2.376)	Data 0.938 (1.073)	Loss_hard 0.798 (0.675)	Loss_soft 0.000 (0.000)
===> Start extracting features for sorting gallery
Extract Features: [100/271]	Time 0.061 (0.121)	Data 0.000 (0.061)	
Extract Features: [200/271]	Time 0.060 (0.093)	Data 0.000 (0.033)	
gathering features from rank no.0
gathering features from rank no.1
gathering features from rank no.2
gathering features from rank no.3
===> Start calculating pairwise distances
===> Start sorting gallery
Epoch: [4-1][200/250]	Time 2.282 (2.340)	Data 1.078 (1.067)	Loss_hard 0.720 (0.687)	Loss_soft 0.000 (0.000)
===> Start extracting features for sorting gallery
Extract Features: [100/271]	Time 0.063 (0.112)	Data 0.002 (0.051)	
Extract Features: [200/271]	Time 0.103 (0.091)	Data 0.041 (0.030)	
gathering features from rank no.0
gathering features from rank no.1
gathering features from rank no.2
gathering features from rank no.3
===> Start calculating pairwise distances
===> Start sorting gallery
Epoch: [4-2][200/250]	Time 2.325 (2.337)	Data 1.096 (1.066)	Loss_hard 0.727 (0.674)	Loss_soft 0.000 (0.000)
===> Start extracting features for sorting gallery
Extract Features: [100/271]	Time 0.071 (0.119)	Data 0.011 (0.058)	
Extract Features: [200/271]	Time 0.088 (0.095)	Data 0.027 (0.034)	
gathering features from rank no.0
gathering features from rank no.1
gathering features from rank no.2
gathering features from rank no.3
===> Start calculating pairwise distances
===> Start sorting gallery
Epoch: [4-3][200/250]	Time 2.252 (2.333)	Data 1.043 (1.071)	Loss_hard 0.659 (0.678)	Loss_soft 0.000 (0.000)
===> Start extracting features for sorting gallery
Extract Features: [100/271]	Time 0.066 (0.126)	Data 0.006 (0.066)	
Extract Features: [200/271]	Time 0.106 (0.101)	Data 0.046 (0.040)	
gathering features from rank no.0
gathering features from rank no.1
gathering features from rank no.2
gathering features from rank no.3
===> Start calculating pairwise distances
===> Start sorting gallery
Epoch: [4-4][200/250]	Time 2.310 (2.335)	Data 0.993 (1.071)	Loss_hard 0.589 (0.684)	Loss_soft 0.000 (0.000)
===> Start extracting features for sorting gallery
Extract Features: [100/271]	Time 0.065 (0.111)	Data 0.004 (0.050)	
Extract Features: [200/271]	Time 0.094 (0.089)	Data 0.033 (0.028)	
gathering features from rank no.0
gathering features from rank no.1
gathering features from rank no.2
gathering features from rank no.3
===> Start calculating pairwise distances
===> Start sorting gallery
Epoch: [4-5][200/250]	Time 2.303 (2.341)	Data 1.030 (1.076)	Loss_hard 0.773 (0.686)	Loss_soft 0.000 (0.000)
===> Start extracting features for sorting gallery
Extract Features: [100/271]	Time 0.067 (0.110)	Data 0.005 (0.049)	
Extract Features: [200/271]	Time 0.108 (0.091)	Data 0.047 (0.029)	
gathering features from rank no.0
gathering features from rank no.1
gathering features from rank no.2
gathering features from rank no.3
===> Start calculating pairwise distances
===> Start sorting gallery
Epoch: [4-6][200/250]	Time 2.270 (2.343)	Data 1.034 (1.073)	Loss_hard 0.674 (0.683)	Loss_soft 0.000 (0.000)
===> Start extracting features for sorting gallery
Extract Features: [100/271]	Time 0.074 (0.116)	Data 0.013 (0.055)	
Extract Features: [200/271]	Time 0.073 (0.091)	Data 0.013 (0.030)	
gathering features from rank no.0
gathering features from rank no.1
gathering features from rank no.2
gathering features from rank no.3
===> Start calculating pairwise distances
===> Start sorting gallery
Extract Features: [100/276]	Time 0.062 (0.132)	Data 0.001 (0.071)	
Extract Features: [200/276]	Time 0.061 (0.104)	Data 0.000 (0.043)	
gathering features from rank no.0
gathering features from rank no.1
gathering features from rank no.2
gathering features from rank no.3
===> Start calculating pairwise distances
===> Start calculating recalls
Recall Scores:
  top-1           4.0%
  top-5          15.1%
  top-10         24.8%

 * Finished generation   0 epoch   4 recall@1:  4.0%  recall@5: 15.1%  recall@10: 24.8%  best@5: 15.1% *

===> Start extracting features for sorting gallery
Extract Features: [100/271]	Time 0.061 (0.115)	Data 0.000 (0.054)	
Extract Features: [200/271]	Time 0.061 (0.088)	Data 0.000 (0.027)	
gathering features from rank no.0
gathering features from rank no.1
gathering features from rank no.2
gathering features from rank no.3
===> Start calculating pairwise distances
===> Start calculating pairwise distances
===> Start calculating pairwise distances
===> Start sorting gallery
Epoch: [0-0][200/250]	Time 2.344 (2.319)	Data 1.021 (1.042)	Loss_hard 0.000 (0.000)	Loss_soft 0.000 (0.000)
===> Start extracting features for sorting gallery
Extract Features: [100/271]	Time 0.061 (0.111)	Data 0.000 (0.050)	
Extract Features: [200/271]	Time 0.062 (0.087)	Data 0.000 (0.025)	
gathering features from rank no.0
gathering features from rank no.1
gathering features from rank no.2
gathering features from rank no.3
===> Start calculating pairwise distances
===> Start calculating pairwise distances
===> Start calculating pairwise distances
===> Start sorting gallery
Epoch: [0-1][200/250]	Time 2.275 (2.324)	Data 0.990 (1.045)	Loss_hard 0.000 (0.000)	Loss_soft 0.000 (0.000)
===> Start extracting features for sorting gallery
Extract Features: [100/271]	Time 0.109 (0.137)	Data 0.049 (0.077)	
Extract Features: [200/271]	Time 0.103 (0.111)	Data 0.042 (0.051)	
gathering features from rank no.0
gathering features from rank no.1
gathering features from rank no.2
gathering features from rank no.3
===> Start calculating pairwise distances
===> Start calculating pairwise distances
===> Start calculating pairwise distances
===> Start sorting gallery
Epoch: [0-2][200/250]	Time 2.263 (2.322)	Data 1.048 (1.057)	Loss_hard 0.000 (0.000)	Loss_soft 0.000 (0.000)
===> Start extracting features for sorting gallery
Extract Features: [100/271]	Time 0.063 (0.110)	Data 0.001 (0.048)	
Extract Features: [200/271]	Time 0.065 (0.087)	Data 0.000 (0.025)	
gathering features from rank no.0
gathering features from rank no.1
gathering features from rank no.2
gathering features from rank no.3
===> Start calculating pairwise distances
===> Start calculating pairwise distances
===> Start calculating pairwise distances
===> Start sorting gallery
Epoch: [0-3][200/250]	Time 2.268 (2.337)	Data 1.015 (1.060)	Loss_hard 0.000 (0.000)	Loss_soft 0.000 (0.000)
===> Start extracting features for sorting gallery
Extract Features: [100/271]	Time 0.061 (0.115)	Data 0.000 (0.055)	
Extract Features: [200/271]	Time 0.060 (0.095)	Data 0.000 (0.035)	
gathering features from rank no.0
gathering features from rank no.1
gathering features from rank no.2
gathering features from rank no.3
===> Start calculating pairwise distances
===> Start calculating pairwise distances
===> Start calculating pairwise distances
===> Start sorting gallery
Epoch: [0-4][200/250]	Time 2.207 (2.328)	Data 0.870 (1.056)	Loss_hard 0.000 (0.000)	Loss_soft 0.000 (0.000)
===> Start extracting features for sorting gallery
Extract Features: [100/271]	Time 0.060 (0.116)	Data 0.000 (0.055)	
Extract Features: [200/271]	Time 0.060 (0.091)	Data 0.000 (0.031)	
gathering features from rank no.0
gathering features from rank no.1
gathering features from rank no.2
gathering features from rank no.3
===> Start calculating pairwise distances
===> Start calculating pairwise distances
===> Start calculating pairwise distances
===> Start sorting gallery
Epoch: [0-5][200/250]	Time 2.323 (2.337)	Data 1.093 (1.069)	Loss_hard 0.000 (0.000)	Loss_soft 0.000 (0.000)
===> Start extracting features for sorting gallery
Extract Features: [100/271]	Time 0.093 (0.120)	Data 0.033 (0.059)	
Extract Features: [200/271]	Time 0.081 (0.099)	Data 0.021 (0.038)	
gathering features from rank no.0
gathering features from rank no.1
gathering features from rank no.2
gathering features from rank no.3
===> Start calculating pairwise distances
===> Start calculating pairwise distances
===> Start calculating pairwise distances
===> Start sorting gallery
Epoch: [0-6][200/250]	Time 2.317 (2.345)	Data 1.075 (1.073)	Loss_hard 0.000 (0.000)	Loss_soft 0.000 (0.000)
===> Start extracting features for sorting gallery
Extract Features: [100/271]	Time 0.060 (0.111)	Data 0.000 (0.050)	
Extract Features: [200/271]	Time 0.068 (0.089)	Data 0.007 (0.028)	
gathering features from rank no.0
gathering features from rank no.1
gathering features from rank no.2
gathering features from rank no.3
===> Start calculating pairwise distances
===> Start calculating pairwise distances
===> Start calculating pairwise distances
===> Start sorting gallery
Extract Features: [100/276]	Time 0.061 (0.120)	Data 0.000 (0.059)	
Extract Features: [200/276]	Time 0.062 (0.096)	Data 0.000 (0.035)	
gathering features from rank no.0
gathering features from rank no.1
gathering features from rank no.2
gathering features from rank no.3
===> Start calculating pairwise distances
===> Start calculating recalls
Recall Scores:
  top-1          75.8%
  top-5          90.4%
  top-10         93.8%

 * Finished generation   1 epoch   0 recall@1: 75.8%  recall@5: 90.4%  recall@10: 93.8%  best@5: 90.4% *

===> Start extracting features for sorting gallery
Extract Features: [100/271]	Time 0.061 (0.111)	Data 0.000 (0.050)	
Extract Features: [200/271]	Time 0.063 (0.087)	Data 0.000 (0.026)	
gathering features from rank no.0
gathering features from rank no.1
gathering features from rank no.2
gathering features from rank no.3
===> Start calculating pairwise distances
===> Start calculating pairwise distances
===> Start calculating pairwise distances
===> Start sorting gallery
Epoch: [1-0][200/250]	Time 2.367 (2.335)	Data 1.104 (1.065)	Loss_hard 0.000 (0.000)	Loss_soft 0.000 (0.000)
===> Start extracting features for sorting gallery
Extract Features: [100/271]	Time 0.062 (0.121)	Data 0.001 (0.059)	
Extract Features: [200/271]	Time 0.064 (0.098)	Data 0.000 (0.036)	
gathering features from rank no.0
gathering features from rank no.1
gathering features from rank no.2
gathering features from rank no.3
===> Start calculating pairwise distances
===> Start calculating pairwise distances
===> Start calculating pairwise distances
===> Start sorting gallery
Epoch: [1-1][200/250]	Time 2.364 (2.333)	Data 1.090 (1.060)	Loss_hard 0.000 (0.000)	Loss_soft 0.000 (0.000)
===> Start extracting features for sorting gallery
Extract Features: [100/271]	Time 0.061 (0.121)	Data 0.000 (0.061)	
Extract Features: [200/271]	Time 0.060 (0.095)	Data 0.000 (0.034)	
gathering features from rank no.0
gathering features from rank no.1
gathering features from rank no.2
gathering features from rank no.3
===> Start calculating pairwise distances
===> Start calculating pairwise distances
===> Start calculating pairwise distances
===> Start sorting gallery
Epoch: [1-2][200/250]	Time 2.293 (2.345)	Data 1.055 (1.062)	Loss_hard 0.000 (0.000)	Loss_soft 0.000 (0.000)
===> Start extracting features for sorting gallery
Extract Features: [100/271]	Time 0.068 (0.112)	Data 0.006 (0.051)	
Extract Features: [200/271]	Time 0.063 (0.088)	Data 0.001 (0.027)	
gathering features from rank no.0
gathering features from rank no.1
gathering features from rank no.2
gathering features from rank no.3
===> Start calculating pairwise distances
===> Start calculating pairwise distances
===> Start calculating pairwise distances
===> Start sorting gallery
Epoch: [1-3][200/250]	Time 2.327 (2.340)	Data 1.005 (1.057)	Loss_hard 0.000 (0.000)	Loss_soft 0.000 (0.000)
===> Start extracting features for sorting gallery
Extract Features: [100/271]	Time 0.097 (0.115)	Data 0.036 (0.053)	
Extract Features: [200/271]	Time 0.090 (0.092)	Data 0.029 (0.031)	
gathering features from rank no.0
gathering features from rank no.1
gathering features from rank no.2
gathering features from rank no.3
===> Start calculating pairwise distances
===> Start calculating pairwise distances
===> Start calculating pairwise distances
===> Start sorting gallery
Epoch: [1-4][200/250]	Time 2.335 (2.349)	Data 1.089 (1.074)	Loss_hard 0.000 (0.000)	Loss_soft 0.000 (0.000)
===> Start extracting features for sorting gallery
Extract Features: [100/271]	Time 0.060 (0.115)	Data 0.000 (0.054)	
Extract Features: [200/271]	Time 0.060 (0.091)	Data 0.000 (0.031)	
gathering features from rank no.0
gathering features from rank no.1
gathering features from rank no.2
gathering features from rank no.3
===> Start calculating pairwise distances
===> Start calculating pairwise distances
===> Start calculating pairwise distances
===> Start sorting gallery
Epoch: [1-5][200/250]	Time 2.352 (2.347)	Data 0.930 (1.063)	Loss_hard 0.000 (0.000)	Loss_soft 0.000 (0.000)
===> Start extracting features for sorting gallery
Extract Features: [100/271]	Time 0.060 (0.110)	Data 0.000 (0.049)	
Extract Features: [200/271]	Time 0.061 (0.088)	Data 0.000 (0.027)	
gathering features from rank no.0
gathering features from rank no.1
gathering features from rank no.2
gathering features from rank no.3
===> Start calculating pairwise distances
===> Start calculating pairwise distances
===> Start calculating pairwise distances
===> Start sorting gallery
Epoch: [1-6][200/250]	Time 2.215 (2.339)	Data 0.782 (1.064)	Loss_hard 0.000 (0.000)	Loss_soft 0.000 (0.000)
===> Start extracting features for sorting gallery
Extract Features: [100/271]	Time 0.064 (0.125)	Data 0.000 (0.064)	
Extract Features: [200/271]	Time 0.061 (0.102)	Data 0.000 (0.041)	
gathering features from rank no.0
gathering features from rank no.1
gathering features from rank no.2
gathering features from rank no.3
===> Start calculating pairwise distances
===> Start calculating pairwise distances
===> Start calculating pairwise distances
===> Start sorting gallery
Extract Features: [100/276]	Time 0.080 (0.127)	Data 0.019 (0.066)	
Extract Features: [200/276]	Time 0.061 (0.099)	Data 0.001 (0.039)	
gathering features from rank no.0
gathering features from rank no.1
gathering features from rank no.2
gathering features from rank no.3
===> Start calculating pairwise distances
===> Start calculating recalls
Recall Scores:
  top-1          68.6%
  top-5          85.6%
  top-10         90.4%

 * Finished generation   1 epoch   1 recall@1: 68.6%  recall@5: 85.6%  recall@10: 90.4%  best@5: 90.4%

===> Start extracting features for sorting gallery
Extract Features: [100/271]	Time 0.092 (0.119)	Data 0.031 (0.058)	
Extract Features: [200/271]	Time 0.099 (0.097)	Data 0.038 (0.035)	
gathering features from rank no.0
gathering features from rank no.1
gathering features from rank no.2
gathering features from rank no.3
===> Start calculating pairwise distances
===> Start calculating pairwise distances
===> Start calculating pairwise distances
===> Start sorting gallery
Epoch: [2-0][200/250]	Time 2.311 (2.336)	Data 1.068 (1.060)	Loss_hard 0.000 (0.000)	Loss_soft 0.000 (0.000)
===> Start extracting features for sorting gallery
Extract Features: [100/271]	Time 0.062 (0.123)	Data 0.002 (0.063)	
Extract Features: [200/271]	Time 0.079 (0.094)	Data 0.018 (0.033)	
gathering features from rank no.0
gathering features from rank no.1
gathering features from rank no.2
gathering features from rank no.3
===> Start calculating pairwise distances
===> Start calculating pairwise distances
===> Start calculating pairwise distances
===> Start sorting gallery
Epoch: [2-1][200/250]	Time 2.311 (2.340)	Data 1.055 (1.069)	Loss_hard 0.000 (0.000)	Loss_soft 0.000 (0.000)
===> Start extracting features for sorting gallery
Extract Features: [100/271]	Time 0.063 (0.131)	Data 0.000 (0.070)	
Extract Features: [200/271]	Time 0.061 (0.105)	Data 0.000 (0.044)	
gathering features from rank no.0
gathering features from rank no.1
gathering features from rank no.2
gathering features from rank no.3
===> Start calculating pairwise distances
===> Start calculating pairwise distances
===> Start calculating pairwise distances
===> Start sorting gallery
Epoch: [2-2][200/250]	Time 2.252 (2.342)	Data 0.908 (1.067)	Loss_hard 0.000 (0.000)	Loss_soft 0.000 (0.000)
===> Start extracting features for sorting gallery
Extract Features: [100/271]	Time 0.060 (0.119)	Data 0.000 (0.058)	
Extract Features: [200/271]	Time 0.060 (0.095)	Data 0.000 (0.034)	
gathering features from rank no.0
gathering features from rank no.1
gathering features from rank no.2
gathering features from rank no.3
===> Start calculating pairwise distances
===> Start calculating pairwise distances
===> Start calculating pairwise distances
===> Start sorting gallery
Epoch: [2-3][200/250]	Time 2.349 (2.347)	Data 1.086 (1.068)	Loss_hard 0.000 (0.000)	Loss_soft 0.000 (0.000)
===> Start extracting features for sorting gallery
Extract Features: [100/271]	Time 0.061 (0.114)	Data 0.000 (0.053)	
Extract Features: [200/271]	Time 0.061 (0.088)	Data 0.000 (0.028)	
gathering features from rank no.0
gathering features from rank no.1
gathering features from rank no.2
gathering features from rank no.3
===> Start calculating pairwise distances
===> Start calculating pairwise distances
===> Start calculating pairwise distances
===> Start sorting gallery
Epoch: [2-4][200/250]	Time 2.350 (2.334)	Data 1.073 (1.064)	Loss_hard 0.000 (0.000)	Loss_soft 0.000 (0.000)
===> Start extracting features for sorting gallery
Extract Features: [100/271]	Time 0.082 (0.124)	Data 0.021 (0.064)	
Extract Features: [200/271]	Time 0.072 (0.097)	Data 0.012 (0.037)	
gathering features from rank no.0
gathering features from rank no.1
gathering features from rank no.2
gathering features from rank no.3
===> Start calculating pairwise distances
===> Start calculating pairwise distances
===> Start calculating pairwise distances
===> Start sorting gallery
Epoch: [2-5][200/250]	Time 2.269 (2.339)	Data 0.862 (1.068)	Loss_hard 0.000 (0.000)	Loss_soft 0.000 (0.000)
===> Start extracting features for sorting gallery
Extract Features: [100/271]	Time 0.061 (0.122)	Data 0.000 (0.060)	
Extract Features: [200/271]	Time 0.061 (0.099)	Data 0.000 (0.039)	
gathering features from rank no.0
gathering features from rank no.1
gathering features from rank no.2
gathering features from rank no.3
===> Start calculating pairwise distances
===> Start calculating pairwise distances
===> Start calculating pairwise distances
===> Start sorting gallery
Epoch: [2-6][200/250]	Time 2.342 (2.334)	Data 1.017 (1.055)	Loss_hard 0.000 (0.000)	Loss_soft 0.000 (0.000)
===> Start extracting features for sorting gallery
Extract Features: [100/271]	Time 0.060 (0.115)	Data 0.000 (0.055)	
Extract Features: [200/271]	Time 0.105 (0.090)	Data 0.044 (0.030)	
gathering features from rank no.0
gathering features from rank no.1
gathering features from rank no.2
gathering features from rank no.3
===> Start calculating pairwise distances
===> Start calculating pairwise distances
===> Start calculating pairwise distances
===> Start sorting gallery
Extract Features: [100/276]	Time 0.124 (0.119)	Data 0.063 (0.058)	
Extract Features: [200/276]	Time 0.068 (0.095)	Data 0.007 (0.033)	
gathering features from rank no.0
gathering features from rank no.1
gathering features from rank no.2
gathering features from rank no.3
===> Start calculating pairwise distances
===> Start calculating recalls
Recall Scores:
  top-1          65.4%
  top-5          83.3%
  top-10         88.6%

 * Finished generation   1 epoch   2 recall@1: 65.4%  recall@5: 83.3%  recall@10: 88.6%  best@5: 90.4%

===> Start extracting features for sorting gallery
Extract Features: [100/271]	Time 0.060 (0.119)	Data 0.000 (0.058)	
Extract Features: [200/271]	Time 0.061 (0.090)	Data 0.000 (0.029)	
gathering features from rank no.0
gathering features from rank no.1
gathering features from rank no.2
gathering features from rank no.3
===> Start calculating pairwise distances
===> Start calculating pairwise distances
===> Start calculating pairwise distances
===> Start sorting gallery
Epoch: [3-0][200/250]	Time 2.336 (2.333)	Data 1.073 (1.052)	Loss_hard 0.000 (0.000)	Loss_soft 0.000 (0.000)
===> Start extracting features for sorting gallery
Extract Features: [100/271]	Time 0.062 (0.120)	Data 0.000 (0.059)	
Extract Features: [200/271]	Time 0.062 (0.091)	Data 0.000 (0.030)	
gathering features from rank no.0
gathering features from rank no.1
gathering features from rank no.2
gathering features from rank no.3
===> Start calculating pairwise distances
===> Start calculating pairwise distances
===> Start calculating pairwise distances
===> Start sorting gallery
Epoch: [3-1][200/250]	Time 2.336 (2.321)	Data 1.079 (1.040)	Loss_hard 0.000 (0.000)	Loss_soft 0.000 (0.000)
===> Start extracting features for sorting gallery
Extract Features: [100/271]	Time 0.066 (0.116)	Data 0.007 (0.056)	
Extract Features: [200/271]	Time 0.061 (0.090)	Data 0.000 (0.029)	
gathering features from rank no.0
gathering features from rank no.1
gathering features from rank no.2
gathering features from rank no.3
===> Start calculating pairwise distances
===> Start calculating pairwise distances
===> Start calculating pairwise distances
===> Start sorting gallery
Epoch: [3-2][200/250]	Time 2.156 (2.330)	Data 0.936 (1.057)	Loss_hard 0.000 (0.000)	Loss_soft 0.000 (0.000)
===> Start extracting features for sorting gallery
Extract Features: [100/271]	Time 0.061 (0.114)	Data 0.000 (0.053)	
Extract Features: [200/271]	Time 0.061 (0.088)	Data 0.000 (0.027)	
gathering features from rank no.0
gathering features from rank no.1
gathering features from rank no.2
gathering features from rank no.3
===> Start calculating pairwise distances
===> Start calculating pairwise distances
===> Start calculating pairwise distances
===> Start sorting gallery
Epoch: [3-3][200/250]	Time 2.206 (2.352)	Data 0.973 (1.054)	Loss_hard 0.000 (0.000)	Loss_soft 0.000 (0.000)
===> Start extracting features for sorting gallery
Extract Features: [100/271]	Time 0.061 (0.121)	Data 0.000 (0.060)	
Extract Features: [200/271]	Time 0.061 (0.097)	Data 0.000 (0.036)	
gathering features from rank no.0
gathering features from rank no.1
gathering features from rank no.2
gathering features from rank no.3
===> Start calculating pairwise distances
===> Start calculating pairwise distances
===> Start calculating pairwise distances
===> Start sorting gallery
Epoch: [3-4][200/250]	Time 2.201 (2.341)	Data 0.982 (1.049)	Loss_hard 0.000 (0.000)	Loss_soft 0.000 (0.000)
===> Start extracting features for sorting gallery
Extract Features: [100/271]	Time 0.096 (0.121)	Data 0.032 (0.060)	
Extract Features: [200/271]	Time 0.077 (0.096)	Data 0.016 (0.036)	
gathering features from rank no.0
gathering features from rank no.1
gathering features from rank no.2
gathering features from rank no.3
===> Start calculating pairwise distances
===> Start calculating pairwise distances
===> Start calculating pairwise distances
===> Start sorting gallery
Epoch: [3-5][200/250]	Time 2.311 (2.337)	Data 0.978 (1.054)	Loss_hard 0.000 (0.000)	Loss_soft 0.000 (0.000)
===> Start extracting features for sorting gallery
Extract Features: [100/271]	Time 0.103 (0.130)	Data 0.042 (0.070)	
Extract Features: [200/271]	Time 0.060 (0.103)	Data 0.000 (0.042)	
gathering features from rank no.0
gathering features from rank no.1
gathering features from rank no.2
gathering features from rank no.3
===> Start calculating pairwise distances
===> Start calculating pairwise distances
===> Start calculating pairwise distances
===> Start sorting gallery
Epoch: [3-6][200/250]	Time 2.218 (2.331)	Data 0.959 (1.047)	Loss_hard 0.000 (0.000)	Loss_soft 0.000 (0.000)
===> Start extracting features for sorting gallery
Extract Features: [100/271]	Time 0.062 (0.115)	Data 0.002 (0.055)	
Extract Features: [200/271]	Time 0.060 (0.088)	Data 0.000 (0.028)	
gathering features from rank no.0
gathering features from rank no.1
gathering features from rank no.2
gathering features from rank no.3
===> Start calculating pairwise distances
===> Start calculating pairwise distances
===> Start calculating pairwise distances
===> Start sorting gallery
Extract Features: [100/276]	Time 0.060 (0.135)	Data 0.000 (0.075)	
Extract Features: [200/276]	Time 0.061 (0.103)	Data 0.000 (0.042)	
gathering features from rank no.0
gathering features from rank no.1
gathering features from rank no.2
gathering features from rank no.3
===> Start calculating pairwise distances
===> Start calculating recalls
Recall Scores:
  top-1          65.2%
  top-5          83.2%
  top-10         88.7%

 * Finished generation   1 epoch   3 recall@1: 65.2%  recall@5: 83.2%  recall@10: 88.7%  best@5: 90.4%

===> Start extracting features for sorting gallery
Extract Features: [100/271]	Time 0.061 (0.126)	Data 0.000 (0.065)	
Extract Features: [200/271]	Time 0.061 (0.098)	Data 0.000 (0.037)	
gathering features from rank no.0
gathering features from rank no.1
gathering features from rank no.2
gathering features from rank no.3
===> Start calculating pairwise distances
===> Start calculating pairwise distances
===> Start calculating pairwise distances
===> Start sorting gallery
Epoch: [4-0][200/250]	Time 2.327 (2.333)	Data 1.034 (1.061)	Loss_hard 0.000 (0.000)	Loss_soft 0.000 (0.000)
===> Start extracting features for sorting gallery
Extract Features: [100/271]	Time 0.061 (0.117)	Data 0.000 (0.057)	
Extract Features: [200/271]	Time 0.062 (0.092)	Data 0.000 (0.032)	
gathering features from rank no.0
gathering features from rank no.1
gathering features from rank no.2
gathering features from rank no.3
===> Start calculating pairwise distances
===> Start calculating pairwise distances
===> Start calculating pairwise distances
===> Start sorting gallery
Epoch: [4-1][200/250]	Time 2.233 (2.338)	Data 0.999 (1.057)	Loss_hard 0.000 (0.000)	Loss_soft 0.000 (0.000)
===> Start extracting features for sorting gallery
Extract Features: [100/271]	Time 0.061 (0.122)	Data 0.000 (0.061)	
Extract Features: [200/271]	Time 0.071 (0.097)	Data 0.010 (0.035)	
gathering features from rank no.0
gathering features from rank no.1
gathering features from rank no.2
gathering features from rank no.3
===> Start calculating pairwise distances
===> Start calculating pairwise distances
===> Start calculating pairwise distances
===> Start sorting gallery
Epoch: [4-2][200/250]	Time 2.322 (2.325)	Data 1.073 (1.049)	Loss_hard 0.000 (0.000)	Loss_soft 0.000 (0.000)
===> Start extracting features for sorting gallery
Extract Features: [100/271]	Time 0.081 (0.112)	Data 0.021 (0.052)	
Extract Features: [200/271]	Time 0.068 (0.089)	Data 0.008 (0.029)	
gathering features from rank no.0
gathering features from rank no.1
gathering features from rank no.2
gathering features from rank no.3
===> Start calculating pairwise distances
===> Start calculating pairwise distances
===> Start calculating pairwise distances
===> Start sorting gallery
Epoch: [4-3][200/250]	Time 2.282 (2.326)	Data 1.059 (1.046)	Loss_hard 0.000 (0.000)	Loss_soft 0.000 (0.000)
===> Start extracting features for sorting gallery
Extract Features: [100/271]	Time 0.062 (0.113)	Data 0.000 (0.052)	
Extract Features: [200/271]	Time 0.071 (0.091)	Data 0.010 (0.030)	
gathering features from rank no.0
gathering features from rank no.1
gathering features from rank no.2
gathering features from rank no.3
===> Start calculating pairwise distances
===> Start calculating pairwise distances
===> Start calculating pairwise distances
===> Start sorting gallery
Epoch: [4-4][200/250]	Time 2.378 (2.340)	Data 1.101 (1.048)	Loss_hard 0.000 (0.000)	Loss_soft 0.000 (0.000)
===> Start extracting features for sorting gallery
Extract Features: [100/271]	Time 0.062 (0.117)	Data 0.000 (0.056)	
Extract Features: [200/271]	Time 0.062 (0.098)	Data 0.000 (0.036)	
gathering features from rank no.0
gathering features from rank no.1
gathering features from rank no.2
gathering features from rank no.3
===> Start calculating pairwise distances
===> Start calculating pairwise distances
===> Start calculating pairwise distances
===> Start sorting gallery
Epoch: [4-5][200/250]	Time 2.383 (2.348)	Data 1.071 (1.050)	Loss_hard 0.000 (0.000)	Loss_soft 0.000 (0.000)
===> Start extracting features for sorting gallery
Extract Features: [100/271]	Time 0.077 (0.117)	Data 0.017 (0.056)	
Extract Features: [200/271]	Time 0.069 (0.093)	Data 0.009 (0.032)	
gathering features from rank no.0
gathering features from rank no.1
gathering features from rank no.2
gathering features from rank no.3
===> Start calculating pairwise distances
===> Start calculating pairwise distances
===> Start calculating pairwise distances
===> Start sorting gallery
Epoch: [4-6][200/250]	Time 2.290 (2.349)	Data 1.054 (1.053)	Loss_hard 0.000 (0.000)	Loss_soft 0.000 (0.000)
===> Start extracting features for sorting gallery
Extract Features: [100/271]	Time 0.075 (0.119)	Data 0.013 (0.057)	
Extract Features: [200/271]	Time 0.060 (0.091)	Data 0.000 (0.030)	
gathering features from rank no.0
gathering features from rank no.1
gathering features from rank no.2
gathering features from rank no.3
===> Start calculating pairwise distances
===> Start calculating pairwise distances
===> Start calculating pairwise distances
===> Start sorting gallery
Extract Features: [100/276]	Time 0.061 (0.117)	Data 0.000 (0.056)	
Extract Features: [200/276]	Time 0.061 (0.089)	Data 0.000 (0.028)	
gathering features from rank no.0
gathering features from rank no.1
gathering features from rank no.2
gathering features from rank no.3
===> Start calculating pairwise distances
===> Start calculating recalls
Recall Scores:
  top-1          66.3%
  top-5          84.5%
  top-10         89.5%

 * Finished generation   1 epoch   4 recall@1: 66.3%  recall@5: 84.5%  recall@10: 89.5%  best@5: 90.4%

===> Start extracting features for sorting gallery
Extract Features: [100/271]	Time 0.069 (0.131)	Data 0.008 (0.070)	
Extract Features: [200/271]	Time 0.078 (0.100)	Data 0.016 (0.039)	
gathering features from rank no.0
gathering features from rank no.1
gathering features from rank no.2
gathering features from rank no.3
===> Start calculating pairwise distances
===> Start calculating pairwise distances
===> Start calculating pairwise distances
===> Start sorting gallery
Epoch: [0-0][200/250]	Time 2.321 (2.327)	Data 1.011 (1.046)	Loss_hard 0.000 (0.000)	Loss_soft 0.000 (0.000)
===> Start extracting features for sorting gallery
Extract Features: [100/271]	Time 0.060 (0.111)	Data 0.000 (0.050)	
Extract Features: [200/271]	Time 0.082 (0.086)	Data 0.022 (0.025)	
gathering features from rank no.0
gathering features from rank no.1
gathering features from rank no.2
gathering features from rank no.3
===> Start calculating pairwise distances
===> Start calculating pairwise distances
===> Start calculating pairwise distances
===> Start sorting gallery
Epoch: [0-1][200/250]	Time 2.231 (2.324)	Data 0.931 (1.046)	Loss_hard 0.000 (0.000)	Loss_soft 0.000 (0.000)
===> Start extracting features for sorting gallery
Extract Features: [100/271]	Time 0.086 (0.113)	Data 0.024 (0.052)	
Extract Features: [200/271]	Time 0.129 (0.093)	Data 0.068 (0.032)	
gathering features from rank no.0
gathering features from rank no.1
gathering features from rank no.2
gathering features from rank no.3
===> Start calculating pairwise distances
===> Start calculating pairwise distances
===> Start calculating pairwise distances
===> Start sorting gallery
Epoch: [0-2][200/250]	Time 2.322 (2.333)	Data 1.034 (1.051)	Loss_hard 0.000 (0.000)	Loss_soft 0.000 (0.000)
===> Start extracting features for sorting gallery
Extract Features: [100/271]	Time 0.062 (0.132)	Data 0.000 (0.070)	
Extract Features: [200/271]	Time 0.062 (0.106)	Data 0.000 (0.044)	
gathering features from rank no.0
gathering features from rank no.1
gathering features from rank no.2
gathering features from rank no.3
===> Start calculating pairwise distances
===> Start calculating pairwise distances
===> Start calculating pairwise distances
===> Start sorting gallery
Epoch: [0-3][200/250]	Time 2.360 (2.336)	Data 1.027 (1.055)	Loss_hard 0.000 (0.000)	Loss_soft 0.000 (0.000)
===> Start extracting features for sorting gallery
Extract Features: [100/271]	Time 0.061 (0.120)	Data 0.000 (0.058)	
Extract Features: [200/271]	Time 0.061 (0.095)	Data 0.000 (0.034)	
gathering features from rank no.0
gathering features from rank no.1
gathering features from rank no.2
gathering features from rank no.3
===> Start calculating pairwise distances
===> Start calculating pairwise distances
===> Start calculating pairwise distances
===> Start sorting gallery
Epoch: [0-4][200/250]	Time 2.309 (2.334)	Data 1.056 (1.053)	Loss_hard 0.000 (0.000)	Loss_soft 0.000 (0.000)
===> Start extracting features for sorting gallery
Extract Features: [100/271]	Time 0.068 (0.116)	Data 0.006 (0.055)	
Extract Features: [200/271]	Time 0.072 (0.091)	Data 0.012 (0.030)	
gathering features from rank no.0
gathering features from rank no.1
gathering features from rank no.2
gathering features from rank no.3
===> Start calculating pairwise distances
===> Start calculating pairwise distances
===> Start calculating pairwise distances
===> Start sorting gallery
Epoch: [0-5][200/250]	Time 2.277 (2.338)	Data 0.997 (1.056)	Loss_hard 0.000 (0.000)	Loss_soft 0.000 (0.000)
===> Start extracting features for sorting gallery
Extract Features: [100/271]	Time 0.061 (0.121)	Data 0.000 (0.059)	
Extract Features: [200/271]	Time 0.061 (0.098)	Data 0.000 (0.037)	
gathering features from rank no.0
gathering features from rank no.1
gathering features from rank no.2
gathering features from rank no.3
===> Start calculating pairwise distances
===> Start calculating pairwise distances
===> Start calculating pairwise distances
===> Start sorting gallery
Epoch: [0-6][200/250]	Time 2.268 (2.326)	Data 1.049 (1.054)	Loss_hard 0.000 (0.000)	Loss_soft 0.000 (0.000)
===> Start extracting features for sorting gallery
Extract Features: [100/271]	Time 0.065 (0.117)	Data 0.004 (0.056)	
Extract Features: [200/271]	Time 0.061 (0.091)	Data 0.000 (0.030)	
gathering features from rank no.0
gathering features from rank no.1
gathering features from rank no.2
gathering features from rank no.3
===> Start calculating pairwise distances
===> Start calculating pairwise distances
===> Start calculating pairwise distances
===> Start sorting gallery
Extract Features: [100/276]	Time 0.111 (0.123)	Data 0.050 (0.062)	
Extract Features: [200/276]	Time 0.094 (0.097)	Data 0.034 (0.037)	
gathering features from rank no.0
gathering features from rank no.1
gathering features from rank no.2
gathering features from rank no.3
===> Start calculating pairwise distances
===> Start calculating recalls
Recall Scores:
  top-1          74.1%
  top-5          88.7%
  top-10         92.7%

 * Finished generation   2 epoch   0 recall@1: 74.1%  recall@5: 88.7%  recall@10: 92.7%  best@5: 90.4%

===> Start extracting features for sorting gallery
Extract Features: [100/271]	Time 0.082 (0.116)	Data 0.021 (0.054)	
Extract Features: [200/271]	Time 0.064 (0.092)	Data 0.004 (0.030)	
gathering features from rank no.0
gathering features from rank no.1
gathering features from rank no.2
gathering features from rank no.3
===> Start calculating pairwise distances
===> Start calculating pairwise distances
===> Start calculating pairwise distances
===> Start sorting gallery
Epoch: [1-0][200/250]	Time 2.350 (2.334)	Data 0.995 (1.050)	Loss_hard 0.000 (0.000)	Loss_soft 0.000 (0.000)
===> Start extracting features for sorting gallery
Extract Features: [100/271]	Time 0.062 (0.122)	Data 0.000 (0.061)	
Extract Features: [200/271]	Time 0.070 (0.097)	Data 0.009 (0.036)	
gathering features from rank no.0
gathering features from rank no.1
gathering features from rank no.2
gathering features from rank no.3
===> Start calculating pairwise distances
===> Start calculating pairwise distances
===> Start calculating pairwise distances
===> Start sorting gallery
Epoch: [1-1][200/250]	Time 2.239 (2.333)	Data 1.002 (1.060)	Loss_hard 0.000 (0.000)	Loss_soft 0.000 (0.000)
===> Start extracting features for sorting gallery
Extract Features: [100/271]	Time 0.061 (0.116)	Data 0.000 (0.055)	
Extract Features: [200/271]	Time 0.090 (0.091)	Data 0.028 (0.031)	
gathering features from rank no.0
gathering features from rank no.1
gathering features from rank no.2
gathering features from rank no.3
===> Start calculating pairwise distances
===> Start calculating pairwise distances
===> Start calculating pairwise distances
===> Start sorting gallery
Epoch: [1-2][200/250]	Time 2.353 (2.340)	Data 0.915 (1.056)	Loss_hard 0.000 (0.000)	Loss_soft 0.000 (0.000)
===> Start extracting features for sorting gallery
Extract Features: [100/271]	Time 0.060 (0.114)	Data 0.000 (0.054)	
Extract Features: [200/271]	Time 0.061 (0.090)	Data 0.000 (0.029)	
gathering features from rank no.0
gathering features from rank no.1
gathering features from rank no.2
gathering features from rank no.3
===> Start calculating pairwise distances
===> Start calculating pairwise distances
===> Start calculating pairwise distances
===> Start sorting gallery
Epoch: [1-3][200/250]	Time 2.352 (2.341)	Data 1.068 (1.068)	Loss_hard 0.000 (0.000)	Loss_soft 0.000 (0.000)
