/home/m.maqboolbhutta/.conda/envs/openibl/lib/python3.8/site-packages/torchvision/models/_utils.py:208: UserWarning: The parameter 'pretrained' is deprecated since 0.13 and may be removed in the future, please use 'weights' instead.
  warnings.warn(
/home/m.maqboolbhutta/.conda/envs/openibl/lib/python3.8/site-packages/torchvision/models/_utils.py:208: UserWarning: The parameter 'pretrained' is deprecated since 0.13 and may be removed in the future, please use 'weights' instead.
  warnings.warn(
/home/m.maqboolbhutta/.conda/envs/openibl/lib/python3.8/site-packages/torchvision/models/_utils.py:223: UserWarning: Arguments other than a weight enum or `None` for 'weights' are deprecated since 0.13 and may be removed in the future. The current behavior is equivalent to passing `weights=VGG16_Weights.IMAGENET1K_V1`. You can also use `weights=VGG16_Weights.DEFAULT` to get the most up-to-date weights.
  warnings.warn(msg)
/home/m.maqboolbhutta/.conda/envs/openibl/lib/python3.8/site-packages/torchvision/models/_utils.py:223: UserWarning: Arguments other than a weight enum or `None` for 'weights' are deprecated since 0.13 and may be removed in the future. The current behavior is equivalent to passing `weights=VGG16_Weights.IMAGENET1K_V1`. You can also use `weights=VGG16_Weights.DEFAULT` to get the most up-to-date weights.
  warnings.warn(msg)
/home/m.maqboolbhutta/.conda/envs/openibl/lib/python3.8/site-packages/torchvision/models/_utils.py:208: UserWarning: The parameter 'pretrained' is deprecated since 0.13 and may be removed in the future, please use 'weights' instead.
  warnings.warn(
/home/m.maqboolbhutta/.conda/envs/openibl/lib/python3.8/site-packages/torchvision/models/_utils.py:223: UserWarning: Arguments other than a weight enum or `None` for 'weights' are deprecated since 0.13 and may be removed in the future. The current behavior is equivalent to passing `weights=VGG16_Weights.IMAGENET1K_V1`. You can also use `weights=VGG16_Weights.DEFAULT` to get the most up-to-date weights.
  warnings.warn(msg)
/home/m.maqboolbhutta/.conda/envs/openibl/lib/python3.8/site-packages/torchvision/models/_utils.py:208: UserWarning: The parameter 'pretrained' is deprecated since 0.13 and may be removed in the future, please use 'weights' instead.
  warnings.warn(
/home/m.maqboolbhutta/.conda/envs/openibl/lib/python3.8/site-packages/torchvision/models/_utils.py:223: UserWarning: Arguments other than a weight enum or `None` for 'weights' are deprecated since 0.13 and may be removed in the future. The current behavior is equivalent to passing `weights=VGG16_Weights.IMAGENET1K_V1`. You can also use `weights=VGG16_Weights.DEFAULT` to get the most up-to-date weights.
  warnings.warn(msg)
/home/m.maqboolbhutta/.conda/envs/openibl/lib/python3.8/site-packages/torch/distributed/distributed_c10d.py:2387: UserWarning: torch.distributed._all_gather_base is a private function and will be deprecated. Please use torch.distributed.all_gather_into_tensor instead.
  warnings.warn(
/home/m.maqboolbhutta/.conda/envs/openibl/lib/python3.8/site-packages/torch/distributed/distributed_c10d.py:2387: UserWarning: torch.distributed._all_gather_base is a private function and will be deprecated. Please use torch.distributed.all_gather_into_tensor instead.
  warnings.warn(
/home/m.maqboolbhutta/.conda/envs/openibl/lib/python3.8/site-packages/torch/distributed/distributed_c10d.py:2387: UserWarning: torch.distributed._all_gather_base is a private function and will be deprecated. Please use torch.distributed.all_gather_into_tensor instead.
  warnings.warn(
/home/m.maqboolbhutta/.conda/envs/openibl/lib/python3.8/site-packages/torch/distributed/distributed_c10d.py:2387: UserWarning: torch.distributed._all_gather_base is a private function and will be deprecated. Please use torch.distributed.all_gather_into_tensor instead.
  warnings.warn(
Traceback (most recent call last):
  File "/home/m.maqboolbhutta/.conda/envs/openibl/lib/python3.8/multiprocessing/queues.py", line 245, in _feed
    send_bytes(obj)
  File "/home/m.maqboolbhutta/.conda/envs/openibl/lib/python3.8/multiprocessing/connection.py", line 200, in send_bytes
    self._send_bytes(m[offset:offset + size])
  File "/home/m.maqboolbhutta/.conda/envs/openibl/lib/python3.8/multiprocessing/connection.py", line 411, in _send_bytes
    self._send(header + buf)
  File "/home/m.maqboolbhutta/.conda/envs/openibl/lib/python3.8/multiprocessing/connection.py", line 368, in _send
    n = write(self._handle, buf)
BrokenPipeError: [Errno 32] Broken pipe
Traceback (most recent call last):
  File "/home/m.maqboolbhutta/.conda/envs/openibl/lib/python3.8/multiprocessing/queues.py", line 245, in _feed
    send_bytes(obj)
  File "/home/m.maqboolbhutta/.conda/envs/openibl/lib/python3.8/multiprocessing/connection.py", line 200, in send_bytes
    self._send_bytes(m[offset:offset + size])
  File "/home/m.maqboolbhutta/.conda/envs/openibl/lib/python3.8/multiprocessing/connection.py", line 411, in _send_bytes
    self._send(header + buf)
  File "/home/m.maqboolbhutta/.conda/envs/openibl/lib/python3.8/multiprocessing/connection.py", line 368, in _send
    n = write(self._handle, buf)
BrokenPipeError: [Errno 32] Broken pipe
srun: Job step aborted: Waiting up to 32 seconds for job step to finish.
slurmstepd: error: *** STEP 35011993.0 ON c0907a-s35 CANCELLED AT 2024-06-20T09:18:58 ***
slurmstepd: error: *** JOB 35011993 ON c0907a-s35 CANCELLED AT 2024-06-20T09:18:58 ***
