==========Testing=============
/home/leo/usman_ws/models/openibl/fastscnn-grad/vgg16-graphvlad-triplet-pitts30k-lr0.001-tuple1-08-Aug/checkpoint0_WPCA4096.pth.tar /home/leo/usman_ws/models/openibl/fastscnn-grad/vgg16-graphvlad-triplet-pitts30k-lr0.001-tuple1-08-Aug/checkpoint1_WPCA4096.pth.tar /home/leo/usman_ws/models/openibl/fastscnn-grad/vgg16-graphvlad-triplet-pitts30k-lr0.001-tuple1-08-Aug/checkpoint2_WPCA4096.pth.tar /home/leo/usman_ws/models/openibl/fastscnn-grad/vgg16-graphvlad-triplet-pitts30k-lr0.001-tuple1-08-Aug/checkpoint3_WPCA4096.pth.tar /home/leo/usman_ws/models/openibl/fastscnn-grad/vgg16-graphvlad-triplet-pitts30k-lr0.001-tuple1-08-Aug/checkpoint4_WPCA4096.pth.tar /home/leo/usman_ws/models/openibl/fastscnn-grad/vgg16-graphvlad-triplet-pitts30k-lr0.001-tuple1-08-Aug/model_best_WPCA4096.pth.tar
==============================
==========################=============
 Testing /home/leo/usman_ws/models/openibl/fastscnn-grad/vgg16-graphvlad-triplet-pitts30k-lr0.001-tuple1-08-Aug/checkpoint0_WPCA4096.pth.tar file on Pitts250k ...
=======================================
Use GPU: 0 for testing, rank no.0 of world_size 1
==========
Args:Namespace(arch='vgg16', data_dir='/home/leo/usman_ws/codes/OpenIBL/examples/data', dataset='pitts', fast_scnn='/home/leo/usman_ws/datasets/official/fast-scnn/fast_scnn_citys.pth', features=4096, gpu=0, height=480, lambda_value=0, launcher='pytorch', logs_dir='/home/leo/usman_ws/codes/OpenIBL/examples/logs', method='graphvlad', ngpus_per_node=1, nowhiten=False, num_clusters=64, print_freq=10, rank=0, reduction=False, rerank=False, resume='/home/leo/usman_ws/models/openibl/fastscnn-grad/vgg16-graphvlad-triplet-pitts30k-lr0.001-tuple1-08-Aug/checkpoint0_WPCA4096.pth.tar', rr_topk=25, scale='250k', sync_gather=False, tcp_port='5017', test_batch_size=24, vlad=True, width=640, workers=2, world_size=1)
==========
Pittsburgh dataset loaded
  subset        | # pids | # images
  ---------------------------------
  train_query   |   332  |     7800
  train_gallery |  3811  |    91464
  val_query     |   319  |     7608
  val_gallery   |  3277  |    78648
  test_query    |   347  |     8280
  test_gallery  |  3498  |    83952
===> Loading segmentation model
=> Loaded checkpoint '/home/leo/usman_ws/models/openibl/fastscnn-grad/vgg16-graphvlad-triplet-pitts30k-lr0.001-tuple1-08-Aug/checkpoint0_WPCA4096.pth.tar'
Evaluate on the test set:
torch.Size([24, 4096])
torch.Size([24, 4096])
torch.Size([24, 4096])
torch.Size([24, 4096])
torch.Size([24, 4096])
torch.Size([24, 4096])
torch.Size([24, 4096])
torch.Size([24, 4096])
torch.Size([24, 4096])
