==========Testing=============
/home/leo/usman_ws/models/trained-models-graphvlad/pitts30k-sare-ind-openibl/graphvlad_sfrs_pitts30k_openibl.pth.tar
==============================
==========################=============
 Testing /home/leo/usman_ws/models/trained-models-graphvlad/pitts30k-sare-ind-openibl/graphvlad_sfrs_pitts30k_openibl.pth.tar file...
=======================================
Use GPU: 0 for testing, rank no.0 of world_size 1
==========
Args:Namespace(arch='vgg16', data_dir='/home/leo/usman_ws/codes/OpenIBL/examples/data', dataset='pitts', fast_scnn='/home/leo/usman_ws/datasets/official/fast-scnn/fast_scnn_citys.pth', features=4096, gpu=0, height=480, lambda_value=0, launcher='pytorch', logs_dir='/home/leo/usman_ws/codes/OpenIBL/examples/logs', method='graphvlad', ngpus_per_node=1, nowhiten=False, num_clusters=64, print_freq=10, rank=0, reduction=True, rerank=False, resume='/home/leo/usman_ws/models/trained-models-graphvlad/pitts30k-sare-ind-openibl/graphvlad_sfrs_pitts30k_openibl.pth.tar', rr_topk=25, scale='30k', sync_gather=False, tcp_port='5017', test_batch_size=32, vlad=True, width=640, workers=2, world_size=1)
==========
Pittsburgh dataset loaded
  subset        | # pids | # images
  ---------------------------------
  train_query   |   311  |     7320
  train_gallery |   417  |    10000
  val_query     |   319  |     7608
  val_gallery   |   417  |    10000
  test_query    |   286  |     6816
  test_gallery  |   417  |    10000
===> Loading segmentation model
=> Loaded checkpoint '/home/leo/usman_ws/models/trained-models-graphvlad/pitts30k-sare-ind-openibl/graphvlad_sfrs_pitts30k_openibl.pth.tar'
=> Start epoch 4  best recall5 96.3%
PCA parameters path:  /home/leo/usman_ws/models/trained-models-graphvlad/pitts30k-sare-ind-openibl/pca_params_graphvlad_sfrs_pitts30k_openibl.h5
Evaluate on the test set:
==========Test on Pitts250k=============
Pittsburgh dataset loaded
  subset        | # pids | # images
  ---------------------------------
  train_query   |   332  |     7800
  train_gallery |  3811  |    91464
  val_query     |   319  |     7608
  val_gallery   |  3277  |    78648
  test_query    |   347  |     8280
  test_gallery  |  3498  |    83952
load PCA parameters...
